[0.079s] Invoking command in '/home/ngochoan/dev_ws/build/ros2_laser_scan_matcher': AMENT_PREFIX_PATH=/home/ngochoan/dev_ws/install/csm:${AMENT_PREFIX_PATH} CMAKE_PREFIX_PATH=/home/ngochoan/dev_ws/install/csm:/home/ngochoan/dev_ws/install/cpp_pubsub:/home/ngochoan/dev_ws/install/tutorial_interfaces:/home/ngochoan/dev_ws/install/turtlesim:/home/ngochoan/dev_ws/install/template_ros2:/home/ngochoan/dev_ws/install/template_ROS2:/home/ngochoan/dev_ws/install/my_package:/home/ngochoan/dev_ws/install/cpp_srvcli:/home/ngochoan/dev_ws/install/cpp_interface:/opt/ros/humble LD_LIBRARY_PATH=/home/ngochoan/dev_ws/install/csm/lib:${LD_LIBRARY_PATH} /usr/bin/cmake --build /home/ngochoan/dev_ws/build/ros2_laser_scan_matcher -- -j8 -l8
[0.114s] [35m[1mConsolidate compiler generated dependencies of target laser_scan_matcher[0m
[0.142s] [ 50%] [32mBuilding CXX object CMakeFiles/laser_scan_matcher.dir/src/laser_scan_matcher.cpp.o[0m
[10.033s] [100%] [32m[1mLinking CXX executable laser_scan_matcher[0m
[10.664s] [100%] Built target laser_scan_matcher
[10.682s] Invoked command in '/home/ngochoan/dev_ws/build/ros2_laser_scan_matcher' returned '0': AMENT_PREFIX_PATH=/home/ngochoan/dev_ws/install/csm:${AMENT_PREFIX_PATH} CMAKE_PREFIX_PATH=/home/ngochoan/dev_ws/install/csm:/home/ngochoan/dev_ws/install/cpp_pubsub:/home/ngochoan/dev_ws/install/tutorial_interfaces:/home/ngochoan/dev_ws/install/turtlesim:/home/ngochoan/dev_ws/install/template_ros2:/home/ngochoan/dev_ws/install/template_ROS2:/home/ngochoan/dev_ws/install/my_package:/home/ngochoan/dev_ws/install/cpp_srvcli:/home/ngochoan/dev_ws/install/cpp_interface:/opt/ros/humble LD_LIBRARY_PATH=/home/ngochoan/dev_ws/install/csm/lib:${LD_LIBRARY_PATH} /usr/bin/cmake --build /home/ngochoan/dev_ws/build/ros2_laser_scan_matcher -- -j8 -l8
[10.724s] Invoking command in '/home/ngochoan/dev_ws/build/ros2_laser_scan_matcher': AMENT_PREFIX_PATH=/home/ngochoan/dev_ws/install/csm:${AMENT_PREFIX_PATH} CMAKE_PREFIX_PATH=/home/ngochoan/dev_ws/install/csm:/home/ngochoan/dev_ws/install/cpp_pubsub:/home/ngochoan/dev_ws/install/tutorial_interfaces:/home/ngochoan/dev_ws/install/turtlesim:/home/ngochoan/dev_ws/install/template_ros2:/home/ngochoan/dev_ws/install/template_ROS2:/home/ngochoan/dev_ws/install/my_package:/home/ngochoan/dev_ws/install/cpp_srvcli:/home/ngochoan/dev_ws/install/cpp_interface:/opt/ros/humble LD_LIBRARY_PATH=/home/ngochoan/dev_ws/install/csm/lib:${LD_LIBRARY_PATH} /usr/bin/cmake --install /home/ngochoan/dev_ws/build/ros2_laser_scan_matcher
[10.732s] -- Install configuration: ""
[10.733s] -- Installing: /home/ngochoan/dev_ws/install/ros2_laser_scan_matcher/lib/ros2_laser_scan_matcher/laser_scan_matcher
[10.738s] -- Set runtime path of "/home/ngochoan/dev_ws/install/ros2_laser_scan_matcher/lib/ros2_laser_scan_matcher/laser_scan_matcher" to ""
[10.738s] -- Up-to-date: /home/ngochoan/dev_ws/install/ros2_laser_scan_matcher/share/ament_index/resource_index/package_run_dependencies/ros2_laser_scan_matcher
[10.738s] -- Up-to-date: /home/ngochoan/dev_ws/install/ros2_laser_scan_matcher/share/ament_index/resource_index/parent_prefix_path/ros2_laser_scan_matcher
[10.738s] -- Up-to-date: /home/ngochoan/dev_ws/install/ros2_laser_scan_matcher/share/ros2_laser_scan_matcher/environment/ament_prefix_path.sh
[10.738s] -- Up-to-date: /home/ngochoan/dev_ws/install/ros2_laser_scan_matcher/share/ros2_laser_scan_matcher/environment/ament_prefix_path.dsv
[10.738s] -- Up-to-date: /home/ngochoan/dev_ws/install/ros2_laser_scan_matcher/share/ros2_laser_scan_matcher/environment/path.sh
[10.738s] -- Up-to-date: /home/ngochoan/dev_ws/install/ros2_laser_scan_matcher/share/ros2_laser_scan_matcher/environment/path.dsv
[10.739s] -- Up-to-date: /home/ngochoan/dev_ws/install/ros2_laser_scan_matcher/share/ros2_laser_scan_matcher/local_setup.bash
[10.739s] -- Up-to-date: /home/ngochoan/dev_ws/install/ros2_laser_scan_matcher/share/ros2_laser_scan_matcher/local_setup.sh
[10.739s] -- Up-to-date: /home/ngochoan/dev_ws/install/ros2_laser_scan_matcher/share/ros2_laser_scan_matcher/local_setup.zsh
[10.739s] -- Up-to-date: /home/ngochoan/dev_ws/install/ros2_laser_scan_matcher/share/ros2_laser_scan_matcher/local_setup.dsv
[10.739s] -- Installing: /home/ngochoan/dev_ws/install/ros2_laser_scan_matcher/share/ros2_laser_scan_matcher/package.dsv
[10.739s] -- Up-to-date: /home/ngochoan/dev_ws/install/ros2_laser_scan_matcher/share/ament_index/resource_index/packages/ros2_laser_scan_matcher
[10.739s] -- Up-to-date: /home/ngochoan/dev_ws/install/ros2_laser_scan_matcher/share/ros2_laser_scan_matcher/cmake/ros2_laser_scan_matcherConfig.cmake
[10.739s] -- Up-to-date: /home/ngochoan/dev_ws/install/ros2_laser_scan_matcher/share/ros2_laser_scan_matcher/cmake/ros2_laser_scan_matcherConfig-version.cmake
[10.739s] -- Up-to-date: /home/ngochoan/dev_ws/install/ros2_laser_scan_matcher/share/ros2_laser_scan_matcher/package.xml
[10.741s] Invoked command in '/home/ngochoan/dev_ws/build/ros2_laser_scan_matcher' returned '0': AMENT_PREFIX_PATH=/home/ngochoan/dev_ws/install/csm:${AMENT_PREFIX_PATH} CMAKE_PREFIX_PATH=/home/ngochoan/dev_ws/install/csm:/home/ngochoan/dev_ws/install/cpp_pubsub:/home/ngochoan/dev_ws/install/tutorial_interfaces:/home/ngochoan/dev_ws/install/turtlesim:/home/ngochoan/dev_ws/install/template_ros2:/home/ngochoan/dev_ws/install/template_ROS2:/home/ngochoan/dev_ws/install/my_package:/home/ngochoan/dev_ws/install/cpp_srvcli:/home/ngochoan/dev_ws/install/cpp_interface:/opt/ros/humble LD_LIBRARY_PATH=/home/ngochoan/dev_ws/install/csm/lib:${LD_LIBRARY_PATH} /usr/bin/cmake --install /home/ngochoan/dev_ws/build/ros2_laser_scan_matcher
