[0.053s] Invoking command in '/home/ngochoan/dev_ws/build/tutorial_interfaces': CMAKE_PREFIX_PATH=/opt/ros/humble /usr/bin/cmake /home/ngochoan/dev_ws/src/tutorial_interfaces -DCMAKE_INSTALL_PREFIX=/home/ngochoan/dev_ws/install/tutorial_interfaces
[0.124s] -- The C compiler identification is GNU 11.4.0
[0.192s] -- The CXX compiler identification is GNU 11.4.0
[0.203s] -- Detecting C compiler ABI info
[0.278s] -- Detecting C compiler ABI info - done
[0.287s] -- Check for working C compiler: /usr/bin/cc - skipped
[0.288s] -- Detecting C compile features
[0.289s] -- Detecting C compile features - done
[0.293s] -- Detecting CXX compiler ABI info
[0.361s] -- Detecting CXX compiler ABI info - done
[0.368s] -- Check for working CXX compiler: /usr/bin/c++ - skipped
[0.368s] -- Detecting CXX compile features
[0.368s] -- Detecting CXX compile features - done
[0.371s] -- Found ament_cmake: 1.3.5 (/opt/ros/humble/share/ament_cmake/cmake)
[0.502s] -- Found Python3: /usr/bin/python3.10 (found version "3.10.12") found components: Interpreter 
[0.584s] -- Found rosidl_default_generators: 1.2.0 (/opt/ros/humble/share/rosidl_default_generators/cmake)
[0.589s] -- Using all available rosidl_typesupport_c: rosidl_typesupport_fastrtps_c;rosidl_typesupport_introspection_c
[0.597s] -- Found rosidl_adapter: 3.1.5 (/opt/ros/humble/share/rosidl_adapter/cmake)
[0.637s] -- Using all available rosidl_typesupport_cpp: rosidl_typesupport_fastrtps_cpp;rosidl_typesupport_introspection_cpp
[0.859s] -- Found ament_cmake_ros: 0.10.0 (/opt/ros/humble/share/ament_cmake_ros/cmake)
[0.995s] -- Using all available rosidl_typesupport_c: rosidl_typesupport_fastrtps_c;rosidl_typesupport_introspection_c
[1.192s] -- Using all available rosidl_typesupport_cpp: rosidl_typesupport_fastrtps_cpp;rosidl_typesupport_introspection_cpp
[1.210s] -- Found PythonInterp: /usr/bin/python3 (found suitable version "3.10.12", minimum required is "3.6") 
[1.212s] -- Found python_cmake_module: 0.10.0 (/opt/ros/humble/share/python_cmake_module/cmake)
[1.233s] -- Found PythonLibs: /usr/lib/x86_64-linux-gnu/libpython3.10.so (found suitable version "3.10.12", minimum required is "3.5") 
[1.233s] -- Using PYTHON_EXECUTABLE: /usr/bin/python3
[1.233s] -- Using PYTHON_INCLUDE_DIRS: /usr/include/python3.10
[1.233s] -- Using PYTHON_LIBRARIES: /usr/lib/x86_64-linux-gnu/libpython3.10.so
[1.249s] -- Found PythonExtra: .so  
[1.273s] -- Found ament_lint_auto: 0.12.8 (/opt/ros/humble/share/ament_lint_auto/cmake)
[1.292s] -- Added test 'lint_cmake' to check CMake code style
[1.293s] -- Added test 'xmllint' to check XML markup files
[1.295s] -- Configuring done
[1.320s] -- Generating done
[1.321s] -- Build files have been written to: /home/ngochoan/dev_ws/build/tutorial_interfaces
[1.326s] Invoked command in '/home/ngochoan/dev_ws/build/tutorial_interfaces' returned '0': CMAKE_PREFIX_PATH=/opt/ros/humble /usr/bin/cmake /home/ngochoan/dev_ws/src/tutorial_interfaces -DCMAKE_INSTALL_PREFIX=/home/ngochoan/dev_ws/install/tutorial_interfaces
[1.328s] Invoking command in '/home/ngochoan/dev_ws/build/tutorial_interfaces': CMAKE_PREFIX_PATH=/opt/ros/humble /usr/bin/cmake --build /home/ngochoan/dev_ws/build/tutorial_interfaces -- -j8 -l8
[1.358s] [  2%] [34m[1mGenerating C code for ROS interfaces[0m
[1.366s] [  5%] [34m[1mGenerating C++ code for ROS interfaces[0m
[1.372s] [  5%] Built target ament_cmake_python_copy_tutorial_interfaces
[1.607s] running egg_info
[1.607s] creating tutorial_interfaces.egg-info
[1.608s] writing tutorial_interfaces.egg-info/PKG-INFO
[1.608s] writing dependency_links to tutorial_interfaces.egg-info/dependency_links.txt
[1.608s] writing top-level names to tutorial_interfaces.egg-info/top_level.txt
[1.608s] writing manifest file 'tutorial_interfaces.egg-info/SOURCES.txt'
[1.611s] reading manifest file 'tutorial_interfaces.egg-info/SOURCES.txt'
[1.612s] writing manifest file 'tutorial_interfaces.egg-info/SOURCES.txt'
[1.653s] [  5%] Built target ament_cmake_python_build_tutorial_interfaces_egg
[1.676s] [  5%] Built target tutorial_interfaces__cpp
[1.683s] [  7%] [34m[1mGenerating C++ type support dispatch for ROS interfaces[0m
[1.683s] [ 10%] [34m[1mGenerating C++ introspection for ROS interfaces[0m
[1.685s] [ 12%] [34m[1mGenerating C++ type support for eProsima Fast-RTPS[0m
[1.698s] [ 15%] [32mBuilding C object CMakeFiles/tutorial_interfaces__rosidl_generator_c.dir/rosidl_generator_c/tutorial_interfaces/msg/detail/num__functions.c.o[0m
[1.700s] [ 17%] [32mBuilding C object CMakeFiles/tutorial_interfaces__rosidl_generator_c.dir/rosidl_generator_c/tutorial_interfaces/srv/detail/add_three_ints__functions.c.o[0m
[1.763s] [ 20%] [32m[1mLinking C shared library libtutorial_interfaces__rosidl_generator_c.so[0m
[1.790s] [ 20%] Built target tutorial_interfaces__rosidl_generator_c
[1.799s] [ 23%] [34m[1mGenerating C type support for eProsima Fast-RTPS[0m
[1.801s] [ 25%] [34m[1mGenerating C type support dispatch for ROS interfaces[0m
[1.802s] [ 28%] [34m[1mGenerating C introspection for ROS interfaces[0m
[1.919s] [ 30%] [32mBuilding CXX object CMakeFiles/tutorial_interfaces__rosidl_typesupport_cpp.dir/rosidl_typesupport_cpp/tutorial_interfaces/msg/num__type_support.cpp.o[0m
[1.919s] [ 33%] [32mBuilding CXX object CMakeFiles/tutorial_interfaces__rosidl_typesupport_cpp.dir/rosidl_typesupport_cpp/tutorial_interfaces/srv/add_three_ints__type_support.cpp.o[0m
[1.987s] [ 38%] [32mBuilding CXX object CMakeFiles/tutorial_interfaces__rosidl_typesupport_introspection_cpp.dir/rosidl_typesupport_introspection_cpp/tutorial_interfaces/msg/detail/num__type_support.cpp.o[0m
[1.988s] [ 38%] [32mBuilding CXX object CMakeFiles/tutorial_interfaces__rosidl_typesupport_introspection_cpp.dir/rosidl_typesupport_introspection_cpp/tutorial_interfaces/srv/detail/add_three_ints__type_support.cpp.o[0m
[2.158s] [ 41%] [32mBuilding CXX object CMakeFiles/tutorial_interfaces__rosidl_typesupport_fastrtps_cpp.dir/rosidl_typesupport_fastrtps_cpp/tutorial_interfaces/msg/detail/dds_fastrtps/num__type_support.cpp.o[0m
[2.206s] [ 43%] [32mBuilding CXX object CMakeFiles/tutorial_interfaces__rosidl_typesupport_c.dir/rosidl_typesupport_c/tutorial_interfaces/msg/num__type_support.cpp.o[0m
[2.239s] [ 46%] [32mBuilding CXX object CMakeFiles/tutorial_interfaces__rosidl_typesupport_c.dir/rosidl_typesupport_c/tutorial_interfaces/srv/add_three_ints__type_support.cpp.o[0m
[2.255s] [ 48%] [32mBuilding C object CMakeFiles/tutorial_interfaces__rosidl_typesupport_introspection_c.dir/rosidl_typesupport_introspection_c/tutorial_interfaces/msg/detail/num__type_support.c.o[0m
[2.279s] [ 51%] [32mBuilding CXX object CMakeFiles/tutorial_interfaces__rosidl_typesupport_fastrtps_c.dir/rosidl_typesupport_fastrtps_c/tutorial_interfaces/msg/detail/num__type_support_c.cpp.o[0m
[2.285s] [ 53%] [32m[1mLinking CXX shared library libtutorial_interfaces__rosidl_typesupport_c.so[0m
[2.294s] [ 56%] [32mBuilding C object CMakeFiles/tutorial_interfaces__rosidl_typesupport_introspection_c.dir/rosidl_typesupport_introspection_c/tutorial_interfaces/srv/detail/add_three_ints__type_support.c.o[0m
[2.303s] [ 58%] [32mBuilding CXX object CMakeFiles/tutorial_interfaces__rosidl_typesupport_fastrtps_c.dir/rosidl_typesupport_fastrtps_c/tutorial_interfaces/srv/detail/add_three_ints__type_support_c.cpp.o[0m
[2.308s] [ 61%] [32m[1mLinking CXX shared library libtutorial_interfaces__rosidl_typesupport_cpp.so[0m
[2.354s] [ 64%] [32m[1mLinking C shared library libtutorial_interfaces__rosidl_typesupport_introspection_c.so[0m
[2.373s] [ 64%] Built target tutorial_interfaces__rosidl_typesupport_c
[2.373s] [ 64%] Built target tutorial_interfaces__rosidl_typesupport_cpp
[2.388s] [ 66%] [32mBuilding CXX object CMakeFiles/tutorial_interfaces__rosidl_typesupport_fastrtps_cpp.dir/rosidl_typesupport_fastrtps_cpp/tutorial_interfaces/srv/detail/dds_fastrtps/add_three_ints__type_support.cpp.o[0m
[2.397s] [ 66%] Built target tutorial_interfaces__rosidl_typesupport_introspection_c
[2.490s] [ 69%] [32m[1mLinking CXX shared library libtutorial_interfaces__rosidl_typesupport_introspection_cpp.so[0m
[2.528s] [ 69%] Built target tutorial_interfaces__rosidl_typesupport_introspection_cpp
[2.673s] [ 71%] [32m[1mLinking CXX shared library libtutorial_interfaces__rosidl_typesupport_fastrtps_c.so[0m
[2.748s] [ 71%] Built target tutorial_interfaces__rosidl_typesupport_fastrtps_c
[2.827s] [ 74%] [32m[1mLinking CXX shared library libtutorial_interfaces__rosidl_typesupport_fastrtps_cpp.so[0m
[2.893s] [ 74%] Built target tutorial_interfaces__rosidl_typesupport_fastrtps_cpp
[2.907s] [ 74%] Built target tutorial_interfaces
[2.924s] [ 76%] [34m[1mGenerating Python code for ROS interfaces[0m
[3.322s] [ 76%] Built target tutorial_interfaces__py
[3.338s] [ 82%] [32mBuilding C object CMakeFiles/tutorial_interfaces__rosidl_generator_py.dir/rosidl_generator_py/tutorial_interfaces/srv/_add_three_ints_s.c.o[0m
[3.338s] [ 82%] [32mBuilding C object CMakeFiles/tutorial_interfaces__rosidl_generator_py.dir/rosidl_generator_py/tutorial_interfaces/msg/_num_s.c.o[0m
[3.434s] [ 84%] [32m[1mLinking C shared library rosidl_generator_py/tutorial_interfaces/libtutorial_interfaces__rosidl_generator_py.so[0m
[3.465s] [ 84%] Built target tutorial_interfaces__rosidl_generator_py
[3.484s] [ 87%] [32mBuilding C object CMakeFiles/tutorial_interfaces__rosidl_typesupport_fastrtps_c__pyext.dir/rosidl_generator_py/tutorial_interfaces/_tutorial_interfaces_s.ep.rosidl_typesupport_fastrtps_c.c.o[0m
[3.484s] [ 92%] [32mBuilding C object CMakeFiles/tutorial_interfaces__rosidl_typesupport_introspection_c__pyext.dir/rosidl_generator_py/tutorial_interfaces/_tutorial_interfaces_s.ep.rosidl_typesupport_introspection_c.c.o[0m
[3.484s] [ 92%] [32mBuilding C object CMakeFiles/tutorial_interfaces__rosidl_typesupport_c__pyext.dir/rosidl_generator_py/tutorial_interfaces/_tutorial_interfaces_s.ep.rosidl_typesupport_c.c.o[0m
[3.575s] [ 94%] [32m[1mLinking C shared library rosidl_generator_py/tutorial_interfaces/tutorial_interfaces_s__rosidl_typesupport_introspection_c.cpython-310-x86_64-linux-gnu.so[0m
[3.575s] [ 97%] [32m[1mLinking C shared library rosidl_generator_py/tutorial_interfaces/tutorial_interfaces_s__rosidl_typesupport_c.cpython-310-x86_64-linux-gnu.so[0m
[3.579s] [100%] [32m[1mLinking C shared library rosidl_generator_py/tutorial_interfaces/tutorial_interfaces_s__rosidl_typesupport_fastrtps_c.cpython-310-x86_64-linux-gnu.so[0m
[3.603s] [100%] Built target tutorial_interfaces__rosidl_typesupport_c__pyext
[3.603s] [100%] Built target tutorial_interfaces__rosidl_typesupport_introspection_c__pyext
[3.609s] [100%] Built target tutorial_interfaces__rosidl_typesupport_fastrtps_c__pyext
[3.620s] Invoked command in '/home/ngochoan/dev_ws/build/tutorial_interfaces' returned '0': CMAKE_PREFIX_PATH=/opt/ros/humble /usr/bin/cmake --build /home/ngochoan/dev_ws/build/tutorial_interfaces -- -j8 -l8
[3.679s] Invoking command in '/home/ngochoan/dev_ws/build/tutorial_interfaces': CMAKE_PREFIX_PATH=/opt/ros/humble /usr/bin/cmake --install /home/ngochoan/dev_ws/build/tutorial_interfaces
[3.686s] -- Install configuration: ""
[3.686s] -- Installing: /home/ngochoan/dev_ws/install/tutorial_interfaces/share/ament_index/resource_index/rosidl_interfaces/tutorial_interfaces
[3.686s] -- Installing: /home/ngochoan/dev_ws/install/tutorial_interfaces/include/tutorial_interfaces/tutorial_interfaces
[3.687s] -- Installing: /home/ngochoan/dev_ws/install/tutorial_interfaces/include/tutorial_interfaces/tutorial_interfaces/srv
[3.687s] -- Installing: /home/ngochoan/dev_ws/install/tutorial_interfaces/include/tutorial_interfaces/tutorial_interfaces/srv/detail
[3.687s] -- Installing: /home/ngochoan/dev_ws/install/tutorial_interfaces/include/tutorial_interfaces/tutorial_interfaces/srv/detail/add_three_ints__struct.h
[3.687s] -- Installing: /home/ngochoan/dev_ws/install/tutorial_interfaces/include/tutorial_interfaces/tutorial_interfaces/srv/detail/add_three_ints__functions.c
[3.687s] -- Installing: /home/ngochoan/dev_ws/install/tutorial_interfaces/include/tutorial_interfaces/tutorial_interfaces/srv/detail/add_three_ints__type_support.h
[3.687s] -- Installing: /home/ngochoan/dev_ws/install/tutorial_interfaces/include/tutorial_interfaces/tutorial_interfaces/srv/detail/add_three_ints__functions.h
[3.687s] -- Installing: /home/ngochoan/dev_ws/install/tutorial_interfaces/include/tutorial_interfaces/tutorial_interfaces/srv/add_three_ints.h
[3.687s] -- Installing: /home/ngochoan/dev_ws/install/tutorial_interfaces/include/tutorial_interfaces/tutorial_interfaces/msg
[3.687s] -- Installing: /home/ngochoan/dev_ws/install/tutorial_interfaces/include/tutorial_interfaces/tutorial_interfaces/msg/rosidl_generator_c__visibility_control.h
[3.688s] -- Installing: /home/ngochoan/dev_ws/install/tutorial_interfaces/include/tutorial_interfaces/tutorial_interfaces/msg/num.h
[3.688s] -- Installing: /home/ngochoan/dev_ws/install/tutorial_interfaces/include/tutorial_interfaces/tutorial_interfaces/msg/detail
[3.688s] -- Installing: /home/ngochoan/dev_ws/install/tutorial_interfaces/include/tutorial_interfaces/tutorial_interfaces/msg/detail/num__struct.h
[3.688s] -- Installing: /home/ngochoan/dev_ws/install/tutorial_interfaces/include/tutorial_interfaces/tutorial_interfaces/msg/detail/num__functions.h
[3.688s] -- Installing: /home/ngochoan/dev_ws/install/tutorial_interfaces/include/tutorial_interfaces/tutorial_interfaces/msg/detail/num__functions.c
[3.688s] -- Installing: /home/ngochoan/dev_ws/install/tutorial_interfaces/include/tutorial_interfaces/tutorial_interfaces/msg/detail/num__type_support.h
[3.688s] -- Installing: /home/ngochoan/dev_ws/install/tutorial_interfaces/share/tutorial_interfaces/environment/library_path.sh
[3.689s] -- Installing: /home/ngochoan/dev_ws/install/tutorial_interfaces/share/tutorial_interfaces/environment/library_path.dsv
[3.689s] -- Installing: /home/ngochoan/dev_ws/install/tutorial_interfaces/lib/libtutorial_interfaces__rosidl_generator_c.so
[3.689s] -- Set runtime path of "/home/ngochoan/dev_ws/install/tutorial_interfaces/lib/libtutorial_interfaces__rosidl_generator_c.so" to ""
[3.689s] -- Up-to-date: /home/ngochoan/dev_ws/install/tutorial_interfaces/include/tutorial_interfaces/tutorial_interfaces
[3.689s] -- Up-to-date: /home/ngochoan/dev_ws/install/tutorial_interfaces/include/tutorial_interfaces/tutorial_interfaces/srv
[3.689s] -- Up-to-date: /home/ngochoan/dev_ws/install/tutorial_interfaces/include/tutorial_interfaces/tutorial_interfaces/srv/detail
[3.689s] -- Installing: /home/ngochoan/dev_ws/install/tutorial_interfaces/include/tutorial_interfaces/tutorial_interfaces/srv/detail/add_three_ints__rosidl_typesupport_fastrtps_c.h
[3.689s] -- Up-to-date: /home/ngochoan/dev_ws/install/tutorial_interfaces/include/tutorial_interfaces/tutorial_interfaces/msg
[3.689s] -- Up-to-date: /home/ngochoan/dev_ws/install/tutorial_interfaces/include/tutorial_interfaces/tutorial_interfaces/msg/detail
[3.689s] -- Installing: /home/ngochoan/dev_ws/install/tutorial_interfaces/include/tutorial_interfaces/tutorial_interfaces/msg/detail/num__rosidl_typesupport_fastrtps_c.h
[3.689s] -- Installing: /home/ngochoan/dev_ws/install/tutorial_interfaces/include/tutorial_interfaces/tutorial_interfaces/msg/rosidl_typesupport_fastrtps_c__visibility_control.h
[3.689s] -- Installing: /home/ngochoan/dev_ws/install/tutorial_interfaces/lib/libtutorial_interfaces__rosidl_typesupport_fastrtps_c.so
[3.690s] -- Set runtime path of "/home/ngochoan/dev_ws/install/tutorial_interfaces/lib/libtutorial_interfaces__rosidl_typesupport_fastrtps_c.so" to ""
[3.690s] -- Up-to-date: /home/ngochoan/dev_ws/install/tutorial_interfaces/include/tutorial_interfaces/tutorial_interfaces
[3.690s] -- Up-to-date: /home/ngochoan/dev_ws/install/tutorial_interfaces/include/tutorial_interfaces/tutorial_interfaces/srv
[3.690s] -- Up-to-date: /home/ngochoan/dev_ws/install/tutorial_interfaces/include/tutorial_interfaces/tutorial_interfaces/srv/detail
[3.690s] -- Installing: /home/ngochoan/dev_ws/install/tutorial_interfaces/include/tutorial_interfaces/tutorial_interfaces/srv/detail/add_three_ints__rosidl_typesupport_introspection_c.h
[3.690s] -- Installing: /home/ngochoan/dev_ws/install/tutorial_interfaces/include/tutorial_interfaces/tutorial_interfaces/srv/detail/add_three_ints__type_support.c
[3.690s] -- Up-to-date: /home/ngochoan/dev_ws/install/tutorial_interfaces/include/tutorial_interfaces/tutorial_interfaces/msg
[3.690s] -- Installing: /home/ngochoan/dev_ws/install/tutorial_interfaces/include/tutorial_interfaces/tutorial_interfaces/msg/rosidl_typesupport_introspection_c__visibility_control.h
[3.690s] -- Up-to-date: /home/ngochoan/dev_ws/install/tutorial_interfaces/include/tutorial_interfaces/tutorial_interfaces/msg/detail
[3.690s] -- Installing: /home/ngochoan/dev_ws/install/tutorial_interfaces/include/tutorial_interfaces/tutorial_interfaces/msg/detail/num__rosidl_typesupport_introspection_c.h
[3.690s] -- Installing: /home/ngochoan/dev_ws/install/tutorial_interfaces/include/tutorial_interfaces/tutorial_interfaces/msg/detail/num__type_support.c
[3.691s] -- Installing: /home/ngochoan/dev_ws/install/tutorial_interfaces/lib/libtutorial_interfaces__rosidl_typesupport_introspection_c.so
[3.691s] -- Set runtime path of "/home/ngochoan/dev_ws/install/tutorial_interfaces/lib/libtutorial_interfaces__rosidl_typesupport_introspection_c.so" to ""
[3.691s] -- Installing: /home/ngochoan/dev_ws/install/tutorial_interfaces/lib/libtutorial_interfaces__rosidl_typesupport_c.so
[3.691s] -- Set runtime path of "/home/ngochoan/dev_ws/install/tutorial_interfaces/lib/libtutorial_interfaces__rosidl_typesupport_c.so" to ""
[3.691s] -- Up-to-date: /home/ngochoan/dev_ws/install/tutorial_interfaces/include/tutorial_interfaces/tutorial_interfaces
[3.691s] -- Up-to-date: /home/ngochoan/dev_ws/install/tutorial_interfaces/include/tutorial_interfaces/tutorial_interfaces/srv
[3.691s] -- Installing: /home/ngochoan/dev_ws/install/tutorial_interfaces/include/tutorial_interfaces/tutorial_interfaces/srv/add_three_ints.hpp
[3.691s] -- Up-to-date: /home/ngochoan/dev_ws/install/tutorial_interfaces/include/tutorial_interfaces/tutorial_interfaces/srv/detail
[3.691s] -- Installing: /home/ngochoan/dev_ws/install/tutorial_interfaces/include/tutorial_interfaces/tutorial_interfaces/srv/detail/add_three_ints__struct.hpp
[3.691s] -- Installing: /home/ngochoan/dev_ws/install/tutorial_interfaces/include/tutorial_interfaces/tutorial_interfaces/srv/detail/add_three_ints__builder.hpp
[3.691s] -- Installing: /home/ngochoan/dev_ws/install/tutorial_interfaces/include/tutorial_interfaces/tutorial_interfaces/srv/detail/add_three_ints__traits.hpp
[3.692s] -- Up-to-date: /home/ngochoan/dev_ws/install/tutorial_interfaces/include/tutorial_interfaces/tutorial_interfaces/msg
[3.692s] -- Up-to-date: /home/ngochoan/dev_ws/install/tutorial_interfaces/include/tutorial_interfaces/tutorial_interfaces/msg/detail
[3.692s] -- Installing: /home/ngochoan/dev_ws/install/tutorial_interfaces/include/tutorial_interfaces/tutorial_interfaces/msg/detail/num__struct.hpp
[3.692s] -- Installing: /home/ngochoan/dev_ws/install/tutorial_interfaces/include/tutorial_interfaces/tutorial_interfaces/msg/detail/num__builder.hpp
[3.692s] -- Installing: /home/ngochoan/dev_ws/install/tutorial_interfaces/include/tutorial_interfaces/tutorial_interfaces/msg/detail/num__traits.hpp
[3.692s] -- Installing: /home/ngochoan/dev_ws/install/tutorial_interfaces/include/tutorial_interfaces/tutorial_interfaces/msg/num.hpp
[3.692s] -- Up-to-date: /home/ngochoan/dev_ws/install/tutorial_interfaces/include/tutorial_interfaces/tutorial_interfaces
[3.692s] -- Up-to-date: /home/ngochoan/dev_ws/install/tutorial_interfaces/include/tutorial_interfaces/tutorial_interfaces/srv
[3.692s] -- Up-to-date: /home/ngochoan/dev_ws/install/tutorial_interfaces/include/tutorial_interfaces/tutorial_interfaces/srv/detail
[3.692s] -- Installing: /home/ngochoan/dev_ws/install/tutorial_interfaces/include/tutorial_interfaces/tutorial_interfaces/srv/detail/add_three_ints__rosidl_typesupport_fastrtps_cpp.hpp
[3.692s] -- Installing: /home/ngochoan/dev_ws/install/tutorial_interfaces/include/tutorial_interfaces/tutorial_interfaces/srv/detail/dds_fastrtps
[3.693s] -- Up-to-date: /home/ngochoan/dev_ws/install/tutorial_interfaces/include/tutorial_interfaces/tutorial_interfaces/msg
[3.693s] -- Up-to-date: /home/ngochoan/dev_ws/install/tutorial_interfaces/include/tutorial_interfaces/tutorial_interfaces/msg/detail
[3.693s] -- Installing: /home/ngochoan/dev_ws/install/tutorial_interfaces/include/tutorial_interfaces/tutorial_interfaces/msg/detail/num__rosidl_typesupport_fastrtps_cpp.hpp
[3.693s] -- Installing: /home/ngochoan/dev_ws/install/tutorial_interfaces/include/tutorial_interfaces/tutorial_interfaces/msg/detail/dds_fastrtps
[3.693s] -- Installing: /home/ngochoan/dev_ws/install/tutorial_interfaces/include/tutorial_interfaces/tutorial_interfaces/msg/rosidl_typesupport_fastrtps_cpp__visibility_control.h
[3.693s] -- Installing: /home/ngochoan/dev_ws/install/tutorial_interfaces/lib/libtutorial_interfaces__rosidl_typesupport_fastrtps_cpp.so
[3.693s] -- Set runtime path of "/home/ngochoan/dev_ws/install/tutorial_interfaces/lib/libtutorial_interfaces__rosidl_typesupport_fastrtps_cpp.so" to ""
[3.693s] -- Up-to-date: /home/ngochoan/dev_ws/install/tutorial_interfaces/include/tutorial_interfaces/tutorial_interfaces
[3.693s] -- Up-to-date: /home/ngochoan/dev_ws/install/tutorial_interfaces/include/tutorial_interfaces/tutorial_interfaces/srv
[3.693s] -- Up-to-date: /home/ngochoan/dev_ws/install/tutorial_interfaces/include/tutorial_interfaces/tutorial_interfaces/srv/detail
[3.693s] -- Installing: /home/ngochoan/dev_ws/install/tutorial_interfaces/include/tutorial_interfaces/tutorial_interfaces/srv/detail/add_three_ints__rosidl_typesupport_introspection_cpp.hpp
[3.693s] -- Installing: /home/ngochoan/dev_ws/install/tutorial_interfaces/include/tutorial_interfaces/tutorial_interfaces/srv/detail/add_three_ints__type_support.cpp
[3.693s] -- Up-to-date: /home/ngochoan/dev_ws/install/tutorial_interfaces/include/tutorial_interfaces/tutorial_interfaces/msg
[3.694s] -- Up-to-date: /home/ngochoan/dev_ws/install/tutorial_interfaces/include/tutorial_interfaces/tutorial_interfaces/msg/detail
[3.694s] -- Installing: /home/ngochoan/dev_ws/install/tutorial_interfaces/include/tutorial_interfaces/tutorial_interfaces/msg/detail/num__type_support.cpp
[3.694s] -- Installing: /home/ngochoan/dev_ws/install/tutorial_interfaces/include/tutorial_interfaces/tutorial_interfaces/msg/detail/num__rosidl_typesupport_introspection_cpp.hpp
[3.694s] -- Installing: /home/ngochoan/dev_ws/install/tutorial_interfaces/lib/libtutorial_interfaces__rosidl_typesupport_introspection_cpp.so
[3.694s] -- Set runtime path of "/home/ngochoan/dev_ws/install/tutorial_interfaces/lib/libtutorial_interfaces__rosidl_typesupport_introspection_cpp.so" to ""
[3.694s] -- Installing: /home/ngochoan/dev_ws/install/tutorial_interfaces/lib/libtutorial_interfaces__rosidl_typesupport_cpp.so
[3.694s] -- Set runtime path of "/home/ngochoan/dev_ws/install/tutorial_interfaces/lib/libtutorial_interfaces__rosidl_typesupport_cpp.so" to ""
[3.694s] -- Installing: /home/ngochoan/dev_ws/install/tutorial_interfaces/share/tutorial_interfaces/environment/pythonpath.sh
[3.694s] -- Installing: /home/ngochoan/dev_ws/install/tutorial_interfaces/share/tutorial_interfaces/environment/pythonpath.dsv
[3.694s] -- Installing: /home/ngochoan/dev_ws/install/tutorial_interfaces/local/lib/python3.10/dist-packages/tutorial_interfaces-0.0.0-py3.10.egg-info
[3.694s] -- Installing: /home/ngochoan/dev_ws/install/tutorial_interfaces/local/lib/python3.10/dist-packages/tutorial_interfaces-0.0.0-py3.10.egg-info/top_level.txt
[3.694s] -- Installing: /home/ngochoan/dev_ws/install/tutorial_interfaces/local/lib/python3.10/dist-packages/tutorial_interfaces-0.0.0-py3.10.egg-info/dependency_links.txt
[3.695s] -- Installing: /home/ngochoan/dev_ws/install/tutorial_interfaces/local/lib/python3.10/dist-packages/tutorial_interfaces-0.0.0-py3.10.egg-info/SOURCES.txt
[3.695s] -- Installing: /home/ngochoan/dev_ws/install/tutorial_interfaces/local/lib/python3.10/dist-packages/tutorial_interfaces-0.0.0-py3.10.egg-info/PKG-INFO
[3.695s] -- Installing: /home/ngochoan/dev_ws/install/tutorial_interfaces/local/lib/python3.10/dist-packages/tutorial_interfaces
[3.695s] -- Installing: /home/ngochoan/dev_ws/install/tutorial_interfaces/local/lib/python3.10/dist-packages/tutorial_interfaces/tutorial_interfaces_s__rosidl_typesupport_c.cpython-310-x86_64-linux-gnu.so
[3.695s] -- Installing: /home/ngochoan/dev_ws/install/tutorial_interfaces/local/lib/python3.10/dist-packages/tutorial_interfaces/srv
[3.695s] -- Installing: /home/ngochoan/dev_ws/install/tutorial_interfaces/local/lib/python3.10/dist-packages/tutorial_interfaces/srv/_add_three_ints.py
[3.695s] -- Installing: /home/ngochoan/dev_ws/install/tutorial_interfaces/local/lib/python3.10/dist-packages/tutorial_interfaces/srv/__init__.py
[3.695s] -- Installing: /home/ngochoan/dev_ws/install/tutorial_interfaces/local/lib/python3.10/dist-packages/tutorial_interfaces/srv/_add_three_ints_s.c
[3.695s] -- Installing: /home/ngochoan/dev_ws/install/tutorial_interfaces/local/lib/python3.10/dist-packages/tutorial_interfaces/_tutorial_interfaces_s.ep.rosidl_typesupport_introspection_c.c
[3.695s] -- Installing: /home/ngochoan/dev_ws/install/tutorial_interfaces/local/lib/python3.10/dist-packages/tutorial_interfaces/tutorial_interfaces_s__rosidl_typesupport_introspection_c.cpython-310-x86_64-linux-gnu.so
[3.695s] -- Installing: /home/ngochoan/dev_ws/install/tutorial_interfaces/local/lib/python3.10/dist-packages/tutorial_interfaces/msg
[3.696s] -- Installing: /home/ngochoan/dev_ws/install/tutorial_interfaces/local/lib/python3.10/dist-packages/tutorial_interfaces/msg/_num_s.c
[3.696s] -- Installing: /home/ngochoan/dev_ws/install/tutorial_interfaces/local/lib/python3.10/dist-packages/tutorial_interfaces/msg/__init__.py
[3.696s] -- Installing: /home/ngochoan/dev_ws/install/tutorial_interfaces/local/lib/python3.10/dist-packages/tutorial_interfaces/msg/_num.py
[3.696s] -- Installing: /home/ngochoan/dev_ws/install/tutorial_interfaces/local/lib/python3.10/dist-packages/tutorial_interfaces/__init__.py
[3.696s] -- Installing: /home/ngochoan/dev_ws/install/tutorial_interfaces/local/lib/python3.10/dist-packages/tutorial_interfaces/tutorial_interfaces_s__rosidl_typesupport_fastrtps_c.cpython-310-x86_64-linux-gnu.so
[3.696s] -- Installing: /home/ngochoan/dev_ws/install/tutorial_interfaces/local/lib/python3.10/dist-packages/tutorial_interfaces/libtutorial_interfaces__rosidl_generator_py.so
[3.696s] -- Installing: /home/ngochoan/dev_ws/install/tutorial_interfaces/local/lib/python3.10/dist-packages/tutorial_interfaces/_tutorial_interfaces_s.ep.rosidl_typesupport_c.c
[3.696s] -- Installing: /home/ngochoan/dev_ws/install/tutorial_interfaces/local/lib/python3.10/dist-packages/tutorial_interfaces/_tutorial_interfaces_s.ep.rosidl_typesupport_fastrtps_c.c
[3.727s] Listing '/home/ngochoan/dev_ws/install/tutorial_interfaces/local/lib/python3.10/dist-packages/tutorial_interfaces'...
[3.727s] Compiling '/home/ngochoan/dev_ws/install/tutorial_interfaces/local/lib/python3.10/dist-packages/tutorial_interfaces/__init__.py'...
[3.727s] Listing '/home/ngochoan/dev_ws/install/tutorial_interfaces/local/lib/python3.10/dist-packages/tutorial_interfaces/msg'...
[3.728s] Compiling '/home/ngochoan/dev_ws/install/tutorial_interfaces/local/lib/python3.10/dist-packages/tutorial_interfaces/msg/__init__.py'...
[3.728s] Compiling '/home/ngochoan/dev_ws/install/tutorial_interfaces/local/lib/python3.10/dist-packages/tutorial_interfaces/msg/_num.py'...
[3.728s] Listing '/home/ngochoan/dev_ws/install/tutorial_interfaces/local/lib/python3.10/dist-packages/tutorial_interfaces/srv'...
[3.728s] Compiling '/home/ngochoan/dev_ws/install/tutorial_interfaces/local/lib/python3.10/dist-packages/tutorial_interfaces/srv/__init__.py'...
[3.728s] Compiling '/home/ngochoan/dev_ws/install/tutorial_interfaces/local/lib/python3.10/dist-packages/tutorial_interfaces/srv/_add_three_ints.py'...
[3.732s] -- Installing: /home/ngochoan/dev_ws/install/tutorial_interfaces/local/lib/python3.10/dist-packages/tutorial_interfaces/tutorial_interfaces_s__rosidl_typesupport_fastrtps_c.cpython-310-x86_64-linux-gnu.so
[3.732s] -- Set runtime path of "/home/ngochoan/dev_ws/install/tutorial_interfaces/local/lib/python3.10/dist-packages/tutorial_interfaces/tutorial_interfaces_s__rosidl_typesupport_fastrtps_c.cpython-310-x86_64-linux-gnu.so" to ""
[3.732s] -- Installing: /home/ngochoan/dev_ws/install/tutorial_interfaces/local/lib/python3.10/dist-packages/tutorial_interfaces/tutorial_interfaces_s__rosidl_typesupport_introspection_c.cpython-310-x86_64-linux-gnu.so
[3.732s] -- Set runtime path of "/home/ngochoan/dev_ws/install/tutorial_interfaces/local/lib/python3.10/dist-packages/tutorial_interfaces/tutorial_interfaces_s__rosidl_typesupport_introspection_c.cpython-310-x86_64-linux-gnu.so" to ""
[3.733s] -- Installing: /home/ngochoan/dev_ws/install/tutorial_interfaces/local/lib/python3.10/dist-packages/tutorial_interfaces/tutorial_interfaces_s__rosidl_typesupport_c.cpython-310-x86_64-linux-gnu.so
[3.733s] -- Set runtime path of "/home/ngochoan/dev_ws/install/tutorial_interfaces/local/lib/python3.10/dist-packages/tutorial_interfaces/tutorial_interfaces_s__rosidl_typesupport_c.cpython-310-x86_64-linux-gnu.so" to ""
[3.733s] -- Installing: /home/ngochoan/dev_ws/install/tutorial_interfaces/lib/libtutorial_interfaces__rosidl_generator_py.so
[3.733s] -- Set runtime path of "/home/ngochoan/dev_ws/install/tutorial_interfaces/lib/libtutorial_interfaces__rosidl_generator_py.so" to ""
[3.733s] -- Installing: /home/ngochoan/dev_ws/install/tutorial_interfaces/share/tutorial_interfaces/msg/Num.idl
[3.733s] -- Installing: /home/ngochoan/dev_ws/install/tutorial_interfaces/share/tutorial_interfaces/srv/AddThreeInts.idl
[3.734s] -- Installing: /home/ngochoan/dev_ws/install/tutorial_interfaces/share/tutorial_interfaces/msg/Num.msg
[3.734s] -- Installing: /home/ngochoan/dev_ws/install/tutorial_interfaces/share/tutorial_interfaces/srv/AddThreeInts.srv
[3.734s] -- Installing: /home/ngochoan/dev_ws/install/tutorial_interfaces/share/tutorial_interfaces/srv/AddThreeInts_Request.msg
[3.734s] -- Installing: /home/ngochoan/dev_ws/install/tutorial_interfaces/share/tutorial_interfaces/srv/AddThreeInts_Response.msg
[3.734s] -- Installing: /home/ngochoan/dev_ws/install/tutorial_interfaces/share/ament_index/resource_index/package_run_dependencies/tutorial_interfaces
[3.734s] -- Installing: /home/ngochoan/dev_ws/install/tutorial_interfaces/share/ament_index/resource_index/parent_prefix_path/tutorial_interfaces
[3.734s] -- Installing: /home/ngochoan/dev_ws/install/tutorial_interfaces/share/tutorial_interfaces/environment/ament_prefix_path.sh
[3.734s] -- Installing: /home/ngochoan/dev_ws/install/tutorial_interfaces/share/tutorial_interfaces/environment/ament_prefix_path.dsv
[3.735s] -- Installing: /home/ngochoan/dev_ws/install/tutorial_interfaces/share/tutorial_interfaces/environment/path.sh
[3.735s] -- Installing: /home/ngochoan/dev_ws/install/tutorial_interfaces/share/tutorial_interfaces/environment/path.dsv
[3.735s] -- Installing: /home/ngochoan/dev_ws/install/tutorial_interfaces/share/tutorial_interfaces/local_setup.bash
[3.735s] -- Installing: /home/ngochoan/dev_ws/install/tutorial_interfaces/share/tutorial_interfaces/local_setup.sh
[3.735s] -- Installing: /home/ngochoan/dev_ws/install/tutorial_interfaces/share/tutorial_interfaces/local_setup.zsh
[3.735s] -- Installing: /home/ngochoan/dev_ws/install/tutorial_interfaces/share/tutorial_interfaces/local_setup.dsv
[3.735s] -- Installing: /home/ngochoan/dev_ws/install/tutorial_interfaces/share/tutorial_interfaces/package.dsv
[3.735s] -- Installing: /home/ngochoan/dev_ws/install/tutorial_interfaces/share/ament_index/resource_index/packages/tutorial_interfaces
[3.735s] -- Installing: /home/ngochoan/dev_ws/install/tutorial_interfaces/share/tutorial_interfaces/cmake/export_tutorial_interfaces__rosidl_generator_cExport.cmake
[3.736s] -- Installing: /home/ngochoan/dev_ws/install/tutorial_interfaces/share/tutorial_interfaces/cmake/export_tutorial_interfaces__rosidl_generator_cExport-noconfig.cmake
[3.736s] -- Installing: /home/ngochoan/dev_ws/install/tutorial_interfaces/share/tutorial_interfaces/cmake/export_tutorial_interfaces__rosidl_typesupport_fastrtps_cExport.cmake
[3.736s] -- Installing: /home/ngochoan/dev_ws/install/tutorial_interfaces/share/tutorial_interfaces/cmake/export_tutorial_interfaces__rosidl_typesupport_fastrtps_cExport-noconfig.cmake
[3.736s] -- Installing: /home/ngochoan/dev_ws/install/tutorial_interfaces/share/tutorial_interfaces/cmake/tutorial_interfaces__rosidl_typesupport_introspection_cExport.cmake
[3.736s] -- Installing: /home/ngochoan/dev_ws/install/tutorial_interfaces/share/tutorial_interfaces/cmake/tutorial_interfaces__rosidl_typesupport_introspection_cExport-noconfig.cmake
[3.736s] -- Installing: /home/ngochoan/dev_ws/install/tutorial_interfaces/share/tutorial_interfaces/cmake/tutorial_interfaces__rosidl_typesupport_cExport.cmake
[3.736s] -- Installing: /home/ngochoan/dev_ws/install/tutorial_interfaces/share/tutorial_interfaces/cmake/tutorial_interfaces__rosidl_typesupport_cExport-noconfig.cmake
[3.736s] -- Installing: /home/ngochoan/dev_ws/install/tutorial_interfaces/share/tutorial_interfaces/cmake/export_tutorial_interfaces__rosidl_generator_cppExport.cmake
[3.737s] -- Installing: /home/ngochoan/dev_ws/install/tutorial_interfaces/share/tutorial_interfaces/cmake/export_tutorial_interfaces__rosidl_typesupport_fastrtps_cppExport.cmake
[3.737s] -- Installing: /home/ngochoan/dev_ws/install/tutorial_interfaces/share/tutorial_interfaces/cmake/export_tutorial_interfaces__rosidl_typesupport_fastrtps_cppExport-noconfig.cmake
[3.737s] -- Installing: /home/ngochoan/dev_ws/install/tutorial_interfaces/share/tutorial_interfaces/cmake/tutorial_interfaces__rosidl_typesupport_introspection_cppExport.cmake
[3.737s] -- Installing: /home/ngochoan/dev_ws/install/tutorial_interfaces/share/tutorial_interfaces/cmake/tutorial_interfaces__rosidl_typesupport_introspection_cppExport-noconfig.cmake
[3.737s] -- Installing: /home/ngochoan/dev_ws/install/tutorial_interfaces/share/tutorial_interfaces/cmake/tutorial_interfaces__rosidl_typesupport_cppExport.cmake
[3.737s] -- Installing: /home/ngochoan/dev_ws/install/tutorial_interfaces/share/tutorial_interfaces/cmake/tutorial_interfaces__rosidl_typesupport_cppExport-noconfig.cmake
[3.737s] -- Installing: /home/ngochoan/dev_ws/install/tutorial_interfaces/share/tutorial_interfaces/cmake/export_tutorial_interfaces__rosidl_generator_pyExport.cmake
[3.737s] -- Installing: /home/ngochoan/dev_ws/install/tutorial_interfaces/share/tutorial_interfaces/cmake/export_tutorial_interfaces__rosidl_generator_pyExport-noconfig.cmake
[3.738s] -- Installing: /home/ngochoan/dev_ws/install/tutorial_interfaces/share/tutorial_interfaces/cmake/rosidl_cmake-extras.cmake
[3.738s] -- Installing: /home/ngochoan/dev_ws/install/tutorial_interfaces/share/tutorial_interfaces/cmake/ament_cmake_export_include_directories-extras.cmake
[3.738s] -- Installing: /home/ngochoan/dev_ws/install/tutorial_interfaces/share/tutorial_interfaces/cmake/ament_cmake_export_libraries-extras.cmake
[3.738s] -- Installing: /home/ngochoan/dev_ws/install/tutorial_interfaces/share/tutorial_interfaces/cmake/ament_cmake_export_targets-extras.cmake
[3.738s] -- Installing: /home/ngochoan/dev_ws/install/tutorial_interfaces/share/tutorial_interfaces/cmake/rosidl_cmake_export_typesupport_targets-extras.cmake
[3.738s] -- Installing: /home/ngochoan/dev_ws/install/tutorial_interfaces/share/tutorial_interfaces/cmake/ament_cmake_export_dependencies-extras.cmake
[3.738s] -- Installing: /home/ngochoan/dev_ws/install/tutorial_interfaces/share/tutorial_interfaces/cmake/rosidl_cmake_export_typesupport_libraries-extras.cmake
[3.738s] -- Installing: /home/ngochoan/dev_ws/install/tutorial_interfaces/share/tutorial_interfaces/cmake/tutorial_interfacesConfig.cmake
[3.738s] -- Installing: /home/ngochoan/dev_ws/install/tutorial_interfaces/share/tutorial_interfaces/cmake/tutorial_interfacesConfig-version.cmake
[3.738s] -- Installing: /home/ngochoan/dev_ws/install/tutorial_interfaces/share/tutorial_interfaces/package.xml
[3.740s] Invoked command in '/home/ngochoan/dev_ws/build/tutorial_interfaces' returned '0': CMAKE_PREFIX_PATH=/opt/ros/humble /usr/bin/cmake --install /home/ngochoan/dev_ws/build/tutorial_interfaces
