[0.928s] DEBUG:colcon:Command line arguments: ['/usr/bin/colcon', 'build']
[0.928s] DEBUG:colcon:Parsed command line arguments: Namespace(log_base=None, log_level=None, verb_name='build', build_base='build', install_base='install', merge_install=False, symlink_install=False, test_result_base=None, continue_on_error=False, executor='parallel', parallel_workers=8, event_handlers=None, ignore_user_meta=False, metas=['./colcon.meta'], base_paths=['.'], packages_ignore=None, packages_ignore_regex=None, paths=None, packages_up_to=None, packages_up_to_regex=None, packages_above=None, packages_above_and_dependencies=None, packages_above_depth=None, packages_select_by_dep=None, packages_skip_by_dep=None, packages_skip_up_to=None, packages_select_build_failed=False, packages_skip_build_finished=False, packages_select_test_failures=False, packages_skip_test_passed=False, packages_select=None, packages_skip=None, packages_select_regex=None, packages_skip_regex=None, packages_start=None, packages_end=None, allow_overriding=[], cmake_args=None, cmake_target=None, cmake_target_skip_unavailable=False, cmake_clean_cache=False, cmake_clean_first=False, cmake_force_configure=False, ament_cmake_args=None, catkin_cmake_args=None, catkin_skip_building_tests=False, verb_parser=<colcon_defaults.argument_parser.defaults.DefaultArgumentsDecorator object at 0x7fd2b6281030>, verb_extension=<colcon_core.verb.build.BuildVerb object at 0x7fd2b6281960>, main=<bound method BuildVerb.main of <colcon_core.verb.build.BuildVerb object at 0x7fd2b6281960>>)
[0.971s] Level 1:colcon.colcon_core.package_discovery:discover_packages(colcon_meta) check parameters
[0.971s] Level 1:colcon.colcon_core.package_discovery:discover_packages(recursive) check parameters
[0.971s] Level 1:colcon.colcon_core.package_discovery:discover_packages(ignore) check parameters
[0.971s] Level 1:colcon.colcon_core.package_discovery:discover_packages(path) check parameters
[0.971s] Level 1:colcon.colcon_core.package_discovery:discover_packages(colcon_meta) discover
[0.971s] Level 1:colcon.colcon_core.package_discovery:discover_packages(recursive) discover
[0.971s] INFO:colcon.colcon_core.package_discovery:Crawling recursively for packages in '/home/ngochoan/dev_ws'
[0.971s] Level 1:colcon.colcon_core.package_identification:_identify(.) by extensions ['ignore', 'ignore_ament_install']
[0.972s] Level 1:colcon.colcon_core.package_identification:_identify(.) by extension 'ignore'
[0.972s] Level 1:colcon.colcon_core.package_identification:_identify(.) by extension 'ignore_ament_install'
[0.972s] Level 1:colcon.colcon_core.package_identification:_identify(.) by extensions ['colcon_pkg']
[0.972s] Level 1:colcon.colcon_core.package_identification:_identify(.) by extension 'colcon_pkg'
[0.972s] Level 1:colcon.colcon_core.package_identification:_identify(.) by extensions ['colcon_meta']
[0.972s] Level 1:colcon.colcon_core.package_identification:_identify(.) by extension 'colcon_meta'
[0.972s] Level 1:colcon.colcon_core.package_identification:_identify(.) by extensions ['ros']
[0.972s] Level 1:colcon.colcon_core.package_identification:_identify(.) by extension 'ros'
[0.981s] Level 1:colcon.colcon_core.package_identification:_identify(.) by extensions ['cmake', 'python']
[0.981s] Level 1:colcon.colcon_core.package_identification:_identify(.) by extension 'cmake'
[0.981s] Level 1:colcon.colcon_core.package_identification:_identify(.) by extension 'python'
[0.981s] Level 1:colcon.colcon_core.package_identification:_identify(.) by extensions ['python_setup_py']
[0.981s] Level 1:colcon.colcon_core.package_identification:_identify(.) by extension 'python_setup_py'
[0.981s] Level 1:colcon.colcon_core.package_identification:_identify(build) by extensions ['ignore', 'ignore_ament_install']
[0.981s] Level 1:colcon.colcon_core.package_identification:_identify(build) by extension 'ignore'
[0.981s] Level 1:colcon.colcon_core.package_identification:_identify(build) ignored
[0.981s] Level 1:colcon.colcon_core.package_identification:_identify(install) by extensions ['ignore', 'ignore_ament_install']
[0.981s] Level 1:colcon.colcon_core.package_identification:_identify(install) by extension 'ignore'
[0.981s] Level 1:colcon.colcon_core.package_identification:_identify(install) ignored
[0.982s] Level 1:colcon.colcon_core.package_identification:_identify(log) by extensions ['ignore', 'ignore_ament_install']
[0.982s] Level 1:colcon.colcon_core.package_identification:_identify(log) by extension 'ignore'
[0.982s] Level 1:colcon.colcon_core.package_identification:_identify(log) ignored
[0.982s] Level 1:colcon.colcon_core.package_identification:_identify(src) by extensions ['ignore', 'ignore_ament_install']
[0.982s] Level 1:colcon.colcon_core.package_identification:_identify(src) by extension 'ignore'
[0.982s] Level 1:colcon.colcon_core.package_identification:_identify(src) by extension 'ignore_ament_install'
[0.982s] Level 1:colcon.colcon_core.package_identification:_identify(src) by extensions ['colcon_pkg']
[0.982s] Level 1:colcon.colcon_core.package_identification:_identify(src) by extension 'colcon_pkg'
[0.982s] Level 1:colcon.colcon_core.package_identification:_identify(src) by extensions ['colcon_meta']
[0.982s] Level 1:colcon.colcon_core.package_identification:_identify(src) by extension 'colcon_meta'
[0.982s] Level 1:colcon.colcon_core.package_identification:_identify(src) by extensions ['ros']
[0.982s] Level 1:colcon.colcon_core.package_identification:_identify(src) by extension 'ros'
[0.982s] Level 1:colcon.colcon_core.package_identification:_identify(src) by extensions ['cmake', 'python']
[0.982s] Level 1:colcon.colcon_core.package_identification:_identify(src) by extension 'cmake'
[0.982s] Level 1:colcon.colcon_core.package_identification:_identify(src) by extension 'python'
[0.982s] Level 1:colcon.colcon_core.package_identification:_identify(src) by extensions ['python_setup_py']
[0.982s] Level 1:colcon.colcon_core.package_identification:_identify(src) by extension 'python_setup_py'
[0.982s] Level 1:colcon.colcon_core.package_identification:_identify(src/cpp_pubsub) by extensions ['ignore', 'ignore_ament_install']
[0.983s] Level 1:colcon.colcon_core.package_identification:_identify(src/cpp_pubsub) by extension 'ignore'
[0.983s] Level 1:colcon.colcon_core.package_identification:_identify(src/cpp_pubsub) by extension 'ignore_ament_install'
[0.983s] Level 1:colcon.colcon_core.package_identification:_identify(src/cpp_pubsub) by extensions ['colcon_pkg']
[0.983s] Level 1:colcon.colcon_core.package_identification:_identify(src/cpp_pubsub) by extension 'colcon_pkg'
[0.983s] Level 1:colcon.colcon_core.package_identification:_identify(src/cpp_pubsub) by extensions ['colcon_meta']
[0.983s] Level 1:colcon.colcon_core.package_identification:_identify(src/cpp_pubsub) by extension 'colcon_meta'
[0.983s] Level 1:colcon.colcon_core.package_identification:_identify(src/cpp_pubsub) by extensions ['ros']
[0.983s] Level 1:colcon.colcon_core.package_identification:_identify(src/cpp_pubsub) by extension 'ros'
[0.985s] DEBUG:colcon.colcon_core.package_identification:Package 'src/cpp_pubsub' with type 'ros.ament_cmake' and name 'cpp_pubsub'
[0.985s] Level 1:colcon.colcon_core.package_identification:_identify(src/cpp_srvcli) by extensions ['ignore', 'ignore_ament_install']
[0.985s] Level 1:colcon.colcon_core.package_identification:_identify(src/cpp_srvcli) by extension 'ignore'
[0.985s] Level 1:colcon.colcon_core.package_identification:_identify(src/cpp_srvcli) by extension 'ignore_ament_install'
[0.985s] Level 1:colcon.colcon_core.package_identification:_identify(src/cpp_srvcli) by extensions ['colcon_pkg']
[0.985s] Level 1:colcon.colcon_core.package_identification:_identify(src/cpp_srvcli) by extension 'colcon_pkg'
[0.985s] Level 1:colcon.colcon_core.package_identification:_identify(src/cpp_srvcli) by extensions ['colcon_meta']
[0.985s] Level 1:colcon.colcon_core.package_identification:_identify(src/cpp_srvcli) by extension 'colcon_meta'
[0.985s] Level 1:colcon.colcon_core.package_identification:_identify(src/cpp_srvcli) by extensions ['ros']
[0.985s] Level 1:colcon.colcon_core.package_identification:_identify(src/cpp_srvcli) by extension 'ros'
[0.986s] DEBUG:colcon.colcon_core.package_identification:Package 'src/cpp_srvcli' with type 'ros.ament_cmake' and name 'cpp_srvcli'
[0.986s] Level 1:colcon.colcon_core.package_identification:_identify(src/test_package) by extensions ['ignore', 'ignore_ament_install']
[0.986s] Level 1:colcon.colcon_core.package_identification:_identify(src/test_package) by extension 'ignore'
[0.986s] Level 1:colcon.colcon_core.package_identification:_identify(src/test_package) by extension 'ignore_ament_install'
[0.986s] Level 1:colcon.colcon_core.package_identification:_identify(src/test_package) by extensions ['colcon_pkg']
[0.986s] Level 1:colcon.colcon_core.package_identification:_identify(src/test_package) by extension 'colcon_pkg'
[0.986s] Level 1:colcon.colcon_core.package_identification:_identify(src/test_package) by extensions ['colcon_meta']
[0.986s] Level 1:colcon.colcon_core.package_identification:_identify(src/test_package) by extension 'colcon_meta'
[0.987s] Level 1:colcon.colcon_core.package_identification:_identify(src/test_package) by extensions ['ros']
[0.987s] Level 1:colcon.colcon_core.package_identification:_identify(src/test_package) by extension 'ros'
[0.987s] DEBUG:colcon.colcon_core.package_identification:Package 'src/test_package' with type 'ros.ament_cmake' and name 'test_package'
[0.987s] Level 1:colcon.colcon_core.package_identification:_identify(src/tutorial_interfaces) by extensions ['ignore', 'ignore_ament_install']
[0.987s] Level 1:colcon.colcon_core.package_identification:_identify(src/tutorial_interfaces) by extension 'ignore'
[0.987s] Level 1:colcon.colcon_core.package_identification:_identify(src/tutorial_interfaces) by extension 'ignore_ament_install'
[0.987s] Level 1:colcon.colcon_core.package_identification:_identify(src/tutorial_interfaces) by extensions ['colcon_pkg']
[0.987s] Level 1:colcon.colcon_core.package_identification:_identify(src/tutorial_interfaces) by extension 'colcon_pkg'
[0.987s] Level 1:colcon.colcon_core.package_identification:_identify(src/tutorial_interfaces) by extensions ['colcon_meta']
[0.987s] Level 1:colcon.colcon_core.package_identification:_identify(src/tutorial_interfaces) by extension 'colcon_meta'
[0.987s] Level 1:colcon.colcon_core.package_identification:_identify(src/tutorial_interfaces) by extensions ['ros']
[0.987s] Level 1:colcon.colcon_core.package_identification:_identify(src/tutorial_interfaces) by extension 'ros'
[0.988s] DEBUG:colcon.colcon_core.package_identification:Package 'src/tutorial_interfaces' with type 'ros.ament_cmake' and name 'tutorial_interfaces'
[0.988s] Level 1:colcon.colcon_core.package_discovery:discover_packages(recursive) using defaults
[0.988s] Level 1:colcon.colcon_core.package_discovery:discover_packages(ignore) discover
[0.988s] Level 1:colcon.colcon_core.package_discovery:discover_packages(ignore) using defaults
[0.988s] Level 1:colcon.colcon_core.package_discovery:discover_packages(path) discover
[0.988s] Level 1:colcon.colcon_core.package_discovery:discover_packages(path) using defaults
[1.071s] Level 1:colcon.colcon_core.package_discovery:discover_packages(prefix_path) check parameters
[1.071s] Level 1:colcon.colcon_core.package_discovery:discover_packages(prefix_path) discover
[1.098s] DEBUG:colcon.colcon_installed_package_information.package_discovery:Found 6 installed packages in /home/ngochoan/dev_ws/install
[1.113s] DEBUG:colcon.colcon_installed_package_information.package_discovery:Found 331 installed packages in /opt/ros/humble
[1.114s] Level 1:colcon.colcon_core.package_discovery:discover_packages(prefix_path) using defaults
[1.226s] Level 5:colcon.colcon_core.verb:set package 'cpp_srvcli' build argument 'cmake_args' from command line to 'None'
[1.226s] Level 5:colcon.colcon_core.verb:set package 'cpp_srvcli' build argument 'cmake_target' from command line to 'None'
[1.226s] Level 5:colcon.colcon_core.verb:set package 'cpp_srvcli' build argument 'cmake_target_skip_unavailable' from command line to 'False'
[1.226s] Level 5:colcon.colcon_core.verb:set package 'cpp_srvcli' build argument 'cmake_clean_cache' from command line to 'False'
[1.226s] Level 5:colcon.colcon_core.verb:set package 'cpp_srvcli' build argument 'cmake_clean_first' from command line to 'False'
[1.226s] Level 5:colcon.colcon_core.verb:set package 'cpp_srvcli' build argument 'cmake_force_configure' from command line to 'False'
[1.226s] Level 5:colcon.colcon_core.verb:set package 'cpp_srvcli' build argument 'ament_cmake_args' from command line to 'None'
[1.226s] Level 5:colcon.colcon_core.verb:set package 'cpp_srvcli' build argument 'catkin_cmake_args' from command line to 'None'
[1.226s] Level 5:colcon.colcon_core.verb:set package 'cpp_srvcli' build argument 'catkin_skip_building_tests' from command line to 'False'
[1.226s] DEBUG:colcon.colcon_core.verb:Building package 'cpp_srvcli' with the following arguments: {'ament_cmake_args': None, 'build_base': '/home/ngochoan/dev_ws/build/cpp_srvcli', 'catkin_cmake_args': None, 'catkin_skip_building_tests': False, 'cmake_args': None, 'cmake_clean_cache': False, 'cmake_clean_first': False, 'cmake_force_configure': False, 'cmake_target': None, 'cmake_target_skip_unavailable': False, 'install_base': '/home/ngochoan/dev_ws/install/cpp_srvcli', 'merge_install': False, 'path': '/home/ngochoan/dev_ws/src/cpp_srvcli', 'symlink_install': False, 'test_result_base': None}
[1.240s] Level 5:colcon.colcon_core.verb:set package 'test_package' build argument 'cmake_args' from command line to 'None'
[1.240s] Level 5:colcon.colcon_core.verb:set package 'test_package' build argument 'cmake_target' from command line to 'None'
[1.240s] Level 5:colcon.colcon_core.verb:set package 'test_package' build argument 'cmake_target_skip_unavailable' from command line to 'False'
[1.240s] Level 5:colcon.colcon_core.verb:set package 'test_package' build argument 'cmake_clean_cache' from command line to 'False'
[1.240s] Level 5:colcon.colcon_core.verb:set package 'test_package' build argument 'cmake_clean_first' from command line to 'False'
[1.240s] Level 5:colcon.colcon_core.verb:set package 'test_package' build argument 'cmake_force_configure' from command line to 'False'
[1.240s] Level 5:colcon.colcon_core.verb:set package 'test_package' build argument 'ament_cmake_args' from command line to 'None'
[1.240s] Level 5:colcon.colcon_core.verb:set package 'test_package' build argument 'catkin_cmake_args' from command line to 'None'
[1.241s] Level 5:colcon.colcon_core.verb:set package 'test_package' build argument 'catkin_skip_building_tests' from command line to 'False'
[1.241s] DEBUG:colcon.colcon_core.verb:Building package 'test_package' with the following arguments: {'ament_cmake_args': None, 'build_base': '/home/ngochoan/dev_ws/build/test_package', 'catkin_cmake_args': None, 'catkin_skip_building_tests': False, 'cmake_args': None, 'cmake_clean_cache': False, 'cmake_clean_first': False, 'cmake_force_configure': False, 'cmake_target': None, 'cmake_target_skip_unavailable': False, 'install_base': '/home/ngochoan/dev_ws/install/test_package', 'merge_install': False, 'path': '/home/ngochoan/dev_ws/src/test_package', 'symlink_install': False, 'test_result_base': None}
[1.255s] Level 5:colcon.colcon_core.verb:set package 'tutorial_interfaces' build argument 'cmake_args' from command line to 'None'
[1.255s] Level 5:colcon.colcon_core.verb:set package 'tutorial_interfaces' build argument 'cmake_target' from command line to 'None'
[1.255s] Level 5:colcon.colcon_core.verb:set package 'tutorial_interfaces' build argument 'cmake_target_skip_unavailable' from command line to 'False'
[1.255s] Level 5:colcon.colcon_core.verb:set package 'tutorial_interfaces' build argument 'cmake_clean_cache' from command line to 'False'
[1.255s] Level 5:colcon.colcon_core.verb:set package 'tutorial_interfaces' build argument 'cmake_clean_first' from command line to 'False'
[1.255s] Level 5:colcon.colcon_core.verb:set package 'tutorial_interfaces' build argument 'cmake_force_configure' from command line to 'False'
[1.255s] Level 5:colcon.colcon_core.verb:set package 'tutorial_interfaces' build argument 'ament_cmake_args' from command line to 'None'
[1.255s] Level 5:colcon.colcon_core.verb:set package 'tutorial_interfaces' build argument 'catkin_cmake_args' from command line to 'None'
[1.255s] Level 5:colcon.colcon_core.verb:set package 'tutorial_interfaces' build argument 'catkin_skip_building_tests' from command line to 'False'
[1.255s] DEBUG:colcon.colcon_core.verb:Building package 'tutorial_interfaces' with the following arguments: {'ament_cmake_args': None, 'build_base': '/home/ngochoan/dev_ws/build/tutorial_interfaces', 'catkin_cmake_args': None, 'catkin_skip_building_tests': False, 'cmake_args': None, 'cmake_clean_cache': False, 'cmake_clean_first': False, 'cmake_force_configure': False, 'cmake_target': None, 'cmake_target_skip_unavailable': False, 'install_base': '/home/ngochoan/dev_ws/install/tutorial_interfaces', 'merge_install': False, 'path': '/home/ngochoan/dev_ws/src/tutorial_interfaces', 'symlink_install': False, 'test_result_base': None}
[1.269s] Level 5:colcon.colcon_core.verb:set package 'cpp_pubsub' build argument 'cmake_args' from command line to 'None'
[1.269s] Level 5:colcon.colcon_core.verb:set package 'cpp_pubsub' build argument 'cmake_target' from command line to 'None'
[1.269s] Level 5:colcon.colcon_core.verb:set package 'cpp_pubsub' build argument 'cmake_target_skip_unavailable' from command line to 'False'
[1.269s] Level 5:colcon.colcon_core.verb:set package 'cpp_pubsub' build argument 'cmake_clean_cache' from command line to 'False'
[1.269s] Level 5:colcon.colcon_core.verb:set package 'cpp_pubsub' build argument 'cmake_clean_first' from command line to 'False'
[1.269s] Level 5:colcon.colcon_core.verb:set package 'cpp_pubsub' build argument 'cmake_force_configure' from command line to 'False'
[1.269s] Level 5:colcon.colcon_core.verb:set package 'cpp_pubsub' build argument 'ament_cmake_args' from command line to 'None'
[1.269s] Level 5:colcon.colcon_core.verb:set package 'cpp_pubsub' build argument 'catkin_cmake_args' from command line to 'None'
[1.269s] Level 5:colcon.colcon_core.verb:set package 'cpp_pubsub' build argument 'catkin_skip_building_tests' from command line to 'False'
[1.269s] DEBUG:colcon.colcon_core.verb:Building package 'cpp_pubsub' with the following arguments: {'ament_cmake_args': None, 'build_base': '/home/ngochoan/dev_ws/build/cpp_pubsub', 'catkin_cmake_args': None, 'catkin_skip_building_tests': False, 'cmake_args': None, 'cmake_clean_cache': False, 'cmake_clean_first': False, 'cmake_force_configure': False, 'cmake_target': None, 'cmake_target_skip_unavailable': False, 'install_base': '/home/ngochoan/dev_ws/install/cpp_pubsub', 'merge_install': False, 'path': '/home/ngochoan/dev_ws/src/cpp_pubsub', 'symlink_install': False, 'test_result_base': None}
[1.283s] INFO:colcon.colcon_core.executor:Executing jobs using 'parallel' executor
[1.297s] DEBUG:colcon.colcon_parallel_executor.executor.parallel:run_until_complete
[1.298s] INFO:colcon.colcon_ros.task.ament_cmake.build:Building ROS package in '/home/ngochoan/dev_ws/src/tutorial_interfaces' with build type 'ament_cmake'
[1.298s] INFO:colcon.colcon_cmake.task.cmake.build:Building CMake package in '/home/ngochoan/dev_ws/src/tutorial_interfaces'
[1.316s] INFO:colcon.colcon_core.plugin_system:Skipping extension 'colcon_core.shell.bat': Not used on non-Windows systems
[1.317s] INFO:colcon.colcon_core.shell:Skip shell extension 'powershell' for command environment: Not usable outside of PowerShell
[1.317s] DEBUG:colcon.colcon_core.shell:Skip shell extension 'dsv' for command environment
[1.370s] INFO:colcon.colcon_ros.task.ament_cmake.build:Building ROS package in '/home/ngochoan/dev_ws/src/cpp_srvcli' with build type 'ament_cmake'
[1.370s] INFO:colcon.colcon_cmake.task.cmake.build:Building CMake package in '/home/ngochoan/dev_ws/src/cpp_srvcli'
[1.404s] INFO:colcon.colcon_core.shell:Skip shell extension 'powershell' for command environment: Not usable outside of PowerShell
[1.404s] DEBUG:colcon.colcon_core.shell:Skip shell extension 'dsv' for command environment
[1.458s] INFO:colcon.colcon_ros.task.ament_cmake.build:Building ROS package in '/home/ngochoan/dev_ws/src/test_package' with build type 'ament_cmake'
[1.458s] INFO:colcon.colcon_cmake.task.cmake.build:Building CMake package in '/home/ngochoan/dev_ws/src/test_package'
[1.473s] INFO:colcon.colcon_core.shell:Skip shell extension 'powershell' for command environment: Not usable outside of PowerShell
[1.473s] DEBUG:colcon.colcon_core.shell:Skip shell extension 'dsv' for command environment
[1.523s] DEBUG:colcon.colcon_core.event_handler.log_command:Invoking command in '/home/ngochoan/dev_ws/build/tutorial_interfaces': CMAKE_PREFIX_PATH=${CMAKE_PREFIX_PATH}:/opt/ros/humble /usr/bin/cmake --build /home/ngochoan/dev_ws/build/tutorial_interfaces -- -j8 -l8
[1.527s] DEBUG:colcon.colcon_core.event_handler.log_command:Invoking command in '/home/ngochoan/dev_ws/build/cpp_srvcli': CMAKE_PREFIX_PATH=${CMAKE_PREFIX_PATH}:/opt/ros/humble /usr/bin/cmake --build /home/ngochoan/dev_ws/build/cpp_srvcli -- -j8 -l8
[1.533s] DEBUG:colcon.colcon_core.event_handler.log_command:Invoking command in '/home/ngochoan/dev_ws/build/test_package': CMAKE_PREFIX_PATH=${CMAKE_PREFIX_PATH}:/opt/ros/humble /usr/bin/cmake --build /home/ngochoan/dev_ws/build/test_package -- -j8 -l8
[1.592s] DEBUG:colcon.colcon_core.event_handler.log_command:Invoked command in '/home/ngochoan/dev_ws/build/test_package' returned '0': CMAKE_PREFIX_PATH=${CMAKE_PREFIX_PATH}:/opt/ros/humble /usr/bin/cmake --build /home/ngochoan/dev_ws/build/test_package -- -j8 -l8
[1.600s] DEBUG:colcon.colcon_core.event_handler.log_command:Invoked command in '/home/ngochoan/dev_ws/build/cpp_srvcli' returned '0': CMAKE_PREFIX_PATH=${CMAKE_PREFIX_PATH}:/opt/ros/humble /usr/bin/cmake --build /home/ngochoan/dev_ws/build/cpp_srvcli -- -j8 -l8
[1.623s] DEBUG:colcon.colcon_core.event_handler.log_command:Invoking command in '/home/ngochoan/dev_ws/build/test_package': CMAKE_PREFIX_PATH=${CMAKE_PREFIX_PATH}:/opt/ros/humble /usr/bin/cmake --install /home/ngochoan/dev_ws/build/test_package
[1.625s] DEBUG:colcon.colcon_core.event_handler.log_command:Invoking command in '/home/ngochoan/dev_ws/build/cpp_srvcli': CMAKE_PREFIX_PATH=${CMAKE_PREFIX_PATH}:/opt/ros/humble /usr/bin/cmake --install /home/ngochoan/dev_ws/build/cpp_srvcli
[1.635s] Level 1:colcon.colcon_core.environment:create_environment_scripts_only(cpp_srvcli)
[1.636s] DEBUG:colcon.colcon_core.event_handler.log_command:Invoked command in '/home/ngochoan/dev_ws/build/cpp_srvcli' returned '0': CMAKE_PREFIX_PATH=${CMAKE_PREFIX_PATH}:/opt/ros/humble /usr/bin/cmake --install /home/ngochoan/dev_ws/build/cpp_srvcli
[1.663s] Level 1:colcon.colcon_core.environment:checking '/home/ngochoan/dev_ws/install/cpp_srvcli' for CMake module files
[1.664s] Level 1:colcon.colcon_core.environment:checking '/home/ngochoan/dev_ws/install/cpp_srvcli' for CMake config files
[1.665s] Level 1:colcon.colcon_core.shell:create_environment_hook('cpp_srvcli', 'cmake_prefix_path')
[1.683s] INFO:colcon.colcon_core.shell:Creating environment hook '/home/ngochoan/dev_ws/install/cpp_srvcli/share/cpp_srvcli/hook/cmake_prefix_path.ps1'
[1.683s] INFO:colcon.colcon_core.shell:Creating environment descriptor '/home/ngochoan/dev_ws/install/cpp_srvcli/share/cpp_srvcli/hook/cmake_prefix_path.dsv'
[1.684s] INFO:colcon.colcon_core.shell:Creating environment hook '/home/ngochoan/dev_ws/install/cpp_srvcli/share/cpp_srvcli/hook/cmake_prefix_path.sh'
[1.684s] Level 1:colcon.colcon_core.environment:checking '/home/ngochoan/dev_ws/install/cpp_srvcli/lib'
[1.684s] Level 1:colcon.colcon_core.environment:checking '/home/ngochoan/dev_ws/install/cpp_srvcli/bin'
[1.685s] Level 1:colcon.colcon_core.environment:checking '/home/ngochoan/dev_ws/install/cpp_srvcli/lib/pkgconfig/cpp_srvcli.pc'
[1.685s] Level 1:colcon.colcon_core.environment:checking '/home/ngochoan/dev_ws/install/cpp_srvcli/lib/python3.10/site-packages'
[1.685s] Level 1:colcon.colcon_core.environment:checking '/home/ngochoan/dev_ws/install/cpp_srvcli/bin'
[1.700s] INFO:colcon.colcon_core.shell:Creating package script '/home/ngochoan/dev_ws/install/cpp_srvcli/share/cpp_srvcli/package.ps1'
[1.701s] INFO:colcon.colcon_core.shell:Creating package descriptor '/home/ngochoan/dev_ws/install/cpp_srvcli/share/cpp_srvcli/package.dsv'
[1.701s] INFO:colcon.colcon_core.shell:Creating package script '/home/ngochoan/dev_ws/install/cpp_srvcli/share/cpp_srvcli/package.sh'
[1.702s] INFO:colcon.colcon_core.shell:Creating package script '/home/ngochoan/dev_ws/install/cpp_srvcli/share/cpp_srvcli/package.bash'
[1.703s] INFO:colcon.colcon_core.shell:Creating package script '/home/ngochoan/dev_ws/install/cpp_srvcli/share/cpp_srvcli/package.zsh'
[1.704s] Level 1:colcon.colcon_core.environment:create_file_with_runtime_dependencies(/home/ngochoan/dev_ws/install/cpp_srvcli/share/colcon-core/packages/cpp_srvcli)
[1.705s] Level 1:colcon.colcon_core.environment:create_environment_scripts_only(test_package)
[1.706s] DEBUG:colcon.colcon_core.event_handler.log_command:Invoked command in '/home/ngochoan/dev_ws/build/test_package' returned '0': CMAKE_PREFIX_PATH=${CMAKE_PREFIX_PATH}:/opt/ros/humble /usr/bin/cmake --install /home/ngochoan/dev_ws/build/test_package
[1.726s] Level 1:colcon.colcon_core.environment:checking '/home/ngochoan/dev_ws/install/test_package' for CMake module files
[1.726s] Level 1:colcon.colcon_core.environment:checking '/home/ngochoan/dev_ws/install/test_package' for CMake config files
[1.727s] Level 1:colcon.colcon_core.shell:create_environment_hook('test_package', 'cmake_prefix_path')
[1.742s] INFO:colcon.colcon_core.shell:Creating environment hook '/home/ngochoan/dev_ws/install/test_package/share/test_package/hook/cmake_prefix_path.ps1'
[1.743s] INFO:colcon.colcon_core.shell:Creating environment descriptor '/home/ngochoan/dev_ws/install/test_package/share/test_package/hook/cmake_prefix_path.dsv'
[1.743s] INFO:colcon.colcon_core.shell:Creating environment hook '/home/ngochoan/dev_ws/install/test_package/share/test_package/hook/cmake_prefix_path.sh'
[1.743s] Level 1:colcon.colcon_core.environment:checking '/home/ngochoan/dev_ws/install/test_package/lib'
[1.743s] Level 1:colcon.colcon_core.environment:checking '/home/ngochoan/dev_ws/install/test_package/bin'
[1.744s] Level 1:colcon.colcon_core.environment:checking '/home/ngochoan/dev_ws/install/test_package/lib/pkgconfig/test_package.pc'
[1.744s] Level 1:colcon.colcon_core.environment:checking '/home/ngochoan/dev_ws/install/test_package/lib/python3.10/site-packages'
[1.744s] Level 1:colcon.colcon_core.environment:checking '/home/ngochoan/dev_ws/install/test_package/bin'
[1.758s] INFO:colcon.colcon_core.shell:Creating package script '/home/ngochoan/dev_ws/install/test_package/share/test_package/package.ps1'
[1.759s] INFO:colcon.colcon_core.shell:Creating package descriptor '/home/ngochoan/dev_ws/install/test_package/share/test_package/package.dsv'
[1.759s] INFO:colcon.colcon_core.shell:Creating package script '/home/ngochoan/dev_ws/install/test_package/share/test_package/package.sh'
[1.759s] INFO:colcon.colcon_core.shell:Creating package script '/home/ngochoan/dev_ws/install/test_package/share/test_package/package.bash'
[1.760s] INFO:colcon.colcon_core.shell:Creating package script '/home/ngochoan/dev_ws/install/test_package/share/test_package/package.zsh'
[1.760s] Level 1:colcon.colcon_core.environment:create_file_with_runtime_dependencies(/home/ngochoan/dev_ws/install/test_package/share/colcon-core/packages/test_package)
[1.775s] Level 1:colcon.colcon_core.environment:create_environment_scripts_only(cpp_srvcli)
[1.791s] Level 1:colcon.colcon_core.environment:checking '/home/ngochoan/dev_ws/install/cpp_srvcli' for CMake module files
[1.791s] Level 1:colcon.colcon_core.environment:checking '/home/ngochoan/dev_ws/install/cpp_srvcli' for CMake config files
[1.791s] Level 1:colcon.colcon_core.shell:create_environment_hook('cpp_srvcli', 'cmake_prefix_path')
[1.807s] INFO:colcon.colcon_core.shell:Creating environment hook '/home/ngochoan/dev_ws/install/cpp_srvcli/share/cpp_srvcli/hook/cmake_prefix_path.ps1'
[1.808s] INFO:colcon.colcon_core.shell:Creating environment descriptor '/home/ngochoan/dev_ws/install/cpp_srvcli/share/cpp_srvcli/hook/cmake_prefix_path.dsv'
[1.808s] INFO:colcon.colcon_core.shell:Creating environment hook '/home/ngochoan/dev_ws/install/cpp_srvcli/share/cpp_srvcli/hook/cmake_prefix_path.sh'
[1.808s] Level 1:colcon.colcon_core.environment:checking '/home/ngochoan/dev_ws/install/cpp_srvcli/lib'
[1.808s] Level 1:colcon.colcon_core.environment:checking '/home/ngochoan/dev_ws/install/cpp_srvcli/bin'
[1.808s] Level 1:colcon.colcon_core.environment:checking '/home/ngochoan/dev_ws/install/cpp_srvcli/lib/pkgconfig/cpp_srvcli.pc'
[1.809s] Level 1:colcon.colcon_core.environment:checking '/home/ngochoan/dev_ws/install/cpp_srvcli/lib/python3.10/site-packages'
[1.809s] Level 1:colcon.colcon_core.environment:checking '/home/ngochoan/dev_ws/install/cpp_srvcli/bin'
[1.826s] INFO:colcon.colcon_core.shell:Creating package script '/home/ngochoan/dev_ws/install/cpp_srvcli/share/cpp_srvcli/package.ps1'
[1.826s] INFO:colcon.colcon_core.shell:Creating package descriptor '/home/ngochoan/dev_ws/install/cpp_srvcli/share/cpp_srvcli/package.dsv'
[1.827s] INFO:colcon.colcon_core.shell:Creating package script '/home/ngochoan/dev_ws/install/cpp_srvcli/share/cpp_srvcli/package.sh'
[1.827s] INFO:colcon.colcon_core.shell:Creating package script '/home/ngochoan/dev_ws/install/cpp_srvcli/share/cpp_srvcli/package.bash'
[1.827s] INFO:colcon.colcon_core.shell:Creating package script '/home/ngochoan/dev_ws/install/cpp_srvcli/share/cpp_srvcli/package.zsh'
[1.828s] Level 1:colcon.colcon_core.environment:create_file_with_runtime_dependencies(/home/ngochoan/dev_ws/install/cpp_srvcli/share/colcon-core/packages/cpp_srvcli)
[1.843s] Level 1:colcon.colcon_core.environment:create_environment_scripts_only(test_package)
[1.859s] Level 1:colcon.colcon_core.environment:checking '/home/ngochoan/dev_ws/install/test_package' for CMake module files
[1.860s] Level 1:colcon.colcon_core.environment:checking '/home/ngochoan/dev_ws/install/test_package' for CMake config files
[1.860s] Level 1:colcon.colcon_core.shell:create_environment_hook('test_package', 'cmake_prefix_path')
[1.874s] INFO:colcon.colcon_core.shell:Creating environment hook '/home/ngochoan/dev_ws/install/test_package/share/test_package/hook/cmake_prefix_path.ps1'
[1.875s] INFO:colcon.colcon_core.shell:Creating environment descriptor '/home/ngochoan/dev_ws/install/test_package/share/test_package/hook/cmake_prefix_path.dsv'
[1.875s] INFO:colcon.colcon_core.shell:Creating environment hook '/home/ngochoan/dev_ws/install/test_package/share/test_package/hook/cmake_prefix_path.sh'
[1.875s] Level 1:colcon.colcon_core.environment:checking '/home/ngochoan/dev_ws/install/test_package/lib'
[1.876s] Level 1:colcon.colcon_core.environment:checking '/home/ngochoan/dev_ws/install/test_package/bin'
[1.876s] Level 1:colcon.colcon_core.environment:checking '/home/ngochoan/dev_ws/install/test_package/lib/pkgconfig/test_package.pc'
[1.876s] Level 1:colcon.colcon_core.environment:checking '/home/ngochoan/dev_ws/install/test_package/lib/python3.10/site-packages'
[1.876s] Level 1:colcon.colcon_core.environment:checking '/home/ngochoan/dev_ws/install/test_package/bin'
[1.890s] INFO:colcon.colcon_core.shell:Creating package script '/home/ngochoan/dev_ws/install/test_package/share/test_package/package.ps1'
[1.891s] INFO:colcon.colcon_core.shell:Creating package descriptor '/home/ngochoan/dev_ws/install/test_package/share/test_package/package.dsv'
[1.891s] INFO:colcon.colcon_core.shell:Creating package script '/home/ngochoan/dev_ws/install/test_package/share/test_package/package.sh'
[1.892s] INFO:colcon.colcon_core.shell:Creating package script '/home/ngochoan/dev_ws/install/test_package/share/test_package/package.bash'
[1.892s] INFO:colcon.colcon_core.shell:Creating package script '/home/ngochoan/dev_ws/install/test_package/share/test_package/package.zsh'
[1.892s] Level 1:colcon.colcon_core.environment:create_file_with_runtime_dependencies(/home/ngochoan/dev_ws/install/test_package/share/colcon-core/packages/test_package)
[1.941s] DEBUG:colcon.colcon_core.event_handler.log_command:Invoked command in '/home/ngochoan/dev_ws/build/tutorial_interfaces' returned '2': CMAKE_PREFIX_PATH=${CMAKE_PREFIX_PATH}:/opt/ros/humble /usr/bin/cmake --build /home/ngochoan/dev_ws/build/tutorial_interfaces -- -j8 -l8
[2.005s] Level 1:colcon.colcon_core.environment:create_environment_scripts_only(tutorial_interfaces)
[2.020s] Level 1:colcon.colcon_core.environment:checking '/home/ngochoan/dev_ws/install/tutorial_interfaces' for CMake module files
[2.021s] Level 1:colcon.colcon_core.environment:checking '/home/ngochoan/dev_ws/install/tutorial_interfaces' for CMake config files
[2.022s] Level 1:colcon.colcon_core.shell:create_environment_hook('tutorial_interfaces', 'cmake_prefix_path')
[2.036s] INFO:colcon.colcon_core.shell:Creating environment hook '/home/ngochoan/dev_ws/install/tutorial_interfaces/share/tutorial_interfaces/hook/cmake_prefix_path.ps1'
[2.036s] INFO:colcon.colcon_core.shell:Creating environment descriptor '/home/ngochoan/dev_ws/install/tutorial_interfaces/share/tutorial_interfaces/hook/cmake_prefix_path.dsv'
[2.036s] INFO:colcon.colcon_core.shell:Creating environment hook '/home/ngochoan/dev_ws/install/tutorial_interfaces/share/tutorial_interfaces/hook/cmake_prefix_path.sh'
[2.037s] Level 1:colcon.colcon_core.environment:checking '/home/ngochoan/dev_ws/install/tutorial_interfaces/lib'
[2.037s] Level 1:colcon.colcon_core.shell:create_environment_hook('tutorial_interfaces', 'ld_library_path_lib')
[2.051s] INFO:colcon.colcon_core.shell:Creating environment hook '/home/ngochoan/dev_ws/install/tutorial_interfaces/share/tutorial_interfaces/hook/ld_library_path_lib.ps1'
[2.051s] INFO:colcon.colcon_core.shell:Creating environment descriptor '/home/ngochoan/dev_ws/install/tutorial_interfaces/share/tutorial_interfaces/hook/ld_library_path_lib.dsv'
[2.051s] INFO:colcon.colcon_core.shell:Creating environment hook '/home/ngochoan/dev_ws/install/tutorial_interfaces/share/tutorial_interfaces/hook/ld_library_path_lib.sh'
[2.052s] Level 1:colcon.colcon_core.environment:checking '/home/ngochoan/dev_ws/install/tutorial_interfaces/bin'
[2.052s] Level 1:colcon.colcon_core.environment:checking '/home/ngochoan/dev_ws/install/tutorial_interfaces/lib/pkgconfig/tutorial_interfaces.pc'
[2.052s] Level 1:colcon.colcon_core.environment:checking '/home/ngochoan/dev_ws/install/tutorial_interfaces/lib/python3.10/site-packages'
[2.052s] Level 1:colcon.colcon_core.environment:checking '/home/ngochoan/dev_ws/install/tutorial_interfaces/bin'
[2.066s] INFO:colcon.colcon_core.shell:Creating package script '/home/ngochoan/dev_ws/install/tutorial_interfaces/share/tutorial_interfaces/package.ps1'
[2.066s] INFO:colcon.colcon_core.shell:Creating package descriptor '/home/ngochoan/dev_ws/install/tutorial_interfaces/share/tutorial_interfaces/package.dsv'
[2.067s] INFO:colcon.colcon_core.shell:Creating package script '/home/ngochoan/dev_ws/install/tutorial_interfaces/share/tutorial_interfaces/package.sh'
[2.067s] INFO:colcon.colcon_core.shell:Creating package script '/home/ngochoan/dev_ws/install/tutorial_interfaces/share/tutorial_interfaces/package.bash'
[2.067s] INFO:colcon.colcon_core.shell:Creating package script '/home/ngochoan/dev_ws/install/tutorial_interfaces/share/tutorial_interfaces/package.zsh'
[2.067s] Level 1:colcon.colcon_core.environment:create_file_with_runtime_dependencies(/home/ngochoan/dev_ws/install/tutorial_interfaces/share/colcon-core/packages/tutorial_interfaces)
[2.078s] DEBUG:colcon.colcon_parallel_executor.executor.parallel:closing loop
[2.078s] DEBUG:colcon.colcon_parallel_executor.executor.parallel:loop closed
[2.078s] DEBUG:colcon.colcon_parallel_executor.executor.parallel:run_until_complete finished with '2'
[2.078s] DEBUG:colcon.colcon_core.event_reactor:joining thread
[2.099s] INFO:colcon.colcon_core.plugin_system:Skipping extension 'colcon_notification.desktop_notification.terminal_notifier': Not used on non-Darwin systems
[2.099s] INFO:colcon.colcon_core.plugin_system:Skipping extension 'colcon_notification.desktop_notification.win32': Not used on non-Windows systems
[2.099s] INFO:colcon.colcon_notification.desktop_notification:Sending desktop notification using 'notify2'
[2.115s] DEBUG:colcon.colcon_core.event_reactor:joined thread
[2.130s] INFO:colcon.colcon_core.shell:Creating prefix script '/home/ngochoan/dev_ws/install/local_setup.ps1'
[2.131s] INFO:colcon.colcon_core.shell:Creating prefix util module '/home/ngochoan/dev_ws/install/_local_setup_util_ps1.py'
[2.132s] INFO:colcon.colcon_core.shell:Creating prefix chain script '/home/ngochoan/dev_ws/install/setup.ps1'
[2.148s] INFO:colcon.colcon_core.shell:Creating prefix script '/home/ngochoan/dev_ws/install/local_setup.sh'
[2.149s] INFO:colcon.colcon_core.shell:Creating prefix util module '/home/ngochoan/dev_ws/install/_local_setup_util_sh.py'
[2.149s] INFO:colcon.colcon_core.shell:Creating prefix chain script '/home/ngochoan/dev_ws/install/setup.sh'
[2.173s] INFO:colcon.colcon_core.shell:Creating prefix script '/home/ngochoan/dev_ws/install/local_setup.bash'
[2.174s] INFO:colcon.colcon_core.shell:Creating prefix chain script '/home/ngochoan/dev_ws/install/setup.bash'
[2.188s] INFO:colcon.colcon_core.shell:Creating prefix script '/home/ngochoan/dev_ws/install/local_setup.zsh'
[2.189s] INFO:colcon.colcon_core.shell:Creating prefix chain script '/home/ngochoan/dev_ws/install/setup.zsh'
