[0.992s] DEBUG:colcon:Command line arguments: ['/usr/bin/colcon', 'build', '--packages-select', 'cpp_pubsub']
[0.992s] DEBUG:colcon:Parsed command line arguments: Namespace(log_base=None, log_level=None, verb_name='build', build_base='build', install_base='install', merge_install=False, symlink_install=False, test_result_base=None, continue_on_error=False, executor='parallel', parallel_workers=8, event_handlers=None, ignore_user_meta=False, metas=['./colcon.meta'], base_paths=['.'], packages_ignore=None, packages_ignore_regex=None, paths=None, packages_up_to=None, packages_up_to_regex=None, packages_above=None, packages_above_and_dependencies=None, packages_above_depth=None, packages_select_by_dep=None, packages_skip_by_dep=None, packages_skip_up_to=None, packages_select_build_failed=False, packages_skip_build_finished=False, packages_select_test_failures=False, packages_skip_test_passed=False, packages_select=['cpp_pubsub'], packages_skip=None, packages_select_regex=None, packages_skip_regex=None, packages_start=None, packages_end=None, allow_overriding=[], cmake_args=None, cmake_target=None, cmake_target_skip_unavailable=False, cmake_clean_cache=False, cmake_clean_first=False, cmake_force_configure=False, ament_cmake_args=None, catkin_cmake_args=None, catkin_skip_building_tests=False, verb_parser=<colcon_defaults.argument_parser.defaults.DefaultArgumentsDecorator object at 0x7f7443665750>, verb_extension=<colcon_core.verb.build.BuildVerb object at 0x7f744365fca0>, main=<bound method BuildVerb.main of <colcon_core.verb.build.BuildVerb object at 0x7f744365fca0>>)
[1.038s] Level 1:colcon.colcon_core.package_discovery:discover_packages(colcon_meta) check parameters
[1.038s] Level 1:colcon.colcon_core.package_discovery:discover_packages(recursive) check parameters
[1.038s] Level 1:colcon.colcon_core.package_discovery:discover_packages(ignore) check parameters
[1.038s] Level 1:colcon.colcon_core.package_discovery:discover_packages(path) check parameters
[1.038s] Level 1:colcon.colcon_core.package_discovery:discover_packages(colcon_meta) discover
[1.038s] Level 1:colcon.colcon_core.package_discovery:discover_packages(recursive) discover
[1.038s] INFO:colcon.colcon_core.package_discovery:Crawling recursively for packages in '/home/ngochoan/dev_ws'
[1.038s] Level 1:colcon.colcon_core.package_identification:_identify(.) by extensions ['ignore', 'ignore_ament_install']
[1.038s] Level 1:colcon.colcon_core.package_identification:_identify(.) by extension 'ignore'
[1.039s] Level 1:colcon.colcon_core.package_identification:_identify(.) by extension 'ignore_ament_install'
[1.039s] Level 1:colcon.colcon_core.package_identification:_identify(.) by extensions ['colcon_pkg']
[1.039s] Level 1:colcon.colcon_core.package_identification:_identify(.) by extension 'colcon_pkg'
[1.039s] Level 1:colcon.colcon_core.package_identification:_identify(.) by extensions ['colcon_meta']
[1.039s] Level 1:colcon.colcon_core.package_identification:_identify(.) by extension 'colcon_meta'
[1.039s] Level 1:colcon.colcon_core.package_identification:_identify(.) by extensions ['ros']
[1.039s] Level 1:colcon.colcon_core.package_identification:_identify(.) by extension 'ros'
[1.048s] Level 1:colcon.colcon_core.package_identification:_identify(.) by extensions ['cmake', 'python']
[1.048s] Level 1:colcon.colcon_core.package_identification:_identify(.) by extension 'cmake'
[1.048s] Level 1:colcon.colcon_core.package_identification:_identify(.) by extension 'python'
[1.048s] Level 1:colcon.colcon_core.package_identification:_identify(.) by extensions ['python_setup_py']
[1.048s] Level 1:colcon.colcon_core.package_identification:_identify(.) by extension 'python_setup_py'
[1.048s] Level 1:colcon.colcon_core.package_identification:_identify(build) by extensions ['ignore', 'ignore_ament_install']
[1.048s] Level 1:colcon.colcon_core.package_identification:_identify(build) by extension 'ignore'
[1.048s] Level 1:colcon.colcon_core.package_identification:_identify(build) ignored
[1.048s] Level 1:colcon.colcon_core.package_identification:_identify(install) by extensions ['ignore', 'ignore_ament_install']
[1.048s] Level 1:colcon.colcon_core.package_identification:_identify(install) by extension 'ignore'
[1.048s] Level 1:colcon.colcon_core.package_identification:_identify(install) ignored
[1.048s] Level 1:colcon.colcon_core.package_identification:_identify(log) by extensions ['ignore', 'ignore_ament_install']
[1.049s] Level 1:colcon.colcon_core.package_identification:_identify(log) by extension 'ignore'
[1.049s] Level 1:colcon.colcon_core.package_identification:_identify(log) ignored
[1.049s] Level 1:colcon.colcon_core.package_identification:_identify(src) by extensions ['ignore', 'ignore_ament_install']
[1.049s] Level 1:colcon.colcon_core.package_identification:_identify(src) by extension 'ignore'
[1.049s] Level 1:colcon.colcon_core.package_identification:_identify(src) by extension 'ignore_ament_install'
[1.049s] Level 1:colcon.colcon_core.package_identification:_identify(src) by extensions ['colcon_pkg']
[1.049s] Level 1:colcon.colcon_core.package_identification:_identify(src) by extension 'colcon_pkg'
[1.049s] Level 1:colcon.colcon_core.package_identification:_identify(src) by extensions ['colcon_meta']
[1.049s] Level 1:colcon.colcon_core.package_identification:_identify(src) by extension 'colcon_meta'
[1.049s] Level 1:colcon.colcon_core.package_identification:_identify(src) by extensions ['ros']
[1.049s] Level 1:colcon.colcon_core.package_identification:_identify(src) by extension 'ros'
[1.049s] Level 1:colcon.colcon_core.package_identification:_identify(src) by extensions ['cmake', 'python']
[1.049s] Level 1:colcon.colcon_core.package_identification:_identify(src) by extension 'cmake'
[1.049s] Level 1:colcon.colcon_core.package_identification:_identify(src) by extension 'python'
[1.049s] Level 1:colcon.colcon_core.package_identification:_identify(src) by extensions ['python_setup_py']
[1.049s] Level 1:colcon.colcon_core.package_identification:_identify(src) by extension 'python_setup_py'
[1.049s] Level 1:colcon.colcon_core.package_identification:_identify(src/cpp_pubsub) by extensions ['ignore', 'ignore_ament_install']
[1.049s] Level 1:colcon.colcon_core.package_identification:_identify(src/cpp_pubsub) by extension 'ignore'
[1.049s] Level 1:colcon.colcon_core.package_identification:_identify(src/cpp_pubsub) by extension 'ignore_ament_install'
[1.049s] Level 1:colcon.colcon_core.package_identification:_identify(src/cpp_pubsub) by extensions ['colcon_pkg']
[1.049s] Level 1:colcon.colcon_core.package_identification:_identify(src/cpp_pubsub) by extension 'colcon_pkg'
[1.049s] Level 1:colcon.colcon_core.package_identification:_identify(src/cpp_pubsub) by extensions ['colcon_meta']
[1.049s] Level 1:colcon.colcon_core.package_identification:_identify(src/cpp_pubsub) by extension 'colcon_meta'
[1.050s] Level 1:colcon.colcon_core.package_identification:_identify(src/cpp_pubsub) by extensions ['ros']
[1.050s] Level 1:colcon.colcon_core.package_identification:_identify(src/cpp_pubsub) by extension 'ros'
[1.052s] DEBUG:colcon.colcon_core.package_identification:Package 'src/cpp_pubsub' with type 'ros.ament_cmake' and name 'cpp_pubsub'
[1.052s] Level 1:colcon.colcon_core.package_identification:_identify(src/cpp_srvcli) by extensions ['ignore', 'ignore_ament_install']
[1.052s] Level 1:colcon.colcon_core.package_identification:_identify(src/cpp_srvcli) by extension 'ignore'
[1.052s] Level 1:colcon.colcon_core.package_identification:_identify(src/cpp_srvcli) by extension 'ignore_ament_install'
[1.052s] Level 1:colcon.colcon_core.package_identification:_identify(src/cpp_srvcli) by extensions ['colcon_pkg']
[1.053s] Level 1:colcon.colcon_core.package_identification:_identify(src/cpp_srvcli) by extension 'colcon_pkg'
[1.053s] Level 1:colcon.colcon_core.package_identification:_identify(src/cpp_srvcli) by extensions ['colcon_meta']
[1.053s] Level 1:colcon.colcon_core.package_identification:_identify(src/cpp_srvcli) by extension 'colcon_meta'
[1.053s] Level 1:colcon.colcon_core.package_identification:_identify(src/cpp_srvcli) by extensions ['ros']
[1.053s] Level 1:colcon.colcon_core.package_identification:_identify(src/cpp_srvcli) by extension 'ros'
[1.053s] DEBUG:colcon.colcon_core.package_identification:Package 'src/cpp_srvcli' with type 'ros.ament_cmake' and name 'cpp_srvcli'
[1.053s] Level 1:colcon.colcon_core.package_identification:_identify(src/test_package) by extensions ['ignore', 'ignore_ament_install']
[1.053s] Level 1:colcon.colcon_core.package_identification:_identify(src/test_package) by extension 'ignore'
[1.053s] Level 1:colcon.colcon_core.package_identification:_identify(src/test_package) by extension 'ignore_ament_install'
[1.053s] Level 1:colcon.colcon_core.package_identification:_identify(src/test_package) by extensions ['colcon_pkg']
[1.053s] Level 1:colcon.colcon_core.package_identification:_identify(src/test_package) by extension 'colcon_pkg'
[1.053s] Level 1:colcon.colcon_core.package_identification:_identify(src/test_package) by extensions ['colcon_meta']
[1.053s] Level 1:colcon.colcon_core.package_identification:_identify(src/test_package) by extension 'colcon_meta'
[1.054s] Level 1:colcon.colcon_core.package_identification:_identify(src/test_package) by extensions ['ros']
[1.054s] Level 1:colcon.colcon_core.package_identification:_identify(src/test_package) by extension 'ros'
[1.054s] DEBUG:colcon.colcon_core.package_identification:Package 'src/test_package' with type 'ros.ament_cmake' and name 'test_package'
[1.054s] Level 1:colcon.colcon_core.package_identification:_identify(src/tutorial_interfaces) by extensions ['ignore', 'ignore_ament_install']
[1.054s] Level 1:colcon.colcon_core.package_identification:_identify(src/tutorial_interfaces) by extension 'ignore'
[1.054s] Level 1:colcon.colcon_core.package_identification:_identify(src/tutorial_interfaces) by extension 'ignore_ament_install'
[1.054s] Level 1:colcon.colcon_core.package_identification:_identify(src/tutorial_interfaces) by extensions ['colcon_pkg']
[1.054s] Level 1:colcon.colcon_core.package_identification:_identify(src/tutorial_interfaces) by extension 'colcon_pkg'
[1.054s] Level 1:colcon.colcon_core.package_identification:_identify(src/tutorial_interfaces) by extensions ['colcon_meta']
[1.054s] Level 1:colcon.colcon_core.package_identification:_identify(src/tutorial_interfaces) by extension 'colcon_meta'
[1.054s] Level 1:colcon.colcon_core.package_identification:_identify(src/tutorial_interfaces) by extensions ['ros']
[1.054s] Level 1:colcon.colcon_core.package_identification:_identify(src/tutorial_interfaces) by extension 'ros'
[1.055s] DEBUG:colcon.colcon_core.package_identification:Package 'src/tutorial_interfaces' with type 'ros.ament_cmake' and name 'tutorial_interfaces'
[1.055s] Level 1:colcon.colcon_core.package_discovery:discover_packages(recursive) using defaults
[1.055s] Level 1:colcon.colcon_core.package_discovery:discover_packages(ignore) discover
[1.055s] Level 1:colcon.colcon_core.package_discovery:discover_packages(ignore) using defaults
[1.055s] Level 1:colcon.colcon_core.package_discovery:discover_packages(path) discover
[1.055s] Level 1:colcon.colcon_core.package_discovery:discover_packages(path) using defaults
[1.113s] INFO:colcon.colcon_core.package_selection:Skipping not selected package 'cpp_srvcli' in 'src/cpp_srvcli'
[1.113s] INFO:colcon.colcon_core.package_selection:Skipping not selected package 'test_package' in 'src/test_package'
[1.113s] INFO:colcon.colcon_core.package_selection:Skipping not selected package 'tutorial_interfaces' in 'src/tutorial_interfaces'
[1.142s] Level 1:colcon.colcon_core.package_discovery:discover_packages(prefix_path) check parameters
[1.142s] Level 1:colcon.colcon_core.package_discovery:discover_packages(prefix_path) discover
[1.171s] DEBUG:colcon.colcon_installed_package_information.package_discovery:Found 6 installed packages in /home/ngochoan/dev_ws/install
[1.188s] DEBUG:colcon.colcon_installed_package_information.package_discovery:Found 331 installed packages in /opt/ros/humble
[1.190s] Level 1:colcon.colcon_core.package_discovery:discover_packages(prefix_path) using defaults
[1.284s] Level 5:colcon.colcon_core.verb:set package 'cpp_pubsub' build argument 'cmake_args' from command line to 'None'
[1.284s] Level 5:colcon.colcon_core.verb:set package 'cpp_pubsub' build argument 'cmake_target' from command line to 'None'
[1.284s] Level 5:colcon.colcon_core.verb:set package 'cpp_pubsub' build argument 'cmake_target_skip_unavailable' from command line to 'False'
[1.284s] Level 5:colcon.colcon_core.verb:set package 'cpp_pubsub' build argument 'cmake_clean_cache' from command line to 'False'
[1.284s] Level 5:colcon.colcon_core.verb:set package 'cpp_pubsub' build argument 'cmake_clean_first' from command line to 'False'
[1.284s] Level 5:colcon.colcon_core.verb:set package 'cpp_pubsub' build argument 'cmake_force_configure' from command line to 'False'
[1.285s] Level 5:colcon.colcon_core.verb:set package 'cpp_pubsub' build argument 'ament_cmake_args' from command line to 'None'
[1.285s] Level 5:colcon.colcon_core.verb:set package 'cpp_pubsub' build argument 'catkin_cmake_args' from command line to 'None'
[1.285s] Level 5:colcon.colcon_core.verb:set package 'cpp_pubsub' build argument 'catkin_skip_building_tests' from command line to 'False'
[1.285s] DEBUG:colcon.colcon_core.verb:Building package 'cpp_pubsub' with the following arguments: {'ament_cmake_args': None, 'build_base': '/home/ngochoan/dev_ws/build/cpp_pubsub', 'catkin_cmake_args': None, 'catkin_skip_building_tests': False, 'cmake_args': None, 'cmake_clean_cache': False, 'cmake_clean_first': False, 'cmake_force_configure': False, 'cmake_target': None, 'cmake_target_skip_unavailable': False, 'install_base': '/home/ngochoan/dev_ws/install/cpp_pubsub', 'merge_install': False, 'path': '/home/ngochoan/dev_ws/src/cpp_pubsub', 'symlink_install': False, 'test_result_base': None}
[1.298s] INFO:colcon.colcon_core.executor:Executing jobs using 'parallel' executor
[1.312s] DEBUG:colcon.colcon_parallel_executor.executor.parallel:run_until_complete
[1.312s] INFO:colcon.colcon_ros.task.ament_cmake.build:Building ROS package in '/home/ngochoan/dev_ws/src/cpp_pubsub' with build type 'ament_cmake'
[1.312s] INFO:colcon.colcon_cmake.task.cmake.build:Building CMake package in '/home/ngochoan/dev_ws/src/cpp_pubsub'
[1.331s] INFO:colcon.colcon_core.plugin_system:Skipping extension 'colcon_core.shell.bat': Not used on non-Windows systems
[1.331s] INFO:colcon.colcon_core.shell:Skip shell extension 'powershell' for command environment: Not usable outside of PowerShell
[1.331s] DEBUG:colcon.colcon_core.shell:Skip shell extension 'dsv' for command environment
[1.381s] DEBUG:colcon.colcon_core.event_handler.log_command:Invoking command in '/home/ngochoan/dev_ws/build/cpp_pubsub': CMAKE_PREFIX_PATH=/home/ngochoan/dev_ws/install/tutorial_interfaces:/home/ngochoan/dev_ws/install/cpp_pubsub:/home/ngochoan/dev_ws/install/test_package:/home/ngochoan/dev_ws/install/turtlesim:/home/ngochoan/dev_ws/install/my_package:/home/ngochoan/dev_ws/install/cpp_srvcli:/opt/ros/humble /usr/bin/cmake --build /home/ngochoan/dev_ws/build/cpp_pubsub -- -j8 -l8
[3.782s] DEBUG:colcon.colcon_core.event_handler.log_command:Invoked command in '/home/ngochoan/dev_ws/build/cpp_pubsub' returned '0': CMAKE_PREFIX_PATH=/home/ngochoan/dev_ws/install/tutorial_interfaces:/home/ngochoan/dev_ws/install/cpp_pubsub:/home/ngochoan/dev_ws/install/test_package:/home/ngochoan/dev_ws/install/turtlesim:/home/ngochoan/dev_ws/install/my_package:/home/ngochoan/dev_ws/install/cpp_srvcli:/opt/ros/humble /usr/bin/cmake --build /home/ngochoan/dev_ws/build/cpp_pubsub -- -j8 -l8
[3.865s] DEBUG:colcon.colcon_core.event_handler.log_command:Invoking command in '/home/ngochoan/dev_ws/build/cpp_pubsub': CMAKE_PREFIX_PATH=/home/ngochoan/dev_ws/install/tutorial_interfaces:/home/ngochoan/dev_ws/install/cpp_pubsub:/home/ngochoan/dev_ws/install/test_package:/home/ngochoan/dev_ws/install/turtlesim:/home/ngochoan/dev_ws/install/my_package:/home/ngochoan/dev_ws/install/cpp_srvcli:/opt/ros/humble /usr/bin/cmake --install /home/ngochoan/dev_ws/build/cpp_pubsub
[3.877s] Level 1:colcon.colcon_core.environment:create_environment_scripts_only(cpp_pubsub)
[3.877s] DEBUG:colcon.colcon_core.event_handler.log_command:Invoked command in '/home/ngochoan/dev_ws/build/cpp_pubsub' returned '0': CMAKE_PREFIX_PATH=/home/ngochoan/dev_ws/install/tutorial_interfaces:/home/ngochoan/dev_ws/install/cpp_pubsub:/home/ngochoan/dev_ws/install/test_package:/home/ngochoan/dev_ws/install/turtlesim:/home/ngochoan/dev_ws/install/my_package:/home/ngochoan/dev_ws/install/cpp_srvcli:/opt/ros/humble /usr/bin/cmake --install /home/ngochoan/dev_ws/build/cpp_pubsub
[3.893s] Level 1:colcon.colcon_core.environment:checking '/home/ngochoan/dev_ws/install/cpp_pubsub' for CMake module files
[3.893s] Level 1:colcon.colcon_core.environment:checking '/home/ngochoan/dev_ws/install/cpp_pubsub' for CMake config files
[3.893s] Level 1:colcon.colcon_core.shell:create_environment_hook('cpp_pubsub', 'cmake_prefix_path')
[3.907s] INFO:colcon.colcon_core.shell:Creating environment hook '/home/ngochoan/dev_ws/install/cpp_pubsub/share/cpp_pubsub/hook/cmake_prefix_path.ps1'
[3.907s] INFO:colcon.colcon_core.shell:Creating environment descriptor '/home/ngochoan/dev_ws/install/cpp_pubsub/share/cpp_pubsub/hook/cmake_prefix_path.dsv'
[3.908s] INFO:colcon.colcon_core.shell:Creating environment hook '/home/ngochoan/dev_ws/install/cpp_pubsub/share/cpp_pubsub/hook/cmake_prefix_path.sh'
[3.908s] Level 1:colcon.colcon_core.environment:checking '/home/ngochoan/dev_ws/install/cpp_pubsub/lib'
[3.909s] Level 1:colcon.colcon_core.environment:checking '/home/ngochoan/dev_ws/install/cpp_pubsub/bin'
[3.909s] Level 1:colcon.colcon_core.environment:checking '/home/ngochoan/dev_ws/install/cpp_pubsub/lib/pkgconfig/cpp_pubsub.pc'
[3.909s] Level 1:colcon.colcon_core.environment:checking '/home/ngochoan/dev_ws/install/cpp_pubsub/lib/python3.10/site-packages'
[3.909s] Level 1:colcon.colcon_core.environment:checking '/home/ngochoan/dev_ws/install/cpp_pubsub/bin'
[3.923s] INFO:colcon.colcon_core.shell:Creating package script '/home/ngochoan/dev_ws/install/cpp_pubsub/share/cpp_pubsub/package.ps1'
[3.923s] INFO:colcon.colcon_core.shell:Creating package descriptor '/home/ngochoan/dev_ws/install/cpp_pubsub/share/cpp_pubsub/package.dsv'
[3.924s] INFO:colcon.colcon_core.shell:Creating package script '/home/ngochoan/dev_ws/install/cpp_pubsub/share/cpp_pubsub/package.sh'
[3.924s] INFO:colcon.colcon_core.shell:Creating package script '/home/ngochoan/dev_ws/install/cpp_pubsub/share/cpp_pubsub/package.bash'
[3.925s] INFO:colcon.colcon_core.shell:Creating package script '/home/ngochoan/dev_ws/install/cpp_pubsub/share/cpp_pubsub/package.zsh'
[3.925s] Level 1:colcon.colcon_core.environment:create_file_with_runtime_dependencies(/home/ngochoan/dev_ws/install/cpp_pubsub/share/colcon-core/packages/cpp_pubsub)
[3.961s] Level 1:colcon.colcon_core.environment:create_environment_scripts_only(cpp_pubsub)
[3.975s] Level 1:colcon.colcon_core.environment:checking '/home/ngochoan/dev_ws/install/cpp_pubsub' for CMake module files
[3.976s] Level 1:colcon.colcon_core.environment:checking '/home/ngochoan/dev_ws/install/cpp_pubsub' for CMake config files
[3.976s] Level 1:colcon.colcon_core.shell:create_environment_hook('cpp_pubsub', 'cmake_prefix_path')
[3.989s] INFO:colcon.colcon_core.shell:Creating environment hook '/home/ngochoan/dev_ws/install/cpp_pubsub/share/cpp_pubsub/hook/cmake_prefix_path.ps1'
[3.989s] INFO:colcon.colcon_core.shell:Creating environment descriptor '/home/ngochoan/dev_ws/install/cpp_pubsub/share/cpp_pubsub/hook/cmake_prefix_path.dsv'
[3.990s] INFO:colcon.colcon_core.shell:Creating environment hook '/home/ngochoan/dev_ws/install/cpp_pubsub/share/cpp_pubsub/hook/cmake_prefix_path.sh'
[3.990s] Level 1:colcon.colcon_core.environment:checking '/home/ngochoan/dev_ws/install/cpp_pubsub/lib'
[3.990s] Level 1:colcon.colcon_core.environment:checking '/home/ngochoan/dev_ws/install/cpp_pubsub/bin'
[3.990s] Level 1:colcon.colcon_core.environment:checking '/home/ngochoan/dev_ws/install/cpp_pubsub/lib/pkgconfig/cpp_pubsub.pc'
[3.990s] Level 1:colcon.colcon_core.environment:checking '/home/ngochoan/dev_ws/install/cpp_pubsub/lib/python3.10/site-packages'
[3.991s] Level 1:colcon.colcon_core.environment:checking '/home/ngochoan/dev_ws/install/cpp_pubsub/bin'
[4.004s] INFO:colcon.colcon_core.shell:Creating package script '/home/ngochoan/dev_ws/install/cpp_pubsub/share/cpp_pubsub/package.ps1'
[4.005s] INFO:colcon.colcon_core.shell:Creating package descriptor '/home/ngochoan/dev_ws/install/cpp_pubsub/share/cpp_pubsub/package.dsv'
[4.005s] INFO:colcon.colcon_core.shell:Creating package script '/home/ngochoan/dev_ws/install/cpp_pubsub/share/cpp_pubsub/package.sh'
[4.005s] INFO:colcon.colcon_core.shell:Creating package script '/home/ngochoan/dev_ws/install/cpp_pubsub/share/cpp_pubsub/package.bash'
[4.006s] INFO:colcon.colcon_core.shell:Creating package script '/home/ngochoan/dev_ws/install/cpp_pubsub/share/cpp_pubsub/package.zsh'
[4.006s] Level 1:colcon.colcon_core.environment:create_file_with_runtime_dependencies(/home/ngochoan/dev_ws/install/cpp_pubsub/share/colcon-core/packages/cpp_pubsub)
[4.006s] DEBUG:colcon.colcon_parallel_executor.executor.parallel:closing loop
[4.007s] DEBUG:colcon.colcon_parallel_executor.executor.parallel:loop closed
[4.007s] DEBUG:colcon.colcon_parallel_executor.executor.parallel:run_until_complete finished with '0'
[4.007s] DEBUG:colcon.colcon_core.event_reactor:joining thread
[4.030s] INFO:colcon.colcon_core.plugin_system:Skipping extension 'colcon_notification.desktop_notification.terminal_notifier': Not used on non-Darwin systems
[4.030s] INFO:colcon.colcon_core.plugin_system:Skipping extension 'colcon_notification.desktop_notification.win32': Not used on non-Windows systems
[4.030s] INFO:colcon.colcon_notification.desktop_notification:Sending desktop notification using 'notify2'
[4.041s] DEBUG:colcon.colcon_core.event_reactor:joined thread
[4.055s] INFO:colcon.colcon_core.shell:Creating prefix script '/home/ngochoan/dev_ws/install/local_setup.ps1'
[4.056s] INFO:colcon.colcon_core.shell:Creating prefix util module '/home/ngochoan/dev_ws/install/_local_setup_util_ps1.py'
[4.057s] INFO:colcon.colcon_core.shell:Creating prefix chain script '/home/ngochoan/dev_ws/install/setup.ps1'
[4.072s] INFO:colcon.colcon_core.shell:Creating prefix script '/home/ngochoan/dev_ws/install/local_setup.sh'
[4.073s] INFO:colcon.colcon_core.shell:Creating prefix util module '/home/ngochoan/dev_ws/install/_local_setup_util_sh.py'
[4.073s] INFO:colcon.colcon_core.shell:Creating prefix chain script '/home/ngochoan/dev_ws/install/setup.sh'
[4.088s] INFO:colcon.colcon_core.shell:Creating prefix script '/home/ngochoan/dev_ws/install/local_setup.bash'
[4.089s] INFO:colcon.colcon_core.shell:Creating prefix chain script '/home/ngochoan/dev_ws/install/setup.bash'
[4.104s] INFO:colcon.colcon_core.shell:Creating prefix script '/home/ngochoan/dev_ws/install/local_setup.zsh'
[4.104s] INFO:colcon.colcon_core.shell:Creating prefix chain script '/home/ngochoan/dev_ws/install/setup.zsh'
