[0.167s] Invoking command in '/home/ngochoan/dev_ws/src/build/cpp_srvcli': CMAKE_PREFIX_PATH=${CMAKE_PREFIX_PATH}:/opt/ros/humble /usr/bin/cmake --build /home/ngochoan/dev_ws/src/build/cpp_srvcli -- -j8 -l8
[0.224s] [35m[1mConsolidate compiler generated dependencies of target server[0m
[0.225s] [35m[1mConsolidate compiler generated dependencies of target client[0m
[0.247s] [ 50%] Built target server
[0.250s] [100%] Built target client
[0.269s] Invoked command in '/home/ngochoan/dev_ws/src/build/cpp_srvcli' returned '0': CMAKE_PREFIX_PATH=${CMAKE_PREFIX_PATH}:/opt/ros/humble /usr/bin/cmake --build /home/ngochoan/dev_ws/src/build/cpp_srvcli -- -j8 -l8
[0.344s] Invoking command in '/home/ngochoan/dev_ws/src/build/cpp_srvcli': CMAKE_PREFIX_PATH=${CMAKE_PREFIX_PATH}:/opt/ros/humble /usr/bin/cmake --install /home/ngochoan/dev_ws/src/build/cpp_srvcli
[0.355s] -- Install configuration: ""
[0.355s] -- Installing: /home/ngochoan/dev_ws/src/install/cpp_srvcli/lib/cpp_srvcli/server
[0.360s] -- Set runtime path of "/home/ngochoan/dev_ws/src/install/cpp_srvcli/lib/cpp_srvcli/server" to ""
[0.360s] -- Installing: /home/ngochoan/dev_ws/src/install/cpp_srvcli/lib/cpp_srvcli/client
[0.361s] -- Set runtime path of "/home/ngochoan/dev_ws/src/install/cpp_srvcli/lib/cpp_srvcli/client" to ""
[0.361s] -- Installing: /home/ngochoan/dev_ws/src/install/cpp_srvcli/share/ament_index/resource_index/package_run_dependencies/cpp_srvcli
[0.361s] -- Installing: /home/ngochoan/dev_ws/src/install/cpp_srvcli/share/ament_index/resource_index/parent_prefix_path/cpp_srvcli
[0.361s] -- Installing: /home/ngochoan/dev_ws/src/install/cpp_srvcli/share/cpp_srvcli/environment/ament_prefix_path.sh
[0.362s] -- Installing: /home/ngochoan/dev_ws/src/install/cpp_srvcli/share/cpp_srvcli/environment/ament_prefix_path.dsv
[0.362s] -- Installing: /home/ngochoan/dev_ws/src/install/cpp_srvcli/share/cpp_srvcli/environment/path.sh
[0.362s] -- Installing: /home/ngochoan/dev_ws/src/install/cpp_srvcli/share/cpp_srvcli/environment/path.dsv
[0.362s] -- Installing: /home/ngochoan/dev_ws/src/install/cpp_srvcli/share/cpp_srvcli/local_setup.bash
[0.362s] -- Installing: /home/ngochoan/dev_ws/src/install/cpp_srvcli/share/cpp_srvcli/local_setup.sh
[0.362s] -- Installing: /home/ngochoan/dev_ws/src/install/cpp_srvcli/share/cpp_srvcli/local_setup.zsh
[0.362s] -- Installing: /home/ngochoan/dev_ws/src/install/cpp_srvcli/share/cpp_srvcli/local_setup.dsv
[0.363s] -- Installing: /home/ngochoan/dev_ws/src/install/cpp_srvcli/share/cpp_srvcli/package.dsv
[0.363s] -- Installing: /home/ngochoan/dev_ws/src/install/cpp_srvcli/share/ament_index/resource_index/packages/cpp_srvcli
[0.363s] -- Installing: /home/ngochoan/dev_ws/src/install/cpp_srvcli/share/cpp_srvcli/cmake/cpp_srvcliConfig.cmake
[0.363s] -- Installing: /home/ngochoan/dev_ws/src/install/cpp_srvcli/share/cpp_srvcli/cmake/cpp_srvcliConfig-version.cmake
[0.363s] -- Installing: /home/ngochoan/dev_ws/src/install/cpp_srvcli/share/cpp_srvcli/package.xml
[0.522s] Invoked command in '/home/ngochoan/dev_ws/src/build/cpp_srvcli' returned '0': CMAKE_PREFIX_PATH=${CMAKE_PREFIX_PATH}:/opt/ros/humble /usr/bin/cmake --install /home/ngochoan/dev_ws/src/build/cpp_srvcli
