[0.056s] Invoking command in '/home/ngochoan/dev_ws/src/build/cpp_interface': CMAKE_PREFIX_PATH=/opt/ros/humble /usr/bin/cmake /home/ngochoan/dev_ws/src/cpp_interface -DCMAKE_INSTALL_PREFIX=/home/ngochoan/dev_ws/src/install/cpp_interface
[0.097s] -- The C compiler identification is GNU 11.4.0
[0.140s] -- The CXX compiler identification is GNU 11.4.0
[0.146s] -- Detecting C compiler ABI info
[0.195s] -- Detecting C compiler ABI info - done
[0.201s] -- Check for working C compiler: /usr/bin/cc - skipped
[0.201s] -- Detecting C compile features
[0.202s] -- Detecting C compile features - done
[0.204s] -- Detecting CXX compiler ABI info
[0.265s] -- Detecting CXX compiler ABI info - done
[0.273s] -- Check for working CXX compiler: /usr/bin/c++ - skipped
[0.273s] -- Detecting CXX compile features
[0.273s] -- Detecting CXX compile features - done
[0.276s] -- Found ament_cmake: 1.3.5 (/opt/ros/humble/share/ament_cmake/cmake)
[0.426s] -- Found Python3: /usr/bin/python3.10 (found version "3.10.12") found components: Interpreter 
[0.515s] -- Found rclcpp: 16.0.6 (/opt/ros/humble/share/rclcpp/cmake)
[0.567s] -- Found rosidl_generator_c: 3.1.5 (/opt/ros/humble/share/rosidl_generator_c/cmake)
[0.571s] -- Found rosidl_adapter: 3.1.5 (/opt/ros/humble/share/rosidl_adapter/cmake)
[0.579s] -- Found rosidl_generator_cpp: 3.1.5 (/opt/ros/humble/share/rosidl_generator_cpp/cmake)
[0.589s] -- Using all available rosidl_typesupport_c: rosidl_typesupport_fastrtps_c;rosidl_typesupport_introspection_c
[0.605s] -- Using all available rosidl_typesupport_cpp: rosidl_typesupport_fastrtps_cpp;rosidl_typesupport_introspection_cpp
[0.669s] -- Found rmw_implementation_cmake: 6.1.1 (/opt/ros/humble/share/rmw_implementation_cmake/cmake)
[0.670s] -- Found rmw_fastrtps_cpp: 6.2.4 (/opt/ros/humble/share/rmw_fastrtps_cpp/cmake)
[0.748s] -- Found OpenSSL: /usr/lib/x86_64-linux-gnu/libcrypto.so (found version "3.0.2")  
[0.768s] -- Found FastRTPS: /opt/ros/humble/include  
[0.808s] -- Using RMW implementation 'rmw_fastrtps_cpp' as default
[0.816s] -- Looking for pthread.h
[0.874s] -- Looking for pthread.h - found
[0.874s] -- Performing Test CMAKE_HAVE_LIBC_PTHREAD
[0.931s] -- Performing Test CMAKE_HAVE_LIBC_PTHREAD - Success
[0.931s] -- Found Threads: TRUE  
[1.076s] -- Found ament_lint_auto: 0.12.8 (/opt/ros/humble/share/ament_lint_auto/cmake)
[1.139s] -- Added test 'cppcheck' to perform static code analysis on C / C++ code
[1.139s] -- Configured cppcheck include dirs: 
[1.139s] -- Configured cppcheck exclude dirs and/or files: 
[1.139s] -- Added test 'lint_cmake' to check CMake code style
[1.140s] -- Added test 'uncrustify' to check C / C++ code style
[1.140s] -- Configured uncrustify additional arguments: 
[1.141s] -- Added test 'xmllint' to check XML markup files
[1.142s] -- Configuring done
[1.151s] -- Generating done
[1.153s] -- Build files have been written to: /home/ngochoan/dev_ws/src/build/cpp_interface
[1.162s] Invoked command in '/home/ngochoan/dev_ws/src/build/cpp_interface' returned '0': CMAKE_PREFIX_PATH=/opt/ros/humble /usr/bin/cmake /home/ngochoan/dev_ws/src/cpp_interface -DCMAKE_INSTALL_PREFIX=/home/ngochoan/dev_ws/src/install/cpp_interface
[1.163s] Invoking command in '/home/ngochoan/dev_ws/src/build/cpp_interface': CMAKE_PREFIX_PATH=/opt/ros/humble /usr/bin/cmake --build /home/ngochoan/dev_ws/src/build/cpp_interface -- -j8 -l8
[1.201s] [ 50%] [32mBuilding CXX object CMakeFiles/cpp_interface.dir/src/cpp_interface.cpp.o[0m
[4.873s] [100%] [32m[1mLinking CXX executable cpp_interface[0m
[5.040s] [100%] Built target cpp_interface
[5.059s] Invoked command in '/home/ngochoan/dev_ws/src/build/cpp_interface' returned '0': CMAKE_PREFIX_PATH=/opt/ros/humble /usr/bin/cmake --build /home/ngochoan/dev_ws/src/build/cpp_interface -- -j8 -l8
[5.120s] Invoking command in '/home/ngochoan/dev_ws/src/build/cpp_interface': CMAKE_PREFIX_PATH=/opt/ros/humble /usr/bin/cmake --install /home/ngochoan/dev_ws/src/build/cpp_interface
[5.133s] -- Install configuration: ""
[5.133s] -- Installing: /home/ngochoan/dev_ws/src/install/cpp_interface/share/ament_index/resource_index/package_run_dependencies/cpp_interface
[5.134s] -- Installing: /home/ngochoan/dev_ws/src/install/cpp_interface/share/ament_index/resource_index/parent_prefix_path/cpp_interface
[5.134s] -- Installing: /home/ngochoan/dev_ws/src/install/cpp_interface/share/cpp_interface/environment/ament_prefix_path.sh
[5.134s] -- Installing: /home/ngochoan/dev_ws/src/install/cpp_interface/share/cpp_interface/environment/ament_prefix_path.dsv
[5.134s] -- Installing: /home/ngochoan/dev_ws/src/install/cpp_interface/share/cpp_interface/environment/path.sh
[5.134s] -- Installing: /home/ngochoan/dev_ws/src/install/cpp_interface/share/cpp_interface/environment/path.dsv
[5.135s] -- Installing: /home/ngochoan/dev_ws/src/install/cpp_interface/share/cpp_interface/local_setup.bash
[5.135s] -- Installing: /home/ngochoan/dev_ws/src/install/cpp_interface/share/cpp_interface/local_setup.sh
[5.135s] -- Installing: /home/ngochoan/dev_ws/src/install/cpp_interface/share/cpp_interface/local_setup.zsh
[5.135s] -- Installing: /home/ngochoan/dev_ws/src/install/cpp_interface/share/cpp_interface/local_setup.dsv
[5.136s] -- Installing: /home/ngochoan/dev_ws/src/install/cpp_interface/share/cpp_interface/package.dsv
[5.136s] -- Installing: /home/ngochoan/dev_ws/src/install/cpp_interface/share/ament_index/resource_index/packages/cpp_interface
[5.136s] -- Installing: /home/ngochoan/dev_ws/src/install/cpp_interface/share/cpp_interface/cmake/cpp_interfaceConfig.cmake
[5.136s] -- Installing: /home/ngochoan/dev_ws/src/install/cpp_interface/share/cpp_interface/cmake/cpp_interfaceConfig-version.cmake
[5.136s] -- Installing: /home/ngochoan/dev_ws/src/install/cpp_interface/share/cpp_interface/package.xml
[5.138s] Invoked command in '/home/ngochoan/dev_ws/src/build/cpp_interface' returned '0': CMAKE_PREFIX_PATH=/opt/ros/humble /usr/bin/cmake --install /home/ngochoan/dev_ws/src/build/cpp_interface
