[0.022s] Invoking command in '/home/ngochoan/dev_ws/build/py_qt5': CMAKE_PREFIX_PATH=/opt/ros/humble /usr/bin/cmake /home/ngochoan/dev_ws/src/pyQt5 -DCMAKE_INSTALL_PREFIX=/home/ngochoan/dev_ws/install/py_qt5
[0.123s] -- The C compiler identification is GNU 11.4.0
[0.187s] -- The CXX compiler identification is GNU 11.4.0
[0.192s] -- Detecting C compiler ABI info
[0.266s] -- Detecting C compiler ABI info - done
[0.274s] -- Check for working C compiler: /usr/bin/cc - skipped
[0.274s] -- Detecting C compile features
[0.275s] -- Detecting C compile features - done
[0.278s] -- Detecting CXX compiler ABI info
[0.355s] -- Detecting CXX compiler ABI info - done
[0.365s] -- Check for working CXX compiler: /usr/bin/c++ - skipped
[0.365s] -- Detecting CXX compile features
[0.366s] -- Detecting CXX compile features - done
[0.370s] -- Found ament_cmake: 1.3.8 (/opt/ros/humble/share/ament_cmake/cmake)
[0.533s] -- Found Python3: /usr/bin/python3 (found version "3.10.12") found components: Interpreter 
[0.605s] -- Found ament_lint_auto: 0.12.10 (/opt/ros/humble/share/ament_lint_auto/cmake)
[0.672s] -- Added test 'cppcheck' to perform static code analysis on C / C++ code
[0.673s] -- Configured cppcheck include dirs: 
[0.673s] -- Configured cppcheck exclude dirs and/or files: 
[0.675s] -- Added test 'lint_cmake' to check CMake code style
[0.679s] -- Added test 'uncrustify' to check C / C++ code style
[0.679s] -- Configured uncrustify additional arguments: 
[0.681s] -- Added test 'xmllint' to check XML markup files
[0.682s] -- Configuring done
[0.685s] -- Generating done
[0.686s] -- Build files have been written to: /home/ngochoan/dev_ws/build/py_qt5
[0.690s] Invoked command in '/home/ngochoan/dev_ws/build/py_qt5' returned '0': CMAKE_PREFIX_PATH=/opt/ros/humble /usr/bin/cmake /home/ngochoan/dev_ws/src/pyQt5 -DCMAKE_INSTALL_PREFIX=/home/ngochoan/dev_ws/install/py_qt5
[0.691s] Invoking command in '/home/ngochoan/dev_ws/build/py_qt5': CMAKE_PREFIX_PATH=/opt/ros/humble /usr/bin/cmake --build /home/ngochoan/dev_ws/build/py_qt5 -- -j8 -l8
[0.723s] Invoked command in '/home/ngochoan/dev_ws/build/py_qt5' returned '0': CMAKE_PREFIX_PATH=/opt/ros/humble /usr/bin/cmake --build /home/ngochoan/dev_ws/build/py_qt5 -- -j8 -l8
[0.739s] Invoking command in '/home/ngochoan/dev_ws/build/py_qt5': CMAKE_PREFIX_PATH=/opt/ros/humble /usr/bin/cmake --install /home/ngochoan/dev_ws/build/py_qt5
[0.745s] -- Install configuration: ""
[0.745s] -- Installing: /home/ngochoan/dev_ws/install/py_qt5/share/ament_index/resource_index/package_run_dependencies/py_qt5
[0.745s] -- Installing: /home/ngochoan/dev_ws/install/py_qt5/share/ament_index/resource_index/parent_prefix_path/py_qt5
[0.745s] -- Installing: /home/ngochoan/dev_ws/install/py_qt5/share/py_qt5/environment/ament_prefix_path.sh
[0.745s] -- Installing: /home/ngochoan/dev_ws/install/py_qt5/share/py_qt5/environment/ament_prefix_path.dsv
[0.746s] -- Installing: /home/ngochoan/dev_ws/install/py_qt5/share/py_qt5/environment/path.sh
[0.746s] -- Installing: /home/ngochoan/dev_ws/install/py_qt5/share/py_qt5/environment/path.dsv
[0.746s] -- Installing: /home/ngochoan/dev_ws/install/py_qt5/share/py_qt5/local_setup.bash
[0.746s] -- Installing: /home/ngochoan/dev_ws/install/py_qt5/share/py_qt5/local_setup.sh
[0.746s] -- Installing: /home/ngochoan/dev_ws/install/py_qt5/share/py_qt5/local_setup.zsh
[0.746s] -- Installing: /home/ngochoan/dev_ws/install/py_qt5/share/py_qt5/local_setup.dsv
[0.746s] -- Installing: /home/ngochoan/dev_ws/install/py_qt5/share/py_qt5/package.dsv
[0.747s] -- Installing: /home/ngochoan/dev_ws/install/py_qt5/share/ament_index/resource_index/packages/py_qt5
[0.747s] -- Installing: /home/ngochoan/dev_ws/install/py_qt5/share/py_qt5/cmake/py_qt5Config.cmake
[0.747s] -- Installing: /home/ngochoan/dev_ws/install/py_qt5/share/py_qt5/cmake/py_qt5Config-version.cmake
[0.747s] -- Installing: /home/ngochoan/dev_ws/install/py_qt5/share/py_qt5/package.xml
[0.749s] Invoked command in '/home/ngochoan/dev_ws/build/py_qt5' returned '0': CMAKE_PREFIX_PATH=/opt/ros/humble /usr/bin/cmake --install /home/ngochoan/dev_ws/build/py_qt5
