[0.054s] Invoking command in '/home/ngochoan/dev_ws/build/cpp_pubsub': AMENT_PREFIX_PATH=/home/ngochoan/dev_ws/install/tutorial_interfaces:${AMENT_PREFIX_PATH} CMAKE_PREFIX_PATH=/home/ngochoan/dev_ws/install/tutorial_interfaces:/opt/ros/humble LD_LIBRARY_PATH=/home/ngochoan/dev_ws/install/tutorial_interfaces/lib:${LD_LIBRARY_PATH} PYTHONPATH=/home/ngochoan/dev_ws/install/tutorial_interfaces/local/lib/python3.10/dist-packages:${PYTHONPATH} /usr/bin/cmake --build /home/ngochoan/dev_ws/build/cpp_pubsub -- -j8 -l8
[0.073s] -- Found ament_cmake: 1.3.5 (/opt/ros/humble/share/ament_cmake/cmake)
[0.183s] -- Found rclcpp: 16.0.6 (/opt/ros/humble/share/rclcpp/cmake)
[0.211s] -- Found rosidl_generator_c: 3.1.5 (/opt/ros/humble/share/rosidl_generator_c/cmake)
[0.213s] -- Found rosidl_adapter: 3.1.5 (/opt/ros/humble/share/rosidl_adapter/cmake)
[0.219s] -- Found rosidl_generator_cpp: 3.1.5 (/opt/ros/humble/share/rosidl_generator_cpp/cmake)
[0.228s] -- Using all available rosidl_typesupport_c: rosidl_typesupport_fastrtps_c;rosidl_typesupport_introspection_c
[0.241s] -- Using all available rosidl_typesupport_cpp: rosidl_typesupport_fastrtps_cpp;rosidl_typesupport_introspection_cpp
[0.296s] -- Found rmw_implementation_cmake: 6.1.1 (/opt/ros/humble/share/rmw_implementation_cmake/cmake)
[0.298s] -- Found rmw_fastrtps_cpp: 6.2.4 (/opt/ros/humble/share/rmw_fastrtps_cpp/cmake)
[0.412s] -- Using RMW implementation 'rmw_fastrtps_cpp' as default
[0.558s] -- Found tutorial_interfaces: 0.0.0 (/home/ngochoan/dev_ws/install/tutorial_interfaces/share/tutorial_interfaces/cmake)
[0.571s] -- Found ament_lint_auto: 0.12.8 (/opt/ros/humble/share/ament_lint_auto/cmake)
[0.627s] -- Added test 'cppcheck' to perform static code analysis on C / C++ code
[0.627s] -- Configured cppcheck include dirs: 
[0.627s] -- Configured cppcheck exclude dirs and/or files: 
[0.627s] -- Added test 'lint_cmake' to check CMake code style
[0.628s] -- Added test 'uncrustify' to check C / C++ code style
[0.628s] -- Configured uncrustify additional arguments: 
[0.629s] -- Added test 'xmllint' to check XML markup files
[0.630s] -- Configuring done
[0.643s] -- Generating done
[0.644s] -- Build files have been written to: /home/ngochoan/dev_ws/build/cpp_pubsub
[0.665s] [35m[1mConsolidate compiler generated dependencies of target listener[0m
[0.665s] [35m[1mConsolidate compiler generated dependencies of target talker[0m
[0.678s] [ 50%] [32mBuilding CXX object CMakeFiles/talker.dir/src/publisher_member_function.cpp.o[0m
[0.678s] [ 50%] [32mBuilding CXX object CMakeFiles/listener.dir/src/subscriber_member_function.cpp.o[0m
[0.834s] [01m[K/home/ngochoan/dev_ws/src/cpp_pubsub/src/subscriber_member_function.cpp:19:10:[m[K [01;31m[Kfatal error: [m[Kstd_msgs/msg/string.hpp: No such file or directory
[0.834s]    19 | #include [01;31m[K"std_msgs/msg/string.hpp"[m[K
[0.834s]       |          [01;31m[K^~~~~~~~~~~~~~~~~~~~~~~~~[m[K
[0.834s] compilation terminated.
[0.836s] [01m[K/home/ngochoan/dev_ws/src/cpp_pubsub/src/publisher_member_function.cpp:7:10:[m[K [01;31m[Kfatal error: [m[Kstd_msgs/msg/string.hpp: No such file or directory
[0.836s]     7 | #include [01;31m[K"std_msgs/msg/string.hpp"[m[K
[0.836s]       |          [01;31m[K^~~~~~~~~~~~~~~~~~~~~~~~~[m[K
[0.836s] compilation terminated.
[0.848s] gmake[2]: *** [CMakeFiles/talker.dir/build.make:76: CMakeFiles/talker.dir/src/publisher_member_function.cpp.o] Error 1
[0.848s] gmake[2]: *** [CMakeFiles/listener.dir/build.make:76: CMakeFiles/listener.dir/src/subscriber_member_function.cpp.o] Error 1
[0.848s] gmake[1]: *** [CMakeFiles/Makefile2:139: CMakeFiles/talker.dir/all] Error 2
[0.849s] gmake[1]: *** Waiting for unfinished jobs....
[0.849s] gmake[1]: *** [CMakeFiles/Makefile2:165: CMakeFiles/listener.dir/all] Error 2
[0.849s] gmake: *** [Makefile:146: all] Error 2
[0.850s] Invoked command in '/home/ngochoan/dev_ws/build/cpp_pubsub' returned '2': AMENT_PREFIX_PATH=/home/ngochoan/dev_ws/install/tutorial_interfaces:${AMENT_PREFIX_PATH} CMAKE_PREFIX_PATH=/home/ngochoan/dev_ws/install/tutorial_interfaces:/opt/ros/humble LD_LIBRARY_PATH=/home/ngochoan/dev_ws/install/tutorial_interfaces/lib:${LD_LIBRARY_PATH} PYTHONPATH=/home/ngochoan/dev_ws/install/tutorial_interfaces/local/lib/python3.10/dist-packages:${PYTHONPATH} /usr/bin/cmake --build /home/ngochoan/dev_ws/build/cpp_pubsub -- -j8 -l8
