[0.070s] Invoking command in '/home/ngochoan/dev_ws/build/cpp_pubsub': CMAKE_PREFIX_PATH=/home/ngochoan/dev_ws/install/tutorial_interfaces:/home/ngochoan/dev_ws/install/cpp_pubsub:/home/ngochoan/dev_ws/install/test_package:/home/ngochoan/dev_ws/install/turtlesim:/home/ngochoan/dev_ws/install/my_package:/home/ngochoan/dev_ws/install/cpp_srvcli:/opt/ros/humble /usr/bin/cmake --build /home/ngochoan/dev_ws/build/cpp_pubsub -- -j8 -l8
[0.102s] [35m[1mConsolidate compiler generated dependencies of target listener_pico[0m
[0.112s] [ 33%] Built target listener
[0.112s] [ 66%] Built target talker
[0.119s] [ 83%] [32mBuilding CXX object CMakeFiles/listener_pico.dir/src/read_date_picoW.cpp.o[0m
[2.031s] [01m[K/home/ngochoan/dev_ws/src/cpp_pubsub/src/read_date_picoW.cpp:14:1:[m[K [01;31m[Kerror: [m[K‘[01m[Krcl_logger_t[m[K’ does not name a type; did you mean ‘[01m[Krcl_timer_t[m[K’?
[2.031s]    14 | [01;31m[Krcl_logger_t[m[K global_logger;
[2.031s]       | [01;31m[K^~~~~~~~~~~~[m[K
[2.031s]       | [32m[Krcl_timer_t[m[K
[2.031s] [01m[K/home/ngochoan/dev_ws/src/cpp_pubsub/src/read_date_picoW.cpp:16:47:[m[K [01;31m[Kerror: [m[K‘[01m[Krcl_logger_t[m[K’ has not been declared
[2.032s]    16 | void subscription_callback(const void *msgin, [01;31m[Krcl_logger_t[m[K logger)
[2.032s]       |                                               [01;31m[K^~~~~~~~~~~~[m[K
[2.032s] In file included from [01m[K/opt/ros/humble/include/rclcpp/rclcpp/client.hpp:40[m[K,
[2.032s]                  from [01m[K/opt/ros/humble/include/rclcpp/rclcpp/callback_group.hpp:24[m[K,
[2.032s]                  from [01m[K/opt/ros/humble/include/rclcpp/rclcpp/any_executable.hpp:20[m[K,
[2.032s]                  from [01m[K/opt/ros/humble/include/rclcpp/rclcpp/memory_strategy.hpp:25[m[K,
[2.032s]                  from [01m[K/opt/ros/humble/include/rclcpp/rclcpp/memory_strategies.hpp:18[m[K,
[2.032s]                  from [01m[K/opt/ros/humble/include/rclcpp/rclcpp/executor_options.hpp:20[m[K,
[2.032s]                  from [01m[K/opt/ros/humble/include/rclcpp/rclcpp/executor.hpp:37[m[K,
[2.032s]                  from [01m[K/opt/ros/humble/include/rclcpp/rclcpp/executors/multi_threaded_executor.hpp:25[m[K,
[2.032s]                  from [01m[K/opt/ros/humble/include/rclcpp/rclcpp/executors.hpp:21[m[K,
[2.032s]                  from [01m[K/opt/ros/humble/include/rclcpp/rclcpp/rclcpp.hpp:155[m[K,
[2.032s]                  from [01m[K/home/ngochoan/dev_ws/src/cpp_pubsub/src/read_date_picoW.cpp:4[m[K:
[2.032s] [01m[K/home/ngochoan/dev_ws/src/cpp_pubsub/src/read_date_picoW.cpp:[m[K In function ‘[01m[Kvoid subscription_callback(const void*, int)[m[K’:
[2.032s] [01m[K/home/ngochoan/dev_ws/src/cpp_pubsub/src/read_date_picoW.cpp:19:5:[m[K [01;31m[Kerror: [m[Kstatic assertion failed: First argument to logging macros must be an rclcpp::Logger
[2.032s]    19 |     [01;31m[KRCLCPP_INFO[m[K(logger, "I heard: '%lf'", msgh->data[0].data);
[2.032s]       |     [01;31m[K^~~~~~~~~~~[m[K
[2.032s] In file included from [01m[K/opt/ros/humble/include/rclcpp/rclcpp/logging.hpp:24[m[K,
[2.033s]                  from [01m[K/opt/ros/humble/include/rclcpp/rclcpp/client.hpp:40[m[K,
[2.033s]                  from [01m[K/opt/ros/humble/include/rclcpp/rclcpp/callback_group.hpp:24[m[K,
[2.033s]                  from [01m[K/opt/ros/humble/include/rclcpp/rclcpp/any_executable.hpp:20[m[K,
[2.033s]                  from [01m[K/opt/ros/humble/include/rclcpp/rclcpp/memory_strategy.hpp:25[m[K,
[2.033s]                  from [01m[K/opt/ros/humble/include/rclcpp/rclcpp/memory_strategies.hpp:18[m[K,
[2.033s]                  from [01m[K/opt/ros/humble/include/rclcpp/rclcpp/executor_options.hpp:20[m[K,
[2.033s]                  from [01m[K/opt/ros/humble/include/rclcpp/rclcpp/executor.hpp:37[m[K,
[2.033s]                  from [01m[K/opt/ros/humble/include/rclcpp/rclcpp/executors/multi_threaded_executor.hpp:25[m[K,
[2.033s]                  from [01m[K/opt/ros/humble/include/rclcpp/rclcpp/executors.hpp:21[m[K,
[2.033s]                  from [01m[K/opt/ros/humble/include/rclcpp/rclcpp/rclcpp.hpp:155[m[K,
[2.033s]                  from [01m[K/home/ngochoan/dev_ws/src/cpp_pubsub/src/read_date_picoW.cpp:4[m[K:
[2.033s] [01m[K/home/ngochoan/dev_ws/src/cpp_pubsub/src/read_date_picoW.cpp:19:5:[m[K [01;31m[Kerror: [m[Krequest for member ‘[01m[Kget_name[m[K’ in ‘[01m[Klogger[m[K’, which is of non-class type ‘[01m[Kint[m[K’
[2.033s]    19 |     [01;31m[KRCLCPP_INFO[m[K(logger, "I heard: '%lf'", msgh->data[0].data);
[2.033s]       |     [01;31m[K^~~~~~~~~~~[m[K
[2.033s] [01m[K/home/ngochoan/dev_ws/src/cpp_pubsub/src/read_date_picoW.cpp:19:5:[m[K [01;31m[Kerror: [m[Krequest for member ‘[01m[Kget_name[m[K’ in ‘[01m[Klogger[m[K’, which is of non-class type ‘[01m[Kint[m[K’
[2.033s]    19 |     [01;31m[KRCLCPP_INFO[m[K(logger, "I heard: '%lf'", msgh->data[0].data);
[2.033s]       |     [01;31m[K^~~~~~~~~~~[m[K
[2.033s] In file included from [01m[K/opt/ros/humble/include/rclcpp/rclcpp/client.hpp:40[m[K,
[2.033s]                  from [01m[K/opt/ros/humble/include/rclcpp/rclcpp/callback_group.hpp:24[m[K,
[2.033s]                  from [01m[K/opt/ros/humble/include/rclcpp/rclcpp/any_executable.hpp:20[m[K,
[2.033s]                  from [01m[K/opt/ros/humble/include/rclcpp/rclcpp/memory_strategy.hpp:25[m[K,
[2.034s]                  from [01m[K/opt/ros/humble/include/rclcpp/rclcpp/memory_strategies.hpp:18[m[K,
[2.034s]                  from [01m[K/opt/ros/humble/include/rclcpp/rclcpp/executor_options.hpp:20[m[K,
[2.034s]                  from [01m[K/opt/ros/humble/include/rclcpp/rclcpp/executor.hpp:37[m[K,
[2.034s]                  from [01m[K/opt/ros/humble/include/rclcpp/rclcpp/executors/multi_threaded_executor.hpp:25[m[K,
[2.034s]                  from [01m[K/opt/ros/humble/include/rclcpp/rclcpp/executors.hpp:21[m[K,
[2.034s]                  from [01m[K/opt/ros/humble/include/rclcpp/rclcpp/rclcpp.hpp:155[m[K,
[2.034s]                  from [01m[K/home/ngochoan/dev_ws/src/cpp_pubsub/src/read_date_picoW.cpp:4[m[K:
[2.034s] [01m[K/home/ngochoan/dev_ws/src/cpp_pubsub/src/read_date_picoW.cpp:20:5:[m[K [01;31m[Kerror: [m[Kstatic assertion failed: First argument to logging macros must be an rclcpp::Logger
[2.034s]    20 |     [01;31m[KRCLCPP_INFO[m[K(logger, "I heard: '%lf'", msgh->data[1].data);
[2.034s]       |     [01;31m[K^~~~~~~~~~~[m[K
[2.034s] In file included from [01m[K/opt/ros/humble/include/rclcpp/rclcpp/logging.hpp:24[m[K,
[2.034s]                  from [01m[K/opt/ros/humble/include/rclcpp/rclcpp/client.hpp:40[m[K,
[2.034s]                  from [01m[K/opt/ros/humble/include/rclcpp/rclcpp/callback_group.hpp:24[m[K,
[2.034s]                  from [01m[K/opt/ros/humble/include/rclcpp/rclcpp/any_executable.hpp:20[m[K,
[2.034s]                  from [01m[K/opt/ros/humble/include/rclcpp/rclcpp/memory_strategy.hpp:25[m[K,
[2.034s]                  from [01m[K/opt/ros/humble/include/rclcpp/rclcpp/memory_strategies.hpp:18[m[K,
[2.034s]                  from [01m[K/opt/ros/humble/include/rclcpp/rclcpp/executor_options.hpp:20[m[K,
[2.034s]                  from [01m[K/opt/ros/humble/include/rclcpp/rclcpp/executor.hpp:37[m[K,
[2.034s]                  from [01m[K/opt/ros/humble/include/rclcpp/rclcpp/executors/multi_threaded_executor.hpp:25[m[K,
[2.034s]                  from [01m[K/opt/ros/humble/include/rclcpp/rclcpp/executors.hpp:21[m[K,
[2.034s]                  from [01m[K/opt/ros/humble/include/rclcpp/rclcpp/rclcpp.hpp:155[m[K,
[2.035s]                  from [01m[K/home/ngochoan/dev_ws/src/cpp_pubsub/src/read_date_picoW.cpp:4[m[K:
[2.035s] [01m[K/home/ngochoan/dev_ws/src/cpp_pubsub/src/read_date_picoW.cpp:20:5:[m[K [01;31m[Kerror: [m[Krequest for member ‘[01m[Kget_name[m[K’ in ‘[01m[Klogger[m[K’, which is of non-class type ‘[01m[Kint[m[K’
[2.035s]    20 |     [01;31m[KRCLCPP_INFO[m[K(logger, "I heard: '%lf'", msgh->data[1].data);
[2.035s]       |     [01;31m[K^~~~~~~~~~~[m[K
[2.035s] [01m[K/home/ngochoan/dev_ws/src/cpp_pubsub/src/read_date_picoW.cpp:20:5:[m[K [01;31m[Kerror: [m[Krequest for member ‘[01m[Kget_name[m[K’ in ‘[01m[Klogger[m[K’, which is of non-class type ‘[01m[Kint[m[K’
[2.035s]    20 |     [01;31m[KRCLCPP_INFO[m[K(logger, "I heard: '%lf'", msgh->data[1].data);
[2.035s]       |     [01;31m[K^~~~~~~~~~~[m[K
[2.035s] In file included from [01m[K/opt/ros/humble/include/rclcpp/rclcpp/client.hpp:40[m[K,
[2.035s]                  from [01m[K/opt/ros/humble/include/rclcpp/rclcpp/callback_group.hpp:24[m[K,
[2.035s]                  from [01m[K/opt/ros/humble/include/rclcpp/rclcpp/any_executable.hpp:20[m[K,
[2.035s]                  from [01m[K/opt/ros/humble/include/rclcpp/rclcpp/memory_strategy.hpp:25[m[K,
[2.035s]                  from [01m[K/opt/ros/humble/include/rclcpp/rclcpp/memory_strategies.hpp:18[m[K,
[2.035s]                  from [01m[K/opt/ros/humble/include/rclcpp/rclcpp/executor_options.hpp:20[m[K,
[2.035s]                  from [01m[K/opt/ros/humble/include/rclcpp/rclcpp/executor.hpp:37[m[K,
[2.035s]                  from [01m[K/opt/ros/humble/include/rclcpp/rclcpp/executors/multi_threaded_executor.hpp:25[m[K,
[2.035s]                  from [01m[K/opt/ros/humble/include/rclcpp/rclcpp/executors.hpp:21[m[K,
[2.035s]                  from [01m[K/opt/ros/humble/include/rclcpp/rclcpp/rclcpp.hpp:155[m[K,
[2.035s]                  from [01m[K/home/ngochoan/dev_ws/src/cpp_pubsub/src/read_date_picoW.cpp:4[m[K:
[2.035s] [01m[K/home/ngochoan/dev_ws/src/cpp_pubsub/src/read_date_picoW.cpp:21:5:[m[K [01;31m[Kerror: [m[Kstatic assertion failed: First argument to logging macros must be an rclcpp::Logger
[2.035s]    21 |     [01;31m[KRCLCPP_INFO[m[K(logger, "I heard: '%lf'", msgh->data[2].data);
[2.036s]       |     [01;31m[K^~~~~~~~~~~[m[K
[2.036s] In file included from [01m[K/opt/ros/humble/include/rclcpp/rclcpp/logging.hpp:24[m[K,
[2.036s]                  from [01m[K/opt/ros/humble/include/rclcpp/rclcpp/client.hpp:40[m[K,
[2.036s]                  from [01m[K/opt/ros/humble/include/rclcpp/rclcpp/callback_group.hpp:24[m[K,
[2.036s]                  from [01m[K/opt/ros/humble/include/rclcpp/rclcpp/any_executable.hpp:20[m[K,
[2.036s]                  from [01m[K/opt/ros/humble/include/rclcpp/rclcpp/memory_strategy.hpp:25[m[K,
[2.036s]                  from [01m[K/opt/ros/humble/include/rclcpp/rclcpp/memory_strategies.hpp:18[m[K,
[2.036s]                  from [01m[K/opt/ros/humble/include/rclcpp/rclcpp/executor_options.hpp:20[m[K,
[2.036s]                  from [01m[K/opt/ros/humble/include/rclcpp/rclcpp/executor.hpp:37[m[K,
[2.036s]                  from [01m[K/opt/ros/humble/include/rclcpp/rclcpp/executors/multi_threaded_executor.hpp:25[m[K,
[2.036s]                  from [01m[K/opt/ros/humble/include/rclcpp/rclcpp/executors.hpp:21[m[K,
[2.036s]                  from [01m[K/opt/ros/humble/include/rclcpp/rclcpp/rclcpp.hpp:155[m[K,
[2.036s]                  from [01m[K/home/ngochoan/dev_ws/src/cpp_pubsub/src/read_date_picoW.cpp:4[m[K:
[2.036s] [01m[K/home/ngochoan/dev_ws/src/cpp_pubsub/src/read_date_picoW.cpp:21:5:[m[K [01;31m[Kerror: [m[Krequest for member ‘[01m[Kget_name[m[K’ in ‘[01m[Klogger[m[K’, which is of non-class type ‘[01m[Kint[m[K’
[2.036s]    21 |     [01;31m[KRCLCPP_INFO[m[K(logger, "I heard: '%lf'", msgh->data[2].data);
[2.036s]       |     [01;31m[K^~~~~~~~~~~[m[K
[2.036s] [01m[K/home/ngochoan/dev_ws/src/cpp_pubsub/src/read_date_picoW.cpp:21:5:[m[K [01;31m[Kerror: [m[Krequest for member ‘[01m[Kget_name[m[K’ in ‘[01m[Klogger[m[K’, which is of non-class type ‘[01m[Kint[m[K’
[2.036s]    21 |     [01;31m[KRCLCPP_INFO[m[K(logger, "I heard: '%lf'", msgh->data[2].data);
[2.036s]       |     [01;31m[K^~~~~~~~~~~[m[K
[2.036s] In file included from [01m[K/opt/ros/humble/include/rclcpp/rclcpp/client.hpp:40[m[K,
[2.036s]                  from [01m[K/opt/ros/humble/include/rclcpp/rclcpp/callback_group.hpp:24[m[K,
[2.037s]                  from [01m[K/opt/ros/humble/include/rclcpp/rclcpp/any_executable.hpp:20[m[K,
[2.037s]                  from [01m[K/opt/ros/humble/include/rclcpp/rclcpp/memory_strategy.hpp:25[m[K,
[2.037s]                  from [01m[K/opt/ros/humble/include/rclcpp/rclcpp/memory_strategies.hpp:18[m[K,
[2.037s]                  from [01m[K/opt/ros/humble/include/rclcpp/rclcpp/executor_options.hpp:20[m[K,
[2.037s]                  from [01m[K/opt/ros/humble/include/rclcpp/rclcpp/executor.hpp:37[m[K,
[2.037s]                  from [01m[K/opt/ros/humble/include/rclcpp/rclcpp/executors/multi_threaded_executor.hpp:25[m[K,
[2.037s]                  from [01m[K/opt/ros/humble/include/rclcpp/rclcpp/executors.hpp:21[m[K,
[2.037s]                  from [01m[K/opt/ros/humble/include/rclcpp/rclcpp/rclcpp.hpp:155[m[K,
[2.037s]                  from [01m[K/home/ngochoan/dev_ws/src/cpp_pubsub/src/read_date_picoW.cpp:4[m[K:
[2.037s] [01m[K/home/ngochoan/dev_ws/src/cpp_pubsub/src/read_date_picoW.cpp:22:5:[m[K [01;31m[Kerror: [m[Kstatic assertion failed: First argument to logging macros must be an rclcpp::Logger
[2.037s]    22 |     [01;31m[KRCLCPP_INFO[m[K(logger, "I heard: '%lf'", msgh->data[3].data);
[2.037s]       |     [01;31m[K^~~~~~~~~~~[m[K
[2.037s] In file included from [01m[K/opt/ros/humble/include/rclcpp/rclcpp/logging.hpp:24[m[K,
[2.037s]                  from [01m[K/opt/ros/humble/include/rclcpp/rclcpp/client.hpp:40[m[K,
[2.037s]                  from [01m[K/opt/ros/humble/include/rclcpp/rclcpp/callback_group.hpp:24[m[K,
[2.037s]                  from [01m[K/opt/ros/humble/include/rclcpp/rclcpp/any_executable.hpp:20[m[K,
[2.037s]                  from [01m[K/opt/ros/humble/include/rclcpp/rclcpp/memory_strategy.hpp:25[m[K,
[2.037s]                  from [01m[K/opt/ros/humble/include/rclcpp/rclcpp/memory_strategies.hpp:18[m[K,
[2.037s]                  from [01m[K/opt/ros/humble/include/rclcpp/rclcpp/executor_options.hpp:20[m[K,
[2.037s]                  from [01m[K/opt/ros/humble/include/rclcpp/rclcpp/executor.hpp:37[m[K,
[2.037s]                  from [01m[K/opt/ros/humble/include/rclcpp/rclcpp/executors/multi_threaded_executor.hpp:25[m[K,
[2.038s]                  from [01m[K/opt/ros/humble/include/rclcpp/rclcpp/executors.hpp:21[m[K,
[2.038s]                  from [01m[K/opt/ros/humble/include/rclcpp/rclcpp/rclcpp.hpp:155[m[K,
[2.038s]                  from [01m[K/home/ngochoan/dev_ws/src/cpp_pubsub/src/read_date_picoW.cpp:4[m[K:
[2.038s] [01m[K/home/ngochoan/dev_ws/src/cpp_pubsub/src/read_date_picoW.cpp:22:5:[m[K [01;31m[Kerror: [m[Krequest for member ‘[01m[Kget_name[m[K’ in ‘[01m[Klogger[m[K’, which is of non-class type ‘[01m[Kint[m[K’
[2.038s]    22 |     [01;31m[KRCLCPP_INFO[m[K(logger, "I heard: '%lf'", msgh->data[3].data);
[2.038s]       |     [01;31m[K^~~~~~~~~~~[m[K
[2.038s] [01m[K/home/ngochoan/dev_ws/src/cpp_pubsub/src/read_date_picoW.cpp:22:5:[m[K [01;31m[Kerror: [m[Krequest for member ‘[01m[Kget_name[m[K’ in ‘[01m[Klogger[m[K’, which is of non-class type ‘[01m[Kint[m[K’
[2.038s]    22 |     [01;31m[KRCLCPP_INFO[m[K(logger, "I heard: '%lf'", msgh->data[3].data);
[2.038s]       |     [01;31m[K^~~~~~~~~~~[m[K
[2.038s] [01m[K/home/ngochoan/dev_ws/src/cpp_pubsub/src/read_date_picoW.cpp:[m[K In function ‘[01m[Kint main(int, char**)[m[K’:
[2.038s] [01m[K/home/ngochoan/dev_ws/src/cpp_pubsub/src/read_date_picoW.cpp:30:5:[m[K [01;31m[Kerror: [m[K‘[01m[Kglobal_logger[m[K’ was not declared in this scope
[2.038s]    30 |     [01;31m[Kglobal_logger[m[K = rcl_get_zero_initialized_logger();
[2.038s]       |     [01;31m[K^~~~~~~~~~~~~[m[K
[2.041s] [01m[K/home/ngochoan/dev_ws/src/cpp_pubsub/src/read_date_picoW.cpp:30:21:[m[K [01;31m[Kerror: [m[K‘[01m[Krcl_get_zero_initialized_logger[m[K’ was not declared in this scope; did you mean ‘[01m[Krcl_get_zero_initialized_timer[m[K’?
[2.041s]    30 |     global_logger = [01;31m[Krcl_get_zero_initialized_logger[m[K();
[2.041s]       |                     [01;31m[K^~~~~~~~~~~~~~~~~~~~~~~~~~~~~~~[m[K
[2.041s]       |                     [32m[Krcl_get_zero_initialized_timer[m[K
[2.400s] gmake[2]: *** [CMakeFiles/listener_pico.dir/build.make:76: CMakeFiles/listener_pico.dir/src/read_date_picoW.cpp.o] Error 1
[2.400s] gmake[1]: *** [CMakeFiles/Makefile2:193: CMakeFiles/listener_pico.dir/all] Error 2
[2.400s] gmake: *** [Makefile:146: all] Error 2
[2.402s] Invoked command in '/home/ngochoan/dev_ws/build/cpp_pubsub' returned '2': CMAKE_PREFIX_PATH=/home/ngochoan/dev_ws/install/tutorial_interfaces:/home/ngochoan/dev_ws/install/cpp_pubsub:/home/ngochoan/dev_ws/install/test_package:/home/ngochoan/dev_ws/install/turtlesim:/home/ngochoan/dev_ws/install/my_package:/home/ngochoan/dev_ws/install/cpp_srvcli:/opt/ros/humble /usr/bin/cmake --build /home/ngochoan/dev_ws/build/cpp_pubsub -- -j8 -l8
