[1.030s] DEBUG:colcon:Command line arguments: ['/usr/bin/colcon', 'build']
[1.030s] DEBUG:colcon:Parsed command line arguments: Namespace(log_base=None, log_level=None, verb_name='build', build_base='build', install_base='install', merge_install=False, symlink_install=False, test_result_base=None, continue_on_error=False, executor='parallel', parallel_workers=8, event_handlers=None, ignore_user_meta=False, metas=['./colcon.meta'], base_paths=['.'], packages_ignore=None, packages_ignore_regex=None, paths=None, packages_up_to=None, packages_up_to_regex=None, packages_above=None, packages_above_and_dependencies=None, packages_above_depth=None, packages_select_by_dep=None, packages_skip_by_dep=None, packages_skip_up_to=None, packages_select_build_failed=False, packages_skip_build_finished=False, packages_select_test_failures=False, packages_skip_test_passed=False, packages_select=None, packages_skip=None, packages_select_regex=None, packages_skip_regex=None, packages_start=None, packages_end=None, allow_overriding=[], cmake_args=None, cmake_target=None, cmake_target_skip_unavailable=False, cmake_clean_cache=False, cmake_clean_first=False, cmake_force_configure=False, ament_cmake_args=None, catkin_cmake_args=None, catkin_skip_building_tests=False, verb_parser=<colcon_defaults.argument_parser.defaults.DefaultArgumentsDecorator object at 0x7f3083a6c580>, verb_extension=<colcon_core.verb.build.BuildVerb object at 0x7f3083a6ca60>, main=<bound method BuildVerb.main of <colcon_core.verb.build.BuildVerb object at 0x7f3083a6ca60>>)
[1.103s] Level 1:colcon.colcon_core.package_discovery:discover_packages(colcon_meta) check parameters
[1.103s] Level 1:colcon.colcon_core.package_discovery:discover_packages(recursive) check parameters
[1.103s] Level 1:colcon.colcon_core.package_discovery:discover_packages(ignore) check parameters
[1.104s] Level 1:colcon.colcon_core.package_discovery:discover_packages(path) check parameters
[1.104s] Level 1:colcon.colcon_core.package_discovery:discover_packages(colcon_meta) discover
[1.104s] Level 1:colcon.colcon_core.package_discovery:discover_packages(recursive) discover
[1.104s] INFO:colcon.colcon_core.package_discovery:Crawling recursively for packages in '/home/ngochoan/dev_ws'
[1.104s] Level 1:colcon.colcon_core.package_identification:_identify(.) by extensions ['ignore', 'ignore_ament_install']
[1.104s] Level 1:colcon.colcon_core.package_identification:_identify(.) by extension 'ignore'
[1.104s] Level 1:colcon.colcon_core.package_identification:_identify(.) by extension 'ignore_ament_install'
[1.104s] Level 1:colcon.colcon_core.package_identification:_identify(.) by extensions ['colcon_pkg']
[1.104s] Level 1:colcon.colcon_core.package_identification:_identify(.) by extension 'colcon_pkg'
[1.104s] Level 1:colcon.colcon_core.package_identification:_identify(.) by extensions ['colcon_meta']
[1.104s] Level 1:colcon.colcon_core.package_identification:_identify(.) by extension 'colcon_meta'
[1.104s] Level 1:colcon.colcon_core.package_identification:_identify(.) by extensions ['ros']
[1.104s] Level 1:colcon.colcon_core.package_identification:_identify(.) by extension 'ros'
[1.116s] Level 1:colcon.colcon_core.package_identification:_identify(.) by extensions ['cmake', 'python']
[1.116s] Level 1:colcon.colcon_core.package_identification:_identify(.) by extension 'cmake'
[1.116s] Level 1:colcon.colcon_core.package_identification:_identify(.) by extension 'python'
[1.116s] Level 1:colcon.colcon_core.package_identification:_identify(.) by extensions ['python_setup_py']
[1.116s] Level 1:colcon.colcon_core.package_identification:_identify(.) by extension 'python_setup_py'
[1.116s] Level 1:colcon.colcon_core.package_identification:_identify(build) by extensions ['ignore', 'ignore_ament_install']
[1.116s] Level 1:colcon.colcon_core.package_identification:_identify(build) by extension 'ignore'
[1.116s] Level 1:colcon.colcon_core.package_identification:_identify(build) ignored
[1.117s] Level 1:colcon.colcon_core.package_identification:_identify(install) by extensions ['ignore', 'ignore_ament_install']
[1.117s] Level 1:colcon.colcon_core.package_identification:_identify(install) by extension 'ignore'
[1.117s] Level 1:colcon.colcon_core.package_identification:_identify(install) ignored
[1.117s] Level 1:colcon.colcon_core.package_identification:_identify(log) by extensions ['ignore', 'ignore_ament_install']
[1.117s] Level 1:colcon.colcon_core.package_identification:_identify(log) by extension 'ignore'
[1.117s] Level 1:colcon.colcon_core.package_identification:_identify(log) ignored
[1.117s] Level 1:colcon.colcon_core.package_identification:_identify(src) by extensions ['ignore', 'ignore_ament_install']
[1.117s] Level 1:colcon.colcon_core.package_identification:_identify(src) by extension 'ignore'
[1.117s] Level 1:colcon.colcon_core.package_identification:_identify(src) by extension 'ignore_ament_install'
[1.118s] Level 1:colcon.colcon_core.package_identification:_identify(src) by extensions ['colcon_pkg']
[1.118s] Level 1:colcon.colcon_core.package_identification:_identify(src) by extension 'colcon_pkg'
[1.118s] Level 1:colcon.colcon_core.package_identification:_identify(src) by extensions ['colcon_meta']
[1.118s] Level 1:colcon.colcon_core.package_identification:_identify(src) by extension 'colcon_meta'
[1.118s] Level 1:colcon.colcon_core.package_identification:_identify(src) by extensions ['ros']
[1.118s] Level 1:colcon.colcon_core.package_identification:_identify(src) by extension 'ros'
[1.118s] Level 1:colcon.colcon_core.package_identification:_identify(src) by extensions ['cmake', 'python']
[1.118s] Level 1:colcon.colcon_core.package_identification:_identify(src) by extension 'cmake'
[1.118s] Level 1:colcon.colcon_core.package_identification:_identify(src) by extension 'python'
[1.118s] Level 1:colcon.colcon_core.package_identification:_identify(src) by extensions ['python_setup_py']
[1.118s] Level 1:colcon.colcon_core.package_identification:_identify(src) by extension 'python_setup_py'
[1.118s] Level 1:colcon.colcon_core.package_identification:_identify(src/cpp_pubsub) by extensions ['ignore', 'ignore_ament_install']
[1.118s] Level 1:colcon.colcon_core.package_identification:_identify(src/cpp_pubsub) by extension 'ignore'
[1.118s] Level 1:colcon.colcon_core.package_identification:_identify(src/cpp_pubsub) by extension 'ignore_ament_install'
[1.119s] Level 1:colcon.colcon_core.package_identification:_identify(src/cpp_pubsub) by extensions ['colcon_pkg']
[1.119s] Level 1:colcon.colcon_core.package_identification:_identify(src/cpp_pubsub) by extension 'colcon_pkg'
[1.119s] Level 1:colcon.colcon_core.package_identification:_identify(src/cpp_pubsub) by extensions ['colcon_meta']
[1.119s] Level 1:colcon.colcon_core.package_identification:_identify(src/cpp_pubsub) by extension 'colcon_meta'
[1.119s] Level 1:colcon.colcon_core.package_identification:_identify(src/cpp_pubsub) by extensions ['ros']
[1.119s] Level 1:colcon.colcon_core.package_identification:_identify(src/cpp_pubsub) by extension 'ros'
[1.123s] DEBUG:colcon.colcon_core.package_identification:Package 'src/cpp_pubsub' with type 'ros.ament_cmake' and name 'cpp_pubsub'
[1.123s] Level 1:colcon.colcon_core.package_identification:_identify(src/cpp_srvcli) by extensions ['ignore', 'ignore_ament_install']
[1.123s] Level 1:colcon.colcon_core.package_identification:_identify(src/cpp_srvcli) by extension 'ignore'
[1.123s] Level 1:colcon.colcon_core.package_identification:_identify(src/cpp_srvcli) by extension 'ignore_ament_install'
[1.124s] Level 1:colcon.colcon_core.package_identification:_identify(src/cpp_srvcli) by extensions ['colcon_pkg']
[1.124s] Level 1:colcon.colcon_core.package_identification:_identify(src/cpp_srvcli) by extension 'colcon_pkg'
[1.124s] Level 1:colcon.colcon_core.package_identification:_identify(src/cpp_srvcli) by extensions ['colcon_meta']
[1.124s] Level 1:colcon.colcon_core.package_identification:_identify(src/cpp_srvcli) by extension 'colcon_meta'
[1.124s] Level 1:colcon.colcon_core.package_identification:_identify(src/cpp_srvcli) by extensions ['ros']
[1.124s] Level 1:colcon.colcon_core.package_identification:_identify(src/cpp_srvcli) by extension 'ros'
[1.125s] DEBUG:colcon.colcon_core.package_identification:Package 'src/cpp_srvcli' with type 'ros.ament_cmake' and name 'cpp_srvcli'
[1.125s] Level 1:colcon.colcon_core.package_identification:_identify(src/test_package) by extensions ['ignore', 'ignore_ament_install']
[1.125s] Level 1:colcon.colcon_core.package_identification:_identify(src/test_package) by extension 'ignore'
[1.125s] Level 1:colcon.colcon_core.package_identification:_identify(src/test_package) by extension 'ignore_ament_install'
[1.125s] Level 1:colcon.colcon_core.package_identification:_identify(src/test_package) by extensions ['colcon_pkg']
[1.125s] Level 1:colcon.colcon_core.package_identification:_identify(src/test_package) by extension 'colcon_pkg'
[1.125s] Level 1:colcon.colcon_core.package_identification:_identify(src/test_package) by extensions ['colcon_meta']
[1.125s] Level 1:colcon.colcon_core.package_identification:_identify(src/test_package) by extension 'colcon_meta'
[1.125s] Level 1:colcon.colcon_core.package_identification:_identify(src/test_package) by extensions ['ros']
[1.125s] Level 1:colcon.colcon_core.package_identification:_identify(src/test_package) by extension 'ros'
[1.126s] DEBUG:colcon.colcon_core.package_identification:Package 'src/test_package' with type 'ros.ament_cmake' and name 'test_package'
[1.126s] Level 1:colcon.colcon_core.package_identification:_identify(src/tutorial_interfaces) by extensions ['ignore', 'ignore_ament_install']
[1.126s] Level 1:colcon.colcon_core.package_identification:_identify(src/tutorial_interfaces) by extension 'ignore'
[1.127s] Level 1:colcon.colcon_core.package_identification:_identify(src/tutorial_interfaces) by extension 'ignore_ament_install'
[1.127s] Level 1:colcon.colcon_core.package_identification:_identify(src/tutorial_interfaces) by extensions ['colcon_pkg']
[1.127s] Level 1:colcon.colcon_core.package_identification:_identify(src/tutorial_interfaces) by extension 'colcon_pkg'
[1.127s] Level 1:colcon.colcon_core.package_identification:_identify(src/tutorial_interfaces) by extensions ['colcon_meta']
[1.127s] Level 1:colcon.colcon_core.package_identification:_identify(src/tutorial_interfaces) by extension 'colcon_meta'
[1.127s] Level 1:colcon.colcon_core.package_identification:_identify(src/tutorial_interfaces) by extensions ['ros']
[1.127s] Level 1:colcon.colcon_core.package_identification:_identify(src/tutorial_interfaces) by extension 'ros'
[1.128s] DEBUG:colcon.colcon_core.package_identification:Package 'src/tutorial_interfaces' with type 'ros.ament_cmake' and name 'tutorial_interfaces'
[1.128s] Level 1:colcon.colcon_core.package_discovery:discover_packages(recursive) using defaults
[1.128s] Level 1:colcon.colcon_core.package_discovery:discover_packages(ignore) discover
[1.128s] Level 1:colcon.colcon_core.package_discovery:discover_packages(ignore) using defaults
[1.128s] Level 1:colcon.colcon_core.package_discovery:discover_packages(path) discover
[1.128s] Level 1:colcon.colcon_core.package_discovery:discover_packages(path) using defaults
[1.222s] Level 1:colcon.colcon_core.package_discovery:discover_packages(prefix_path) check parameters
[1.222s] Level 1:colcon.colcon_core.package_discovery:discover_packages(prefix_path) discover
[1.251s] DEBUG:colcon.colcon_installed_package_information.package_discovery:Found 330 installed packages in /opt/ros/humble
[1.252s] Level 1:colcon.colcon_core.package_discovery:discover_packages(prefix_path) using defaults
[1.341s] Level 5:colcon.colcon_core.verb:set package 'cpp_pubsub' build argument 'cmake_args' from command line to 'None'
[1.341s] Level 5:colcon.colcon_core.verb:set package 'cpp_pubsub' build argument 'cmake_target' from command line to 'None'
[1.341s] Level 5:colcon.colcon_core.verb:set package 'cpp_pubsub' build argument 'cmake_target_skip_unavailable' from command line to 'False'
[1.341s] Level 5:colcon.colcon_core.verb:set package 'cpp_pubsub' build argument 'cmake_clean_cache' from command line to 'False'
[1.341s] Level 5:colcon.colcon_core.verb:set package 'cpp_pubsub' build argument 'cmake_clean_first' from command line to 'False'
[1.342s] Level 5:colcon.colcon_core.verb:set package 'cpp_pubsub' build argument 'cmake_force_configure' from command line to 'False'
[1.342s] Level 5:colcon.colcon_core.verb:set package 'cpp_pubsub' build argument 'ament_cmake_args' from command line to 'None'
[1.342s] Level 5:colcon.colcon_core.verb:set package 'cpp_pubsub' build argument 'catkin_cmake_args' from command line to 'None'
[1.342s] Level 5:colcon.colcon_core.verb:set package 'cpp_pubsub' build argument 'catkin_skip_building_tests' from command line to 'False'
[1.342s] DEBUG:colcon.colcon_core.verb:Building package 'cpp_pubsub' with the following arguments: {'ament_cmake_args': None, 'build_base': '/home/ngochoan/dev_ws/build/cpp_pubsub', 'catkin_cmake_args': None, 'catkin_skip_building_tests': False, 'cmake_args': None, 'cmake_clean_cache': False, 'cmake_clean_first': False, 'cmake_force_configure': False, 'cmake_target': None, 'cmake_target_skip_unavailable': False, 'install_base': '/home/ngochoan/dev_ws/install/cpp_pubsub', 'merge_install': False, 'path': '/home/ngochoan/dev_ws/src/cpp_pubsub', 'symlink_install': False, 'test_result_base': None}
[1.355s] Level 5:colcon.colcon_core.verb:set package 'cpp_srvcli' build argument 'cmake_args' from command line to 'None'
[1.355s] Level 5:colcon.colcon_core.verb:set package 'cpp_srvcli' build argument 'cmake_target' from command line to 'None'
[1.355s] Level 5:colcon.colcon_core.verb:set package 'cpp_srvcli' build argument 'cmake_target_skip_unavailable' from command line to 'False'
[1.355s] Level 5:colcon.colcon_core.verb:set package 'cpp_srvcli' build argument 'cmake_clean_cache' from command line to 'False'
[1.355s] Level 5:colcon.colcon_core.verb:set package 'cpp_srvcli' build argument 'cmake_clean_first' from command line to 'False'
[1.355s] Level 5:colcon.colcon_core.verb:set package 'cpp_srvcli' build argument 'cmake_force_configure' from command line to 'False'
[1.355s] Level 5:colcon.colcon_core.verb:set package 'cpp_srvcli' build argument 'ament_cmake_args' from command line to 'None'
[1.355s] Level 5:colcon.colcon_core.verb:set package 'cpp_srvcli' build argument 'catkin_cmake_args' from command line to 'None'
[1.355s] Level 5:colcon.colcon_core.verb:set package 'cpp_srvcli' build argument 'catkin_skip_building_tests' from command line to 'False'
[1.355s] DEBUG:colcon.colcon_core.verb:Building package 'cpp_srvcli' with the following arguments: {'ament_cmake_args': None, 'build_base': '/home/ngochoan/dev_ws/build/cpp_srvcli', 'catkin_cmake_args': None, 'catkin_skip_building_tests': False, 'cmake_args': None, 'cmake_clean_cache': False, 'cmake_clean_first': False, 'cmake_force_configure': False, 'cmake_target': None, 'cmake_target_skip_unavailable': False, 'install_base': '/home/ngochoan/dev_ws/install/cpp_srvcli', 'merge_install': False, 'path': '/home/ngochoan/dev_ws/src/cpp_srvcli', 'symlink_install': False, 'test_result_base': None}
[1.368s] Level 5:colcon.colcon_core.verb:set package 'test_package' build argument 'cmake_args' from command line to 'None'
[1.368s] Level 5:colcon.colcon_core.verb:set package 'test_package' build argument 'cmake_target' from command line to 'None'
[1.368s] Level 5:colcon.colcon_core.verb:set package 'test_package' build argument 'cmake_target_skip_unavailable' from command line to 'False'
[1.368s] Level 5:colcon.colcon_core.verb:set package 'test_package' build argument 'cmake_clean_cache' from command line to 'False'
[1.368s] Level 5:colcon.colcon_core.verb:set package 'test_package' build argument 'cmake_clean_first' from command line to 'False'
[1.368s] Level 5:colcon.colcon_core.verb:set package 'test_package' build argument 'cmake_force_configure' from command line to 'False'
[1.368s] Level 5:colcon.colcon_core.verb:set package 'test_package' build argument 'ament_cmake_args' from command line to 'None'
[1.368s] Level 5:colcon.colcon_core.verb:set package 'test_package' build argument 'catkin_cmake_args' from command line to 'None'
[1.368s] Level 5:colcon.colcon_core.verb:set package 'test_package' build argument 'catkin_skip_building_tests' from command line to 'False'
[1.368s] DEBUG:colcon.colcon_core.verb:Building package 'test_package' with the following arguments: {'ament_cmake_args': None, 'build_base': '/home/ngochoan/dev_ws/build/test_package', 'catkin_cmake_args': None, 'catkin_skip_building_tests': False, 'cmake_args': None, 'cmake_clean_cache': False, 'cmake_clean_first': False, 'cmake_force_configure': False, 'cmake_target': None, 'cmake_target_skip_unavailable': False, 'install_base': '/home/ngochoan/dev_ws/install/test_package', 'merge_install': False, 'path': '/home/ngochoan/dev_ws/src/test_package', 'symlink_install': False, 'test_result_base': None}
[1.382s] Level 5:colcon.colcon_core.verb:set package 'tutorial_interfaces' build argument 'cmake_args' from command line to 'None'
[1.382s] Level 5:colcon.colcon_core.verb:set package 'tutorial_interfaces' build argument 'cmake_target' from command line to 'None'
[1.382s] Level 5:colcon.colcon_core.verb:set package 'tutorial_interfaces' build argument 'cmake_target_skip_unavailable' from command line to 'False'
[1.382s] Level 5:colcon.colcon_core.verb:set package 'tutorial_interfaces' build argument 'cmake_clean_cache' from command line to 'False'
[1.382s] Level 5:colcon.colcon_core.verb:set package 'tutorial_interfaces' build argument 'cmake_clean_first' from command line to 'False'
[1.382s] Level 5:colcon.colcon_core.verb:set package 'tutorial_interfaces' build argument 'cmake_force_configure' from command line to 'False'
[1.382s] Level 5:colcon.colcon_core.verb:set package 'tutorial_interfaces' build argument 'ament_cmake_args' from command line to 'None'
[1.382s] Level 5:colcon.colcon_core.verb:set package 'tutorial_interfaces' build argument 'catkin_cmake_args' from command line to 'None'
[1.382s] Level 5:colcon.colcon_core.verb:set package 'tutorial_interfaces' build argument 'catkin_skip_building_tests' from command line to 'False'
[1.382s] DEBUG:colcon.colcon_core.verb:Building package 'tutorial_interfaces' with the following arguments: {'ament_cmake_args': None, 'build_base': '/home/ngochoan/dev_ws/build/tutorial_interfaces', 'catkin_cmake_args': None, 'catkin_skip_building_tests': False, 'cmake_args': None, 'cmake_clean_cache': False, 'cmake_clean_first': False, 'cmake_force_configure': False, 'cmake_target': None, 'cmake_target_skip_unavailable': False, 'install_base': '/home/ngochoan/dev_ws/install/tutorial_interfaces', 'merge_install': False, 'path': '/home/ngochoan/dev_ws/src/tutorial_interfaces', 'symlink_install': False, 'test_result_base': None}
[1.395s] INFO:colcon.colcon_core.executor:Executing jobs using 'parallel' executor
[1.409s] DEBUG:colcon.colcon_parallel_executor.executor.parallel:run_until_complete
[1.409s] INFO:colcon.colcon_ros.task.ament_cmake.build:Building ROS package in '/home/ngochoan/dev_ws/src/cpp_pubsub' with build type 'ament_cmake'
[1.409s] INFO:colcon.colcon_cmake.task.cmake.build:Building CMake package in '/home/ngochoan/dev_ws/src/cpp_pubsub'
[1.438s] INFO:colcon.colcon_core.plugin_system:Skipping extension 'colcon_core.shell.bat': Not used on non-Windows systems
[1.438s] INFO:colcon.colcon_core.shell:Skip shell extension 'powershell' for command environment: Not usable outside of PowerShell
[1.438s] DEBUG:colcon.colcon_core.shell:Skip shell extension 'dsv' for command environment
[1.468s] INFO:colcon.colcon_ros.task.ament_cmake.build:Building ROS package in '/home/ngochoan/dev_ws/src/cpp_srvcli' with build type 'ament_cmake'
[1.468s] INFO:colcon.colcon_cmake.task.cmake.build:Building CMake package in '/home/ngochoan/dev_ws/src/cpp_srvcli'
[1.482s] INFO:colcon.colcon_core.shell:Skip shell extension 'powershell' for command environment: Not usable outside of PowerShell
[1.482s] DEBUG:colcon.colcon_core.shell:Skip shell extension 'dsv' for command environment
[1.513s] INFO:colcon.colcon_ros.task.ament_cmake.build:Building ROS package in '/home/ngochoan/dev_ws/src/test_package' with build type 'ament_cmake'
[1.513s] INFO:colcon.colcon_cmake.task.cmake.build:Building CMake package in '/home/ngochoan/dev_ws/src/test_package'
[1.529s] INFO:colcon.colcon_core.shell:Skip shell extension 'powershell' for command environment: Not usable outside of PowerShell
[1.529s] DEBUG:colcon.colcon_core.shell:Skip shell extension 'dsv' for command environment
[1.561s] INFO:colcon.colcon_ros.task.ament_cmake.build:Building ROS package in '/home/ngochoan/dev_ws/src/tutorial_interfaces' with build type 'ament_cmake'
[1.561s] INFO:colcon.colcon_cmake.task.cmake.build:Building CMake package in '/home/ngochoan/dev_ws/src/tutorial_interfaces'
[1.576s] INFO:colcon.colcon_core.shell:Skip shell extension 'powershell' for command environment: Not usable outside of PowerShell
[1.576s] DEBUG:colcon.colcon_core.shell:Skip shell extension 'dsv' for command environment
[1.612s] DEBUG:colcon.colcon_core.event_handler.log_command:Invoking command in '/home/ngochoan/dev_ws/build/cpp_pubsub': CMAKE_PREFIX_PATH=/opt/ros/humble /usr/bin/cmake --build /home/ngochoan/dev_ws/build/cpp_pubsub -- -j8 -l8
[1.619s] DEBUG:colcon.colcon_core.event_handler.log_command:Invoking command in '/home/ngochoan/dev_ws/build/cpp_srvcli': CMAKE_PREFIX_PATH=/opt/ros/humble /usr/bin/cmake --build /home/ngochoan/dev_ws/build/cpp_srvcli -- -j8 -l8
[1.622s] DEBUG:colcon.colcon_core.event_handler.log_command:Invoking command in '/home/ngochoan/dev_ws/build/test_package': CMAKE_PREFIX_PATH=/opt/ros/humble /usr/bin/cmake --build /home/ngochoan/dev_ws/build/test_package -- -j8 -l8
[1.628s] DEBUG:colcon.colcon_core.event_handler.log_command:Invoking command in '/home/ngochoan/dev_ws/build/tutorial_interfaces': CMAKE_PREFIX_PATH=/opt/ros/humble /usr/bin/cmake --build /home/ngochoan/dev_ws/build/tutorial_interfaces -- -j8 -l8
[1.693s] DEBUG:colcon.colcon_core.event_handler.log_command:Invoked command in '/home/ngochoan/dev_ws/build/test_package' returned '0': CMAKE_PREFIX_PATH=/opt/ros/humble /usr/bin/cmake --build /home/ngochoan/dev_ws/build/test_package -- -j8 -l8
[1.701s] DEBUG:colcon.colcon_core.event_handler.log_command:Invoked command in '/home/ngochoan/dev_ws/build/cpp_pubsub' returned '0': CMAKE_PREFIX_PATH=/opt/ros/humble /usr/bin/cmake --build /home/ngochoan/dev_ws/build/cpp_pubsub -- -j8 -l8
[1.702s] DEBUG:colcon.colcon_core.event_handler.log_command:Invoked command in '/home/ngochoan/dev_ws/build/cpp_srvcli' returned '0': CMAKE_PREFIX_PATH=/opt/ros/humble /usr/bin/cmake --build /home/ngochoan/dev_ws/build/cpp_srvcli -- -j8 -l8
[1.723s] DEBUG:colcon.colcon_core.event_handler.log_command:Invoking command in '/home/ngochoan/dev_ws/build/test_package': CMAKE_PREFIX_PATH=/opt/ros/humble /usr/bin/cmake --install /home/ngochoan/dev_ws/build/test_package
[1.728s] DEBUG:colcon.colcon_core.event_handler.log_command:Invoking command in '/home/ngochoan/dev_ws/build/cpp_pubsub': CMAKE_PREFIX_PATH=/opt/ros/humble /usr/bin/cmake --install /home/ngochoan/dev_ws/build/cpp_pubsub
[1.731s] DEBUG:colcon.colcon_core.event_handler.log_command:Invoking command in '/home/ngochoan/dev_ws/build/cpp_srvcli': CMAKE_PREFIX_PATH=/opt/ros/humble /usr/bin/cmake --install /home/ngochoan/dev_ws/build/cpp_srvcli
[1.741s] Level 1:colcon.colcon_core.environment:create_environment_scripts_only(cpp_pubsub)
[1.743s] DEBUG:colcon.colcon_core.event_handler.log_command:Invoked command in '/home/ngochoan/dev_ws/build/cpp_pubsub' returned '0': CMAKE_PREFIX_PATH=/opt/ros/humble /usr/bin/cmake --install /home/ngochoan/dev_ws/build/cpp_pubsub
[1.762s] Level 1:colcon.colcon_core.environment:checking '/home/ngochoan/dev_ws/install/cpp_pubsub' for CMake module files
[1.763s] Level 1:colcon.colcon_core.environment:checking '/home/ngochoan/dev_ws/install/cpp_pubsub' for CMake config files
[1.763s] Level 1:colcon.colcon_core.shell:create_environment_hook('cpp_pubsub', 'cmake_prefix_path')
[1.777s] INFO:colcon.colcon_core.shell:Creating environment hook '/home/ngochoan/dev_ws/install/cpp_pubsub/share/cpp_pubsub/hook/cmake_prefix_path.ps1'
[1.778s] INFO:colcon.colcon_core.shell:Creating environment descriptor '/home/ngochoan/dev_ws/install/cpp_pubsub/share/cpp_pubsub/hook/cmake_prefix_path.dsv'
[1.778s] INFO:colcon.colcon_core.shell:Creating environment hook '/home/ngochoan/dev_ws/install/cpp_pubsub/share/cpp_pubsub/hook/cmake_prefix_path.sh'
[1.779s] Level 1:colcon.colcon_core.environment:checking '/home/ngochoan/dev_ws/install/cpp_pubsub/lib'
[1.779s] Level 1:colcon.colcon_core.environment:checking '/home/ngochoan/dev_ws/install/cpp_pubsub/bin'
[1.779s] Level 1:colcon.colcon_core.environment:checking '/home/ngochoan/dev_ws/install/cpp_pubsub/lib/pkgconfig/cpp_pubsub.pc'
[1.779s] Level 1:colcon.colcon_core.environment:checking '/home/ngochoan/dev_ws/install/cpp_pubsub/lib/python3.10/site-packages'
[1.780s] Level 1:colcon.colcon_core.environment:checking '/home/ngochoan/dev_ws/install/cpp_pubsub/bin'
[1.793s] INFO:colcon.colcon_core.shell:Creating package script '/home/ngochoan/dev_ws/install/cpp_pubsub/share/cpp_pubsub/package.ps1'
[1.794s] INFO:colcon.colcon_core.shell:Creating package descriptor '/home/ngochoan/dev_ws/install/cpp_pubsub/share/cpp_pubsub/package.dsv'
[1.794s] INFO:colcon.colcon_core.shell:Creating package script '/home/ngochoan/dev_ws/install/cpp_pubsub/share/cpp_pubsub/package.sh'
[1.795s] INFO:colcon.colcon_core.shell:Creating package script '/home/ngochoan/dev_ws/install/cpp_pubsub/share/cpp_pubsub/package.bash'
[1.796s] INFO:colcon.colcon_core.shell:Creating package script '/home/ngochoan/dev_ws/install/cpp_pubsub/share/cpp_pubsub/package.zsh'
[1.797s] Level 1:colcon.colcon_core.environment:create_file_with_runtime_dependencies(/home/ngochoan/dev_ws/install/cpp_pubsub/share/colcon-core/packages/cpp_pubsub)
[1.798s] Level 1:colcon.colcon_core.environment:create_environment_scripts_only(test_package)
[1.799s] DEBUG:colcon.colcon_core.event_handler.log_command:Invoked command in '/home/ngochoan/dev_ws/build/test_package' returned '0': CMAKE_PREFIX_PATH=/opt/ros/humble /usr/bin/cmake --install /home/ngochoan/dev_ws/build/test_package
[1.813s] Level 1:colcon.colcon_core.environment:checking '/home/ngochoan/dev_ws/install/test_package' for CMake module files
[1.814s] Level 1:colcon.colcon_core.environment:checking '/home/ngochoan/dev_ws/install/test_package' for CMake config files
[1.814s] Level 1:colcon.colcon_core.shell:create_environment_hook('test_package', 'cmake_prefix_path')
[1.830s] INFO:colcon.colcon_core.shell:Creating environment hook '/home/ngochoan/dev_ws/install/test_package/share/test_package/hook/cmake_prefix_path.ps1'
[1.831s] INFO:colcon.colcon_core.shell:Creating environment descriptor '/home/ngochoan/dev_ws/install/test_package/share/test_package/hook/cmake_prefix_path.dsv'
[1.831s] INFO:colcon.colcon_core.shell:Creating environment hook '/home/ngochoan/dev_ws/install/test_package/share/test_package/hook/cmake_prefix_path.sh'
[1.831s] Level 1:colcon.colcon_core.environment:checking '/home/ngochoan/dev_ws/install/test_package/lib'
[1.832s] Level 1:colcon.colcon_core.environment:checking '/home/ngochoan/dev_ws/install/test_package/bin'
[1.832s] Level 1:colcon.colcon_core.environment:checking '/home/ngochoan/dev_ws/install/test_package/lib/pkgconfig/test_package.pc'
[1.832s] Level 1:colcon.colcon_core.environment:checking '/home/ngochoan/dev_ws/install/test_package/lib/python3.10/site-packages'
[1.832s] Level 1:colcon.colcon_core.environment:checking '/home/ngochoan/dev_ws/install/test_package/bin'
[1.846s] INFO:colcon.colcon_core.shell:Creating package script '/home/ngochoan/dev_ws/install/test_package/share/test_package/package.ps1'
[1.847s] INFO:colcon.colcon_core.shell:Creating package descriptor '/home/ngochoan/dev_ws/install/test_package/share/test_package/package.dsv'
[1.847s] INFO:colcon.colcon_core.shell:Creating package script '/home/ngochoan/dev_ws/install/test_package/share/test_package/package.sh'
[1.847s] INFO:colcon.colcon_core.shell:Creating package script '/home/ngochoan/dev_ws/install/test_package/share/test_package/package.bash'
[1.848s] INFO:colcon.colcon_core.shell:Creating package script '/home/ngochoan/dev_ws/install/test_package/share/test_package/package.zsh'
[1.848s] Level 1:colcon.colcon_core.environment:create_file_with_runtime_dependencies(/home/ngochoan/dev_ws/install/test_package/share/colcon-core/packages/test_package)
[1.849s] Level 1:colcon.colcon_core.environment:create_environment_scripts_only(cpp_srvcli)
[1.850s] DEBUG:colcon.colcon_core.event_handler.log_command:Invoked command in '/home/ngochoan/dev_ws/build/cpp_srvcli' returned '0': CMAKE_PREFIX_PATH=/opt/ros/humble /usr/bin/cmake --install /home/ngochoan/dev_ws/build/cpp_srvcli
[1.864s] Level 1:colcon.colcon_core.environment:checking '/home/ngochoan/dev_ws/install/cpp_srvcli' for CMake module files
[1.865s] Level 1:colcon.colcon_core.environment:checking '/home/ngochoan/dev_ws/install/cpp_srvcli' for CMake config files
[1.865s] Level 1:colcon.colcon_core.shell:create_environment_hook('cpp_srvcli', 'cmake_prefix_path')
[1.878s] INFO:colcon.colcon_core.shell:Creating environment hook '/home/ngochoan/dev_ws/install/cpp_srvcli/share/cpp_srvcli/hook/cmake_prefix_path.ps1'
[1.879s] INFO:colcon.colcon_core.shell:Creating environment descriptor '/home/ngochoan/dev_ws/install/cpp_srvcli/share/cpp_srvcli/hook/cmake_prefix_path.dsv'
[1.879s] INFO:colcon.colcon_core.shell:Creating environment hook '/home/ngochoan/dev_ws/install/cpp_srvcli/share/cpp_srvcli/hook/cmake_prefix_path.sh'
[1.879s] Level 1:colcon.colcon_core.environment:checking '/home/ngochoan/dev_ws/install/cpp_srvcli/lib'
[1.879s] Level 1:colcon.colcon_core.environment:checking '/home/ngochoan/dev_ws/install/cpp_srvcli/bin'
[1.879s] Level 1:colcon.colcon_core.environment:checking '/home/ngochoan/dev_ws/install/cpp_srvcli/lib/pkgconfig/cpp_srvcli.pc'
[1.880s] Level 1:colcon.colcon_core.environment:checking '/home/ngochoan/dev_ws/install/cpp_srvcli/lib/python3.10/site-packages'
[1.880s] Level 1:colcon.colcon_core.environment:checking '/home/ngochoan/dev_ws/install/cpp_srvcli/bin'
[1.899s] INFO:colcon.colcon_core.shell:Creating package script '/home/ngochoan/dev_ws/install/cpp_srvcli/share/cpp_srvcli/package.ps1'
[1.900s] INFO:colcon.colcon_core.shell:Creating package descriptor '/home/ngochoan/dev_ws/install/cpp_srvcli/share/cpp_srvcli/package.dsv'
[1.900s] INFO:colcon.colcon_core.shell:Creating package script '/home/ngochoan/dev_ws/install/cpp_srvcli/share/cpp_srvcli/package.sh'
[1.900s] INFO:colcon.colcon_core.shell:Creating package script '/home/ngochoan/dev_ws/install/cpp_srvcli/share/cpp_srvcli/package.bash'
[1.901s] INFO:colcon.colcon_core.shell:Creating package script '/home/ngochoan/dev_ws/install/cpp_srvcli/share/cpp_srvcli/package.zsh'
[1.901s] Level 1:colcon.colcon_core.environment:create_file_with_runtime_dependencies(/home/ngochoan/dev_ws/install/cpp_srvcli/share/colcon-core/packages/cpp_srvcli)
[1.920s] Level 1:colcon.colcon_core.environment:create_environment_scripts_only(cpp_pubsub)
[1.942s] Level 1:colcon.colcon_core.environment:checking '/home/ngochoan/dev_ws/install/cpp_pubsub' for CMake module files
[1.942s] Level 1:colcon.colcon_core.environment:checking '/home/ngochoan/dev_ws/install/cpp_pubsub' for CMake config files
[1.943s] Level 1:colcon.colcon_core.shell:create_environment_hook('cpp_pubsub', 'cmake_prefix_path')
[1.964s] INFO:colcon.colcon_core.shell:Creating environment hook '/home/ngochoan/dev_ws/install/cpp_pubsub/share/cpp_pubsub/hook/cmake_prefix_path.ps1'
[1.965s] INFO:colcon.colcon_core.shell:Creating environment descriptor '/home/ngochoan/dev_ws/install/cpp_pubsub/share/cpp_pubsub/hook/cmake_prefix_path.dsv'
[1.965s] INFO:colcon.colcon_core.shell:Creating environment hook '/home/ngochoan/dev_ws/install/cpp_pubsub/share/cpp_pubsub/hook/cmake_prefix_path.sh'
[1.966s] Level 1:colcon.colcon_core.environment:checking '/home/ngochoan/dev_ws/install/cpp_pubsub/lib'
[1.966s] Level 1:colcon.colcon_core.environment:checking '/home/ngochoan/dev_ws/install/cpp_pubsub/bin'
[1.966s] Level 1:colcon.colcon_core.environment:checking '/home/ngochoan/dev_ws/install/cpp_pubsub/lib/pkgconfig/cpp_pubsub.pc'
[1.967s] Level 1:colcon.colcon_core.environment:checking '/home/ngochoan/dev_ws/install/cpp_pubsub/lib/python3.10/site-packages'
[1.967s] Level 1:colcon.colcon_core.environment:checking '/home/ngochoan/dev_ws/install/cpp_pubsub/bin'
[1.983s] INFO:colcon.colcon_core.shell:Creating package script '/home/ngochoan/dev_ws/install/cpp_pubsub/share/cpp_pubsub/package.ps1'
[1.983s] INFO:colcon.colcon_core.shell:Creating package descriptor '/home/ngochoan/dev_ws/install/cpp_pubsub/share/cpp_pubsub/package.dsv'
[1.984s] INFO:colcon.colcon_core.shell:Creating package script '/home/ngochoan/dev_ws/install/cpp_pubsub/share/cpp_pubsub/package.sh'
[1.984s] INFO:colcon.colcon_core.shell:Creating package script '/home/ngochoan/dev_ws/install/cpp_pubsub/share/cpp_pubsub/package.bash'
[1.985s] INFO:colcon.colcon_core.shell:Creating package script '/home/ngochoan/dev_ws/install/cpp_pubsub/share/cpp_pubsub/package.zsh'
[1.985s] Level 1:colcon.colcon_core.environment:create_file_with_runtime_dependencies(/home/ngochoan/dev_ws/install/cpp_pubsub/share/colcon-core/packages/cpp_pubsub)
[2.000s] Level 1:colcon.colcon_core.environment:create_environment_scripts_only(test_package)
[2.016s] Level 1:colcon.colcon_core.environment:checking '/home/ngochoan/dev_ws/install/test_package' for CMake module files
[2.017s] Level 1:colcon.colcon_core.environment:checking '/home/ngochoan/dev_ws/install/test_package' for CMake config files
[2.017s] Level 1:colcon.colcon_core.shell:create_environment_hook('test_package', 'cmake_prefix_path')
[2.032s] INFO:colcon.colcon_core.shell:Creating environment hook '/home/ngochoan/dev_ws/install/test_package/share/test_package/hook/cmake_prefix_path.ps1'
[2.032s] INFO:colcon.colcon_core.shell:Creating environment descriptor '/home/ngochoan/dev_ws/install/test_package/share/test_package/hook/cmake_prefix_path.dsv'
[2.033s] INFO:colcon.colcon_core.shell:Creating environment hook '/home/ngochoan/dev_ws/install/test_package/share/test_package/hook/cmake_prefix_path.sh'
[2.033s] Level 1:colcon.colcon_core.environment:checking '/home/ngochoan/dev_ws/install/test_package/lib'
[2.033s] Level 1:colcon.colcon_core.environment:checking '/home/ngochoan/dev_ws/install/test_package/bin'
[2.033s] Level 1:colcon.colcon_core.environment:checking '/home/ngochoan/dev_ws/install/test_package/lib/pkgconfig/test_package.pc'
[2.033s] Level 1:colcon.colcon_core.environment:checking '/home/ngochoan/dev_ws/install/test_package/lib/python3.10/site-packages'
[2.033s] Level 1:colcon.colcon_core.environment:checking '/home/ngochoan/dev_ws/install/test_package/bin'
[2.048s] INFO:colcon.colcon_core.shell:Creating package script '/home/ngochoan/dev_ws/install/test_package/share/test_package/package.ps1'
[2.048s] INFO:colcon.colcon_core.shell:Creating package descriptor '/home/ngochoan/dev_ws/install/test_package/share/test_package/package.dsv'
[2.049s] INFO:colcon.colcon_core.shell:Creating package script '/home/ngochoan/dev_ws/install/test_package/share/test_package/package.sh'
[2.049s] INFO:colcon.colcon_core.shell:Creating package script '/home/ngochoan/dev_ws/install/test_package/share/test_package/package.bash'
[2.050s] INFO:colcon.colcon_core.shell:Creating package script '/home/ngochoan/dev_ws/install/test_package/share/test_package/package.zsh'
[2.050s] Level 1:colcon.colcon_core.environment:create_file_with_runtime_dependencies(/home/ngochoan/dev_ws/install/test_package/share/colcon-core/packages/test_package)
[2.065s] Level 1:colcon.colcon_core.environment:create_environment_scripts_only(cpp_srvcli)
[2.081s] Level 1:colcon.colcon_core.environment:checking '/home/ngochoan/dev_ws/install/cpp_srvcli' for CMake module files
[2.081s] Level 1:colcon.colcon_core.environment:checking '/home/ngochoan/dev_ws/install/cpp_srvcli' for CMake config files
[2.081s] Level 1:colcon.colcon_core.shell:create_environment_hook('cpp_srvcli', 'cmake_prefix_path')
[2.095s] INFO:colcon.colcon_core.shell:Creating environment hook '/home/ngochoan/dev_ws/install/cpp_srvcli/share/cpp_srvcli/hook/cmake_prefix_path.ps1'
[2.095s] INFO:colcon.colcon_core.shell:Creating environment descriptor '/home/ngochoan/dev_ws/install/cpp_srvcli/share/cpp_srvcli/hook/cmake_prefix_path.dsv'
[2.096s] INFO:colcon.colcon_core.shell:Creating environment hook '/home/ngochoan/dev_ws/install/cpp_srvcli/share/cpp_srvcli/hook/cmake_prefix_path.sh'
[2.096s] Level 1:colcon.colcon_core.environment:checking '/home/ngochoan/dev_ws/install/cpp_srvcli/lib'
[2.096s] Level 1:colcon.colcon_core.environment:checking '/home/ngochoan/dev_ws/install/cpp_srvcli/bin'
[2.096s] Level 1:colcon.colcon_core.environment:checking '/home/ngochoan/dev_ws/install/cpp_srvcli/lib/pkgconfig/cpp_srvcli.pc'
[2.096s] Level 1:colcon.colcon_core.environment:checking '/home/ngochoan/dev_ws/install/cpp_srvcli/lib/python3.10/site-packages'
[2.096s] Level 1:colcon.colcon_core.environment:checking '/home/ngochoan/dev_ws/install/cpp_srvcli/bin'
[2.110s] INFO:colcon.colcon_core.shell:Creating package script '/home/ngochoan/dev_ws/install/cpp_srvcli/share/cpp_srvcli/package.ps1'
[2.111s] INFO:colcon.colcon_core.shell:Creating package descriptor '/home/ngochoan/dev_ws/install/cpp_srvcli/share/cpp_srvcli/package.dsv'
[2.111s] INFO:colcon.colcon_core.shell:Creating package script '/home/ngochoan/dev_ws/install/cpp_srvcli/share/cpp_srvcli/package.sh'
[2.112s] INFO:colcon.colcon_core.shell:Creating package script '/home/ngochoan/dev_ws/install/cpp_srvcli/share/cpp_srvcli/package.bash'
[2.112s] INFO:colcon.colcon_core.shell:Creating package script '/home/ngochoan/dev_ws/install/cpp_srvcli/share/cpp_srvcli/package.zsh'
[2.112s] Level 1:colcon.colcon_core.environment:create_file_with_runtime_dependencies(/home/ngochoan/dev_ws/install/cpp_srvcli/share/colcon-core/packages/cpp_srvcli)
[2.846s] DEBUG:colcon.colcon_core.event_handler.log_command:Invoked command in '/home/ngochoan/dev_ws/build/tutorial_interfaces' returned '0': CMAKE_PREFIX_PATH=/opt/ros/humble /usr/bin/cmake --build /home/ngochoan/dev_ws/build/tutorial_interfaces -- -j8 -l8
[2.894s] DEBUG:colcon.colcon_core.event_handler.log_command:Invoking command in '/home/ngochoan/dev_ws/build/tutorial_interfaces': CMAKE_PREFIX_PATH=/opt/ros/humble /usr/bin/cmake --install /home/ngochoan/dev_ws/build/tutorial_interfaces
[2.950s] Level 1:colcon.colcon_core.environment:create_environment_scripts_only(tutorial_interfaces)
[2.950s] DEBUG:colcon.colcon_core.event_handler.log_command:Invoked command in '/home/ngochoan/dev_ws/build/tutorial_interfaces' returned '0': CMAKE_PREFIX_PATH=/opt/ros/humble /usr/bin/cmake --install /home/ngochoan/dev_ws/build/tutorial_interfaces
[2.974s] Level 1:colcon.colcon_core.environment:checking '/home/ngochoan/dev_ws/install/tutorial_interfaces' for CMake module files
[2.975s] Level 1:colcon.colcon_core.environment:checking '/home/ngochoan/dev_ws/install/tutorial_interfaces' for CMake config files
[2.976s] Level 1:colcon.colcon_core.shell:create_environment_hook('tutorial_interfaces', 'cmake_prefix_path')
[3.001s] INFO:colcon.colcon_core.shell:Creating environment hook '/home/ngochoan/dev_ws/install/tutorial_interfaces/share/tutorial_interfaces/hook/cmake_prefix_path.ps1'
[3.001s] INFO:colcon.colcon_core.shell:Creating environment descriptor '/home/ngochoan/dev_ws/install/tutorial_interfaces/share/tutorial_interfaces/hook/cmake_prefix_path.dsv'
[3.002s] INFO:colcon.colcon_core.shell:Creating environment hook '/home/ngochoan/dev_ws/install/tutorial_interfaces/share/tutorial_interfaces/hook/cmake_prefix_path.sh'
[3.002s] Level 1:colcon.colcon_core.environment:checking '/home/ngochoan/dev_ws/install/tutorial_interfaces/lib'
[3.003s] Level 1:colcon.colcon_core.shell:create_environment_hook('tutorial_interfaces', 'ld_library_path_lib')
[3.027s] INFO:colcon.colcon_core.shell:Creating environment hook '/home/ngochoan/dev_ws/install/tutorial_interfaces/share/tutorial_interfaces/hook/ld_library_path_lib.ps1'
[3.028s] INFO:colcon.colcon_core.shell:Creating environment descriptor '/home/ngochoan/dev_ws/install/tutorial_interfaces/share/tutorial_interfaces/hook/ld_library_path_lib.dsv'
[3.028s] INFO:colcon.colcon_core.shell:Creating environment hook '/home/ngochoan/dev_ws/install/tutorial_interfaces/share/tutorial_interfaces/hook/ld_library_path_lib.sh'
[3.029s] Level 1:colcon.colcon_core.environment:checking '/home/ngochoan/dev_ws/install/tutorial_interfaces/bin'
[3.029s] Level 1:colcon.colcon_core.environment:checking '/home/ngochoan/dev_ws/install/tutorial_interfaces/lib/pkgconfig/tutorial_interfaces.pc'
[3.029s] Level 1:colcon.colcon_core.environment:checking '/home/ngochoan/dev_ws/install/tutorial_interfaces/lib/python3.10/site-packages'
[3.029s] Level 1:colcon.colcon_core.environment:checking '/home/ngochoan/dev_ws/install/tutorial_interfaces/bin'
[3.053s] INFO:colcon.colcon_core.shell:Creating package script '/home/ngochoan/dev_ws/install/tutorial_interfaces/share/tutorial_interfaces/package.ps1'
[3.053s] INFO:colcon.colcon_core.shell:Creating package descriptor '/home/ngochoan/dev_ws/install/tutorial_interfaces/share/tutorial_interfaces/package.dsv'
[3.054s] INFO:colcon.colcon_core.shell:Creating package script '/home/ngochoan/dev_ws/install/tutorial_interfaces/share/tutorial_interfaces/package.sh'
[3.054s] INFO:colcon.colcon_core.shell:Creating package script '/home/ngochoan/dev_ws/install/tutorial_interfaces/share/tutorial_interfaces/package.bash'
[3.055s] INFO:colcon.colcon_core.shell:Creating package script '/home/ngochoan/dev_ws/install/tutorial_interfaces/share/tutorial_interfaces/package.zsh'
[3.055s] Level 1:colcon.colcon_core.environment:create_file_with_runtime_dependencies(/home/ngochoan/dev_ws/install/tutorial_interfaces/share/colcon-core/packages/tutorial_interfaces)
[3.125s] Level 1:colcon.colcon_core.environment:create_environment_scripts_only(tutorial_interfaces)
[3.146s] Level 1:colcon.colcon_core.environment:checking '/home/ngochoan/dev_ws/install/tutorial_interfaces' for CMake module files
[3.146s] Level 1:colcon.colcon_core.environment:checking '/home/ngochoan/dev_ws/install/tutorial_interfaces' for CMake config files
[3.147s] Level 1:colcon.colcon_core.shell:create_environment_hook('tutorial_interfaces', 'cmake_prefix_path')
[3.161s] INFO:colcon.colcon_core.shell:Creating environment hook '/home/ngochoan/dev_ws/install/tutorial_interfaces/share/tutorial_interfaces/hook/cmake_prefix_path.ps1'
[3.161s] INFO:colcon.colcon_core.shell:Creating environment descriptor '/home/ngochoan/dev_ws/install/tutorial_interfaces/share/tutorial_interfaces/hook/cmake_prefix_path.dsv'
[3.161s] INFO:colcon.colcon_core.shell:Creating environment hook '/home/ngochoan/dev_ws/install/tutorial_interfaces/share/tutorial_interfaces/hook/cmake_prefix_path.sh'
[3.162s] Level 1:colcon.colcon_core.environment:checking '/home/ngochoan/dev_ws/install/tutorial_interfaces/lib'
[3.162s] Level 1:colcon.colcon_core.shell:create_environment_hook('tutorial_interfaces', 'ld_library_path_lib')
[3.176s] INFO:colcon.colcon_core.shell:Creating environment hook '/home/ngochoan/dev_ws/install/tutorial_interfaces/share/tutorial_interfaces/hook/ld_library_path_lib.ps1'
[3.177s] INFO:colcon.colcon_core.shell:Creating environment descriptor '/home/ngochoan/dev_ws/install/tutorial_interfaces/share/tutorial_interfaces/hook/ld_library_path_lib.dsv'
[3.177s] INFO:colcon.colcon_core.shell:Creating environment hook '/home/ngochoan/dev_ws/install/tutorial_interfaces/share/tutorial_interfaces/hook/ld_library_path_lib.sh'
[3.177s] Level 1:colcon.colcon_core.environment:checking '/home/ngochoan/dev_ws/install/tutorial_interfaces/bin'
[3.177s] Level 1:colcon.colcon_core.environment:checking '/home/ngochoan/dev_ws/install/tutorial_interfaces/lib/pkgconfig/tutorial_interfaces.pc'
[3.177s] Level 1:colcon.colcon_core.environment:checking '/home/ngochoan/dev_ws/install/tutorial_interfaces/lib/python3.10/site-packages'
[3.178s] Level 1:colcon.colcon_core.environment:checking '/home/ngochoan/dev_ws/install/tutorial_interfaces/bin'
[3.198s] INFO:colcon.colcon_core.shell:Creating package script '/home/ngochoan/dev_ws/install/tutorial_interfaces/share/tutorial_interfaces/package.ps1'
[3.199s] INFO:colcon.colcon_core.shell:Creating package descriptor '/home/ngochoan/dev_ws/install/tutorial_interfaces/share/tutorial_interfaces/package.dsv'
[3.199s] INFO:colcon.colcon_core.shell:Creating package script '/home/ngochoan/dev_ws/install/tutorial_interfaces/share/tutorial_interfaces/package.sh'
[3.200s] INFO:colcon.colcon_core.shell:Creating package script '/home/ngochoan/dev_ws/install/tutorial_interfaces/share/tutorial_interfaces/package.bash'
[3.200s] INFO:colcon.colcon_core.shell:Creating package script '/home/ngochoan/dev_ws/install/tutorial_interfaces/share/tutorial_interfaces/package.zsh'
[3.201s] Level 1:colcon.colcon_core.environment:create_file_with_runtime_dependencies(/home/ngochoan/dev_ws/install/tutorial_interfaces/share/colcon-core/packages/tutorial_interfaces)
[3.201s] DEBUG:colcon.colcon_parallel_executor.executor.parallel:closing loop
[3.202s] DEBUG:colcon.colcon_parallel_executor.executor.parallel:loop closed
[3.202s] DEBUG:colcon.colcon_parallel_executor.executor.parallel:run_until_complete finished with '0'
[3.202s] DEBUG:colcon.colcon_core.event_reactor:joining thread
[3.238s] INFO:colcon.colcon_core.plugin_system:Skipping extension 'colcon_notification.desktop_notification.terminal_notifier': Not used on non-Darwin systems
[3.238s] INFO:colcon.colcon_core.plugin_system:Skipping extension 'colcon_notification.desktop_notification.win32': Not used on non-Windows systems
[3.238s] INFO:colcon.colcon_notification.desktop_notification:Sending desktop notification using 'notify2'
[3.252s] DEBUG:colcon.colcon_core.event_reactor:joined thread
[3.269s] INFO:colcon.colcon_core.shell:Creating prefix script '/home/ngochoan/dev_ws/install/local_setup.ps1'
[3.270s] INFO:colcon.colcon_core.shell:Creating prefix util module '/home/ngochoan/dev_ws/install/_local_setup_util_ps1.py'
[3.271s] INFO:colcon.colcon_core.shell:Creating prefix chain script '/home/ngochoan/dev_ws/install/setup.ps1'
[3.288s] INFO:colcon.colcon_core.shell:Creating prefix script '/home/ngochoan/dev_ws/install/local_setup.sh'
[3.288s] INFO:colcon.colcon_core.shell:Creating prefix util module '/home/ngochoan/dev_ws/install/_local_setup_util_sh.py'
[3.289s] INFO:colcon.colcon_core.shell:Creating prefix chain script '/home/ngochoan/dev_ws/install/setup.sh'
[3.304s] INFO:colcon.colcon_core.shell:Creating prefix script '/home/ngochoan/dev_ws/install/local_setup.bash'
[3.304s] INFO:colcon.colcon_core.shell:Creating prefix chain script '/home/ngochoan/dev_ws/install/setup.bash'
[3.319s] INFO:colcon.colcon_core.shell:Creating prefix script '/home/ngochoan/dev_ws/install/local_setup.zsh'
[3.320s] INFO:colcon.colcon_core.shell:Creating prefix chain script '/home/ngochoan/dev_ws/install/setup.zsh'
