[0.023s] Invoking command in '/home/ngochoan/dev_ws/build/cpp_interface': CMAKE_PREFIX_PATH=/opt/ros/humble /usr/bin/cmake /home/ngochoan/dev_ws/src/cpp_interface -DCMAKE_INSTALL_PREFIX=/home/ngochoan/dev_ws/install/cpp_interface
[0.125s] -- The C compiler identification is GNU 11.4.0
[0.203s] -- The CXX compiler identification is GNU 11.4.0
[0.222s] -- Detecting C compiler ABI info
[0.302s] -- Detecting C compiler ABI info - done
[0.318s] -- Check for working C compiler: /usr/bin/cc - skipped
[0.318s] -- Detecting C compile features
[0.319s] -- Detecting C compile features - done
[0.324s] -- Detecting CXX compiler ABI info
[0.442s] -- Detecting CXX compiler ABI info - done
[0.456s] -- Check for working CXX compiler: /usr/bin/c++ - skipped
[0.456s] -- Detecting CXX compile features
[0.457s] -- Detecting CXX compile features - done
[0.461s] -- Found ament_cmake: 1.3.8 (/opt/ros/humble/share/ament_cmake/cmake)
[0.685s] -- Found Python3: /usr/bin/python3 (found version "3.10.12") found components: Interpreter 
[0.802s] -- Found rclcpp: 16.0.8 (/opt/ros/humble/share/rclcpp/cmake)
[0.896s] -- Found rosidl_generator_c: 3.1.5 (/opt/ros/humble/share/rosidl_generator_c/cmake)
[0.903s] -- Found rosidl_adapter: 3.1.5 (/opt/ros/humble/share/rosidl_adapter/cmake)
[0.927s] -- Found rosidl_generator_cpp: 3.1.5 (/opt/ros/humble/share/rosidl_generator_cpp/cmake)
[0.951s] -- Using all available rosidl_typesupport_c: rosidl_typesupport_fastrtps_c;rosidl_typesupport_introspection_c
[0.982s] -- Using all available rosidl_typesupport_cpp: rosidl_typesupport_fastrtps_cpp;rosidl_typesupport_introspection_cpp
[1.072s] -- Found rmw_implementation_cmake: 6.1.1 (/opt/ros/humble/share/rmw_implementation_cmake/cmake)
[1.074s] -- Found rmw_fastrtps_cpp: 6.2.6 (/opt/ros/humble/share/rmw_fastrtps_cpp/cmake)
[1.229s] -- Found OpenSSL: /usr/lib/x86_64-linux-gnu/libcrypto.so (found version "3.0.2")  
[1.286s] -- Found FastRTPS: /opt/ros/humble/include  
[1.353s] -- Using RMW implementation 'rmw_fastrtps_cpp' as default
[1.363s] -- Looking for pthread.h
[1.447s] -- Looking for pthread.h - found
[1.448s] -- Performing Test CMAKE_HAVE_LIBC_PTHREAD
[1.523s] -- Performing Test CMAKE_HAVE_LIBC_PTHREAD - Success
[1.524s] -- Found Threads: TRUE  
[1.783s] -- Found tf2_msgs: 0.25.6 (/opt/ros/humble/share/tf2_msgs/cmake)
[2.246s] -- Found ament_lint_auto: 0.12.10 (/opt/ros/humble/share/ament_lint_auto/cmake)
[2.522s] -- Added test 'cppcheck' to perform static code analysis on C / C++ code
[2.523s] -- Configured cppcheck include dirs: 
[2.524s] -- Configured cppcheck exclude dirs and/or files: 
[2.526s] -- Added test 'flake8' to check Python code syntax and style conventions
[2.529s] -- Added test 'lint_cmake' to check CMake code style
[2.531s] -- Added test 'pep257' to check Python code against some of the docstring style conventions in PEP 257
[2.533s] -- Added test 'uncrustify' to check C / C++ code style
[2.534s] -- Configured uncrustify additional arguments: 
[2.537s] -- Added test 'xmllint' to check XML markup files
[2.546s] -- Configuring done
[2.665s] -- Generating done
[2.674s] -- Build files have been written to: /home/ngochoan/dev_ws/build/cpp_interface
