[0.053s] Invoking command in '/home/ngochoan/dev_ws/src/build/cpp_interface': CMAKE_PREFIX_PATH=/opt/ros/humble /usr/bin/cmake --build /home/ngochoan/dev_ws/src/build/cpp_interface -- -j8 -l8
[0.098s] [ 50%] [32mBuilding CXX object CMakeFiles/cpp_interface.dir/src/cpp_interface.cpp.o[0m
[3.865s] [100%] [32m[1mLinking CXX executable cpp_interface[0m
[4.043s] [100%] Built target cpp_interface
[4.054s] Invoked command in '/home/ngochoan/dev_ws/src/build/cpp_interface' returned '0': CMAKE_PREFIX_PATH=/opt/ros/humble /usr/bin/cmake --build /home/ngochoan/dev_ws/src/build/cpp_interface -- -j8 -l8
[4.084s] Invoking command in '/home/ngochoan/dev_ws/src/build/cpp_interface': CMAKE_PREFIX_PATH=/opt/ros/humble /usr/bin/cmake --install /home/ngochoan/dev_ws/src/build/cpp_interface
[4.090s] -- Install configuration: ""
[4.090s] -- Up-to-date: /home/ngochoan/dev_ws/src/install/cpp_interface/share/ament_index/resource_index/package_run_dependencies/cpp_interface
[4.090s] -- Up-to-date: /home/ngochoan/dev_ws/src/install/cpp_interface/share/ament_index/resource_index/parent_prefix_path/cpp_interface
[4.091s] -- Up-to-date: /home/ngochoan/dev_ws/src/install/cpp_interface/share/cpp_interface/environment/ament_prefix_path.sh
[4.091s] -- Up-to-date: /home/ngochoan/dev_ws/src/install/cpp_interface/share/cpp_interface/environment/ament_prefix_path.dsv
[4.091s] -- Up-to-date: /home/ngochoan/dev_ws/src/install/cpp_interface/share/cpp_interface/environment/path.sh
[4.091s] -- Up-to-date: /home/ngochoan/dev_ws/src/install/cpp_interface/share/cpp_interface/environment/path.dsv
[4.091s] -- Up-to-date: /home/ngochoan/dev_ws/src/install/cpp_interface/share/cpp_interface/local_setup.bash
[4.091s] -- Up-to-date: /home/ngochoan/dev_ws/src/install/cpp_interface/share/cpp_interface/local_setup.sh
[4.091s] -- Up-to-date: /home/ngochoan/dev_ws/src/install/cpp_interface/share/cpp_interface/local_setup.zsh
[4.091s] -- Up-to-date: /home/ngochoan/dev_ws/src/install/cpp_interface/share/cpp_interface/local_setup.dsv
[4.091s] -- Installing: /home/ngochoan/dev_ws/src/install/cpp_interface/share/cpp_interface/package.dsv
[4.091s] -- Up-to-date: /home/ngochoan/dev_ws/src/install/cpp_interface/share/ament_index/resource_index/packages/cpp_interface
[4.091s] -- Up-to-date: /home/ngochoan/dev_ws/src/install/cpp_interface/share/cpp_interface/cmake/cpp_interfaceConfig.cmake
[4.092s] -- Up-to-date: /home/ngochoan/dev_ws/src/install/cpp_interface/share/cpp_interface/cmake/cpp_interfaceConfig-version.cmake
[4.092s] -- Up-to-date: /home/ngochoan/dev_ws/src/install/cpp_interface/share/cpp_interface/package.xml
[4.093s] Invoked command in '/home/ngochoan/dev_ws/src/build/cpp_interface' returned '0': CMAKE_PREFIX_PATH=/opt/ros/humble /usr/bin/cmake --install /home/ngochoan/dev_ws/src/build/cpp_interface
