[0.030s] Invoking command in '/home/ngochoan/dev_ws/build/pyQt5': CMAKE_PREFIX_PATH=/opt/ros/humble /usr/bin/cmake /home/ngochoan/dev_ws/src/pyQt5 -DCMAKE_INSTALL_PREFIX=/home/ngochoan/dev_ws/install/pyQt5
[0.126s] -- The C compiler identification is GNU 11.4.0
[0.208s] -- The CXX compiler identification is GNU 11.4.0
[0.218s] -- Detecting C compiler ABI info
[0.290s] -- Detecting C compiler ABI info - done
[0.298s] -- Check for working C compiler: /usr/bin/cc - skipped
[0.298s] -- Detecting C compile features
[0.299s] -- Detecting C compile features - done
[0.302s] -- Detecting CXX compiler ABI info
[0.374s] -- Detecting CXX compiler ABI info - done
[0.381s] -- Check for working CXX compiler: /usr/bin/c++ - skipped
[0.381s] -- Detecting CXX compile features
[0.382s] -- Detecting CXX compile features - done
[0.385s] -- Found ament_cmake: 1.3.8 (/opt/ros/humble/share/ament_cmake/cmake)
[0.514s] -- Found Python3: /usr/bin/python3 (found version "3.10.12") found components: Interpreter 
[0.596s] -- Found ament_lint_auto: 0.12.10 (/opt/ros/humble/share/ament_lint_auto/cmake)
[0.639s] WARNING: Package name "pyQt5" does not follow the naming conventions. It should start with a lower case letter and only contain lower case letters, digits, underscores, and dashes.
[0.666s] -- Added test 'cppcheck' to perform static code analysis on C / C++ code
[0.666s] -- Configured cppcheck include dirs: 
[0.666s] -- Configured cppcheck exclude dirs and/or files: 
[0.668s] -- Added test 'lint_cmake' to check CMake code style
[0.673s] -- Added test 'uncrustify' to check C / C++ code style
[0.673s] -- Configured uncrustify additional arguments: 
[0.674s] -- Added test 'xmllint' to check XML markup files
[0.675s] -- Configuring done
[0.677s] -- Generating done
[0.678s] -- Build files have been written to: /home/ngochoan/dev_ws/build/pyQt5
[0.681s] Invoked command in '/home/ngochoan/dev_ws/build/pyQt5' returned '0': CMAKE_PREFIX_PATH=/opt/ros/humble /usr/bin/cmake /home/ngochoan/dev_ws/src/pyQt5 -DCMAKE_INSTALL_PREFIX=/home/ngochoan/dev_ws/install/pyQt5
[0.682s] Invoking command in '/home/ngochoan/dev_ws/build/pyQt5': CMAKE_PREFIX_PATH=/opt/ros/humble /usr/bin/cmake --build /home/ngochoan/dev_ws/build/pyQt5 -- -j8 -l8
[0.714s] Invoked command in '/home/ngochoan/dev_ws/build/pyQt5' returned '0': CMAKE_PREFIX_PATH=/opt/ros/humble /usr/bin/cmake --build /home/ngochoan/dev_ws/build/pyQt5 -- -j8 -l8
[0.730s] Invoking command in '/home/ngochoan/dev_ws/build/pyQt5': CMAKE_PREFIX_PATH=/opt/ros/humble /usr/bin/cmake --install /home/ngochoan/dev_ws/build/pyQt5
[0.735s] -- Install configuration: ""
[0.736s] -- Installing: /home/ngochoan/dev_ws/install/pyQt5/share/ament_index/resource_index/package_run_dependencies/pyQt5
[0.736s] -- Installing: /home/ngochoan/dev_ws/install/pyQt5/share/ament_index/resource_index/parent_prefix_path/pyQt5
[0.736s] -- Installing: /home/ngochoan/dev_ws/install/pyQt5/share/pyQt5/environment/ament_prefix_path.sh
[0.736s] -- Installing: /home/ngochoan/dev_ws/install/pyQt5/share/pyQt5/environment/ament_prefix_path.dsv
[0.736s] -- Installing: /home/ngochoan/dev_ws/install/pyQt5/share/pyQt5/environment/path.sh
[0.736s] -- Installing: /home/ngochoan/dev_ws/install/pyQt5/share/pyQt5/environment/path.dsv
[0.736s] -- Installing: /home/ngochoan/dev_ws/install/pyQt5/share/pyQt5/local_setup.bash
[0.736s] -- Installing: /home/ngochoan/dev_ws/install/pyQt5/share/pyQt5/local_setup.sh
[0.736s] -- Installing: /home/ngochoan/dev_ws/install/pyQt5/share/pyQt5/local_setup.zsh
[0.737s] -- Installing: /home/ngochoan/dev_ws/install/pyQt5/share/pyQt5/local_setup.dsv
[0.737s] -- Installing: /home/ngochoan/dev_ws/install/pyQt5/share/pyQt5/package.dsv
[0.737s] -- Installing: /home/ngochoan/dev_ws/install/pyQt5/share/ament_index/resource_index/packages/pyQt5
[0.737s] -- Installing: /home/ngochoan/dev_ws/install/pyQt5/share/pyQt5/cmake/pyQt5Config.cmake
[0.737s] -- Installing: /home/ngochoan/dev_ws/install/pyQt5/share/pyQt5/cmake/pyQt5Config-version.cmake
[0.737s] -- Installing: /home/ngochoan/dev_ws/install/pyQt5/share/pyQt5/package.xml
[0.739s] Invoked command in '/home/ngochoan/dev_ws/build/pyQt5' returned '0': CMAKE_PREFIX_PATH=/opt/ros/humble /usr/bin/cmake --install /home/ngochoan/dev_ws/build/pyQt5
