[0.902s] DEBUG:colcon:Command line arguments: ['/usr/bin/colcon', 'build']
[0.903s] DEBUG:colcon:Parsed command line arguments: Namespace(log_base=None, log_level=None, verb_name='build', build_base='build', install_base='install', merge_install=False, symlink_install=False, test_result_base=None, continue_on_error=False, executor='parallel', parallel_workers=8, event_handlers=None, ignore_user_meta=False, metas=['./colcon.meta'], base_paths=['.'], packages_ignore=None, packages_ignore_regex=None, paths=None, packages_up_to=None, packages_up_to_regex=None, packages_above=None, packages_above_and_dependencies=None, packages_above_depth=None, packages_select_by_dep=None, packages_skip_by_dep=None, packages_skip_up_to=None, packages_select_build_failed=False, packages_skip_build_finished=False, packages_select_test_failures=False, packages_skip_test_passed=False, packages_select=None, packages_skip=None, packages_select_regex=None, packages_skip_regex=None, packages_start=None, packages_end=None, allow_overriding=[], cmake_args=None, cmake_target=None, cmake_target_skip_unavailable=False, cmake_clean_cache=False, cmake_clean_first=False, cmake_force_configure=False, ament_cmake_args=None, catkin_cmake_args=None, catkin_skip_building_tests=False, verb_parser=<colcon_defaults.argument_parser.defaults.DefaultArgumentsDecorator object at 0x7f07c9ba6980>, verb_extension=<colcon_core.verb.build.BuildVerb object at 0x7f07c9ba6560>, main=<bound method BuildVerb.main of <colcon_core.verb.build.BuildVerb object at 0x7f07c9ba6560>>)
[0.946s] Level 1:colcon.colcon_core.package_discovery:discover_packages(colcon_meta) check parameters
[0.947s] Level 1:colcon.colcon_core.package_discovery:discover_packages(recursive) check parameters
[0.947s] Level 1:colcon.colcon_core.package_discovery:discover_packages(ignore) check parameters
[0.947s] Level 1:colcon.colcon_core.package_discovery:discover_packages(path) check parameters
[0.947s] Level 1:colcon.colcon_core.package_discovery:discover_packages(colcon_meta) discover
[0.947s] Level 1:colcon.colcon_core.package_discovery:discover_packages(recursive) discover
[0.947s] INFO:colcon.colcon_core.package_discovery:Crawling recursively for packages in '/home/ngochoan/dev_ws'
[0.947s] Level 1:colcon.colcon_core.package_identification:_identify(.) by extensions ['ignore', 'ignore_ament_install']
[0.947s] Level 1:colcon.colcon_core.package_identification:_identify(.) by extension 'ignore'
[0.947s] Level 1:colcon.colcon_core.package_identification:_identify(.) by extension 'ignore_ament_install'
[0.947s] Level 1:colcon.colcon_core.package_identification:_identify(.) by extensions ['colcon_pkg']
[0.947s] Level 1:colcon.colcon_core.package_identification:_identify(.) by extension 'colcon_pkg'
[0.947s] Level 1:colcon.colcon_core.package_identification:_identify(.) by extensions ['colcon_meta']
[0.947s] Level 1:colcon.colcon_core.package_identification:_identify(.) by extension 'colcon_meta'
[0.947s] Level 1:colcon.colcon_core.package_identification:_identify(.) by extensions ['ros']
[0.947s] Level 1:colcon.colcon_core.package_identification:_identify(.) by extension 'ros'
[0.956s] Level 1:colcon.colcon_core.package_identification:_identify(.) by extensions ['cmake', 'python']
[0.956s] Level 1:colcon.colcon_core.package_identification:_identify(.) by extension 'cmake'
[0.956s] Level 1:colcon.colcon_core.package_identification:_identify(.) by extension 'python'
[0.956s] Level 1:colcon.colcon_core.package_identification:_identify(.) by extensions ['python_setup_py']
[0.956s] Level 1:colcon.colcon_core.package_identification:_identify(.) by extension 'python_setup_py'
[0.956s] Level 1:colcon.colcon_core.package_identification:_identify(build) by extensions ['ignore', 'ignore_ament_install']
[0.956s] Level 1:colcon.colcon_core.package_identification:_identify(build) by extension 'ignore'
[0.956s] Level 1:colcon.colcon_core.package_identification:_identify(build) ignored
[0.957s] Level 1:colcon.colcon_core.package_identification:_identify(install) by extensions ['ignore', 'ignore_ament_install']
[0.957s] Level 1:colcon.colcon_core.package_identification:_identify(install) by extension 'ignore'
[0.957s] Level 1:colcon.colcon_core.package_identification:_identify(install) ignored
[0.957s] Level 1:colcon.colcon_core.package_identification:_identify(log) by extensions ['ignore', 'ignore_ament_install']
[0.957s] Level 1:colcon.colcon_core.package_identification:_identify(log) by extension 'ignore'
[0.957s] Level 1:colcon.colcon_core.package_identification:_identify(log) ignored
[0.957s] Level 1:colcon.colcon_core.package_identification:_identify(src) by extensions ['ignore', 'ignore_ament_install']
[0.957s] Level 1:colcon.colcon_core.package_identification:_identify(src) by extension 'ignore'
[0.957s] Level 1:colcon.colcon_core.package_identification:_identify(src) by extension 'ignore_ament_install'
[0.957s] Level 1:colcon.colcon_core.package_identification:_identify(src) by extensions ['colcon_pkg']
[0.957s] Level 1:colcon.colcon_core.package_identification:_identify(src) by extension 'colcon_pkg'
[0.957s] Level 1:colcon.colcon_core.package_identification:_identify(src) by extensions ['colcon_meta']
[0.957s] Level 1:colcon.colcon_core.package_identification:_identify(src) by extension 'colcon_meta'
[0.957s] Level 1:colcon.colcon_core.package_identification:_identify(src) by extensions ['ros']
[0.957s] Level 1:colcon.colcon_core.package_identification:_identify(src) by extension 'ros'
[0.957s] Level 1:colcon.colcon_core.package_identification:_identify(src) by extensions ['cmake', 'python']
[0.957s] Level 1:colcon.colcon_core.package_identification:_identify(src) by extension 'cmake'
[0.957s] Level 1:colcon.colcon_core.package_identification:_identify(src) by extension 'python'
[0.958s] Level 1:colcon.colcon_core.package_identification:_identify(src) by extensions ['python_setup_py']
[0.958s] Level 1:colcon.colcon_core.package_identification:_identify(src) by extension 'python_setup_py'
[0.958s] Level 1:colcon.colcon_core.package_identification:_identify(src/build) by extensions ['ignore', 'ignore_ament_install']
[0.958s] Level 1:colcon.colcon_core.package_identification:_identify(src/build) by extension 'ignore'
[0.958s] Level 1:colcon.colcon_core.package_identification:_identify(src/build) ignored
[0.958s] Level 1:colcon.colcon_core.package_identification:_identify(src/cpp_interface) by extensions ['ignore', 'ignore_ament_install']
[0.958s] Level 1:colcon.colcon_core.package_identification:_identify(src/cpp_interface) by extension 'ignore'
[0.958s] Level 1:colcon.colcon_core.package_identification:_identify(src/cpp_interface) by extension 'ignore_ament_install'
[0.958s] Level 1:colcon.colcon_core.package_identification:_identify(src/cpp_interface) by extensions ['colcon_pkg']
[0.958s] Level 1:colcon.colcon_core.package_identification:_identify(src/cpp_interface) by extension 'colcon_pkg'
[0.958s] Level 1:colcon.colcon_core.package_identification:_identify(src/cpp_interface) by extensions ['colcon_meta']
[0.958s] Level 1:colcon.colcon_core.package_identification:_identify(src/cpp_interface) by extension 'colcon_meta'
[0.958s] Level 1:colcon.colcon_core.package_identification:_identify(src/cpp_interface) by extensions ['ros']
[0.958s] Level 1:colcon.colcon_core.package_identification:_identify(src/cpp_interface) by extension 'ros'
[0.960s] DEBUG:colcon.colcon_core.package_identification:Package 'src/cpp_interface' with type 'ros.ament_cmake' and name 'cpp_interface'
[0.960s] Level 1:colcon.colcon_core.package_identification:_identify(src/cpp_pubsub) by extensions ['ignore', 'ignore_ament_install']
[0.960s] Level 1:colcon.colcon_core.package_identification:_identify(src/cpp_pubsub) by extension 'ignore'
[0.960s] Level 1:colcon.colcon_core.package_identification:_identify(src/cpp_pubsub) by extension 'ignore_ament_install'
[0.960s] Level 1:colcon.colcon_core.package_identification:_identify(src/cpp_pubsub) by extensions ['colcon_pkg']
[0.960s] Level 1:colcon.colcon_core.package_identification:_identify(src/cpp_pubsub) by extension 'colcon_pkg'
[0.960s] Level 1:colcon.colcon_core.package_identification:_identify(src/cpp_pubsub) by extensions ['colcon_meta']
[0.960s] Level 1:colcon.colcon_core.package_identification:_identify(src/cpp_pubsub) by extension 'colcon_meta'
[0.961s] Level 1:colcon.colcon_core.package_identification:_identify(src/cpp_pubsub) by extensions ['ros']
[0.961s] Level 1:colcon.colcon_core.package_identification:_identify(src/cpp_pubsub) by extension 'ros'
[0.961s] DEBUG:colcon.colcon_core.package_identification:Package 'src/cpp_pubsub' with type 'ros.ament_cmake' and name 'cpp_pubsub'
[0.961s] Level 1:colcon.colcon_core.package_identification:_identify(src/cpp_srvcli) by extensions ['ignore', 'ignore_ament_install']
[0.961s] Level 1:colcon.colcon_core.package_identification:_identify(src/cpp_srvcli) by extension 'ignore'
[0.961s] Level 1:colcon.colcon_core.package_identification:_identify(src/cpp_srvcli) by extension 'ignore_ament_install'
[0.961s] Level 1:colcon.colcon_core.package_identification:_identify(src/cpp_srvcli) by extensions ['colcon_pkg']
[0.961s] Level 1:colcon.colcon_core.package_identification:_identify(src/cpp_srvcli) by extension 'colcon_pkg'
[0.962s] Level 1:colcon.colcon_core.package_identification:_identify(src/cpp_srvcli) by extensions ['colcon_meta']
[0.962s] Level 1:colcon.colcon_core.package_identification:_identify(src/cpp_srvcli) by extension 'colcon_meta'
[0.962s] Level 1:colcon.colcon_core.package_identification:_identify(src/cpp_srvcli) by extensions ['ros']
[0.962s] Level 1:colcon.colcon_core.package_identification:_identify(src/cpp_srvcli) by extension 'ros'
[0.962s] DEBUG:colcon.colcon_core.package_identification:Package 'src/cpp_srvcli' with type 'ros.ament_cmake' and name 'cpp_srvcli'
[0.962s] Level 1:colcon.colcon_core.package_identification:_identify(src/install) by extensions ['ignore', 'ignore_ament_install']
[0.962s] Level 1:colcon.colcon_core.package_identification:_identify(src/install) by extension 'ignore'
[0.962s] Level 1:colcon.colcon_core.package_identification:_identify(src/install) ignored
[0.962s] Level 1:colcon.colcon_core.package_identification:_identify(src/log) by extensions ['ignore', 'ignore_ament_install']
[0.963s] Level 1:colcon.colcon_core.package_identification:_identify(src/log) by extension 'ignore'
[0.963s] Level 1:colcon.colcon_core.package_identification:_identify(src/log) ignored
[0.963s] Level 1:colcon.colcon_core.package_identification:_identify(src/tutorial_interfaces) by extensions ['ignore', 'ignore_ament_install']
[0.963s] Level 1:colcon.colcon_core.package_identification:_identify(src/tutorial_interfaces) by extension 'ignore'
[0.963s] Level 1:colcon.colcon_core.package_identification:_identify(src/tutorial_interfaces) by extension 'ignore_ament_install'
[0.963s] Level 1:colcon.colcon_core.package_identification:_identify(src/tutorial_interfaces) by extensions ['colcon_pkg']
[0.963s] Level 1:colcon.colcon_core.package_identification:_identify(src/tutorial_interfaces) by extension 'colcon_pkg'
[0.963s] Level 1:colcon.colcon_core.package_identification:_identify(src/tutorial_interfaces) by extensions ['colcon_meta']
[0.963s] Level 1:colcon.colcon_core.package_identification:_identify(src/tutorial_interfaces) by extension 'colcon_meta'
[0.963s] Level 1:colcon.colcon_core.package_identification:_identify(src/tutorial_interfaces) by extensions ['ros']
[0.963s] Level 1:colcon.colcon_core.package_identification:_identify(src/tutorial_interfaces) by extension 'ros'
[0.963s] DEBUG:colcon.colcon_core.package_identification:Package 'src/tutorial_interfaces' with type 'ros.ament_cmake' and name 'tutorial_interfaces'
[0.963s] Level 1:colcon.colcon_core.package_discovery:discover_packages(recursive) using defaults
[0.963s] Level 1:colcon.colcon_core.package_discovery:discover_packages(ignore) discover
[0.963s] Level 1:colcon.colcon_core.package_discovery:discover_packages(ignore) using defaults
[0.963s] Level 1:colcon.colcon_core.package_discovery:discover_packages(path) discover
[0.963s] Level 1:colcon.colcon_core.package_discovery:discover_packages(path) using defaults
[1.047s] Level 1:colcon.colcon_core.package_discovery:discover_packages(prefix_path) check parameters
[1.047s] Level 1:colcon.colcon_core.package_discovery:discover_packages(prefix_path) discover
[1.075s] DEBUG:colcon.colcon_installed_package_information.package_discovery:Found 6 installed packages in /home/ngochoan/dev_ws/install
[1.089s] DEBUG:colcon.colcon_installed_package_information.package_discovery:Found 369 installed packages in /opt/ros/humble
[1.091s] Level 1:colcon.colcon_core.package_discovery:discover_packages(prefix_path) using defaults
[1.188s] Level 5:colcon.colcon_core.verb:set package 'cpp_interface' build argument 'cmake_args' from command line to 'None'
[1.188s] Level 5:colcon.colcon_core.verb:set package 'cpp_interface' build argument 'cmake_target' from command line to 'None'
[1.188s] Level 5:colcon.colcon_core.verb:set package 'cpp_interface' build argument 'cmake_target_skip_unavailable' from command line to 'False'
[1.188s] Level 5:colcon.colcon_core.verb:set package 'cpp_interface' build argument 'cmake_clean_cache' from command line to 'False'
[1.188s] Level 5:colcon.colcon_core.verb:set package 'cpp_interface' build argument 'cmake_clean_first' from command line to 'False'
[1.189s] Level 5:colcon.colcon_core.verb:set package 'cpp_interface' build argument 'cmake_force_configure' from command line to 'False'
[1.189s] Level 5:colcon.colcon_core.verb:set package 'cpp_interface' build argument 'ament_cmake_args' from command line to 'None'
[1.189s] Level 5:colcon.colcon_core.verb:set package 'cpp_interface' build argument 'catkin_cmake_args' from command line to 'None'
[1.189s] Level 5:colcon.colcon_core.verb:set package 'cpp_interface' build argument 'catkin_skip_building_tests' from command line to 'False'
[1.189s] DEBUG:colcon.colcon_core.verb:Building package 'cpp_interface' with the following arguments: {'ament_cmake_args': None, 'build_base': '/home/ngochoan/dev_ws/build/cpp_interface', 'catkin_cmake_args': None, 'catkin_skip_building_tests': False, 'cmake_args': None, 'cmake_clean_cache': False, 'cmake_clean_first': False, 'cmake_force_configure': False, 'cmake_target': None, 'cmake_target_skip_unavailable': False, 'install_base': '/home/ngochoan/dev_ws/install/cpp_interface', 'merge_install': False, 'path': '/home/ngochoan/dev_ws/src/cpp_interface', 'symlink_install': False, 'test_result_base': None}
[1.203s] Level 5:colcon.colcon_core.verb:set package 'cpp_srvcli' build argument 'cmake_args' from command line to 'None'
[1.203s] Level 5:colcon.colcon_core.verb:set package 'cpp_srvcli' build argument 'cmake_target' from command line to 'None'
[1.203s] Level 5:colcon.colcon_core.verb:set package 'cpp_srvcli' build argument 'cmake_target_skip_unavailable' from command line to 'False'
[1.203s] Level 5:colcon.colcon_core.verb:set package 'cpp_srvcli' build argument 'cmake_clean_cache' from command line to 'False'
[1.203s] Level 5:colcon.colcon_core.verb:set package 'cpp_srvcli' build argument 'cmake_clean_first' from command line to 'False'
[1.203s] Level 5:colcon.colcon_core.verb:set package 'cpp_srvcli' build argument 'cmake_force_configure' from command line to 'False'
[1.203s] Level 5:colcon.colcon_core.verb:set package 'cpp_srvcli' build argument 'ament_cmake_args' from command line to 'None'
[1.203s] Level 5:colcon.colcon_core.verb:set package 'cpp_srvcli' build argument 'catkin_cmake_args' from command line to 'None'
[1.203s] Level 5:colcon.colcon_core.verb:set package 'cpp_srvcli' build argument 'catkin_skip_building_tests' from command line to 'False'
[1.203s] DEBUG:colcon.colcon_core.verb:Building package 'cpp_srvcli' with the following arguments: {'ament_cmake_args': None, 'build_base': '/home/ngochoan/dev_ws/build/cpp_srvcli', 'catkin_cmake_args': None, 'catkin_skip_building_tests': False, 'cmake_args': None, 'cmake_clean_cache': False, 'cmake_clean_first': False, 'cmake_force_configure': False, 'cmake_target': None, 'cmake_target_skip_unavailable': False, 'install_base': '/home/ngochoan/dev_ws/install/cpp_srvcli', 'merge_install': False, 'path': '/home/ngochoan/dev_ws/src/cpp_srvcli', 'symlink_install': False, 'test_result_base': None}
[1.217s] Level 5:colcon.colcon_core.verb:set package 'tutorial_interfaces' build argument 'cmake_args' from command line to 'None'
[1.217s] Level 5:colcon.colcon_core.verb:set package 'tutorial_interfaces' build argument 'cmake_target' from command line to 'None'
[1.217s] Level 5:colcon.colcon_core.verb:set package 'tutorial_interfaces' build argument 'cmake_target_skip_unavailable' from command line to 'False'
[1.217s] Level 5:colcon.colcon_core.verb:set package 'tutorial_interfaces' build argument 'cmake_clean_cache' from command line to 'False'
[1.217s] Level 5:colcon.colcon_core.verb:set package 'tutorial_interfaces' build argument 'cmake_clean_first' from command line to 'False'
[1.217s] Level 5:colcon.colcon_core.verb:set package 'tutorial_interfaces' build argument 'cmake_force_configure' from command line to 'False'
[1.217s] Level 5:colcon.colcon_core.verb:set package 'tutorial_interfaces' build argument 'ament_cmake_args' from command line to 'None'
[1.217s] Level 5:colcon.colcon_core.verb:set package 'tutorial_interfaces' build argument 'catkin_cmake_args' from command line to 'None'
[1.217s] Level 5:colcon.colcon_core.verb:set package 'tutorial_interfaces' build argument 'catkin_skip_building_tests' from command line to 'False'
[1.217s] DEBUG:colcon.colcon_core.verb:Building package 'tutorial_interfaces' with the following arguments: {'ament_cmake_args': None, 'build_base': '/home/ngochoan/dev_ws/build/tutorial_interfaces', 'catkin_cmake_args': None, 'catkin_skip_building_tests': False, 'cmake_args': None, 'cmake_clean_cache': False, 'cmake_clean_first': False, 'cmake_force_configure': False, 'cmake_target': None, 'cmake_target_skip_unavailable': False, 'install_base': '/home/ngochoan/dev_ws/install/tutorial_interfaces', 'merge_install': False, 'path': '/home/ngochoan/dev_ws/src/tutorial_interfaces', 'symlink_install': False, 'test_result_base': None}
[1.231s] Level 5:colcon.colcon_core.verb:set package 'cpp_pubsub' build argument 'cmake_args' from command line to 'None'
[1.231s] Level 5:colcon.colcon_core.verb:set package 'cpp_pubsub' build argument 'cmake_target' from command line to 'None'
[1.231s] Level 5:colcon.colcon_core.verb:set package 'cpp_pubsub' build argument 'cmake_target_skip_unavailable' from command line to 'False'
[1.231s] Level 5:colcon.colcon_core.verb:set package 'cpp_pubsub' build argument 'cmake_clean_cache' from command line to 'False'
[1.231s] Level 5:colcon.colcon_core.verb:set package 'cpp_pubsub' build argument 'cmake_clean_first' from command line to 'False'
[1.231s] Level 5:colcon.colcon_core.verb:set package 'cpp_pubsub' build argument 'cmake_force_configure' from command line to 'False'
[1.231s] Level 5:colcon.colcon_core.verb:set package 'cpp_pubsub' build argument 'ament_cmake_args' from command line to 'None'
[1.231s] Level 5:colcon.colcon_core.verb:set package 'cpp_pubsub' build argument 'catkin_cmake_args' from command line to 'None'
[1.231s] Level 5:colcon.colcon_core.verb:set package 'cpp_pubsub' build argument 'catkin_skip_building_tests' from command line to 'False'
[1.231s] DEBUG:colcon.colcon_core.verb:Building package 'cpp_pubsub' with the following arguments: {'ament_cmake_args': None, 'build_base': '/home/ngochoan/dev_ws/build/cpp_pubsub', 'catkin_cmake_args': None, 'catkin_skip_building_tests': False, 'cmake_args': None, 'cmake_clean_cache': False, 'cmake_clean_first': False, 'cmake_force_configure': False, 'cmake_target': None, 'cmake_target_skip_unavailable': False, 'install_base': '/home/ngochoan/dev_ws/install/cpp_pubsub', 'merge_install': False, 'path': '/home/ngochoan/dev_ws/src/cpp_pubsub', 'symlink_install': False, 'test_result_base': None}
[1.244s] INFO:colcon.colcon_core.executor:Executing jobs using 'parallel' executor
[1.258s] DEBUG:colcon.colcon_parallel_executor.executor.parallel:run_until_complete
[1.259s] INFO:colcon.colcon_ros.task.ament_cmake.build:Building ROS package in '/home/ngochoan/dev_ws/src/tutorial_interfaces' with build type 'ament_cmake'
[1.259s] INFO:colcon.colcon_cmake.task.cmake.build:Building CMake package in '/home/ngochoan/dev_ws/src/tutorial_interfaces'
[1.275s] INFO:colcon.colcon_core.plugin_system:Skipping extension 'colcon_core.shell.bat': Not used on non-Windows systems
[1.275s] INFO:colcon.colcon_core.shell:Skip shell extension 'powershell' for command environment: Not usable outside of PowerShell
[1.275s] DEBUG:colcon.colcon_core.shell:Skip shell extension 'dsv' for command environment
[1.322s] INFO:colcon.colcon_ros.task.ament_cmake.build:Building ROS package in '/home/ngochoan/dev_ws/src/cpp_interface' with build type 'ament_cmake'
[1.323s] INFO:colcon.colcon_cmake.task.cmake.build:Building CMake package in '/home/ngochoan/dev_ws/src/cpp_interface'
[1.339s] INFO:colcon.colcon_core.shell:Skip shell extension 'powershell' for command environment: Not usable outside of PowerShell
[1.339s] DEBUG:colcon.colcon_core.shell:Skip shell extension 'dsv' for command environment
[1.387s] INFO:colcon.colcon_ros.task.ament_cmake.build:Building ROS package in '/home/ngochoan/dev_ws/src/cpp_srvcli' with build type 'ament_cmake'
[1.388s] INFO:colcon.colcon_cmake.task.cmake.build:Building CMake package in '/home/ngochoan/dev_ws/src/cpp_srvcli'
[1.404s] INFO:colcon.colcon_core.shell:Skip shell extension 'powershell' for command environment: Not usable outside of PowerShell
[1.404s] DEBUG:colcon.colcon_core.shell:Skip shell extension 'dsv' for command environment
[1.455s] DEBUG:colcon.colcon_core.event_handler.log_command:Invoking command in '/home/ngochoan/dev_ws/build/tutorial_interfaces': CMAKE_PREFIX_PATH=${CMAKE_PREFIX_PATH}:/opt/ros/humble /usr/bin/cmake --build /home/ngochoan/dev_ws/build/tutorial_interfaces -- -j8 -l8
[1.457s] DEBUG:colcon.colcon_core.event_handler.log_command:Invoking command in '/home/ngochoan/dev_ws/build/cpp_interface': CMAKE_PREFIX_PATH=${CMAKE_PREFIX_PATH}:/opt/ros/humble /usr/bin/cmake --build /home/ngochoan/dev_ws/build/cpp_interface -- -j8 -l8
[1.461s] DEBUG:colcon.colcon_core.event_handler.log_command:Invoking command in '/home/ngochoan/dev_ws/build/cpp_srvcli': CMAKE_PREFIX_PATH=${CMAKE_PREFIX_PATH}:/opt/ros/humble /usr/bin/cmake --build /home/ngochoan/dev_ws/build/cpp_srvcli -- -j8 -l8
[1.549s] DEBUG:colcon.colcon_core.event_handler.log_command:Invoked command in '/home/ngochoan/dev_ws/build/cpp_srvcli' returned '0': CMAKE_PREFIX_PATH=${CMAKE_PREFIX_PATH}:/opt/ros/humble /usr/bin/cmake --build /home/ngochoan/dev_ws/build/cpp_srvcli -- -j8 -l8
[1.580s] DEBUG:colcon.colcon_core.event_handler.log_command:Invoking command in '/home/ngochoan/dev_ws/build/cpp_srvcli': CMAKE_PREFIX_PATH=${CMAKE_PREFIX_PATH}:/opt/ros/humble /usr/bin/cmake --install /home/ngochoan/dev_ws/build/cpp_srvcli
[1.588s] Level 1:colcon.colcon_core.environment:create_environment_scripts_only(cpp_srvcli)
[1.588s] DEBUG:colcon.colcon_core.event_handler.log_command:Invoked command in '/home/ngochoan/dev_ws/build/cpp_srvcli' returned '0': CMAKE_PREFIX_PATH=${CMAKE_PREFIX_PATH}:/opt/ros/humble /usr/bin/cmake --install /home/ngochoan/dev_ws/build/cpp_srvcli
[1.616s] Level 1:colcon.colcon_core.environment:checking '/home/ngochoan/dev_ws/install/cpp_srvcli' for CMake module files
[1.616s] Level 1:colcon.colcon_core.environment:checking '/home/ngochoan/dev_ws/install/cpp_srvcli' for CMake config files
[1.617s] Level 1:colcon.colcon_core.shell:create_environment_hook('cpp_srvcli', 'cmake_prefix_path')
[1.642s] INFO:colcon.colcon_core.shell:Creating environment hook '/home/ngochoan/dev_ws/install/cpp_srvcli/share/cpp_srvcli/hook/cmake_prefix_path.ps1'
[1.643s] INFO:colcon.colcon_core.shell:Creating environment descriptor '/home/ngochoan/dev_ws/install/cpp_srvcli/share/cpp_srvcli/hook/cmake_prefix_path.dsv'
[1.644s] INFO:colcon.colcon_core.shell:Creating environment hook '/home/ngochoan/dev_ws/install/cpp_srvcli/share/cpp_srvcli/hook/cmake_prefix_path.sh'
[1.645s] Level 1:colcon.colcon_core.environment:checking '/home/ngochoan/dev_ws/install/cpp_srvcli/lib'
[1.645s] Level 1:colcon.colcon_core.environment:checking '/home/ngochoan/dev_ws/install/cpp_srvcli/bin'
[1.645s] Level 1:colcon.colcon_core.environment:checking '/home/ngochoan/dev_ws/install/cpp_srvcli/lib/pkgconfig/cpp_srvcli.pc'
[1.646s] Level 1:colcon.colcon_core.environment:checking '/home/ngochoan/dev_ws/install/cpp_srvcli/lib/python3.10/site-packages'
[1.646s] Level 1:colcon.colcon_core.environment:checking '/home/ngochoan/dev_ws/install/cpp_srvcli/bin'
[1.666s] INFO:colcon.colcon_core.shell:Creating package script '/home/ngochoan/dev_ws/install/cpp_srvcli/share/cpp_srvcli/package.ps1'
[1.667s] INFO:colcon.colcon_core.shell:Creating package descriptor '/home/ngochoan/dev_ws/install/cpp_srvcli/share/cpp_srvcli/package.dsv'
[1.667s] INFO:colcon.colcon_core.shell:Creating package script '/home/ngochoan/dev_ws/install/cpp_srvcli/share/cpp_srvcli/package.sh'
[1.667s] INFO:colcon.colcon_core.shell:Creating package script '/home/ngochoan/dev_ws/install/cpp_srvcli/share/cpp_srvcli/package.bash'
[1.668s] INFO:colcon.colcon_core.shell:Creating package script '/home/ngochoan/dev_ws/install/cpp_srvcli/share/cpp_srvcli/package.zsh'
[1.669s] Level 1:colcon.colcon_core.environment:create_file_with_runtime_dependencies(/home/ngochoan/dev_ws/install/cpp_srvcli/share/colcon-core/packages/cpp_srvcli)
[1.713s] Level 1:colcon.colcon_core.environment:create_environment_scripts_only(cpp_srvcli)
[1.737s] Level 1:colcon.colcon_core.environment:checking '/home/ngochoan/dev_ws/install/cpp_srvcli' for CMake module files
[1.738s] Level 1:colcon.colcon_core.environment:checking '/home/ngochoan/dev_ws/install/cpp_srvcli' for CMake config files
[1.738s] Level 1:colcon.colcon_core.shell:create_environment_hook('cpp_srvcli', 'cmake_prefix_path')
[1.762s] INFO:colcon.colcon_core.shell:Creating environment hook '/home/ngochoan/dev_ws/install/cpp_srvcli/share/cpp_srvcli/hook/cmake_prefix_path.ps1'
[1.762s] INFO:colcon.colcon_core.shell:Creating environment descriptor '/home/ngochoan/dev_ws/install/cpp_srvcli/share/cpp_srvcli/hook/cmake_prefix_path.dsv'
[1.763s] INFO:colcon.colcon_core.shell:Creating environment hook '/home/ngochoan/dev_ws/install/cpp_srvcli/share/cpp_srvcli/hook/cmake_prefix_path.sh'
[1.763s] Level 1:colcon.colcon_core.environment:checking '/home/ngochoan/dev_ws/install/cpp_srvcli/lib'
[1.763s] Level 1:colcon.colcon_core.environment:checking '/home/ngochoan/dev_ws/install/cpp_srvcli/bin'
[1.763s] Level 1:colcon.colcon_core.environment:checking '/home/ngochoan/dev_ws/install/cpp_srvcli/lib/pkgconfig/cpp_srvcli.pc'
[1.764s] Level 1:colcon.colcon_core.environment:checking '/home/ngochoan/dev_ws/install/cpp_srvcli/lib/python3.10/site-packages'
[1.764s] Level 1:colcon.colcon_core.environment:checking '/home/ngochoan/dev_ws/install/cpp_srvcli/bin'
[1.781s] INFO:colcon.colcon_core.shell:Creating package script '/home/ngochoan/dev_ws/install/cpp_srvcli/share/cpp_srvcli/package.ps1'
[1.782s] INFO:colcon.colcon_core.shell:Creating package descriptor '/home/ngochoan/dev_ws/install/cpp_srvcli/share/cpp_srvcli/package.dsv'
[1.782s] INFO:colcon.colcon_core.shell:Creating package script '/home/ngochoan/dev_ws/install/cpp_srvcli/share/cpp_srvcli/package.sh'
[1.783s] INFO:colcon.colcon_core.shell:Creating package script '/home/ngochoan/dev_ws/install/cpp_srvcli/share/cpp_srvcli/package.bash'
[1.783s] INFO:colcon.colcon_core.shell:Creating package script '/home/ngochoan/dev_ws/install/cpp_srvcli/share/cpp_srvcli/package.zsh'
[1.783s] Level 1:colcon.colcon_core.environment:create_file_with_runtime_dependencies(/home/ngochoan/dev_ws/install/cpp_srvcli/share/colcon-core/packages/cpp_srvcli)
[1.880s] DEBUG:colcon.colcon_core.event_handler.log_command:Invoked command in '/home/ngochoan/dev_ws/build/tutorial_interfaces' returned '0': CMAKE_PREFIX_PATH=${CMAKE_PREFIX_PATH}:/opt/ros/humble /usr/bin/cmake --build /home/ngochoan/dev_ws/build/tutorial_interfaces -- -j8 -l8
[1.931s] DEBUG:colcon.colcon_core.event_handler.log_command:Invoking command in '/home/ngochoan/dev_ws/build/tutorial_interfaces': CMAKE_PREFIX_PATH=${CMAKE_PREFIX_PATH}:/opt/ros/humble /usr/bin/cmake --install /home/ngochoan/dev_ws/build/tutorial_interfaces
[1.996s] Level 1:colcon.colcon_core.environment:create_environment_scripts_only(tutorial_interfaces)
[1.996s] DEBUG:colcon.colcon_core.event_handler.log_command:Invoked command in '/home/ngochoan/dev_ws/build/tutorial_interfaces' returned '0': CMAKE_PREFIX_PATH=${CMAKE_PREFIX_PATH}:/opt/ros/humble /usr/bin/cmake --install /home/ngochoan/dev_ws/build/tutorial_interfaces
[2.020s] Level 1:colcon.colcon_core.environment:checking '/home/ngochoan/dev_ws/install/tutorial_interfaces' for CMake module files
[2.021s] Level 1:colcon.colcon_core.environment:checking '/home/ngochoan/dev_ws/install/tutorial_interfaces' for CMake config files
[2.022s] Level 1:colcon.colcon_core.shell:create_environment_hook('tutorial_interfaces', 'cmake_prefix_path')
[2.040s] INFO:colcon.colcon_core.shell:Creating environment hook '/home/ngochoan/dev_ws/install/tutorial_interfaces/share/tutorial_interfaces/hook/cmake_prefix_path.ps1'
[2.040s] INFO:colcon.colcon_core.shell:Creating environment descriptor '/home/ngochoan/dev_ws/install/tutorial_interfaces/share/tutorial_interfaces/hook/cmake_prefix_path.dsv'
[2.040s] INFO:colcon.colcon_core.shell:Creating environment hook '/home/ngochoan/dev_ws/install/tutorial_interfaces/share/tutorial_interfaces/hook/cmake_prefix_path.sh'
[2.041s] Level 1:colcon.colcon_core.environment:checking '/home/ngochoan/dev_ws/install/tutorial_interfaces/lib'
[2.041s] Level 1:colcon.colcon_core.shell:create_environment_hook('tutorial_interfaces', 'ld_library_path_lib')
[2.055s] INFO:colcon.colcon_core.shell:Creating environment hook '/home/ngochoan/dev_ws/install/tutorial_interfaces/share/tutorial_interfaces/hook/ld_library_path_lib.ps1'
[2.055s] INFO:colcon.colcon_core.shell:Creating environment descriptor '/home/ngochoan/dev_ws/install/tutorial_interfaces/share/tutorial_interfaces/hook/ld_library_path_lib.dsv'
[2.055s] INFO:colcon.colcon_core.shell:Creating environment hook '/home/ngochoan/dev_ws/install/tutorial_interfaces/share/tutorial_interfaces/hook/ld_library_path_lib.sh'
[2.056s] Level 1:colcon.colcon_core.environment:checking '/home/ngochoan/dev_ws/install/tutorial_interfaces/bin'
[2.056s] Level 1:colcon.colcon_core.environment:checking '/home/ngochoan/dev_ws/install/tutorial_interfaces/lib/pkgconfig/tutorial_interfaces.pc'
[2.056s] Level 1:colcon.colcon_core.environment:checking '/home/ngochoan/dev_ws/install/tutorial_interfaces/lib/python3.10/site-packages'
[2.056s] Level 1:colcon.colcon_core.environment:checking '/home/ngochoan/dev_ws/install/tutorial_interfaces/bin'
[2.072s] INFO:colcon.colcon_core.shell:Creating package script '/home/ngochoan/dev_ws/install/tutorial_interfaces/share/tutorial_interfaces/package.ps1'
[2.073s] INFO:colcon.colcon_core.shell:Creating package descriptor '/home/ngochoan/dev_ws/install/tutorial_interfaces/share/tutorial_interfaces/package.dsv'
[2.073s] INFO:colcon.colcon_core.shell:Creating package script '/home/ngochoan/dev_ws/install/tutorial_interfaces/share/tutorial_interfaces/package.sh'
[2.074s] INFO:colcon.colcon_core.shell:Creating package script '/home/ngochoan/dev_ws/install/tutorial_interfaces/share/tutorial_interfaces/package.bash'
[2.074s] INFO:colcon.colcon_core.shell:Creating package script '/home/ngochoan/dev_ws/install/tutorial_interfaces/share/tutorial_interfaces/package.zsh'
[2.074s] Level 1:colcon.colcon_core.environment:create_file_with_runtime_dependencies(/home/ngochoan/dev_ws/install/tutorial_interfaces/share/colcon-core/packages/tutorial_interfaces)
[2.148s] Level 1:colcon.colcon_core.environment:create_environment_scripts_only(tutorial_interfaces)
[2.162s] Level 1:colcon.colcon_core.environment:checking '/home/ngochoan/dev_ws/install/tutorial_interfaces' for CMake module files
[2.163s] Level 1:colcon.colcon_core.environment:checking '/home/ngochoan/dev_ws/install/tutorial_interfaces' for CMake config files
[2.163s] Level 1:colcon.colcon_core.shell:create_environment_hook('tutorial_interfaces', 'cmake_prefix_path')
[2.179s] INFO:colcon.colcon_core.shell:Creating environment hook '/home/ngochoan/dev_ws/install/tutorial_interfaces/share/tutorial_interfaces/hook/cmake_prefix_path.ps1'
[2.179s] INFO:colcon.colcon_core.shell:Creating environment descriptor '/home/ngochoan/dev_ws/install/tutorial_interfaces/share/tutorial_interfaces/hook/cmake_prefix_path.dsv'
[2.179s] INFO:colcon.colcon_core.shell:Creating environment hook '/home/ngochoan/dev_ws/install/tutorial_interfaces/share/tutorial_interfaces/hook/cmake_prefix_path.sh'
[2.180s] Level 1:colcon.colcon_core.environment:checking '/home/ngochoan/dev_ws/install/tutorial_interfaces/lib'
[2.180s] Level 1:colcon.colcon_core.shell:create_environment_hook('tutorial_interfaces', 'ld_library_path_lib')
[2.195s] INFO:colcon.colcon_core.shell:Creating environment hook '/home/ngochoan/dev_ws/install/tutorial_interfaces/share/tutorial_interfaces/hook/ld_library_path_lib.ps1'
[2.195s] INFO:colcon.colcon_core.shell:Creating environment descriptor '/home/ngochoan/dev_ws/install/tutorial_interfaces/share/tutorial_interfaces/hook/ld_library_path_lib.dsv'
[2.195s] INFO:colcon.colcon_core.shell:Creating environment hook '/home/ngochoan/dev_ws/install/tutorial_interfaces/share/tutorial_interfaces/hook/ld_library_path_lib.sh'
[2.196s] Level 1:colcon.colcon_core.environment:checking '/home/ngochoan/dev_ws/install/tutorial_interfaces/bin'
[2.196s] Level 1:colcon.colcon_core.environment:checking '/home/ngochoan/dev_ws/install/tutorial_interfaces/lib/pkgconfig/tutorial_interfaces.pc'
[2.196s] Level 1:colcon.colcon_core.environment:checking '/home/ngochoan/dev_ws/install/tutorial_interfaces/lib/python3.10/site-packages'
[2.196s] Level 1:colcon.colcon_core.environment:checking '/home/ngochoan/dev_ws/install/tutorial_interfaces/bin'
[2.211s] INFO:colcon.colcon_core.shell:Creating package script '/home/ngochoan/dev_ws/install/tutorial_interfaces/share/tutorial_interfaces/package.ps1'
[2.211s] INFO:colcon.colcon_core.shell:Creating package descriptor '/home/ngochoan/dev_ws/install/tutorial_interfaces/share/tutorial_interfaces/package.dsv'
[2.212s] INFO:colcon.colcon_core.shell:Creating package script '/home/ngochoan/dev_ws/install/tutorial_interfaces/share/tutorial_interfaces/package.sh'
[2.212s] INFO:colcon.colcon_core.shell:Creating package script '/home/ngochoan/dev_ws/install/tutorial_interfaces/share/tutorial_interfaces/package.bash'
[2.212s] INFO:colcon.colcon_core.shell:Creating package script '/home/ngochoan/dev_ws/install/tutorial_interfaces/share/tutorial_interfaces/package.zsh'
[2.213s] Level 1:colcon.colcon_core.environment:create_file_with_runtime_dependencies(/home/ngochoan/dev_ws/install/tutorial_interfaces/share/colcon-core/packages/tutorial_interfaces)
[2.213s] INFO:colcon.colcon_ros.task.ament_cmake.build:Building ROS package in '/home/ngochoan/dev_ws/src/cpp_pubsub' with build type 'ament_cmake'
[2.213s] INFO:colcon.colcon_cmake.task.cmake.build:Building CMake package in '/home/ngochoan/dev_ws/src/cpp_pubsub'
[2.229s] INFO:colcon.colcon_core.shell:Skip shell extension 'powershell' for command environment: Not usable outside of PowerShell
[2.229s] DEBUG:colcon.colcon_core.shell:Skip shell extension 'dsv' for command environment
[2.286s] DEBUG:colcon.colcon_core.event_handler.log_command:Invoking command in '/home/ngochoan/dev_ws/build/cpp_pubsub': CMAKE_PREFIX_PATH=/home/ngochoan/dev_ws/install/tutorial_interfaces:/home/ngochoan/dev_ws/install/cpp_pubsub:/home/ngochoan/dev_ws/install/turtlesim:/home/ngochoan/dev_ws/install/my_package:/home/ngochoan/dev_ws/install/cpp_srvcli:/home/ngochoan/dev_ws/install/cpp_interface:/opt/ros/humble /usr/bin/cmake --build /home/ngochoan/dev_ws/build/cpp_pubsub -- -j8 -l8
[2.345s] DEBUG:colcon.colcon_core.event_handler.log_command:Invoked command in '/home/ngochoan/dev_ws/build/cpp_pubsub' returned '0': CMAKE_PREFIX_PATH=/home/ngochoan/dev_ws/install/tutorial_interfaces:/home/ngochoan/dev_ws/install/cpp_pubsub:/home/ngochoan/dev_ws/install/turtlesim:/home/ngochoan/dev_ws/install/my_package:/home/ngochoan/dev_ws/install/cpp_srvcli:/home/ngochoan/dev_ws/install/cpp_interface:/opt/ros/humble /usr/bin/cmake --build /home/ngochoan/dev_ws/build/cpp_pubsub -- -j8 -l8
[2.368s] DEBUG:colcon.colcon_core.event_handler.log_command:Invoking command in '/home/ngochoan/dev_ws/build/cpp_pubsub': CMAKE_PREFIX_PATH=/home/ngochoan/dev_ws/install/tutorial_interfaces:/home/ngochoan/dev_ws/install/cpp_pubsub:/home/ngochoan/dev_ws/install/turtlesim:/home/ngochoan/dev_ws/install/my_package:/home/ngochoan/dev_ws/install/cpp_srvcli:/home/ngochoan/dev_ws/install/cpp_interface:/opt/ros/humble /usr/bin/cmake --install /home/ngochoan/dev_ws/build/cpp_pubsub
[2.378s] Level 1:colcon.colcon_core.environment:create_environment_scripts_only(cpp_pubsub)
[2.379s] DEBUG:colcon.colcon_core.event_handler.log_command:Invoked command in '/home/ngochoan/dev_ws/build/cpp_pubsub' returned '0': CMAKE_PREFIX_PATH=/home/ngochoan/dev_ws/install/tutorial_interfaces:/home/ngochoan/dev_ws/install/cpp_pubsub:/home/ngochoan/dev_ws/install/turtlesim:/home/ngochoan/dev_ws/install/my_package:/home/ngochoan/dev_ws/install/cpp_srvcli:/home/ngochoan/dev_ws/install/cpp_interface:/opt/ros/humble /usr/bin/cmake --install /home/ngochoan/dev_ws/build/cpp_pubsub
[2.404s] Level 1:colcon.colcon_core.environment:checking '/home/ngochoan/dev_ws/install/cpp_pubsub' for CMake module files
[2.405s] Level 1:colcon.colcon_core.environment:checking '/home/ngochoan/dev_ws/install/cpp_pubsub' for CMake config files
[2.405s] Level 1:colcon.colcon_core.shell:create_environment_hook('cpp_pubsub', 'cmake_prefix_path')
[2.429s] INFO:colcon.colcon_core.shell:Creating environment hook '/home/ngochoan/dev_ws/install/cpp_pubsub/share/cpp_pubsub/hook/cmake_prefix_path.ps1'
[2.430s] INFO:colcon.colcon_core.shell:Creating environment descriptor '/home/ngochoan/dev_ws/install/cpp_pubsub/share/cpp_pubsub/hook/cmake_prefix_path.dsv'
[2.430s] INFO:colcon.colcon_core.shell:Creating environment hook '/home/ngochoan/dev_ws/install/cpp_pubsub/share/cpp_pubsub/hook/cmake_prefix_path.sh'
[2.431s] Level 1:colcon.colcon_core.environment:checking '/home/ngochoan/dev_ws/install/cpp_pubsub/lib'
[2.431s] Level 1:colcon.colcon_core.environment:checking '/home/ngochoan/dev_ws/install/cpp_pubsub/bin'
[2.431s] Level 1:colcon.colcon_core.environment:checking '/home/ngochoan/dev_ws/install/cpp_pubsub/lib/pkgconfig/cpp_pubsub.pc'
[2.432s] Level 1:colcon.colcon_core.environment:checking '/home/ngochoan/dev_ws/install/cpp_pubsub/lib/python3.10/site-packages'
[2.432s] Level 1:colcon.colcon_core.environment:checking '/home/ngochoan/dev_ws/install/cpp_pubsub/bin'
[2.456s] INFO:colcon.colcon_core.shell:Creating package script '/home/ngochoan/dev_ws/install/cpp_pubsub/share/cpp_pubsub/package.ps1'
[2.456s] INFO:colcon.colcon_core.shell:Creating package descriptor '/home/ngochoan/dev_ws/install/cpp_pubsub/share/cpp_pubsub/package.dsv'
[2.457s] INFO:colcon.colcon_core.shell:Creating package script '/home/ngochoan/dev_ws/install/cpp_pubsub/share/cpp_pubsub/package.sh'
[2.457s] INFO:colcon.colcon_core.shell:Creating package script '/home/ngochoan/dev_ws/install/cpp_pubsub/share/cpp_pubsub/package.bash'
[2.458s] INFO:colcon.colcon_core.shell:Creating package script '/home/ngochoan/dev_ws/install/cpp_pubsub/share/cpp_pubsub/package.zsh'
[2.458s] Level 1:colcon.colcon_core.environment:create_file_with_runtime_dependencies(/home/ngochoan/dev_ws/install/cpp_pubsub/share/colcon-core/packages/cpp_pubsub)
[2.497s] Level 1:colcon.colcon_core.environment:create_environment_scripts_only(cpp_pubsub)
[2.512s] Level 1:colcon.colcon_core.environment:checking '/home/ngochoan/dev_ws/install/cpp_pubsub' for CMake module files
[2.513s] Level 1:colcon.colcon_core.environment:checking '/home/ngochoan/dev_ws/install/cpp_pubsub' for CMake config files
[2.513s] Level 1:colcon.colcon_core.shell:create_environment_hook('cpp_pubsub', 'cmake_prefix_path')
[2.528s] INFO:colcon.colcon_core.shell:Creating environment hook '/home/ngochoan/dev_ws/install/cpp_pubsub/share/cpp_pubsub/hook/cmake_prefix_path.ps1'
[2.528s] INFO:colcon.colcon_core.shell:Creating environment descriptor '/home/ngochoan/dev_ws/install/cpp_pubsub/share/cpp_pubsub/hook/cmake_prefix_path.dsv'
[2.528s] INFO:colcon.colcon_core.shell:Creating environment hook '/home/ngochoan/dev_ws/install/cpp_pubsub/share/cpp_pubsub/hook/cmake_prefix_path.sh'
[2.529s] Level 1:colcon.colcon_core.environment:checking '/home/ngochoan/dev_ws/install/cpp_pubsub/lib'
[2.529s] Level 1:colcon.colcon_core.environment:checking '/home/ngochoan/dev_ws/install/cpp_pubsub/bin'
[2.529s] Level 1:colcon.colcon_core.environment:checking '/home/ngochoan/dev_ws/install/cpp_pubsub/lib/pkgconfig/cpp_pubsub.pc'
[2.529s] Level 1:colcon.colcon_core.environment:checking '/home/ngochoan/dev_ws/install/cpp_pubsub/lib/python3.10/site-packages'
[2.529s] Level 1:colcon.colcon_core.environment:checking '/home/ngochoan/dev_ws/install/cpp_pubsub/bin'
[2.544s] INFO:colcon.colcon_core.shell:Creating package script '/home/ngochoan/dev_ws/install/cpp_pubsub/share/cpp_pubsub/package.ps1'
[2.544s] INFO:colcon.colcon_core.shell:Creating package descriptor '/home/ngochoan/dev_ws/install/cpp_pubsub/share/cpp_pubsub/package.dsv'
[2.545s] INFO:colcon.colcon_core.shell:Creating package script '/home/ngochoan/dev_ws/install/cpp_pubsub/share/cpp_pubsub/package.sh'
[2.545s] INFO:colcon.colcon_core.shell:Creating package script '/home/ngochoan/dev_ws/install/cpp_pubsub/share/cpp_pubsub/package.bash'
[2.545s] INFO:colcon.colcon_core.shell:Creating package script '/home/ngochoan/dev_ws/install/cpp_pubsub/share/cpp_pubsub/package.zsh'
[2.546s] Level 1:colcon.colcon_core.environment:create_file_with_runtime_dependencies(/home/ngochoan/dev_ws/install/cpp_pubsub/share/colcon-core/packages/cpp_pubsub)
[9.322s] DEBUG:colcon.colcon_core.event_handler.log_command:Invoked command in '/home/ngochoan/dev_ws/build/cpp_interface' returned '0': CMAKE_PREFIX_PATH=${CMAKE_PREFIX_PATH}:/opt/ros/humble /usr/bin/cmake --build /home/ngochoan/dev_ws/build/cpp_interface -- -j8 -l8
[9.341s] DEBUG:colcon.colcon_core.event_handler.log_command:Invoking command in '/home/ngochoan/dev_ws/build/cpp_interface': CMAKE_PREFIX_PATH=${CMAKE_PREFIX_PATH}:/opt/ros/humble /usr/bin/cmake --install /home/ngochoan/dev_ws/build/cpp_interface
[9.351s] Level 1:colcon.colcon_core.environment:create_environment_scripts_only(cpp_interface)
[9.352s] DEBUG:colcon.colcon_core.event_handler.log_command:Invoked command in '/home/ngochoan/dev_ws/build/cpp_interface' returned '0': CMAKE_PREFIX_PATH=${CMAKE_PREFIX_PATH}:/opt/ros/humble /usr/bin/cmake --install /home/ngochoan/dev_ws/build/cpp_interface
[9.366s] Level 1:colcon.colcon_core.environment:checking '/home/ngochoan/dev_ws/install/cpp_interface' for CMake module files
[9.366s] Level 1:colcon.colcon_core.environment:checking '/home/ngochoan/dev_ws/install/cpp_interface' for CMake config files
[9.366s] Level 1:colcon.colcon_core.shell:create_environment_hook('cpp_interface', 'cmake_prefix_path')
[9.380s] INFO:colcon.colcon_core.shell:Creating environment hook '/home/ngochoan/dev_ws/install/cpp_interface/share/cpp_interface/hook/cmake_prefix_path.ps1'
[9.381s] INFO:colcon.colcon_core.shell:Creating environment descriptor '/home/ngochoan/dev_ws/install/cpp_interface/share/cpp_interface/hook/cmake_prefix_path.dsv'
[9.381s] INFO:colcon.colcon_core.shell:Creating environment hook '/home/ngochoan/dev_ws/install/cpp_interface/share/cpp_interface/hook/cmake_prefix_path.sh'
[9.382s] Level 1:colcon.colcon_core.environment:checking '/home/ngochoan/dev_ws/install/cpp_interface/lib'
[9.382s] Level 1:colcon.colcon_core.environment:checking '/home/ngochoan/dev_ws/install/cpp_interface/bin'
[9.382s] Level 1:colcon.colcon_core.environment:checking '/home/ngochoan/dev_ws/install/cpp_interface/lib/pkgconfig/cpp_interface.pc'
[9.382s] Level 1:colcon.colcon_core.environment:checking '/home/ngochoan/dev_ws/install/cpp_interface/lib/python3.10/site-packages'
[9.382s] Level 1:colcon.colcon_core.environment:checking '/home/ngochoan/dev_ws/install/cpp_interface/bin'
[9.398s] INFO:colcon.colcon_core.shell:Creating package script '/home/ngochoan/dev_ws/install/cpp_interface/share/cpp_interface/package.ps1'
[9.398s] INFO:colcon.colcon_core.shell:Creating package descriptor '/home/ngochoan/dev_ws/install/cpp_interface/share/cpp_interface/package.dsv'
[9.399s] INFO:colcon.colcon_core.shell:Creating package script '/home/ngochoan/dev_ws/install/cpp_interface/share/cpp_interface/package.sh'
[9.399s] INFO:colcon.colcon_core.shell:Creating package script '/home/ngochoan/dev_ws/install/cpp_interface/share/cpp_interface/package.bash'
[9.399s] INFO:colcon.colcon_core.shell:Creating package script '/home/ngochoan/dev_ws/install/cpp_interface/share/cpp_interface/package.zsh'
[9.400s] Level 1:colcon.colcon_core.environment:create_file_with_runtime_dependencies(/home/ngochoan/dev_ws/install/cpp_interface/share/colcon-core/packages/cpp_interface)
[9.432s] Level 1:colcon.colcon_core.environment:create_environment_scripts_only(cpp_interface)
[9.455s] Level 1:colcon.colcon_core.environment:checking '/home/ngochoan/dev_ws/install/cpp_interface' for CMake module files
[9.455s] Level 1:colcon.colcon_core.environment:checking '/home/ngochoan/dev_ws/install/cpp_interface' for CMake config files
[9.455s] Level 1:colcon.colcon_core.shell:create_environment_hook('cpp_interface', 'cmake_prefix_path')
[9.469s] INFO:colcon.colcon_core.shell:Creating environment hook '/home/ngochoan/dev_ws/install/cpp_interface/share/cpp_interface/hook/cmake_prefix_path.ps1'
[9.469s] INFO:colcon.colcon_core.shell:Creating environment descriptor '/home/ngochoan/dev_ws/install/cpp_interface/share/cpp_interface/hook/cmake_prefix_path.dsv'
[9.469s] INFO:colcon.colcon_core.shell:Creating environment hook '/home/ngochoan/dev_ws/install/cpp_interface/share/cpp_interface/hook/cmake_prefix_path.sh'
[9.470s] Level 1:colcon.colcon_core.environment:checking '/home/ngochoan/dev_ws/install/cpp_interface/lib'
[9.470s] Level 1:colcon.colcon_core.environment:checking '/home/ngochoan/dev_ws/install/cpp_interface/bin'
[9.470s] Level 1:colcon.colcon_core.environment:checking '/home/ngochoan/dev_ws/install/cpp_interface/lib/pkgconfig/cpp_interface.pc'
[9.470s] Level 1:colcon.colcon_core.environment:checking '/home/ngochoan/dev_ws/install/cpp_interface/lib/python3.10/site-packages'
[9.470s] Level 1:colcon.colcon_core.environment:checking '/home/ngochoan/dev_ws/install/cpp_interface/bin'
[9.484s] INFO:colcon.colcon_core.shell:Creating package script '/home/ngochoan/dev_ws/install/cpp_interface/share/cpp_interface/package.ps1'
[9.485s] INFO:colcon.colcon_core.shell:Creating package descriptor '/home/ngochoan/dev_ws/install/cpp_interface/share/cpp_interface/package.dsv'
[9.485s] INFO:colcon.colcon_core.shell:Creating package script '/home/ngochoan/dev_ws/install/cpp_interface/share/cpp_interface/package.sh'
[9.485s] INFO:colcon.colcon_core.shell:Creating package script '/home/ngochoan/dev_ws/install/cpp_interface/share/cpp_interface/package.bash'
[9.486s] INFO:colcon.colcon_core.shell:Creating package script '/home/ngochoan/dev_ws/install/cpp_interface/share/cpp_interface/package.zsh'
[9.486s] Level 1:colcon.colcon_core.environment:create_file_with_runtime_dependencies(/home/ngochoan/dev_ws/install/cpp_interface/share/colcon-core/packages/cpp_interface)
[9.486s] DEBUG:colcon.colcon_parallel_executor.executor.parallel:closing loop
[9.486s] DEBUG:colcon.colcon_parallel_executor.executor.parallel:loop closed
[9.486s] DEBUG:colcon.colcon_parallel_executor.executor.parallel:run_until_complete finished with '0'
[9.486s] DEBUG:colcon.colcon_core.event_reactor:joining thread
[9.509s] INFO:colcon.colcon_core.plugin_system:Skipping extension 'colcon_notification.desktop_notification.terminal_notifier': Not used on non-Darwin systems
[9.509s] INFO:colcon.colcon_core.plugin_system:Skipping extension 'colcon_notification.desktop_notification.win32': Not used on non-Windows systems
[9.509s] INFO:colcon.colcon_notification.desktop_notification:Sending desktop notification using 'notify2'
[9.522s] DEBUG:colcon.colcon_core.event_reactor:joined thread
[9.538s] INFO:colcon.colcon_core.shell:Creating prefix script '/home/ngochoan/dev_ws/install/local_setup.ps1'
[9.539s] INFO:colcon.colcon_core.shell:Creating prefix util module '/home/ngochoan/dev_ws/install/_local_setup_util_ps1.py'
[9.540s] INFO:colcon.colcon_core.shell:Creating prefix chain script '/home/ngochoan/dev_ws/install/setup.ps1'
[9.556s] INFO:colcon.colcon_core.shell:Creating prefix script '/home/ngochoan/dev_ws/install/local_setup.sh'
[9.557s] INFO:colcon.colcon_core.shell:Creating prefix util module '/home/ngochoan/dev_ws/install/_local_setup_util_sh.py'
[9.557s] INFO:colcon.colcon_core.shell:Creating prefix chain script '/home/ngochoan/dev_ws/install/setup.sh'
[9.572s] INFO:colcon.colcon_core.shell:Creating prefix script '/home/ngochoan/dev_ws/install/local_setup.bash'
[9.573s] INFO:colcon.colcon_core.shell:Creating prefix chain script '/home/ngochoan/dev_ws/install/setup.bash'
[9.588s] INFO:colcon.colcon_core.shell:Creating prefix script '/home/ngochoan/dev_ws/install/local_setup.zsh'
[9.589s] INFO:colcon.colcon_core.shell:Creating prefix chain script '/home/ngochoan/dev_ws/install/setup.zsh'
