[0.239s] Invoking command in '/home/ngochoan/dev_ws/build/csm': CMAKE_PREFIX_PATH=/opt/ros/humble /usr/bin/cmake --build /home/ngochoan/dev_ws/build/csm -- -j8 -l8
[0.393s] [100%] Built target csm
[0.411s] Invoked command in '/home/ngochoan/dev_ws/build/csm' returned '0': CMAKE_PREFIX_PATH=/opt/ros/humble /usr/bin/cmake --build /home/ngochoan/dev_ws/build/csm -- -j8 -l8
[0.867s] Invoking command in '/home/ngochoan/dev_ws/build/csm': CMAKE_PREFIX_PATH=/opt/ros/humble /usr/bin/cmake --install /home/ngochoan/dev_ws/build/csm
[1.100s] -- Install configuration: ""
[1.100s] -- Up-to-date: /home/ngochoan/dev_ws/install/csm/lib/libcsm.so
[1.101s] -- Up-to-date: /home/ngochoan/dev_ws/install/csm/include/..//include
[1.101s] -- Up-to-date: /home/ngochoan/dev_ws/install/csm/include/..//include/csm
[1.101s] -- Up-to-date: /home/ngochoan/dev_ws/install/csm/include/..//include/csm/laser_data.h
[1.101s] -- Up-to-date: /home/ngochoan/dev_ws/install/csm/include/..//include/csm/laser_data_inline.h
[1.101s] -- Up-to-date: /home/ngochoan/dev_ws/install/csm/include/..//include/csm/csm.h
[1.101s] -- Up-to-date: /home/ngochoan/dev_ws/install/csm/include/..//include/csm/restrict.h
[1.101s] -- Up-to-date: /home/ngochoan/dev_ws/install/csm/include/..//include/csm/algos.h
[1.101s] -- Up-to-date: /home/ngochoan/dev_ws/install/csm/include/..//include/gsl_eigen
[1.102s] -- Up-to-date: /home/ngochoan/dev_ws/install/csm/include/..//include/gsl_eigen/gsl_eigen.h
[1.102s] -- Up-to-date: /home/ngochoan/dev_ws/install/csm/share/csm/resource
[1.102s] -- Up-to-date: /home/ngochoan/dev_ws/install/csm/share/csm/resource/csm
[1.102s] -- Up-to-date: /home/ngochoan/dev_ws/install/csm/include/../gsl_eigen
[1.102s] -- Up-to-date: /home/ngochoan/dev_ws/install/csm/include/../gsl_eigen/gsl_eigen.h
[1.102s] -- Up-to-date: /home/ngochoan/dev_ws/install/csm/share/csm/environment/library_path.sh
[1.102s] -- Up-to-date: /home/ngochoan/dev_ws/install/csm/share/csm/environment/library_path.dsv
[1.102s] -- Up-to-date: /home/ngochoan/dev_ws/install/csm/share/ament_index/resource_index/package_run_dependencies/csm
[1.102s] -- Up-to-date: /home/ngochoan/dev_ws/install/csm/share/ament_index/resource_index/parent_prefix_path/csm
[1.103s] -- Up-to-date: /home/ngochoan/dev_ws/install/csm/share/csm/environment/ament_prefix_path.sh
[1.103s] -- Up-to-date: /home/ngochoan/dev_ws/install/csm/share/csm/environment/ament_prefix_path.dsv
[1.103s] -- Up-to-date: /home/ngochoan/dev_ws/install/csm/share/csm/environment/path.sh
[1.103s] -- Up-to-date: /home/ngochoan/dev_ws/install/csm/share/csm/environment/path.dsv
[1.103s] -- Up-to-date: /home/ngochoan/dev_ws/install/csm/share/csm/local_setup.bash
[1.103s] -- Up-to-date: /home/ngochoan/dev_ws/install/csm/share/csm/local_setup.sh
[1.103s] -- Up-to-date: /home/ngochoan/dev_ws/install/csm/share/csm/local_setup.zsh
[1.103s] -- Up-to-date: /home/ngochoan/dev_ws/install/csm/share/csm/local_setup.dsv
[1.103s] -- Installing: /home/ngochoan/dev_ws/install/csm/share/csm/package.dsv
[1.103s] -- Up-to-date: /home/ngochoan/dev_ws/install/csm/share/ament_index/resource_index/packages/csm
[1.103s] -- Up-to-date: /home/ngochoan/dev_ws/install/csm/share/csm/cmake/ament_cmake_export_dependencies-extras.cmake
[1.104s] -- Up-to-date: /home/ngochoan/dev_ws/install/csm/share/csm/cmake/ament_cmake_export_include_directories-extras.cmake
[1.104s] -- Up-to-date: /home/ngochoan/dev_ws/install/csm/share/csm/cmake/ament_cmake_export_libraries-extras.cmake
[1.104s] -- Up-to-date: /home/ngochoan/dev_ws/install/csm/share/csm/cmake/csmConfig.cmake
[1.104s] -- Up-to-date: /home/ngochoan/dev_ws/install/csm/share/csm/cmake/csmConfig-version.cmake
[1.104s] -- Up-to-date: /home/ngochoan/dev_ws/install/csm/share/csm/package.xml
[1.122s] Invoked command in '/home/ngochoan/dev_ws/build/csm' returned '0': CMAKE_PREFIX_PATH=/opt/ros/humble /usr/bin/cmake --install /home/ngochoan/dev_ws/build/csm
