-- The C compiler identification is GNU 11.4.0
-- The CXX compiler identification is GNU 11.4.0
-- Detecting C compiler ABI info
-- Detecting C compiler ABI info - done
-- Check for working C compiler: /usr/bin/cc - skipped
-- Detecting C compile features
-- Detecting C compile features - done
-- Detecting CXX compiler ABI info
-- Detecting CXX compiler ABI info - done
-- Check for working CXX compiler: /usr/bin/c++ - skipped
-- Detecting CXX compile features
-- Detecting CXX compile features - done
-- Found ament_cmake: 1.3.6 (/opt/ros/humble/share/ament_cmake/cmake)
-- Found Python3: /usr/bin/python3.10 (found version "3.10.12") found components: Interpreter 
-- Found ament_lint_auto: 0.12.9 (/opt/ros/humble/share/ament_lint_auto/cmake)
-- Added test 'cppcheck' to perform static code analysis on C / C++ code
-- Configured cppcheck include dirs: 
-- Configured cppcheck exclude dirs and/or files: 
-- Added test 'lint_cmake' to check CMake code style
-- Added test 'uncrustify' to check C / C++ code style
-- Configured uncrustify additional arguments: 
-- Added test 'xmllint' to check XML markup files
-- Configuring done
-- Generating done
-- Build files have been written to: /home/ngochoan/dev_ws/build/template_ros2
-- Install configuration: ""
-- Installing: /home/ngochoan/dev_ws/install/template_ros2/share/ament_index/resource_index/package_run_dependencies/template_ros2
-- Installing: /home/ngochoan/dev_ws/install/template_ros2/share/ament_index/resource_index/parent_prefix_path/template_ros2
-- Installing: /home/ngochoan/dev_ws/install/template_ros2/share/template_ros2/environment/ament_prefix_path.sh
-- Installing: /home/ngochoan/dev_ws/install/template_ros2/share/template_ros2/environment/ament_prefix_path.dsv
-- Installing: /home/ngochoan/dev_ws/install/template_ros2/share/template_ros2/environment/path.sh
-- Installing: /home/ngochoan/dev_ws/install/template_ros2/share/template_ros2/environment/path.dsv
-- Installing: /home/ngochoan/dev_ws/install/template_ros2/share/template_ros2/local_setup.bash
-- Installing: /home/ngochoan/dev_ws/install/template_ros2/share/template_ros2/local_setup.sh
-- Installing: /home/ngochoan/dev_ws/install/template_ros2/share/template_ros2/local_setup.zsh
-- Installing: /home/ngochoan/dev_ws/install/template_ros2/share/template_ros2/local_setup.dsv
-- Installing: /home/ngochoan/dev_ws/install/template_ros2/share/template_ros2/package.dsv
-- Installing: /home/ngochoan/dev_ws/install/template_ros2/share/ament_index/resource_index/packages/template_ros2
-- Installing: /home/ngochoan/dev_ws/install/template_ros2/share/template_ros2/cmake/template_ros2Config.cmake
-- Installing: /home/ngochoan/dev_ws/install/template_ros2/share/template_ros2/cmake/template_ros2Config-version.cmake
-- Installing: /home/ngochoan/dev_ws/install/template_ros2/share/template_ros2/package.xml
