[0.023s] Invoking command in '/home/ngochoan/dev_ws/build/csm': CMAKE_PREFIX_PATH=/opt/ros/humble /usr/bin/cmake --build /home/ngochoan/dev_ws/build/csm -- -j8 -l8
[0.114s] [100%] Built target csm
[0.134s] Invoked command in '/home/ngochoan/dev_ws/build/csm' returned '0': CMAKE_PREFIX_PATH=/opt/ros/humble /usr/bin/cmake --build /home/ngochoan/dev_ws/build/csm -- -j8 -l8
[0.209s] Invoking command in '/home/ngochoan/dev_ws/build/csm': CMAKE_PREFIX_PATH=/opt/ros/humble /usr/bin/cmake --install /home/ngochoan/dev_ws/build/csm
[0.216s] -- Install configuration: ""
[0.217s] -- Up-to-date: /home/ngochoan/dev_ws/install/csm/lib/libcsm.so
[0.217s] -- Up-to-date: /home/ngochoan/dev_ws/install/csm/include/..//include
[0.217s] -- Up-to-date: /home/ngochoan/dev_ws/install/csm/include/..//include/csm
[0.217s] -- Up-to-date: /home/ngochoan/dev_ws/install/csm/include/..//include/csm/laser_data.h
[0.218s] -- Up-to-date: /home/ngochoan/dev_ws/install/csm/include/..//include/csm/laser_data_inline.h
[0.218s] -- Up-to-date: /home/ngochoan/dev_ws/install/csm/include/..//include/csm/csm.h
[0.218s] -- Up-to-date: /home/ngochoan/dev_ws/install/csm/include/..//include/csm/restrict.h
[0.218s] -- Up-to-date: /home/ngochoan/dev_ws/install/csm/include/..//include/csm/algos.h
[0.218s] -- Up-to-date: /home/ngochoan/dev_ws/install/csm/include/..//include/gsl_eigen
[0.219s] -- Up-to-date: /home/ngochoan/dev_ws/install/csm/include/..//include/gsl_eigen/gsl_eigen.h
[0.220s] -- Up-to-date: /home/ngochoan/dev_ws/install/csm/share/csm/resource
[0.220s] -- Up-to-date: /home/ngochoan/dev_ws/install/csm/share/csm/resource/csm
[0.221s] -- Up-to-date: /home/ngochoan/dev_ws/install/csm/include/../gsl_eigen
[0.221s] -- Up-to-date: /home/ngochoan/dev_ws/install/csm/include/../gsl_eigen/gsl_eigen.h
[0.221s] -- Up-to-date: /home/ngochoan/dev_ws/install/csm/share/csm/environment/library_path.sh
[0.221s] -- Up-to-date: /home/ngochoan/dev_ws/install/csm/share/csm/environment/library_path.dsv
[0.222s] -- Up-to-date: /home/ngochoan/dev_ws/install/csm/share/ament_index/resource_index/package_run_dependencies/csm
[0.222s] -- Up-to-date: /home/ngochoan/dev_ws/install/csm/share/ament_index/resource_index/parent_prefix_path/csm
[0.222s] -- Up-to-date: /home/ngochoan/dev_ws/install/csm/share/csm/environment/ament_prefix_path.sh
[0.222s] -- Up-to-date: /home/ngochoan/dev_ws/install/csm/share/csm/environment/ament_prefix_path.dsv
[0.222s] -- Up-to-date: /home/ngochoan/dev_ws/install/csm/share/csm/environment/path.sh
[0.222s] -- Up-to-date: /home/ngochoan/dev_ws/install/csm/share/csm/environment/path.dsv
[0.222s] -- Up-to-date: /home/ngochoan/dev_ws/install/csm/share/csm/local_setup.bash
[0.222s] -- Up-to-date: /home/ngochoan/dev_ws/install/csm/share/csm/local_setup.sh
[0.222s] -- Up-to-date: /home/ngochoan/dev_ws/install/csm/share/csm/local_setup.zsh
[0.222s] -- Up-to-date: /home/ngochoan/dev_ws/install/csm/share/csm/local_setup.dsv
[0.222s] -- Installing: /home/ngochoan/dev_ws/install/csm/share/csm/package.dsv
[0.222s] -- Up-to-date: /home/ngochoan/dev_ws/install/csm/share/ament_index/resource_index/packages/csm
[0.223s] -- Up-to-date: /home/ngochoan/dev_ws/install/csm/share/csm/cmake/ament_cmake_export_dependencies-extras.cmake
[0.223s] -- Up-to-date: /home/ngochoan/dev_ws/install/csm/share/csm/cmake/ament_cmake_export_include_directories-extras.cmake
[0.223s] -- Up-to-date: /home/ngochoan/dev_ws/install/csm/share/csm/cmake/ament_cmake_export_libraries-extras.cmake
[0.223s] -- Up-to-date: /home/ngochoan/dev_ws/install/csm/share/csm/cmake/csmConfig.cmake
[0.223s] -- Up-to-date: /home/ngochoan/dev_ws/install/csm/share/csm/cmake/csmConfig-version.cmake
[0.223s] -- Up-to-date: /home/ngochoan/dev_ws/install/csm/share/csm/package.xml
[0.223s] Invoked command in '/home/ngochoan/dev_ws/build/csm' returned '0': CMAKE_PREFIX_PATH=/opt/ros/humble /usr/bin/cmake --install /home/ngochoan/dev_ws/build/csm
