-- Found ament_cmake: 1.3.8 (/opt/ros/humble/share/ament_cmake/cmake)
-- Found rclcpp: 16.0.8 (/opt/ros/humble/share/rclcpp/cmake)
-- Found rosidl_generator_c: 3.1.5 (/opt/ros/humble/share/rosidl_generator_c/cmake)
-- Found rosidl_adapter: 3.1.5 (/opt/ros/humble/share/rosidl_adapter/cmake)
-- Found rosidl_generator_cpp: 3.1.5 (/opt/ros/humble/share/rosidl_generator_cpp/cmake)
-- Using all available rosidl_typesupport_c: rosidl_typesupport_fastrtps_c;rosidl_typesupport_introspection_c
-- Using all available rosidl_typesupport_cpp: rosidl_typesupport_fastrtps_cpp;rosidl_typesupport_introspection_cpp
-- Found rmw_implementation_cmake: 6.1.1 (/opt/ros/humble/share/rmw_implementation_cmake/cmake)
-- Found rmw_fastrtps_cpp: 6.2.6 (/opt/ros/humble/share/rmw_fastrtps_cpp/cmake)
-- Using RMW implementation 'rmw_fastrtps_cpp' as default
-- Found tf2_msgs: 0.25.6 (/opt/ros/humble/share/tf2_msgs/cmake)
-- Configuring done
-- Generating done
-- Build files have been written to: /home/ngochoan/dev_ws/build/cpp_srvcli
[ 50%] [32mBuilding CXX object CMakeFiles/data_processing_node.dir/src/data_processing_node.cpp.o[0m
[ 50%] [32mBuilding CXX object CMakeFiles/straight_line_node.dir/src/straight_line_node.cpp.o[0m
[ 75%] [32m[1mLinking CXX executable straight_line_node[0m
[ 75%] Built target straight_line_node
[100%] [32m[1mLinking CXX executable data_processing_node[0m
[100%] Built target data_processing_node
-- Install configuration: ""
-- Installing: /home/ngochoan/dev_ws/install/cpp_srvcli/lib/cpp_srvcli/data_processing_node
-- Set runtime path of "/home/ngochoan/dev_ws/install/cpp_srvcli/lib/cpp_srvcli/data_processing_node" to ""
-- Installing: /home/ngochoan/dev_ws/install/cpp_srvcli/lib/cpp_srvcli/straight_line_node
-- Set runtime path of "/home/ngochoan/dev_ws/install/cpp_srvcli/lib/cpp_srvcli/straight_line_node" to ""
-- Up-to-date: /home/ngochoan/dev_ws/install/cpp_srvcli/share/ament_index/resource_index/package_run_dependencies/cpp_srvcli
-- Up-to-date: /home/ngochoan/dev_ws/install/cpp_srvcli/share/ament_index/resource_index/parent_prefix_path/cpp_srvcli
-- Up-to-date: /home/ngochoan/dev_ws/install/cpp_srvcli/share/cpp_srvcli/environment/ament_prefix_path.sh
-- Installing: /home/ngochoan/dev_ws/install/cpp_srvcli/share/cpp_srvcli/environment/ament_prefix_path.dsv
-- Up-to-date: /home/ngochoan/dev_ws/install/cpp_srvcli/share/cpp_srvcli/environment/path.sh
-- Installing: /home/ngochoan/dev_ws/install/cpp_srvcli/share/cpp_srvcli/environment/path.dsv
-- Up-to-date: /home/ngochoan/dev_ws/install/cpp_srvcli/share/cpp_srvcli/local_setup.bash
-- Up-to-date: /home/ngochoan/dev_ws/install/cpp_srvcli/share/cpp_srvcli/local_setup.sh
-- Up-to-date: /home/ngochoan/dev_ws/install/cpp_srvcli/share/cpp_srvcli/local_setup.zsh
-- Installing: /home/ngochoan/dev_ws/install/cpp_srvcli/share/cpp_srvcli/local_setup.dsv
-- Installing: /home/ngochoan/dev_ws/install/cpp_srvcli/share/cpp_srvcli/package.dsv
-- Up-to-date: /home/ngochoan/dev_ws/install/cpp_srvcli/share/ament_index/resource_index/packages/cpp_srvcli
-- Up-to-date: /home/ngochoan/dev_ws/install/cpp_srvcli/share/cpp_srvcli/cmake/cpp_srvcliConfig.cmake
-- Up-to-date: /home/ngochoan/dev_ws/install/cpp_srvcli/share/cpp_srvcli/cmake/cpp_srvcliConfig-version.cmake
-- Up-to-date: /home/ngochoan/dev_ws/install/cpp_srvcli/share/cpp_srvcli/package.xml
