[0.024s] Invoking command in '/home/ngochoan/dev_ws/build/bbb_package': CMAKE_PREFIX_PATH=/opt/ros/humble /usr/bin/cmake /home/ngochoan/dev_ws/src/bbb_package -DCMAKE_INSTALL_PREFIX=/home/ngochoan/dev_ws/install/bbb_package
[0.113s] -- The C compiler identification is GNU 11.4.0
[0.202s] -- The CXX compiler identification is GNU 11.4.0
[0.211s] -- Detecting C compiler ABI info
[0.300s] -- Detecting C compiler ABI info - done
[0.312s] -- Check for working C compiler: /usr/bin/cc - skipped
[0.312s] -- Detecting C compile features
[0.312s] -- Detecting C compile features - done
[0.320s] -- Detecting CXX compiler ABI info
[0.443s] -- Detecting CXX compiler ABI info - done
[0.455s] -- Check for working CXX compiler: /usr/bin/c++ - skipped
[0.455s] -- Detecting CXX compile features
[0.457s] -- Detecting CXX compile features - done
[0.460s] -- Found ament_cmake: 1.3.8 (/opt/ros/humble/share/ament_cmake/cmake)
[0.684s] -- Found Python3: /usr/bin/python3 (found version "3.10.12") found components: Interpreter 
[0.803s] -- Found rclcpp: 16.0.8 (/opt/ros/humble/share/rclcpp/cmake)
[0.891s] -- Found rosidl_generator_c: 3.1.5 (/opt/ros/humble/share/rosidl_generator_c/cmake)
[0.910s] -- Found rosidl_adapter: 3.1.5 (/opt/ros/humble/share/rosidl_adapter/cmake)
[0.930s] -- Found rosidl_generator_cpp: 3.1.5 (/opt/ros/humble/share/rosidl_generator_cpp/cmake)
[0.946s] -- Using all available rosidl_typesupport_c: rosidl_typesupport_fastrtps_c;rosidl_typesupport_introspection_c
[0.974s] -- Using all available rosidl_typesupport_cpp: rosidl_typesupport_fastrtps_cpp;rosidl_typesupport_introspection_cpp
[1.063s] -- Found rmw_implementation_cmake: 6.1.1 (/opt/ros/humble/share/rmw_implementation_cmake/cmake)
[1.065s] -- Found rmw_fastrtps_cpp: 6.2.6 (/opt/ros/humble/share/rmw_fastrtps_cpp/cmake)
[1.205s] -- Found OpenSSL: /usr/lib/x86_64-linux-gnu/libcrypto.so (found version "3.0.2")  
[1.244s] -- Found FastRTPS: /opt/ros/humble/include  
[1.306s] -- Using RMW implementation 'rmw_fastrtps_cpp' as default
[1.320s] -- Looking for pthread.h
[1.401s] -- Looking for pthread.h - found
[1.402s] -- Performing Test CMAKE_HAVE_LIBC_PTHREAD
[1.483s] -- Performing Test CMAKE_HAVE_LIBC_PTHREAD - Success
[1.484s] -- Found Threads: TRUE  
[1.721s] -- Found geometry_msgs: 4.2.3 (/opt/ros/humble/share/geometry_msgs/cmake)
[1.803s] [31mCMake Error at CMakeLists.txt:23 (find_package):
[1.803s]   By not providing "Findserial.cmake" in CMAKE_MODULE_PATH this project has
[1.803s]   asked CMake to find a package configuration file provided by "serial", but
[1.803s]   CMake did not find one.
[1.803s] 
[1.803s]   Could not find a package configuration file provided by "serial" with any
[1.804s]   of the following names:
[1.804s] 
[1.804s]     serialConfig.cmake
[1.804s]     serial-config.cmake
[1.804s] 
[1.804s]   Add the installation prefix of "serial" to CMAKE_PREFIX_PATH or set
[1.804s]   "serial_DIR" to a directory containing one of the above files.  If "serial"
[1.804s]   provides a separate development package or SDK, be sure it has been
[1.804s]   installed.
[1.804s] 
[1.804s] [0m
[1.804s] -- Configuring incomplete, errors occurred!
[1.805s] See also "/home/ngochoan/dev_ws/build/bbb_package/CMakeFiles/CMakeOutput.log".
[1.818s] Invoked command in '/home/ngochoan/dev_ws/build/bbb_package' returned '1': CMAKE_PREFIX_PATH=/opt/ros/humble /usr/bin/cmake /home/ngochoan/dev_ws/src/bbb_package -DCMAKE_INSTALL_PREFIX=/home/ngochoan/dev_ws/install/bbb_package
