[0.054s] Invoking command in '/home/ngochoan/dev_ws/build/cpp_interface': CMAKE_PREFIX_PATH=/opt/ros/humble /usr/bin/cmake --build /home/ngochoan/dev_ws/build/cpp_interface -- -j8 -l8
[0.096s] [35m[1mConsolidate compiler generated dependencies of target fuzzy_node[0m
[0.102s] [ 12%] [32mBuilding CXX object CMakeFiles/pid_node.dir/src/pid_node.cpp.o[0m
[0.102s] [ 37%] Built target read_parameters_pi
[0.103s] [ 62%] Built target test_cmd_vel
[0.113s] [ 75%] [32mBuilding CXX object CMakeFiles/fuzzy_node.dir/src/fuzzy_node.cpp.o[0m
[2.233s] [01m[K/home/ngochoan/dev_ws/src/cpp_interface/src/fuzzy_node.cpp:[m[K In function ‘[01m[Kdouble PI_fuzzy(double, double)[m[K’:
[2.233s] [01m[K/home/ngochoan/dev_ws/src/cpp_interface/src/fuzzy_node.cpp:255:24:[m[K [01;31m[Kerror: [m[Kinvalid type argument of unary ‘[01m[K*[m[K’ (have ‘[01m[Kdouble[m[K’)
[2.233s]   255 |   P_part = limit_range([01;31m[K*P_part[m[K);
[2.233s]       |                        [01;31m[K^~~~~~~[m[K
[2.234s] [01m[K/home/ngochoan/dev_ws/src/cpp_interface/src/fuzzy_node.cpp:257:24:[m[K [01;31m[Kerror: [m[Kinvalid type argument of unary ‘[01m[K*[m[K’ (have ‘[01m[Kdouble[m[K’)
[2.234s]   257 |   D_part = limit_range([01;31m[K*D_part[m[K);
[2.234s]       |                        [01;31m[K^~~~~~~[m[K
[2.234s] [01m[K/home/ngochoan/dev_ws/src/cpp_interface/src/fuzzy_node.cpp:252:26:[m[K [01;35m[Kwarning: [m[Kunused variable ‘[01m[KU_part[m[K’ [[01;35m[K]8;;https://gcc.gnu.org/onlinedocs/gcc/Warning-Options.html#index-Wunused-variable-Wunused-variable]8;;[m[K]
[2.234s]   252 |   double P_part, D_part, [01;35m[KU_part[m[K;
[2.234s]       |                          [01;35m[K^~~~~~[m[K
[4.493s] gmake[2]: *** [CMakeFiles/fuzzy_node.dir/build.make:76: CMakeFiles/fuzzy_node.dir/src/fuzzy_node.cpp.o] Error 1
[4.493s] gmake[1]: *** [CMakeFiles/Makefile2:221: CMakeFiles/fuzzy_node.dir/all] Error 2
[4.493s] gmake[1]: *** Waiting for unfinished jobs....
[7.561s] [ 87%] [32m[1mLinking CXX executable pid_node[0m
[7.893s] [ 87%] Built target pid_node
[7.894s] gmake: *** [Makefile:146: all] Error 2
[7.896s] Invoked command in '/home/ngochoan/dev_ws/build/cpp_interface' returned '2': CMAKE_PREFIX_PATH=/opt/ros/humble /usr/bin/cmake --build /home/ngochoan/dev_ws/build/cpp_interface -- -j8 -l8
