[0.031s] Invoking command in '/home/ngochoan/dev_ws/build/cpp_interface': CMAKE_PREFIX_PATH=/opt/ros/humble /usr/bin/cmake --build /home/ngochoan/dev_ws/build/cpp_interface -- -j8 -l8
[0.100s] [35m[1mConsolidate compiler generated dependencies of target data_processing_node_zz[0m
[0.127s] [ 15%] Built target pid_node
[0.127s] [ 15%] Built target straight_line_node
[0.127s] [ 23%] Built target fuzzy_longitudinal_controllers
[0.130s] [ 30%] Built target read_parameters_pi
[0.136s] [ 38%] Built target test_cmd_vel
[0.136s] [ 46%] Built target data_processing_node_straight
[0.139s] [ 61%] Built target data_processing_node
[0.139s] [ 61%] Built target data_processing_node_zz
[0.152s] [35m[1mConsolidate compiler generated dependencies of target subscriber_ROS2[0m
[0.161s] [35m[1mConsolidate compiler generated dependencies of target publisher_ROS2[0m
[0.169s] [ 69%] Built target circumference_node
[0.171s] [ 76%] Built target sinusoidal_node
[0.179s] [ 84%] Built target subscriber_ROS2
[0.184s] [ 92%] Built target publisher_ROS2
[0.187s] [100%] Built target controllers_node
[0.198s] Invoked command in '/home/ngochoan/dev_ws/build/cpp_interface' returned '0': CMAKE_PREFIX_PATH=/opt/ros/humble /usr/bin/cmake --build /home/ngochoan/dev_ws/build/cpp_interface -- -j8 -l8
[0.256s] Invoking command in '/home/ngochoan/dev_ws/build/cpp_interface': CMAKE_PREFIX_PATH=/opt/ros/humble /usr/bin/cmake --install /home/ngochoan/dev_ws/build/cpp_interface
[0.264s] -- Install configuration: ""
[0.264s] -- Up-to-date: /home/ngochoan/dev_ws/install/cpp_interface/lib/cpp_interface/read_parameters_pi
[0.265s] -- Up-to-date: /home/ngochoan/dev_ws/install/cpp_interface/lib/cpp_interface/test_cmd_vel
[0.265s] -- Up-to-date: /home/ngochoan/dev_ws/install/cpp_interface/lib/cpp_interface/pid_node
[0.265s] -- Up-to-date: /home/ngochoan/dev_ws/install/cpp_interface/lib/cpp_interface/fuzzy_longitudinal_controllers
[0.265s] -- Up-to-date: /home/ngochoan/dev_ws/install/cpp_interface/lib/cpp_interface/data_processing_node
[0.266s] -- Up-to-date: /home/ngochoan/dev_ws/install/cpp_interface/lib/cpp_interface/data_processing_node_straight
[0.266s] -- Up-to-date: /home/ngochoan/dev_ws/install/cpp_interface/lib/cpp_interface/data_processing_node_zz
[0.266s] -- Up-to-date: /home/ngochoan/dev_ws/install/cpp_interface/lib/cpp_interface/straight_line_node
[0.267s] -- Up-to-date: /home/ngochoan/dev_ws/install/cpp_interface/lib/cpp_interface/circumference_node
[0.267s] -- Up-to-date: /home/ngochoan/dev_ws/install/cpp_interface/lib/cpp_interface/sinusoidal_node
[0.267s] -- Up-to-date: /home/ngochoan/dev_ws/install/cpp_interface/lib/cpp_interface/controllers_node
[0.268s] -- Up-to-date: /home/ngochoan/dev_ws/install/cpp_interface/lib/cpp_interface/publisher_ROS2
[0.268s] -- Up-to-date: /home/ngochoan/dev_ws/install/cpp_interface/lib/cpp_interface/subscriber_ROS2
[0.268s] -- Up-to-date: /home/ngochoan/dev_ws/install/cpp_interface/share/cpp_interface/launch
[0.269s] -- Up-to-date: /home/ngochoan/dev_ws/install/cpp_interface/share/cpp_interface/launch/rplidar.launch.py
[0.269s] -- Up-to-date: /home/ngochoan/dev_ws/install/cpp_interface/share/cpp_interface/launch/thesis.launch.py
[0.269s] -- Up-to-date: /home/ngochoan/dev_ws/install/cpp_interface/share/ament_index/resource_index/package_run_dependencies/cpp_interface
[0.269s] -- Up-to-date: /home/ngochoan/dev_ws/install/cpp_interface/share/ament_index/resource_index/parent_prefix_path/cpp_interface
[0.269s] -- Up-to-date: /home/ngochoan/dev_ws/install/cpp_interface/share/cpp_interface/environment/ament_prefix_path.sh
[0.269s] -- Up-to-date: /home/ngochoan/dev_ws/install/cpp_interface/share/cpp_interface/environment/ament_prefix_path.dsv
[0.269s] -- Up-to-date: /home/ngochoan/dev_ws/install/cpp_interface/share/cpp_interface/environment/path.sh
[0.269s] -- Up-to-date: /home/ngochoan/dev_ws/install/cpp_interface/share/cpp_interface/environment/path.dsv
[0.269s] -- Up-to-date: /home/ngochoan/dev_ws/install/cpp_interface/share/cpp_interface/local_setup.bash
[0.269s] -- Up-to-date: /home/ngochoan/dev_ws/install/cpp_interface/share/cpp_interface/local_setup.sh
[0.270s] -- Up-to-date: /home/ngochoan/dev_ws/install/cpp_interface/share/cpp_interface/local_setup.zsh
[0.270s] -- Up-to-date: /home/ngochoan/dev_ws/install/cpp_interface/share/cpp_interface/local_setup.dsv
[0.270s] -- Installing: /home/ngochoan/dev_ws/install/cpp_interface/share/cpp_interface/package.dsv
[0.270s] -- Up-to-date: /home/ngochoan/dev_ws/install/cpp_interface/share/ament_index/resource_index/packages/cpp_interface
[0.270s] -- Up-to-date: /home/ngochoan/dev_ws/install/cpp_interface/share/cpp_interface/cmake/cpp_interfaceConfig.cmake
[0.270s] -- Up-to-date: /home/ngochoan/dev_ws/install/cpp_interface/share/cpp_interface/cmake/cpp_interfaceConfig-version.cmake
[0.270s] -- Up-to-date: /home/ngochoan/dev_ws/install/cpp_interface/share/cpp_interface/package.xml
[0.273s] Invoked command in '/home/ngochoan/dev_ws/build/cpp_interface' returned '0': CMAKE_PREFIX_PATH=/opt/ros/humble /usr/bin/cmake --install /home/ngochoan/dev_ws/build/cpp_interface
