[0.010s] Invoking command in '/home/ngochoan/dev_ws/build/cpp_interface': CMAKE_PREFIX_PATH=/opt/ros/humble /usr/bin/cmake --build /home/ngochoan/dev_ws/build/cpp_interface -- -j8 -l8
[0.038s] -- Found ament_cmake: 1.3.8 (/opt/ros/humble/share/ament_cmake/cmake)
[0.159s] -- Found Python3: /usr/bin/python3 (found version "3.10.12") found components: Interpreter 
[0.228s] -- Found rclcpp: 16.0.8 (/opt/ros/humble/share/rclcpp/cmake)
[0.259s] -- Found rosidl_generator_c: 3.1.5 (/opt/ros/humble/share/rosidl_generator_c/cmake)
[0.262s] -- Found rosidl_adapter: 3.1.5 (/opt/ros/humble/share/rosidl_adapter/cmake)
[0.268s] -- Found rosidl_generator_cpp: 3.1.5 (/opt/ros/humble/share/rosidl_generator_cpp/cmake)
[0.279s] -- Using all available rosidl_typesupport_c: rosidl_typesupport_fastrtps_c;rosidl_typesupport_introspection_c
[0.294s] -- Using all available rosidl_typesupport_cpp: rosidl_typesupport_fastrtps_cpp;rosidl_typesupport_introspection_cpp
[0.354s] -- Found rmw_implementation_cmake: 6.1.1 (/opt/ros/humble/share/rmw_implementation_cmake/cmake)
[0.356s] -- Found rmw_fastrtps_cpp: 6.2.6 (/opt/ros/humble/share/rmw_fastrtps_cpp/cmake)
[0.467s] -- Using RMW implementation 'rmw_fastrtps_cpp' as default
[0.611s] -- Found tf2_msgs: 0.25.6 (/opt/ros/humble/share/tf2_msgs/cmake)
[0.781s] -- Found ament_lint_auto: 0.12.10 (/opt/ros/humble/share/ament_lint_auto/cmake)
[0.842s] -- Added test 'cppcheck' to perform static code analysis on C / C++ code
[0.842s] -- Configured cppcheck include dirs: 
[0.842s] -- Configured cppcheck exclude dirs and/or files: 
[0.842s] -- Added test 'flake8' to check Python code syntax and style conventions
[0.843s] -- Added test 'lint_cmake' to check CMake code style
[0.844s] -- Added test 'pep257' to check Python code against some of the docstring style conventions in PEP 257
[0.844s] -- Added test 'uncrustify' to check C / C++ code style
[0.845s] -- Configured uncrustify additional arguments: 
[0.845s] -- Added test 'xmllint' to check XML markup files
[0.846s] -- Configuring done
[0.877s] -- Generating done
[0.879s] -- Build files have been written to: /home/ngochoan/dev_ws/build/cpp_interface
[0.902s] [35m[1mConsolidate compiler generated dependencies of target pid_node[0m
[0.902s] [35m[1mConsolidate compiler generated dependencies of target stanley_node[0m
[0.902s] [35m[1mConsolidate compiler generated dependencies of target circumference_node[0m
[0.903s] [35m[1mConsolidate compiler generated dependencies of target read_parameters_pi[0m
[0.903s] [35m[1mConsolidate compiler generated dependencies of target straight_line_node[0m
[0.903s] [35m[1mConsolidate compiler generated dependencies of target sinusoidal_node[0m
[0.909s] [35m[1mConsolidate compiler generated dependencies of target test_cmd_vel[0m
[0.914s] [  6%] [32mBuilding CXX object CMakeFiles/fuzzy_longitudinal_controllers.dir/src/fuzzy_longitudinal_controllers.cpp.o[0m
[0.925s] [ 18%] Built target pid_node
[0.927s] [ 31%] Built target stanley_node
[0.928s] [ 43%] Built target read_parameters_pi
[0.931s] [ 62%] Built target circumference_node
[0.931s] [ 68%] Built target straight_line_node
[0.934s] [ 81%] Built target sinusoidal_node
[0.936s] [ 93%] Built target test_cmd_vel
[7.787s] [100%] [32m[1mLinking CXX executable fuzzy_longitudinal_controllers[0m
[8.115s] [100%] Built target fuzzy_longitudinal_controllers
[8.124s] Invoked command in '/home/ngochoan/dev_ws/build/cpp_interface' returned '0': CMAKE_PREFIX_PATH=/opt/ros/humble /usr/bin/cmake --build /home/ngochoan/dev_ws/build/cpp_interface -- -j8 -l8
[8.162s] Invoking command in '/home/ngochoan/dev_ws/build/cpp_interface': CMAKE_PREFIX_PATH=/opt/ros/humble /usr/bin/cmake --install /home/ngochoan/dev_ws/build/cpp_interface
[8.169s] -- Install configuration: ""
[8.169s] -- Up-to-date: /home/ngochoan/dev_ws/install/cpp_interface/lib/cpp_interface/read_parameters_pi
[8.169s] -- Up-to-date: /home/ngochoan/dev_ws/install/cpp_interface/lib/cpp_interface/test_cmd_vel
[8.169s] -- Up-to-date: /home/ngochoan/dev_ws/install/cpp_interface/lib/cpp_interface/pid_node
[8.169s] -- Installing: /home/ngochoan/dev_ws/install/cpp_interface/lib/cpp_interface/fuzzy_longitudinal_controllers
[8.172s] -- Set runtime path of "/home/ngochoan/dev_ws/install/cpp_interface/lib/cpp_interface/fuzzy_longitudinal_controllers" to ""
[8.172s] -- Up-to-date: /home/ngochoan/dev_ws/install/cpp_interface/lib/cpp_interface/stanley_node
[8.172s] -- Up-to-date: /home/ngochoan/dev_ws/install/cpp_interface/lib/cpp_interface/straight_line_node
[8.172s] -- Up-to-date: /home/ngochoan/dev_ws/install/cpp_interface/lib/cpp_interface/circumference_node
[8.173s] -- Up-to-date: /home/ngochoan/dev_ws/install/cpp_interface/lib/cpp_interface/sinusoidal_node
[8.173s] -- Up-to-date: /home/ngochoan/dev_ws/install/cpp_interface/share/cpp_interface/launch
[8.173s] -- Up-to-date: /home/ngochoan/dev_ws/install/cpp_interface/share/cpp_interface/launch/rplidar.launch.py
[8.173s] -- Up-to-date: /home/ngochoan/dev_ws/install/cpp_interface/share/ament_index/resource_index/package_run_dependencies/cpp_interface
[8.173s] -- Installing: /home/ngochoan/dev_ws/install/cpp_interface/share/ament_index/resource_index/parent_prefix_path/cpp_interface
[8.173s] -- Up-to-date: /home/ngochoan/dev_ws/install/cpp_interface/share/cpp_interface/environment/ament_prefix_path.sh
[8.173s] -- Installing: /home/ngochoan/dev_ws/install/cpp_interface/share/cpp_interface/environment/ament_prefix_path.dsv
[8.173s] -- Up-to-date: /home/ngochoan/dev_ws/install/cpp_interface/share/cpp_interface/environment/path.sh
[8.174s] -- Installing: /home/ngochoan/dev_ws/install/cpp_interface/share/cpp_interface/environment/path.dsv
[8.174s] -- Up-to-date: /home/ngochoan/dev_ws/install/cpp_interface/share/cpp_interface/local_setup.bash
[8.174s] -- Up-to-date: /home/ngochoan/dev_ws/install/cpp_interface/share/cpp_interface/local_setup.sh
[8.174s] -- Up-to-date: /home/ngochoan/dev_ws/install/cpp_interface/share/cpp_interface/local_setup.zsh
[8.174s] -- Installing: /home/ngochoan/dev_ws/install/cpp_interface/share/cpp_interface/local_setup.dsv
[8.174s] -- Installing: /home/ngochoan/dev_ws/install/cpp_interface/share/cpp_interface/package.dsv
[8.174s] -- Up-to-date: /home/ngochoan/dev_ws/install/cpp_interface/share/ament_index/resource_index/packages/cpp_interface
[8.174s] -- Up-to-date: /home/ngochoan/dev_ws/install/cpp_interface/share/cpp_interface/cmake/cpp_interfaceConfig.cmake
[8.174s] -- Up-to-date: /home/ngochoan/dev_ws/install/cpp_interface/share/cpp_interface/cmake/cpp_interfaceConfig-version.cmake
[8.174s] -- Up-to-date: /home/ngochoan/dev_ws/install/cpp_interface/share/cpp_interface/package.xml
[8.176s] Invoked command in '/home/ngochoan/dev_ws/build/cpp_interface' returned '0': CMAKE_PREFIX_PATH=/opt/ros/humble /usr/bin/cmake --install /home/ngochoan/dev_ws/build/cpp_interface
