[0.112s] Invoking command in '/home/ngochoan/dev_ws/build/cpp_interface': CMAKE_PREFIX_PATH=/opt/ros/humble /usr/bin/cmake --build /home/ngochoan/dev_ws/build/cpp_interface -- -j8 -l8
[0.152s] [35m[1mConsolidate compiler generated dependencies of target cpp_interface[0m
[0.179s] [ 50%] [32mBuilding CXX object CMakeFiles/cpp_interface.dir/src/cpp_interface.cpp.o[0m
[4.088s] In file included from [01m[K/opt/ros/humble/include/rclcpp/rclcpp/logging.hpp:24[m[K,
[4.089s]                  from [01m[K/opt/ros/humble/include/rclcpp/rclcpp/client.hpp:40[m[K,
[4.089s]                  from [01m[K/opt/ros/humble/include/rclcpp/rclcpp/callback_group.hpp:24[m[K,
[4.089s]                  from [01m[K/opt/ros/humble/include/rclcpp/rclcpp/any_executable.hpp:20[m[K,
[4.089s]                  from [01m[K/opt/ros/humble/include/rclcpp/rclcpp/memory_strategy.hpp:25[m[K,
[4.089s]                  from [01m[K/opt/ros/humble/include/rclcpp/rclcpp/memory_strategies.hpp:18[m[K,
[4.089s]                  from [01m[K/opt/ros/humble/include/rclcpp/rclcpp/executor_options.hpp:20[m[K,
[4.089s]                  from [01m[K/opt/ros/humble/include/rclcpp/rclcpp/executor.hpp:37[m[K,
[4.089s]                  from [01m[K/opt/ros/humble/include/rclcpp/rclcpp/executors/multi_threaded_executor.hpp:25[m[K,
[4.089s]                  from [01m[K/opt/ros/humble/include/rclcpp/rclcpp/executors.hpp:21[m[K,
[4.089s]                  from [01m[K/opt/ros/humble/include/rclcpp/rclcpp/rclcpp.hpp:155[m[K,
[4.090s]                  from [01m[K/home/ngochoan/dev_ws/src/cpp_interface/src/cpp_interface.cpp:5[m[K:
[4.090s] [01m[K/home/ngochoan/dev_ws/src/cpp_interface/src/cpp_interface.cpp:[m[K In member function ‘[01m[Kvoid MinimalSubscriber::topic_callback(std_msgs::msg::Float64MultiArray_<std::allocator<void> >::SharedPtr) const[m[K’:
[4.090s] [01m[K/home/ngochoan/dev_ws/src/cpp_interface/src/cpp_interface.cpp:21:67:[m[K [01;31m[Kerror: [m[Kinvalid types ‘[01m[K<unresolved overloaded function type>[int][m[K’ for array subscript
[4.090s]    21 |      RCLCPP_INFO(this->get_logger(), "voltage: %lf",msg->data.data[01;31m[K[[m[K0]);
[4.090s]       |                                                                   [01;31m[K^[m[K
[4.090s] [01m[K/home/ngochoan/dev_ws/src/cpp_interface/src/cpp_interface.cpp:22:72:[m[K [01;31m[Kerror: [m[Kinvalid types ‘[01m[K<unresolved overloaded function type>[int][m[K’ for array subscript
[4.090s]    22 |      RCLCPP_INFO(this->get_logger(), "angular_pich: %lf",msg->data.data[01;31m[K[[m[K1]);
[4.090s]       |                                                                        [01;31m[K^[m[K
[8.338s] gmake[2]: *** [CMakeFiles/cpp_interface.dir/build.make:76: CMakeFiles/cpp_interface.dir/src/cpp_interface.cpp.o] Error 1
[8.338s] gmake[1]: *** [CMakeFiles/Makefile2:137: CMakeFiles/cpp_interface.dir/all] Error 2
[8.342s] gmake: *** [Makefile:146: all] Error 2
[8.342s] Invoked command in '/home/ngochoan/dev_ws/build/cpp_interface' returned '2': CMAKE_PREFIX_PATH=/opt/ros/humble /usr/bin/cmake --build /home/ngochoan/dev_ws/build/cpp_interface -- -j8 -l8
