[0.055s] Invoking command in '/home/ngochoan/dev_ws/build/cpp_pubsub': AMENT_PREFIX_PATH=/home/ngochoan/dev_ws/install/tutorial_interfaces:${AMENT_PREFIX_PATH} CMAKE_PREFIX_PATH=/home/ngochoan/dev_ws/install/tutorial_interfaces:/opt/ros/humble LD_LIBRARY_PATH=/home/ngochoan/dev_ws/install/tutorial_interfaces/lib:${LD_LIBRARY_PATH} PYTHONPATH=/home/ngochoan/dev_ws/install/tutorial_interfaces/local/lib/python3.10/dist-packages:${PYTHONPATH} /usr/bin/cmake --build /home/ngochoan/dev_ws/build/cpp_pubsub -- -j8 -l8
[0.088s] [35m[1mConsolidate compiler generated dependencies of target listener_pico[0m
[0.098s] [ 66%] Built target talker
[0.098s] [ 66%] Built target listener
[0.103s] [ 83%] [32mBuilding CXX object CMakeFiles/listener_pico.dir/src/read_date_picoW.cpp.o[0m
[2.035s] [01m[K/home/ngochoan/dev_ws/src/cpp_pubsub/src/read_date_picoW.cpp:20:29:[m[K [01;31m[Kerror: [m[K‘[01m[Kstd_msgs[m[K’ does not name a type
[2.035s]    20 |   void topic_callback(const [01;31m[Kstd_msgs[m[K::msg::int32 & msg) const // this funtion is called each having new message from toipc "topic"
[2.035s]       |                             [01;31m[K^~~~~~~~[m[K
[2.035s] [01m[K/home/ngochoan/dev_ws/src/cpp_pubsub/src/read_date_picoW.cpp:20:42:[m[K [01;31m[Kerror: [m[Kexpected unqualified-id before ‘[01m[K::[m[K’ token
[2.035s]    20 |   void topic_callback(const std_msgs::msg[01;31m[K::[m[Kint32 & msg) const // this funtion is called each having new message from toipc "topic"
[2.035s]       |                                          [01;31m[K^~[m[K
[2.035s] [01m[K/home/ngochoan/dev_ws/src/cpp_pubsub/src/read_date_picoW.cpp:20:42:[m[K [01;31m[Kerror: [m[Kexpected ‘[01m[K)[m[K’ before ‘[01m[K::[m[K’ token
[2.036s]    20 |   void topic_callback[34m[K([m[Kconst std_msgs::msg[01;31m[K:[m[K[32m[K:[m[Kint32 & msg) const // this funtion is called each having new message from toipc "topic"
[2.036s]       |                      [34m[K~[m[K                   [01;31m[K^[m[K[32m[K~[m[K
[2.036s]       |                                          [32m[K)[m[K
[2.036s] [01m[K/home/ngochoan/dev_ws/src/cpp_pubsub/src/read_date_picoW.cpp:20:39:[m[K [01;31m[Kerror: [m[Kexpected ‘[01m[K;[m[K’ at end of member declaration
[2.036s]    20 |   void topic_callback(const std_msgs::[01;31m[Kmsg[m[K::int32 & msg) const // this funtion is called each having new message from toipc "topic"
[2.036s]       |                                       [01;31m[K^~~[m[K
[2.036s]       |                                          [32m[K;[m[K
[2.036s] [01m[K/home/ngochoan/dev_ws/src/cpp_pubsub/src/read_date_picoW.cpp:20:44:[m[K [01;31m[Kerror: [m[K‘[01m[Kint32[m[K’ in namespace ‘[01m[K::[m[K’ does not name a type
[2.037s]    20 |   void topic_callback(const std_msgs::msg::[01;31m[Kint32[m[K & msg) const // this funtion is called each having new message from toipc "topic"
[2.037s]       |                                            [01;31m[K^~~~~[m[K
[2.041s] [01m[K/home/ngochoan/dev_ws/src/cpp_pubsub/src/read_date_picoW.cpp:24:24:[m[K [01;31m[Kerror: [m[K‘[01m[Kstd_msgs[m[K’ was not declared in this scope
[2.041s]    24 |   rclcpp::Subscription<[01;31m[Kstd_msgs[m[K::msg::int32>::SharedPtr subscription_;
[2.041s]       |                        [01;31m[K^~~~~~~~[m[K
[2.041s] [01m[K/home/ngochoan/dev_ws/src/cpp_pubsub/src/read_date_picoW.cpp:24:44:[m[K [01;31m[Kerror: [m[Ktemplate argument 1 is invalid
[2.042s]    24 |   rclcpp::Subscription<std_msgs::msg::int32[01;31m[K>[m[K::SharedPtr subscription_;
[2.042s]       |                                            [01;31m[K^[m[K
[2.042s] [01m[K/home/ngochoan/dev_ws/src/cpp_pubsub/src/read_date_picoW.cpp:24:44:[m[K [01;31m[Kerror: [m[Ktemplate argument 3 is invalid
[2.042s] [01m[K/home/ngochoan/dev_ws/src/cpp_pubsub/src/read_date_picoW.cpp:24:44:[m[K [01;31m[Kerror: [m[Ktemplate argument 4 is invalid
[2.042s] [01m[K/home/ngochoan/dev_ws/src/cpp_pubsub/src/read_date_picoW.cpp:24:44:[m[K [01;31m[Kerror: [m[Ktemplate argument 5 is invalid
[2.042s] [01m[K/home/ngochoan/dev_ws/src/cpp_pubsub/src/read_date_picoW.cpp:24:47:[m[K [01;31m[Kerror: [m[Kexpected ‘[01m[K;[m[K’ at end of member declaration
[2.042s]    24 |   rclcpp::Subscription<std_msgs::msg::int32>::[01;31m[KSharedPtr[m[K subscription_;
[2.042s]       |                                               [01;31m[K^~~~~~~~~[m[K
[2.042s]       |                                                        [32m[K;[m[K
[2.043s] [01m[K/home/ngochoan/dev_ws/src/cpp_pubsub/src/read_date_picoW.cpp:24:57:[m[K [01;31m[Kerror: [m[K‘[01m[Ksubscription_[m[K’ does not name a type; did you mean ‘[01m[Krmw_subscription_t[m[K’?
[2.043s]    24 |   rclcpp::Subscription<std_msgs::msg::int32>::SharedPtr [01;31m[Ksubscription_[m[K;
[2.043s]       |                                                         [01;31m[K^~~~~~~~~~~~~[m[K
[2.043s]       |                                                         [32m[Krmw_subscription_t[m[K
[2.049s] [01m[K/home/ngochoan/dev_ws/src/cpp_pubsub/src/read_date_picoW.cpp:[m[K In constructor ‘[01m[KMinimalSubscriber::MinimalSubscriber()[m[K’:
[2.049s] [01m[K/home/ngochoan/dev_ws/src/cpp_pubsub/src/read_date_picoW.cpp:15:5:[m[K [01;31m[Kerror: [m[K‘[01m[Ksubscription_[m[K’ was not declared in this scope; did you mean ‘[01m[Krmw_subscription_t[m[K’?
[2.049s]    15 |     [01;31m[Ksubscription_[m[K = this->create_subscription<std_msgs::msg::int32>(
[2.049s]       |     [01;31m[K^~~~~~~~~~~~~[m[K
[2.049s]       |     [32m[Krmw_subscription_t[m[K
[2.053s] [01m[K/home/ngochoan/dev_ws/src/cpp_pubsub/src/read_date_picoW.cpp:15:47:[m[K [01;31m[Kerror: [m[K‘[01m[Kstd_msgs[m[K’ was not declared in this scope
[2.053s]    15 |     subscription_ = this->create_subscription<[01;31m[Kstd_msgs[m[K::msg::int32>(
[2.053s]       |                                               [01;31m[K^~~~~~~~[m[K
[2.053s] [01m[K/home/ngochoan/dev_ws/src/cpp_pubsub/src/read_date_picoW.cpp:15:27:[m[K [01;31m[Kerror: [m[Kparse error in template argument list
[2.053s]    15 |     subscription_ = this->[01;31m[Kcreate_subscription<std_msgs::msg::int32>[m[K(
[2.053s]       |                           [01;31m[K^~~~~~~~~~~~~~~~~~~~~~~~~~~~~~~~~~~~~~~~~[m[K
[2.057s] [01m[K/home/ngochoan/dev_ws/src/cpp_pubsub/src/read_date_picoW.cpp:15:68:[m[K [01;31m[Kerror: [m[Kno matching function for call to ‘[01m[KMinimalSubscriber::create_subscription<<expression error> >(const char [21], int, std::_Bind_helper<false, void (MinimalSubscriber::*)(...), MinimalSubscriber*, const std::_Placeholder<1>&>::type)[m[K’
[2.057s]    15 |     subscription_ = [01;31m[Kthis->create_subscription<std_msgs::msg::int32>([m[K
[2.057s]       |                     [01;31m[K~~~~~~~~~~~~~~~~~~~~~~~~~~~~~~~~~~~~~~~~~~~~~~~^[m[K
[2.057s]    16 | [01;31m[K      "pico_publisher_topic", 10, std::bind(&MinimalSubscriber::topic_callback, this, _1))[m[K;
[2.058s]       |       [01;31m[K~~~~~~~~~~~~~~~~~~~~~~~~~~~~~~~~~~~~~~~~~~~~~~~~~~~~~~~~~~~~~~~~~~~~~~~~~~~~~~~~~~~~[m[K
[2.058s] In file included from [01m[K/opt/ros/humble/include/rclcpp/rclcpp/executors/single_threaded_executor.hpp:28[m[K,
[2.058s]                  from [01m[K/opt/ros/humble/include/rclcpp/rclcpp/executors.hpp:22[m[K,
[2.058s]                  from [01m[K/opt/ros/humble/include/rclcpp/rclcpp/rclcpp.hpp:155[m[K,
[2.058s]                  from [01m[K/home/ngochoan/dev_ws/src/cpp_pubsub/src/read_date_picoW.cpp:4[m[K:
[2.058s] [01m[K/opt/ros/humble/include/rclcpp/rclcpp/node.hpp:219:3:[m[K [01;36m[Knote: [m[Kcandidate: ‘[01m[Ktemplate<class MessageT, class CallbackT, class AllocatorT, class SubscriptionT, class MessageMemoryStrategyT> std::shared_ptr<ROSMessageT> rclcpp::Node::create_subscription(const string&, const rclcpp::QoS&, CallbackT&&, const rclcpp::SubscriptionOptionsWithAllocator<AllocatorT>&, typename MessageMemoryStrategyT::SharedPtr)[m[K’
[2.058s]   219 |   [01;36m[Kcreate_subscription[m[K(
[2.058s]       |   [01;36m[K^~~~~~~~~~~~~~~~~~~[m[K
[2.058s] [01m[K/opt/ros/humble/include/rclcpp/rclcpp/node.hpp:219:3:[m[K [01;36m[Knote: [m[K  template argument deduction/substitution failed:
[2.058s] [01m[K/home/ngochoan/dev_ws/src/cpp_pubsub/src/read_date_picoW.cpp:15:68:[m[K [01;31m[Kerror: [m[Ktemplate argument 1 is invalid
[2.058s]    15 |     subscription_ = [01;31m[Kthis->create_subscription<std_msgs::msg::int32>([m[K
[2.058s]       |                     [01;31m[K~~~~~~~~~~~~~~~~~~~~~~~~~~~~~~~~~~~~~~~~~~~~~~~^[m[K
[2.058s]    16 | [01;31m[K      "pico_publisher_topic", 10, std::bind(&MinimalSubscriber::topic_callback, this, _1))[m[K;
[2.058s]       |       [01;31m[K~~~~~~~~~~~~~~~~~~~~~~~~~~~~~~~~~~~~~~~~~~~~~~~~~~~~~~~~~~~~~~~~~~~~~~~~~~~~~~~~~~~~[m[K
[2.430s] gmake[2]: *** [CMakeFiles/listener_pico.dir/build.make:76: CMakeFiles/listener_pico.dir/src/read_date_picoW.cpp.o] Error 1
[2.431s] gmake[1]: *** [CMakeFiles/Makefile2:193: CMakeFiles/listener_pico.dir/all] Error 2
[2.431s] gmake: *** [Makefile:146: all] Error 2
[2.433s] Invoked command in '/home/ngochoan/dev_ws/build/cpp_pubsub' returned '2': AMENT_PREFIX_PATH=/home/ngochoan/dev_ws/install/tutorial_interfaces:${AMENT_PREFIX_PATH} CMAKE_PREFIX_PATH=/home/ngochoan/dev_ws/install/tutorial_interfaces:/opt/ros/humble LD_LIBRARY_PATH=/home/ngochoan/dev_ws/install/tutorial_interfaces/lib:${LD_LIBRARY_PATH} PYTHONPATH=/home/ngochoan/dev_ws/install/tutorial_interfaces/local/lib/python3.10/dist-packages:${PYTHONPATH} /usr/bin/cmake --build /home/ngochoan/dev_ws/build/cpp_pubsub -- -j8 -l8
