[0.286s] Invoking command in '/home/ngochoan/dev_ws/src/build/csm': CMAKE_PREFIX_PATH=${CMAKE_PREFIX_PATH}:/opt/ros/humble /usr/bin/cmake /home/ngochoan/dev_ws/src/csm -DCMAKE_INSTALL_PREFIX=/home/ngochoan/dev_ws/src/install/csm
[0.361s] -- The C compiler identification is GNU 11.4.0
[0.434s] -- The CXX compiler identification is GNU 11.4.0
[0.443s] -- Detecting C compiler ABI info
[0.500s] -- Detecting C compiler ABI info - done
[0.508s] -- Check for working C compiler: /usr/bin/cc - skipped
[0.508s] -- Detecting C compile features
[0.508s] -- Detecting C compile features - done
[0.511s] -- Detecting CXX compiler ABI info
[0.577s] -- Detecting CXX compiler ABI info - done
[0.581s] -- Check for working CXX compiler: /usr/bin/c++ - skipped
[0.582s] -- Detecting CXX compile features
[0.582s] -- Detecting CXX compile features - done
[0.584s] -- Found ament_cmake: 1.3.6 (/opt/ros/humble/share/ament_cmake/cmake)
[0.748s] -- Found Python3: /usr/bin/python3.10 (found version "3.10.12") found components: Interpreter 
[0.849s] -- Found rclcpp: 16.0.7 (/opt/ros/humble/share/rclcpp/cmake)
[0.918s] -- Found rosidl_generator_c: 3.1.5 (/opt/ros/humble/share/rosidl_generator_c/cmake)
[0.927s] -- Found rosidl_adapter: 3.1.5 (/opt/ros/humble/share/rosidl_adapter/cmake)
[0.940s] -- Found rosidl_generator_cpp: 3.1.5 (/opt/ros/humble/share/rosidl_generator_cpp/cmake)
[0.956s] -- Using all available rosidl_typesupport_c: rosidl_typesupport_fastrtps_c;rosidl_typesupport_introspection_c
[0.976s] -- Using all available rosidl_typesupport_cpp: rosidl_typesupport_fastrtps_cpp;rosidl_typesupport_introspection_cpp
[1.045s] -- Found rmw_implementation_cmake: 6.1.1 (/opt/ros/humble/share/rmw_implementation_cmake/cmake)
[1.048s] -- Found rmw_fastrtps_cpp: 6.2.5 (/opt/ros/humble/share/rmw_fastrtps_cpp/cmake)
[1.133s] -- Found OpenSSL: /usr/lib/x86_64-linux-gnu/libcrypto.so (found version "3.0.2")  
[1.156s] -- Found FastRTPS: /opt/ros/humble/include  
[1.196s] -- Using RMW implementation 'rmw_fastrtps_cpp' as default
[1.205s] -- Looking for pthread.h
[1.265s] -- Looking for pthread.h - found
[1.266s] -- Performing Test CMAKE_HAVE_LIBC_PTHREAD
[1.325s] -- Performing Test CMAKE_HAVE_LIBC_PTHREAD - Success
[1.325s] -- Found Threads: TRUE  
[1.556s] -- Configuring done
[1.564s] -- Generating done
[1.566s] -- Build files have been written to: /home/ngochoan/dev_ws/src/build/csm
[1.580s] Invoked command in '/home/ngochoan/dev_ws/src/build/csm' returned '0': CMAKE_PREFIX_PATH=${CMAKE_PREFIX_PATH}:/opt/ros/humble /usr/bin/cmake /home/ngochoan/dev_ws/src/csm -DCMAKE_INSTALL_PREFIX=/home/ngochoan/dev_ws/src/install/csm
[1.581s] Invoking command in '/home/ngochoan/dev_ws/src/build/csm': CMAKE_PREFIX_PATH=${CMAKE_PREFIX_PATH}:/opt/ros/humble /usr/bin/cmake --build /home/ngochoan/dev_ws/src/build/csm -- -j8 -l8
[1.629s] [  8%] [32mBuilding CXX object CMakeFiles/csm.dir/src/csm/math_utils_gsl.cpp.o[0m
[1.629s] [  8%] [32mBuilding CXX object CMakeFiles/csm.dir/src/csm/math_utils.cpp.o[0m
[1.633s] [ 12%] [32mBuilding CXX object CMakeFiles/csm.dir/src/csm/orientation.cpp.o[0m
[1.633s] [ 16%] [32mBuilding CXX object CMakeFiles/csm.dir/src/csm/laser_data.cpp.o[0m
[1.635s] [ 20%] [32mBuilding CXX object CMakeFiles/csm.dir/src/csm/utils.cpp.o[0m
[1.635s] [ 25%] [32mBuilding CXX object CMakeFiles/csm.dir/src/csm/sm_options.cpp.o[0m
[1.637s] [ 29%] [32mBuilding CXX object CMakeFiles/csm.dir/src/csm/clustering.cpp.o[0m
[1.640s] [ 33%] [32mBuilding CXX object CMakeFiles/csm.dir/src/csm/logging.cpp.o[0m
[3.308s] [ 37%] [32mBuilding CXX object CMakeFiles/csm.dir/src/egsl/egsl.cpp.o[0m
[3.408s] [ 41%] [32mBuilding CXX object CMakeFiles/csm.dir/src/egsl/egsl_conversions.cpp.o[0m
[3.417s] [ 45%] [32mBuilding CXX object CMakeFiles/csm.dir/src/egsl/egsl_misc.cpp.o[0m
[3.464s] [ 50%] [32mBuilding CXX object CMakeFiles/csm.dir/src/egsl/egsl_ops.cpp.o[0m
[3.480s] [ 54%] [32mBuilding CXX object CMakeFiles/csm.dir/src/gpc/gpc.cpp.o[0m
[3.516s] [ 58%] [32mBuilding CXX object CMakeFiles/csm.dir/src/gpc/gpc_utils.cpp.o[0m
[3.570s] [ 62%] [32mBuilding CXX object CMakeFiles/csm.dir/src/icp/icp.cpp.o[0m
[3.730s] [ 66%] [32mBuilding CXX object CMakeFiles/csm.dir/src/icp/icp_corr_dumb.cpp.o[0m
[4.993s] [ 70%] [32mBuilding CXX object CMakeFiles/csm.dir/src/icp/icp_corr_tricks.cpp.o[0m
[5.353s] [ 75%] [32mBuilding CXX object CMakeFiles/csm.dir/src/icp/icp_covariance.cpp.o[0m
[5.385s] [ 79%] [32mBuilding CXX object CMakeFiles/csm.dir/src/icp/icp_debug.cpp.o[0m
[5.386s] [ 83%] [32mBuilding CXX object CMakeFiles/csm.dir/src/icp/icp_loop.cpp.o[0m
[5.500s] [ 87%] [32mBuilding CXX object CMakeFiles/csm.dir/src/icp/icp_outliers.cpp.o[0m
[5.683s] [ 91%] [32mBuilding CXX object CMakeFiles/csm.dir/src/options/options.cpp.o[0m
[6.109s] [ 95%] [32mBuilding CXX object CMakeFiles/csm.dir/src/options/options_interface.cpp.o[0m
[16.835s] [100%] [32m[1mLinking CXX shared library libcsm.so[0m
[17.261s] [100%] Built target csm
[17.275s] Invoked command in '/home/ngochoan/dev_ws/src/build/csm' returned '0': CMAKE_PREFIX_PATH=${CMAKE_PREFIX_PATH}:/opt/ros/humble /usr/bin/cmake --build /home/ngochoan/dev_ws/src/build/csm -- -j8 -l8
[17.330s] Invoking command in '/home/ngochoan/dev_ws/src/build/csm': CMAKE_PREFIX_PATH=${CMAKE_PREFIX_PATH}:/opt/ros/humble /usr/bin/cmake --install /home/ngochoan/dev_ws/src/build/csm
[17.336s] -- Install configuration: ""
[17.336s] -- Installing: /home/ngochoan/dev_ws/src/install/csm/lib/libcsm.so
[17.341s] -- Installing: /home/ngochoan/dev_ws/src/install/csm/include/..//include
[17.341s] -- Installing: /home/ngochoan/dev_ws/src/install/csm/include/..//include/csm
[17.341s] -- Installing: /home/ngochoan/dev_ws/src/install/csm/include/..//include/csm/laser_data.h
[17.342s] -- Installing: /home/ngochoan/dev_ws/src/install/csm/include/..//include/csm/laser_data_inline.h
[17.342s] -- Installing: /home/ngochoan/dev_ws/src/install/csm/include/..//include/csm/csm.h
[17.342s] -- Installing: /home/ngochoan/dev_ws/src/install/csm/include/..//include/csm/restrict.h
[17.342s] -- Installing: /home/ngochoan/dev_ws/src/install/csm/include/..//include/csm/algos.h
[17.343s] -- Installing: /home/ngochoan/dev_ws/src/install/csm/include/..//include/gsl_eigen
[17.343s] -- Installing: /home/ngochoan/dev_ws/src/install/csm/include/..//include/gsl_eigen/gsl_eigen.h
[17.343s] -- Installing: /home/ngochoan/dev_ws/src/install/csm/share/csm/resource
[17.343s] -- Installing: /home/ngochoan/dev_ws/src/install/csm/share/csm/resource/csm
[17.343s] -- Installing: /home/ngochoan/dev_ws/src/install/csm/include/../gsl_eigen
[17.343s] -- Installing: /home/ngochoan/dev_ws/src/install/csm/include/../gsl_eigen/gsl_eigen.h
[17.343s] -- Installing: /home/ngochoan/dev_ws/src/install/csm/share/csm/environment/library_path.sh
[17.343s] -- Installing: /home/ngochoan/dev_ws/src/install/csm/share/csm/environment/library_path.dsv
[17.343s] -- Installing: /home/ngochoan/dev_ws/src/install/csm/share/ament_index/resource_index/package_run_dependencies/csm
[17.344s] -- Installing: /home/ngochoan/dev_ws/src/install/csm/share/ament_index/resource_index/parent_prefix_path/csm
[17.344s] -- Installing: /home/ngochoan/dev_ws/src/install/csm/share/csm/environment/ament_prefix_path.sh
[17.344s] -- Installing: /home/ngochoan/dev_ws/src/install/csm/share/csm/environment/ament_prefix_path.dsv
[17.344s] -- Installing: /home/ngochoan/dev_ws/src/install/csm/share/csm/environment/path.sh
[17.344s] -- Installing: /home/ngochoan/dev_ws/src/install/csm/share/csm/environment/path.dsv
[17.344s] -- Installing: /home/ngochoan/dev_ws/src/install/csm/share/csm/local_setup.bash
[17.344s] -- Installing: /home/ngochoan/dev_ws/src/install/csm/share/csm/local_setup.sh
[17.344s] -- Installing: /home/ngochoan/dev_ws/src/install/csm/share/csm/local_setup.zsh
[17.344s] -- Installing: /home/ngochoan/dev_ws/src/install/csm/share/csm/local_setup.dsv
[17.345s] -- Installing: /home/ngochoan/dev_ws/src/install/csm/share/csm/package.dsv
[17.345s] -- Installing: /home/ngochoan/dev_ws/src/install/csm/share/ament_index/resource_index/packages/csm
[17.345s] -- Installing: /home/ngochoan/dev_ws/src/install/csm/share/csm/cmake/ament_cmake_export_dependencies-extras.cmake
[17.345s] -- Installing: /home/ngochoan/dev_ws/src/install/csm/share/csm/cmake/ament_cmake_export_include_directories-extras.cmake
[17.345s] -- Installing: /home/ngochoan/dev_ws/src/install/csm/share/csm/cmake/ament_cmake_export_libraries-extras.cmake
[17.345s] -- Installing: /home/ngochoan/dev_ws/src/install/csm/share/csm/cmake/csmConfig.cmake
[17.346s] -- Installing: /home/ngochoan/dev_ws/src/install/csm/share/csm/cmake/csmConfig-version.cmake
[17.346s] -- Installing: /home/ngochoan/dev_ws/src/install/csm/share/csm/package.xml
[17.347s] Invoked command in '/home/ngochoan/dev_ws/src/build/csm' returned '0': CMAKE_PREFIX_PATH=${CMAKE_PREFIX_PATH}:/opt/ros/humble /usr/bin/cmake --install /home/ngochoan/dev_ws/src/build/csm
