[ 16%] [32mBuilding CXX object CMakeFiles/talker.dir/src/publisher_member_function.cpp.o[0m
[ 50%] [32mBuilding CXX object CMakeFiles/listener.dir/src/subscriber_member_function.cpp.o[0m
[ 50%] [32mBuilding CXX object CMakeFiles/listener_pico.dir/src/read_date_picoW.cpp.o[0m
[ 66%] [32m[1mLinking CXX executable listener_pico[0m
[ 83%] [32m[1mLinking CXX executable talker[0m
[ 83%] Built target listener_pico
[ 83%] Built target talker
[100%] [32m[1mLinking CXX executable listener[0m
[100%] Built target listener
-- Install configuration: ""
-- Installing: /home/ngochoan/dev_ws/install/cpp_pubsub/lib/cpp_pubsub/talker
-- Set runtime path of "/home/ngochoan/dev_ws/install/cpp_pubsub/lib/cpp_pubsub/talker" to ""
-- Installing: /home/ngochoan/dev_ws/install/cpp_pubsub/lib/cpp_pubsub/listener
-- Set runtime path of "/home/ngochoan/dev_ws/install/cpp_pubsub/lib/cpp_pubsub/listener" to ""
-- Installing: /home/ngochoan/dev_ws/install/cpp_pubsub/lib/cpp_pubsub/listener_pico
-- Set runtime path of "/home/ngochoan/dev_ws/install/cpp_pubsub/lib/cpp_pubsub/listener_pico" to ""
-- Up-to-date: /home/ngochoan/dev_ws/install/cpp_pubsub/share/ament_index/resource_index/package_run_dependencies/cpp_pubsub
-- Up-to-date: /home/ngochoan/dev_ws/install/cpp_pubsub/share/ament_index/resource_index/parent_prefix_path/cpp_pubsub
-- Up-to-date: /home/ngochoan/dev_ws/install/cpp_pubsub/share/cpp_pubsub/environment/ament_prefix_path.sh
-- Up-to-date: /home/ngochoan/dev_ws/install/cpp_pubsub/share/cpp_pubsub/environment/ament_prefix_path.dsv
-- Up-to-date: /home/ngochoan/dev_ws/install/cpp_pubsub/share/cpp_pubsub/environment/path.sh
-- Up-to-date: /home/ngochoan/dev_ws/install/cpp_pubsub/share/cpp_pubsub/environment/path.dsv
-- Up-to-date: /home/ngochoan/dev_ws/install/cpp_pubsub/share/cpp_pubsub/local_setup.bash
-- Up-to-date: /home/ngochoan/dev_ws/install/cpp_pubsub/share/cpp_pubsub/local_setup.sh
-- Up-to-date: /home/ngochoan/dev_ws/install/cpp_pubsub/share/cpp_pubsub/local_setup.zsh
-- Up-to-date: /home/ngochoan/dev_ws/install/cpp_pubsub/share/cpp_pubsub/local_setup.dsv
-- Installing: /home/ngochoan/dev_ws/install/cpp_pubsub/share/cpp_pubsub/package.dsv
-- Up-to-date: /home/ngochoan/dev_ws/install/cpp_pubsub/share/ament_index/resource_index/packages/cpp_pubsub
-- Up-to-date: /home/ngochoan/dev_ws/install/cpp_pubsub/share/cpp_pubsub/cmake/cpp_pubsubConfig.cmake
-- Up-to-date: /home/ngochoan/dev_ws/install/cpp_pubsub/share/cpp_pubsub/cmake/cpp_pubsubConfig-version.cmake
-- Up-to-date: /home/ngochoan/dev_ws/install/cpp_pubsub/share/cpp_pubsub/package.xml
