[0.055s] Invoking command in '/home/ngochoan/dev_ws/src/build/cpp_interface': CMAKE_PREFIX_PATH=/opt/ros/humble /usr/bin/cmake --build /home/ngochoan/dev_ws/src/build/cpp_interface -- -j8 -l8
[0.088s] [35m[1mConsolidate compiler generated dependencies of target cpp_interface[0m
[0.104s] [ 50%] [32mBuilding CXX object CMakeFiles/cpp_interface.dir/src/cpp_interface.cpp.o[0m
[2.449s] In file included from [01m[K/opt/ros/humble/include/rclcpp/rclcpp/logging.hpp:24[m[K,
[2.449s]                  from [01m[K/opt/ros/humble/include/rclcpp/rclcpp/client.hpp:40[m[K,
[2.449s]                  from [01m[K/opt/ros/humble/include/rclcpp/rclcpp/callback_group.hpp:24[m[K,
[2.449s]                  from [01m[K/opt/ros/humble/include/rclcpp/rclcpp/any_executable.hpp:20[m[K,
[2.449s]                  from [01m[K/opt/ros/humble/include/rclcpp/rclcpp/memory_strategy.hpp:25[m[K,
[2.449s]                  from [01m[K/opt/ros/humble/include/rclcpp/rclcpp/memory_strategies.hpp:18[m[K,
[2.450s]                  from [01m[K/opt/ros/humble/include/rclcpp/rclcpp/executor_options.hpp:20[m[K,
[2.450s]                  from [01m[K/opt/ros/humble/include/rclcpp/rclcpp/executor.hpp:37[m[K,
[2.450s]                  from [01m[K/opt/ros/humble/include/rclcpp/rclcpp/executors/multi_threaded_executor.hpp:25[m[K,
[2.450s]                  from [01m[K/opt/ros/humble/include/rclcpp/rclcpp/executors.hpp:21[m[K,
[2.450s]                  from [01m[K/opt/ros/humble/include/rclcpp/rclcpp/rclcpp.hpp:155[m[K,
[2.450s]                  from [01m[K/home/ngochoan/dev_ws/src/cpp_interface/src/cpp_interface.cpp:6[m[K:
[2.450s] [01m[K/home/ngochoan/dev_ws/src/cpp_interface/src/cpp_interface.cpp:[m[K In member function ‘[01m[Kvoid MinimalSubscriber::topic_callback(std_msgs::msg::Float64MultiArray_<std::allocator<void> >::SharedPtr) const[m[K’:
[2.450s] [01m[K/home/ngochoan/dev_ws/src/cpp_interface/src/cpp_interface.cpp:22:64:[m[K [01;31m[Kerror: [m[K‘[01m[Kusing _data_type = class std::vector<double, std::allocator<double> >[m[K’ {aka ‘[01m[Kclass std::vector<double, std::allocator<double> >[m[K’} has no member named ‘[01m[Kc_str[m[K’
[2.450s]    22 |     RCLCPP_INFO(this->get_logger(), "I heard: '%s'", msg->data.[01;31m[Kc_str[m[K());
[2.450s]       |                                                                [01;31m[K^~~~~[m[K
[4.296s] gmake[2]: *** [CMakeFiles/cpp_interface.dir/build.make:76: CMakeFiles/cpp_interface.dir/src/cpp_interface.cpp.o] Interrupt
[4.296s] gmake[1]: *** [CMakeFiles/Makefile2:137: CMakeFiles/cpp_interface.dir/all] Interrupt
[4.296s] gmake: *** [Makefile:146: all] Interrupt
[4.326s] Invoked command in '/home/ngochoan/dev_ws/src/build/cpp_interface' returned '-2': CMAKE_PREFIX_PATH=/opt/ros/humble /usr/bin/cmake --build /home/ngochoan/dev_ws/src/build/cpp_interface -- -j8 -l8
