[0.011s] Invoking command in '/home/ngochoan/dev_ws/build/cpp_interface': CMAKE_PREFIX_PATH=/opt/ros/humble /usr/bin/cmake --build /home/ngochoan/dev_ws/build/cpp_interface -- -j8 -l8
[0.051s] -- Found ament_cmake: 1.3.8 (/opt/ros/humble/share/ament_cmake/cmake)
[0.159s] -- Found rclcpp: 16.0.8 (/opt/ros/humble/share/rclcpp/cmake)
[0.189s] -- Found rosidl_generator_c: 3.1.5 (/opt/ros/humble/share/rosidl_generator_c/cmake)
[0.191s] -- Found rosidl_adapter: 3.1.5 (/opt/ros/humble/share/rosidl_adapter/cmake)
[0.198s] -- Found rosidl_generator_cpp: 3.1.5 (/opt/ros/humble/share/rosidl_generator_cpp/cmake)
[0.209s] -- Using all available rosidl_typesupport_c: rosidl_typesupport_fastrtps_c;rosidl_typesupport_introspection_c
[0.227s] -- Using all available rosidl_typesupport_cpp: rosidl_typesupport_fastrtps_cpp;rosidl_typesupport_introspection_cpp
[0.280s] -- Found rmw_implementation_cmake: 6.1.1 (/opt/ros/humble/share/rmw_implementation_cmake/cmake)
[0.281s] -- Found rmw_fastrtps_cpp: 6.2.6 (/opt/ros/humble/share/rmw_fastrtps_cpp/cmake)
[0.402s] -- Using RMW implementation 'rmw_fastrtps_cpp' as default
[0.550s] -- Found tf2_msgs: 0.25.6 (/opt/ros/humble/share/tf2_msgs/cmake)
[0.722s] -- Found ament_lint_auto: 0.12.10 (/opt/ros/humble/share/ament_lint_auto/cmake)
[0.781s] -- Added test 'cppcheck' to perform static code analysis on C / C++ code
[0.781s] -- Configured cppcheck include dirs: 
[0.781s] -- Configured cppcheck exclude dirs and/or files: 
[0.782s] -- Added test 'flake8' to check Python code syntax and style conventions
[0.782s] -- Added test 'lint_cmake' to check CMake code style
[0.783s] -- Added test 'pep257' to check Python code against some of the docstring style conventions in PEP 257
[0.784s] -- Added test 'uncrustify' to check C / C++ code style
[0.785s] -- Configured uncrustify additional arguments: 
[0.785s] -- Added test 'xmllint' to check XML markup files
[0.786s] -- Configuring done
[0.827s] -- Generating done
[0.829s] -- Build files have been written to: /home/ngochoan/dev_ws/build/cpp_interface
[0.853s] [35m[1mConsolidate compiler generated dependencies of target pid_node[0m
[0.853s] [35m[1mConsolidate compiler generated dependencies of target test_cmd_vel[0m
[0.853s] [35m[1mConsolidate compiler generated dependencies of target read_parameters_pi[0m
[0.853s] [35m[1mConsolidate compiler generated dependencies of target fuzzy_longitudinal_controllers[0m
[0.853s] [35m[1mConsolidate compiler generated dependencies of target straight_line_node[0m
[0.853s] [35m[1mConsolidate compiler generated dependencies of target data_processing_node[0m
[0.854s] [35m[1mConsolidate compiler generated dependencies of target data_processing_node_straight[0m
[0.860s] [35m[1mConsolidate compiler generated dependencies of target data_processing_node_zz[0m
[0.884s] [  7%] Built target test_cmd_vel
[0.884s] [ 19%] Built target pid_node
[0.884s] [ 23%] Built target fuzzy_longitudinal_controllers
[0.884s] [ 30%] Built target read_parameters_pi
[0.884s] [ 42%] Built target straight_line_node
[0.884s] [ 42%] [32mBuilding CXX object CMakeFiles/data_processing_node_zz.dir/src/data_processing_node_zz.cpp.o[0m
[0.889s] [ 50%] Built target data_processing_node_straight
[0.893s] [ 57%] Built target data_processing_node
[0.895s] [35m[1mConsolidate compiler generated dependencies of target controllers_node[0m
[0.895s] [35m[1mConsolidate compiler generated dependencies of target sinusoidal_node[0m
[0.897s] [35m[1mConsolidate compiler generated dependencies of target circumference_node[0m
[0.907s] [ 61%] [32mBuilding CXX object CMakeFiles/subscriber_ROS2.dir/src/subscriber_ROS2.cpp.o[0m
[0.909s] [ 65%] [32mBuilding CXX object CMakeFiles/publisher_ROS2.dir/src/publisher_ROS2.cpp.o[0m
[0.915s] [ 73%] Built target sinusoidal_node
[0.917s] [ 80%] Built target controllers_node
[0.917s] [ 88%] Built target circumference_node
[4.890s] [ 92%] [32m[1mLinking CXX executable publisher_ROS2[0m
[5.075s] [ 92%] Built target publisher_ROS2
[8.227s] [ 96%] [32m[1mLinking CXX executable subscriber_ROS2[0m
[8.557s] [ 96%] Built target subscriber_ROS2
[10.539s] [100%] [32m[1mLinking CXX executable data_processing_node_zz[0m
[11.055s] [100%] Built target data_processing_node_zz
[11.069s] Invoked command in '/home/ngochoan/dev_ws/build/cpp_interface' returned '0': CMAKE_PREFIX_PATH=/opt/ros/humble /usr/bin/cmake --build /home/ngochoan/dev_ws/build/cpp_interface -- -j8 -l8
[11.113s] Invoking command in '/home/ngochoan/dev_ws/build/cpp_interface': CMAKE_PREFIX_PATH=/opt/ros/humble /usr/bin/cmake --install /home/ngochoan/dev_ws/build/cpp_interface
[11.119s] -- Install configuration: ""
[11.120s] -- Up-to-date: /home/ngochoan/dev_ws/install/cpp_interface/lib/cpp_interface/read_parameters_pi
[11.121s] -- Up-to-date: /home/ngochoan/dev_ws/install/cpp_interface/lib/cpp_interface/test_cmd_vel
[11.121s] -- Up-to-date: /home/ngochoan/dev_ws/install/cpp_interface/lib/cpp_interface/pid_node
[11.122s] -- Up-to-date: /home/ngochoan/dev_ws/install/cpp_interface/lib/cpp_interface/fuzzy_longitudinal_controllers
[11.122s] -- Up-to-date: /home/ngochoan/dev_ws/install/cpp_interface/lib/cpp_interface/data_processing_node
[11.123s] -- Up-to-date: /home/ngochoan/dev_ws/install/cpp_interface/lib/cpp_interface/data_processing_node_straight
[11.124s] -- Installing: /home/ngochoan/dev_ws/install/cpp_interface/lib/cpp_interface/data_processing_node_zz
[11.128s] -- Set runtime path of "/home/ngochoan/dev_ws/install/cpp_interface/lib/cpp_interface/data_processing_node_zz" to ""
[11.128s] -- Up-to-date: /home/ngochoan/dev_ws/install/cpp_interface/lib/cpp_interface/straight_line_node
[11.129s] -- Up-to-date: /home/ngochoan/dev_ws/install/cpp_interface/lib/cpp_interface/circumference_node
[11.130s] -- Up-to-date: /home/ngochoan/dev_ws/install/cpp_interface/lib/cpp_interface/sinusoidal_node
[11.130s] -- Up-to-date: /home/ngochoan/dev_ws/install/cpp_interface/lib/cpp_interface/controllers_node
[11.130s] -- Installing: /home/ngochoan/dev_ws/install/cpp_interface/lib/cpp_interface/publisher_ROS2
[11.131s] -- Set runtime path of "/home/ngochoan/dev_ws/install/cpp_interface/lib/cpp_interface/publisher_ROS2" to ""
[11.131s] -- Installing: /home/ngochoan/dev_ws/install/cpp_interface/lib/cpp_interface/subscriber_ROS2
[11.134s] -- Set runtime path of "/home/ngochoan/dev_ws/install/cpp_interface/lib/cpp_interface/subscriber_ROS2" to ""
[11.134s] -- Up-to-date: /home/ngochoan/dev_ws/install/cpp_interface/share/cpp_interface/launch
[11.134s] -- Up-to-date: /home/ngochoan/dev_ws/install/cpp_interface/share/cpp_interface/launch/rplidar.launch.py
[11.134s] -- Up-to-date: /home/ngochoan/dev_ws/install/cpp_interface/share/cpp_interface/launch/thesis.launch.py
[11.134s] -- Up-to-date: /home/ngochoan/dev_ws/install/cpp_interface/share/ament_index/resource_index/package_run_dependencies/cpp_interface
[11.134s] -- Up-to-date: /home/ngochoan/dev_ws/install/cpp_interface/share/ament_index/resource_index/parent_prefix_path/cpp_interface
[11.134s] -- Up-to-date: /home/ngochoan/dev_ws/install/cpp_interface/share/cpp_interface/environment/ament_prefix_path.sh
[11.134s] -- Installing: /home/ngochoan/dev_ws/install/cpp_interface/share/cpp_interface/environment/ament_prefix_path.dsv
[11.134s] -- Up-to-date: /home/ngochoan/dev_ws/install/cpp_interface/share/cpp_interface/environment/path.sh
[11.134s] -- Installing: /home/ngochoan/dev_ws/install/cpp_interface/share/cpp_interface/environment/path.dsv
[11.135s] -- Up-to-date: /home/ngochoan/dev_ws/install/cpp_interface/share/cpp_interface/local_setup.bash
[11.135s] -- Up-to-date: /home/ngochoan/dev_ws/install/cpp_interface/share/cpp_interface/local_setup.sh
[11.135s] -- Up-to-date: /home/ngochoan/dev_ws/install/cpp_interface/share/cpp_interface/local_setup.zsh
[11.135s] -- Installing: /home/ngochoan/dev_ws/install/cpp_interface/share/cpp_interface/local_setup.dsv
[11.135s] -- Installing: /home/ngochoan/dev_ws/install/cpp_interface/share/cpp_interface/package.dsv
[11.135s] -- Up-to-date: /home/ngochoan/dev_ws/install/cpp_interface/share/ament_index/resource_index/packages/cpp_interface
[11.135s] -- Up-to-date: /home/ngochoan/dev_ws/install/cpp_interface/share/cpp_interface/cmake/cpp_interfaceConfig.cmake
[11.135s] -- Up-to-date: /home/ngochoan/dev_ws/install/cpp_interface/share/cpp_interface/cmake/cpp_interfaceConfig-version.cmake
[11.135s] -- Up-to-date: /home/ngochoan/dev_ws/install/cpp_interface/share/cpp_interface/package.xml
[11.136s] Invoked command in '/home/ngochoan/dev_ws/build/cpp_interface' returned '0': CMAKE_PREFIX_PATH=/opt/ros/humble /usr/bin/cmake --install /home/ngochoan/dev_ws/build/cpp_interface
