[0.070s] Invoking command in '/home/ngochoan/dev_ws/build/cpp_pubsub': AMENT_PREFIX_PATH=/home/ngochoan/dev_ws/install/tutorial_interfaces:${AMENT_PREFIX_PATH} CMAKE_PREFIX_PATH=/home/ngochoan/dev_ws/install/tutorial_interfaces:/opt/ros/humble LD_LIBRARY_PATH=/home/ngochoan/dev_ws/install/tutorial_interfaces/lib:${LD_LIBRARY_PATH} PYTHONPATH=/home/ngochoan/dev_ws/install/tutorial_interfaces/local/lib/python3.10/dist-packages:${PYTHONPATH} /usr/bin/cmake --build /home/ngochoan/dev_ws/build/cpp_pubsub -- -j8 -l8
[0.109s] [35m[1mConsolidate compiler generated dependencies of target talker[0m
[0.109s] [35m[1mConsolidate compiler generated dependencies of target listener_pico[0m
[0.127s] [ 50%] [32mBuilding CXX object CMakeFiles/talker.dir/src/publisher_member_function.cpp.o[0m
[0.127s] [ 50%] Built target listener
[0.134s] [ 66%] [32mBuilding CXX object CMakeFiles/listener_pico.dir/src/read_date_picoW.cpp.o[0m
[2.327s] [01m[K/home/ngochoan/dev_ws/src/cpp_pubsub/src/publisher_member_function.cpp:[m[K In member function ‘[01m[Kvoid MinimalPublisher::timer_callback()[m[K’:
[2.328s] [01m[K/home/ngochoan/dev_ws/src/cpp_pubsub/src/publisher_member_function.cpp:29:34:[m[K [01;31m[Kerror: [m[Kno match for ‘[01m[Koperator=[m[K’ (operand types are ‘[01m[Ktutorial_interfaces::msg::Float64_<std::allocator<void> >::_data_type[m[K’ {aka ‘[01m[Kstd::vector<double, std::allocator<double> >[m[K’} and ‘[01m[Ksize_t[m[K’ {aka ‘[01m[Klong unsigned int[m[K’})
[2.328s]    29 |       message.data = this->count_[01;31m[K++[m[K;
[2.328s]       |                                  [01;31m[K^~[m[K
[2.328s] In file included from [01m[K/usr/include/c++/11/vector:72[m[K,
[2.328s]                  from [01m[K/usr/include/c++/11/functional:62[m[K,
[2.328s]                  from [01m[K/home/ngochoan/dev_ws/src/cpp_pubsub/src/publisher_member_function.cpp:2[m[K:
[2.328s] [01m[K/usr/include/c++/11/bits/vector.tcc:198:5:[m[K [01;36m[Knote: [m[Kcandidate: ‘[01m[Kstd::vector<_Tp, _Alloc>& std::vector<_Tp, _Alloc>::operator=(const std::vector<_Tp, _Alloc>&) [with _Tp = double; _Alloc = std::allocator<double>][m[K’
[2.328s]   198 |     [01;36m[Kvector<_Tp, _Alloc>[m[K::
[2.328s]       |     [01;36m[K^~~~~~~~~~~~~~~~~~~[m[K
[2.328s] [01m[K/usr/include/c++/11/bits/vector.tcc:199:42:[m[K [01;36m[Knote: [m[K  no known conversion for argument 1 from ‘[01m[Ksize_t[m[K’ {aka ‘[01m[Klong unsigned int[m[K’} to ‘[01m[Kconst std::vector<double, std::allocator<double> >&[m[K’
[2.328s]   199 |     operator=([01;36m[Kconst vector<_Tp, _Alloc>& __x[m[K)
[2.328s]       |               [01;36m[K~~~~~~~~~~~~~~~~~~~~~~~~~~~^~~[m[K
[2.328s] In file included from [01m[K/usr/include/c++/11/vector:67[m[K,
[2.328s]                  from [01m[K/usr/include/c++/11/functional:62[m[K,
[2.328s]                  from [01m[K/home/ngochoan/dev_ws/src/cpp_pubsub/src/publisher_member_function.cpp:2[m[K:
[2.328s] [01m[K/usr/include/c++/11/bits/stl_vector.h:709:7:[m[K [01;36m[Knote: [m[Kcandidate: ‘[01m[Kstd::vector<_Tp, _Alloc>& std::vector<_Tp, _Alloc>::operator=(std::vector<_Tp, _Alloc>&&) [with _Tp = double; _Alloc = std::allocator<double>][m[K’
[2.329s]   709 |       [01;36m[Koperator[m[K=(vector&& __x) noexcept(_Alloc_traits::_S_nothrow_move())
[2.329s]       |       [01;36m[K^~~~~~~~[m[K
[2.329s] [01m[K/usr/include/c++/11/bits/stl_vector.h:709:26:[m[K [01;36m[Knote: [m[K  no known conversion for argument 1 from ‘[01m[Ksize_t[m[K’ {aka ‘[01m[Klong unsigned int[m[K’} to ‘[01m[Kstd::vector<double, std::allocator<double> >&&[m[K’
[2.329s]   709 |       operator=([01;36m[Kvector&& __x[m[K) noexcept(_Alloc_traits::_S_nothrow_move())
[2.329s]       |                 [01;36m[K~~~~~~~~~^~~[m[K
[2.329s] [01m[K/usr/include/c++/11/bits/stl_vector.h:730:7:[m[K [01;36m[Knote: [m[Kcandidate: ‘[01m[Kstd::vector<_Tp, _Alloc>& std::vector<_Tp, _Alloc>::operator=(std::initializer_list<_Tp>) [with _Tp = double; _Alloc = std::allocator<double>][m[K’
[2.329s]   730 |       [01;36m[Koperator[m[K=(initializer_list<value_type> __l)
[2.329s]       |       [01;36m[K^~~~~~~~[m[K
[2.329s] [01m[K/usr/include/c++/11/bits/stl_vector.h:730:46:[m[K [01;36m[Knote: [m[K  no known conversion for argument 1 from ‘[01m[Ksize_t[m[K’ {aka ‘[01m[Klong unsigned int[m[K’} to ‘[01m[Kstd::initializer_list<double>[m[K’
[2.329s]   730 |       operator=([01;36m[Kinitializer_list<value_type> __l[m[K)
[2.329s]       |                 [01;36m[K~~~~~~~~~~~~~~~~~~~~~~~~~~~~~^~~[m[K
[2.329s] In file included from [01m[K/opt/ros/humble/include/rclcpp/rclcpp/logging.hpp:24[m[K,
[2.329s]                  from [01m[K/opt/ros/humble/include/rclcpp/rclcpp/client.hpp:40[m[K,
[2.329s]                  from [01m[K/opt/ros/humble/include/rclcpp/rclcpp/callback_group.hpp:24[m[K,
[2.329s]                  from [01m[K/opt/ros/humble/include/rclcpp/rclcpp/any_executable.hpp:20[m[K,
[2.329s]                  from [01m[K/opt/ros/humble/include/rclcpp/rclcpp/memory_strategy.hpp:25[m[K,
[2.329s]                  from [01m[K/opt/ros/humble/include/rclcpp/rclcpp/memory_strategies.hpp:18[m[K,
[2.329s]                  from [01m[K/opt/ros/humble/include/rclcpp/rclcpp/executor_options.hpp:20[m[K,
[2.329s]                  from [01m[K/opt/ros/humble/include/rclcpp/rclcpp/executor.hpp:37[m[K,
[2.329s]                  from [01m[K/opt/ros/humble/include/rclcpp/rclcpp/executors/multi_threaded_executor.hpp:25[m[K,
[2.329s]                  from [01m[K/opt/ros/humble/include/rclcpp/rclcpp/executors.hpp:21[m[K,
[2.330s]                  from [01m[K/opt/ros/humble/include/rclcpp/rclcpp/rclcpp.hpp:155[m[K,
[2.330s]                  from [01m[K/home/ngochoan/dev_ws/src/cpp_pubsub/src/publisher_member_function.cpp:5[m[K:
[2.330s] [01m[K/home/ngochoan/dev_ws/src/cpp_pubsub/src/publisher_member_function.cpp:30:39:[m[K [01;35m[Kwarning: [m[Kformat ‘[01m[K%lf[m[K’ expects argument of type ‘[01m[Kdouble[m[K’, but argument 5 has type ‘[01m[Ktutorial_interfaces::msg::Float64_<std::allocator<void> >::_data_type[m[K’ {aka ‘[01m[Kstd::vector<double, std::allocator<double> >[m[K’} [[01;35m[K]8;;https://gcc.gnu.org/onlinedocs/gcc/Warning-Options.html#index-Wformat=-Wformat=]8;;[m[K]
[2.330s]    30 |       RCLCPP_INFO(this->get_logger(), [01;35m[K"Publishing: '%lf'"[m[K, message.data);
[2.330s]       |                                       [01;35m[K^~~~~~~~~~~~~~~~~~~[m[K
[2.330s] [01m[K/home/ngochoan/dev_ws/src/cpp_pubsub/src/publisher_member_function.cpp:30:55:[m[K [01;36m[Knote: [m[Kformat string is defined here
[2.330s]    30 |       RCLCPP_INFO(this->get_logger(), "Publishing: '[01;36m[K%lf[m[K'", message.data);
[2.330s]       |                                                     [01;36m[K~~^[m[K
[2.330s]       |                                                       [01;36m[K|[m[K
[2.330s]       |                                                       [01;36m[Kdouble[m[K
[2.330s] [01m[K/home/ngochoan/dev_ws/src/cpp_pubsub/src/read_date_picoW.cpp:72:29:[m[K [01;31m[Kerror: [m[K‘[01m[Kstd_msgs[m[K’ does not name a type
[2.330s]    72 |   void topic_callback(const [01;31m[Kstd_msgs[m[K::Float64MultiArray::SharedPtr msg) const
[2.330s]       |                             [01;31m[K^~~~~~~~[m[K
[2.330s] [01m[K/home/ngochoan/dev_ws/src/cpp_pubsub/src/read_date_picoW.cpp:72:56:[m[K [01;31m[Kerror: [m[Kexpected unqualified-id before ‘[01m[K::[m[K’ token
[2.330s]    72 |   void topic_callback(const std_msgs::Float64MultiArray[01;31m[K::[m[KSharedPtr msg) const
[2.330s]       |                                                        [01;31m[K^~[m[K
[2.330s] [01m[K/home/ngochoan/dev_ws/src/cpp_pubsub/src/read_date_picoW.cpp:72:56:[m[K [01;31m[Kerror: [m[Kexpected ‘[01m[K)[m[K’ before ‘[01m[K::[m[K’ token
[2.330s]    72 |   void topic_callback[34m[K([m[Kconst std_msgs::Float64MultiArray[01;31m[K:[m[K[32m[K:[m[KSharedPtr msg) const
[2.330s]       |                      [34m[K~[m[K                                 [01;31m[K^[m[K[32m[K~[m[K
[2.330s]       |                                                        [32m[K)[m[K
[2.331s] [01m[K/home/ngochoan/dev_ws/src/cpp_pubsub/src/read_date_picoW.cpp:72:39:[m[K [01;31m[Kerror: [m[Kexpected ‘[01m[K;[m[K’ at end of member declaration
[2.331s]    72 |   void topic_callback(const std_msgs::[01;31m[KFloat64MultiArray[m[K::SharedPtr msg) const
[2.331s]       |                                       [01;31m[K^~~~~~~~~~~~~~~~~[m[K
[2.331s]       |                                                        [32m[K;[m[K
[2.331s] [01m[K/home/ngochoan/dev_ws/src/cpp_pubsub/src/read_date_picoW.cpp:72:58:[m[K [01;31m[Kerror: [m[K‘[01m[KSharedPtr[m[K’ in namespace ‘[01m[K::[m[K’ does not name a type
[2.332s]    72 |   void topic_callback(const std_msgs::Float64MultiArray::[01;31m[KSharedPtr[m[K msg) const
[2.332s]       |                                                          [01;31m[K^~~~~~~~~[m[K
[2.340s] [01m[K/home/ngochoan/dev_ws/src/cpp_pubsub/src/read_date_picoW.cpp:86:24:[m[K [01;31m[Kerror: [m[K‘[01m[Kstd_msgs[m[K’ was not declared in this scope
[2.340s]    86 |   rclcpp::Subscription<[01;31m[Kstd_msgs[m[K::Float64MultiArray>::SharedPtr subscription_;
[2.340s]       |                        [01;31m[K^~~~~~~~[m[K
[2.340s] [01m[K/home/ngochoan/dev_ws/src/cpp_pubsub/src/read_date_picoW.cpp:86:51:[m[K [01;31m[Kerror: [m[Ktemplate argument 1 is invalid
[2.340s]    86 |   rclcpp::Subscription<std_msgs::Float64MultiArray[01;31m[K>[m[K::SharedPtr subscription_;
[2.341s]       |                                                   [01;31m[K^[m[K
[2.341s] [01m[K/home/ngochoan/dev_ws/src/cpp_pubsub/src/read_date_picoW.cpp:86:51:[m[K [01;31m[Kerror: [m[Ktemplate argument 3 is invalid
[2.341s] [01m[K/home/ngochoan/dev_ws/src/cpp_pubsub/src/read_date_picoW.cpp:86:51:[m[K [01;31m[Kerror: [m[Ktemplate argument 4 is invalid
[2.341s] [01m[K/home/ngochoan/dev_ws/src/cpp_pubsub/src/read_date_picoW.cpp:86:51:[m[K [01;31m[Kerror: [m[Ktemplate argument 5 is invalid
[2.341s] [01m[K/home/ngochoan/dev_ws/src/cpp_pubsub/src/read_date_picoW.cpp:86:54:[m[K [01;31m[Kerror: [m[Kexpected ‘[01m[K;[m[K’ at end of member declaration
[2.341s]    86 |   rclcpp::Subscription<std_msgs::Float64MultiArray>::[01;31m[KSharedPtr[m[K subscription_;
[2.341s]       |                                                      [01;31m[K^~~~~~~~~[m[K
[2.341s]       |                                                               [32m[K;[m[K
[2.344s] [01m[K/home/ngochoan/dev_ws/src/cpp_pubsub/src/read_date_picoW.cpp:86:64:[m[K [01;31m[Kerror: [m[K‘[01m[Ksubscription_[m[K’ does not name a type; did you mean ‘[01m[Krmw_subscription_t[m[K’?
[2.344s]    86 |   rclcpp::Subscription<std_msgs::Float64MultiArray>::SharedPtr [01;31m[Ksubscription_[m[K;
[2.344s]       |                                                                [01;31m[K^~~~~~~~~~~~~[m[K
[2.344s]       |                                                                [32m[Krmw_subscription_t[m[K
[2.354s] [01m[K/home/ngochoan/dev_ws/src/cpp_pubsub/src/read_date_picoW.cpp:[m[K In constructor ‘[01m[KMinimalSubscriber::MinimalSubscriber()[m[K’:
[2.354s] [01m[K/home/ngochoan/dev_ws/src/cpp_pubsub/src/read_date_picoW.cpp:61:5:[m[K [01;31m[Kerror: [m[K‘[01m[Ksubscription_[m[K’ was not declared in this scope; did you mean ‘[01m[Krmw_subscription_t[m[K’?
[2.354s]    61 |     [01;31m[Ksubscription_[m[K = this->create_subscription<std_msgs::Float64MultiArray>(
[2.354s]       |     [01;31m[K^~~~~~~~~~~~~[m[K
[2.354s]       |     [32m[Krmw_subscription_t[m[K
[2.360s] [01m[K/home/ngochoan/dev_ws/src/cpp_pubsub/src/read_date_picoW.cpp:61:47:[m[K [01;31m[Kerror: [m[K‘[01m[Kstd_msgs[m[K’ was not declared in this scope
[2.360s]    61 |     subscription_ = this->create_subscription<[01;31m[Kstd_msgs[m[K::Float64MultiArray>(
[2.360s]       |                                               [01;31m[K^~~~~~~~[m[K
[2.360s] [01m[K/home/ngochoan/dev_ws/src/cpp_pubsub/src/read_date_picoW.cpp:61:27:[m[K [01;31m[Kerror: [m[Kparse error in template argument list
[2.360s]    61 |     subscription_ = this->[01;31m[Kcreate_subscription<std_msgs::Float64MultiArray>[m[K(
[2.360s]       |                           [01;31m[K^~~~~~~~~~~~~~~~~~~~~~~~~~~~~~~~~~~~~~~~~~~~~~~~[m[K
[2.365s] [01m[K/home/ngochoan/dev_ws/src/cpp_pubsub/src/read_date_picoW.cpp:61:75:[m[K [01;31m[Kerror: [m[Kno matching function for call to ‘[01m[KMinimalSubscriber::create_subscription<<expression error> >(const char [23], int, std::_Bind_helper<false, void (MinimalSubscriber::*)(...), MinimalSubscriber*, const std::_Placeholder<1>&>::type)[m[K’
[2.365s]    61 |     subscription_ = [01;31m[Kthis->create_subscription<std_msgs::Float64MultiArray>([m[K
[2.365s]       |                     [01;31m[K~~~~~~~~~~~~~~~~~~~~~~~~~~~~~~~~~~~~~~~~~~~~~~~~~~~~~~^[m[K
[2.365s]    62 | [01;31m[K     "transfer_to_pico_topic", 10, std::bind(&MinimalSubscriber::topic_callback, this, _1))[m[K;
[2.365s]       |      [01;31m[K~~~~~~~~~~~~~~~~~~~~~~~~~~~~~~~~~~~~~~~~~~~~~~~~~~~~~~~~~~~~~~~~~~~~~~~~~~~~~~~~~~~~~~[m[K
[2.365s] In file included from [01m[K/opt/ros/humble/include/rclcpp/rclcpp/executors/single_threaded_executor.hpp:28[m[K,
[2.365s]                  from [01m[K/opt/ros/humble/include/rclcpp/rclcpp/executors.hpp:22[m[K,
[2.365s]                  from [01m[K/opt/ros/humble/include/rclcpp/rclcpp/rclcpp.hpp:155[m[K,
[2.365s]                  from [01m[K/home/ngochoan/dev_ws/src/cpp_pubsub/src/read_date_picoW.cpp:4[m[K:
[2.365s] [01m[K/opt/ros/humble/include/rclcpp/rclcpp/node.hpp:219:3:[m[K [01;36m[Knote: [m[Kcandidate: ‘[01m[Ktemplate<class MessageT, class CallbackT, class AllocatorT, class SubscriptionT, class MessageMemoryStrategyT> std::shared_ptr<ROSMessageT> rclcpp::Node::create_subscription(const string&, const rclcpp::QoS&, CallbackT&&, const rclcpp::SubscriptionOptionsWithAllocator<AllocatorT>&, typename MessageMemoryStrategyT::SharedPtr)[m[K’
[2.365s]   219 |   [01;36m[Kcreate_subscription[m[K(
[2.365s]       |   [01;36m[K^~~~~~~~~~~~~~~~~~~[m[K
[2.365s] [01m[K/opt/ros/humble/include/rclcpp/rclcpp/node.hpp:219:3:[m[K [01;36m[Knote: [m[K  template argument deduction/substitution failed:
[2.365s] [01m[K/home/ngochoan/dev_ws/src/cpp_pubsub/src/read_date_picoW.cpp:61:75:[m[K [01;31m[Kerror: [m[Ktemplate argument 1 is invalid
[2.365s]    61 |     subscription_ = [01;31m[Kthis->create_subscription<std_msgs::Float64MultiArray>([m[K
[2.366s]       |                     [01;31m[K~~~~~~~~~~~~~~~~~~~~~~~~~~~~~~~~~~~~~~~~~~~~~~~~~~~~~~^[m[K
[2.366s]    62 | [01;31m[K     "transfer_to_pico_topic", 10, std::bind(&MinimalSubscriber::topic_callback, this, _1))[m[K;
[2.366s]       |      [01;31m[K~~~~~~~~~~~~~~~~~~~~~~~~~~~~~~~~~~~~~~~~~~~~~~~~~~~~~~~~~~~~~~~~~~~~~~~~~~~~~~~~~~~~~~[m[K
[2.776s] gmake[2]: *** [CMakeFiles/listener_pico.dir/build.make:76: CMakeFiles/listener_pico.dir/src/read_date_picoW.cpp.o] Error 1
[2.776s] gmake[1]: *** [CMakeFiles/Makefile2:193: CMakeFiles/listener_pico.dir/all] Error 2
[2.776s] gmake[1]: *** Waiting for unfinished jobs....
[3.074s] gmake[2]: *** [CMakeFiles/talker.dir/build.make:76: CMakeFiles/talker.dir/src/publisher_member_function.cpp.o] Error 1
[3.074s] gmake[1]: *** [CMakeFiles/Makefile2:141: CMakeFiles/talker.dir/all] Error 2
[3.074s] gmake: *** [Makefile:146: all] Error 2
[3.076s] Invoked command in '/home/ngochoan/dev_ws/build/cpp_pubsub' returned '2': AMENT_PREFIX_PATH=/home/ngochoan/dev_ws/install/tutorial_interfaces:${AMENT_PREFIX_PATH} CMAKE_PREFIX_PATH=/home/ngochoan/dev_ws/install/tutorial_interfaces:/opt/ros/humble LD_LIBRARY_PATH=/home/ngochoan/dev_ws/install/tutorial_interfaces/lib:${LD_LIBRARY_PATH} PYTHONPATH=/home/ngochoan/dev_ws/install/tutorial_interfaces/local/lib/python3.10/dist-packages:${PYTHONPATH} /usr/bin/cmake --build /home/ngochoan/dev_ws/build/cpp_pubsub -- -j8 -l8
