[0.257s] Invoking command in '/home/ngochoan/dev_ws/build/tutorial_interfaces': CMAKE_PREFIX_PATH=${CMAKE_PREFIX_PATH}:/opt/ros/humble /usr/bin/cmake --build /home/ngochoan/dev_ws/build/tutorial_interfaces -- -j8 -l8
[0.303s] [ 10%] Built target tutorial_interfaces__rosidl_generator_c
[0.306s] [ 12%] Built target tutorial_interfaces__cpp
[0.331s] [ 12%] Built target ament_cmake_python_copy_tutorial_interfaces
[0.339s] [ 23%] Built target tutorial_interfaces__rosidl_typesupport_introspection_c
[0.340s] [ 33%] Built target tutorial_interfaces__rosidl_typesupport_fastrtps_c
[0.351s] [ 43%] Built target tutorial_interfaces__rosidl_typesupport_c
[0.353s] [ 53%] Built target tutorial_interfaces__rosidl_typesupport_fastrtps_cpp
[0.360s] [ 64%] Built target tutorial_interfaces__rosidl_typesupport_introspection_cpp
[0.360s] [ 74%] Built target tutorial_interfaces__rosidl_typesupport_cpp
[0.378s] [ 74%] Built target tutorial_interfaces
[0.397s] [ 76%] Built target tutorial_interfaces__py
[0.419s] [ 84%] Built target tutorial_interfaces__rosidl_generator_py
[0.439s] [ 89%] Built target tutorial_interfaces__rosidl_typesupport_fastrtps_c__pyext
[0.440s] [ 94%] Built target tutorial_interfaces__rosidl_typesupport_c__pyext
[0.444s] [100%] Built target tutorial_interfaces__rosidl_typesupport_introspection_c__pyext
[0.586s] running egg_info
[0.587s] writing tutorial_interfaces.egg-info/PKG-INFO
[0.587s] writing dependency_links to tutorial_interfaces.egg-info/dependency_links.txt
[0.587s] writing top-level names to tutorial_interfaces.egg-info/top_level.txt
[0.590s] reading manifest file 'tutorial_interfaces.egg-info/SOURCES.txt'
[0.590s] writing manifest file 'tutorial_interfaces.egg-info/SOURCES.txt'
[0.620s] [100%] Built target ament_cmake_python_build_tutorial_interfaces_egg
[0.633s] Invoked command in '/home/ngochoan/dev_ws/build/tutorial_interfaces' returned '0': CMAKE_PREFIX_PATH=${CMAKE_PREFIX_PATH}:/opt/ros/humble /usr/bin/cmake --build /home/ngochoan/dev_ws/build/tutorial_interfaces -- -j8 -l8
[0.685s] Invoking command in '/home/ngochoan/dev_ws/build/tutorial_interfaces': CMAKE_PREFIX_PATH=${CMAKE_PREFIX_PATH}:/opt/ros/humble /usr/bin/cmake --install /home/ngochoan/dev_ws/build/tutorial_interfaces
[0.692s] -- Install configuration: ""
[0.692s] -- Up-to-date: /home/ngochoan/dev_ws/install/tutorial_interfaces/share/ament_index/resource_index/rosidl_interfaces/tutorial_interfaces
[0.692s] -- Up-to-date: /home/ngochoan/dev_ws/install/tutorial_interfaces/include/tutorial_interfaces/tutorial_interfaces
[0.692s] -- Up-to-date: /home/ngochoan/dev_ws/install/tutorial_interfaces/include/tutorial_interfaces/tutorial_interfaces/srv
[0.692s] -- Up-to-date: /home/ngochoan/dev_ws/install/tutorial_interfaces/include/tutorial_interfaces/tutorial_interfaces/srv/detail
[0.692s] -- Up-to-date: /home/ngochoan/dev_ws/install/tutorial_interfaces/include/tutorial_interfaces/tutorial_interfaces/srv/detail/add_three_ints__struct.h
[0.693s] -- Up-to-date: /home/ngochoan/dev_ws/install/tutorial_interfaces/include/tutorial_interfaces/tutorial_interfaces/srv/detail/add_three_ints__functions.c
[0.693s] -- Up-to-date: /home/ngochoan/dev_ws/install/tutorial_interfaces/include/tutorial_interfaces/tutorial_interfaces/srv/detail/add_three_ints__type_support.h
[0.693s] -- Up-to-date: /home/ngochoan/dev_ws/install/tutorial_interfaces/include/tutorial_interfaces/tutorial_interfaces/srv/detail/add_three_ints__functions.h
[0.693s] -- Up-to-date: /home/ngochoan/dev_ws/install/tutorial_interfaces/include/tutorial_interfaces/tutorial_interfaces/srv/add_three_ints.h
[0.693s] -- Up-to-date: /home/ngochoan/dev_ws/install/tutorial_interfaces/include/tutorial_interfaces/tutorial_interfaces/msg
[0.693s] -- Up-to-date: /home/ngochoan/dev_ws/install/tutorial_interfaces/include/tutorial_interfaces/tutorial_interfaces/msg/float64.h
[0.693s] -- Up-to-date: /home/ngochoan/dev_ws/install/tutorial_interfaces/include/tutorial_interfaces/tutorial_interfaces/msg/rosidl_generator_c__visibility_control.h
[0.693s] -- Up-to-date: /home/ngochoan/dev_ws/install/tutorial_interfaces/include/tutorial_interfaces/tutorial_interfaces/msg/my_interface.h
[0.693s] -- Up-to-date: /home/ngochoan/dev_ws/install/tutorial_interfaces/include/tutorial_interfaces/tutorial_interfaces/msg/num.h
[0.693s] -- Up-to-date: /home/ngochoan/dev_ws/install/tutorial_interfaces/include/tutorial_interfaces/tutorial_interfaces/msg/detail
[0.694s] -- Up-to-date: /home/ngochoan/dev_ws/install/tutorial_interfaces/include/tutorial_interfaces/tutorial_interfaces/msg/detail/my_interface__functions.h
[0.694s] -- Up-to-date: /home/ngochoan/dev_ws/install/tutorial_interfaces/include/tutorial_interfaces/tutorial_interfaces/msg/detail/num__struct.h
[0.694s] -- Up-to-date: /home/ngochoan/dev_ws/install/tutorial_interfaces/include/tutorial_interfaces/tutorial_interfaces/msg/detail/num__functions.h
[0.694s] -- Up-to-date: /home/ngochoan/dev_ws/install/tutorial_interfaces/include/tutorial_interfaces/tutorial_interfaces/msg/detail/float64__functions.c
[0.694s] -- Up-to-date: /home/ngochoan/dev_ws/install/tutorial_interfaces/include/tutorial_interfaces/tutorial_interfaces/msg/detail/my_interface__struct.h
[0.694s] -- Up-to-date: /home/ngochoan/dev_ws/install/tutorial_interfaces/include/tutorial_interfaces/tutorial_interfaces/msg/detail/float64__type_support.h
[0.694s] -- Up-to-date: /home/ngochoan/dev_ws/install/tutorial_interfaces/include/tutorial_interfaces/tutorial_interfaces/msg/detail/my_interface__type_support.h
[0.694s] -- Up-to-date: /home/ngochoan/dev_ws/install/tutorial_interfaces/include/tutorial_interfaces/tutorial_interfaces/msg/detail/float64__struct.h
[0.694s] -- Up-to-date: /home/ngochoan/dev_ws/install/tutorial_interfaces/include/tutorial_interfaces/tutorial_interfaces/msg/detail/num__functions.c
[0.695s] -- Up-to-date: /home/ngochoan/dev_ws/install/tutorial_interfaces/include/tutorial_interfaces/tutorial_interfaces/msg/detail/num__type_support.h
[0.695s] -- Up-to-date: /home/ngochoan/dev_ws/install/tutorial_interfaces/include/tutorial_interfaces/tutorial_interfaces/msg/detail/float64__functions.h
[0.695s] -- Up-to-date: /home/ngochoan/dev_ws/install/tutorial_interfaces/include/tutorial_interfaces/tutorial_interfaces/msg/detail/my_interface__functions.c
[0.695s] -- Up-to-date: /home/ngochoan/dev_ws/install/tutorial_interfaces/share/tutorial_interfaces/environment/library_path.sh
[0.695s] -- Up-to-date: /home/ngochoan/dev_ws/install/tutorial_interfaces/share/tutorial_interfaces/environment/library_path.dsv
[0.695s] -- Up-to-date: /home/ngochoan/dev_ws/install/tutorial_interfaces/lib/libtutorial_interfaces__rosidl_generator_c.so
[0.695s] -- Up-to-date: /home/ngochoan/dev_ws/install/tutorial_interfaces/include/tutorial_interfaces/tutorial_interfaces
[0.695s] -- Up-to-date: /home/ngochoan/dev_ws/install/tutorial_interfaces/include/tutorial_interfaces/tutorial_interfaces/srv
[0.695s] -- Up-to-date: /home/ngochoan/dev_ws/install/tutorial_interfaces/include/tutorial_interfaces/tutorial_interfaces/srv/detail
[0.695s] -- Up-to-date: /home/ngochoan/dev_ws/install/tutorial_interfaces/include/tutorial_interfaces/tutorial_interfaces/srv/detail/add_three_ints__rosidl_typesupport_fastrtps_c.h
[0.696s] -- Up-to-date: /home/ngochoan/dev_ws/install/tutorial_interfaces/include/tutorial_interfaces/tutorial_interfaces/msg
[0.696s] -- Up-to-date: /home/ngochoan/dev_ws/install/tutorial_interfaces/include/tutorial_interfaces/tutorial_interfaces/msg/detail
[0.696s] -- Up-to-date: /home/ngochoan/dev_ws/install/tutorial_interfaces/include/tutorial_interfaces/tutorial_interfaces/msg/detail/my_interface__rosidl_typesupport_fastrtps_c.h
[0.696s] -- Up-to-date: /home/ngochoan/dev_ws/install/tutorial_interfaces/include/tutorial_interfaces/tutorial_interfaces/msg/detail/float64__rosidl_typesupport_fastrtps_c.h
[0.696s] -- Up-to-date: /home/ngochoan/dev_ws/install/tutorial_interfaces/include/tutorial_interfaces/tutorial_interfaces/msg/detail/num__rosidl_typesupport_fastrtps_c.h
[0.696s] -- Up-to-date: /home/ngochoan/dev_ws/install/tutorial_interfaces/include/tutorial_interfaces/tutorial_interfaces/msg/rosidl_typesupport_fastrtps_c__visibility_control.h
[0.696s] -- Up-to-date: /home/ngochoan/dev_ws/install/tutorial_interfaces/lib/libtutorial_interfaces__rosidl_typesupport_fastrtps_c.so
[0.696s] -- Up-to-date: /home/ngochoan/dev_ws/install/tutorial_interfaces/include/tutorial_interfaces/tutorial_interfaces
[0.696s] -- Up-to-date: /home/ngochoan/dev_ws/install/tutorial_interfaces/include/tutorial_interfaces/tutorial_interfaces/srv
[0.697s] -- Up-to-date: /home/ngochoan/dev_ws/install/tutorial_interfaces/include/tutorial_interfaces/tutorial_interfaces/srv/detail
[0.697s] -- Up-to-date: /home/ngochoan/dev_ws/install/tutorial_interfaces/include/tutorial_interfaces/tutorial_interfaces/srv/detail/add_three_ints__rosidl_typesupport_introspection_c.h
[0.697s] -- Up-to-date: /home/ngochoan/dev_ws/install/tutorial_interfaces/include/tutorial_interfaces/tutorial_interfaces/srv/detail/add_three_ints__type_support.c
[0.697s] -- Up-to-date: /home/ngochoan/dev_ws/install/tutorial_interfaces/include/tutorial_interfaces/tutorial_interfaces/msg
[0.697s] -- Up-to-date: /home/ngochoan/dev_ws/install/tutorial_interfaces/include/tutorial_interfaces/tutorial_interfaces/msg/rosidl_typesupport_introspection_c__visibility_control.h
[0.697s] -- Up-to-date: /home/ngochoan/dev_ws/install/tutorial_interfaces/include/tutorial_interfaces/tutorial_interfaces/msg/detail
[0.697s] -- Up-to-date: /home/ngochoan/dev_ws/install/tutorial_interfaces/include/tutorial_interfaces/tutorial_interfaces/msg/detail/my_interface__type_support.c
[0.697s] -- Up-to-date: /home/ngochoan/dev_ws/install/tutorial_interfaces/include/tutorial_interfaces/tutorial_interfaces/msg/detail/my_interface__rosidl_typesupport_introspection_c.h
[0.697s] -- Up-to-date: /home/ngochoan/dev_ws/install/tutorial_interfaces/include/tutorial_interfaces/tutorial_interfaces/msg/detail/num__rosidl_typesupport_introspection_c.h
[0.698s] -- Up-to-date: /home/ngochoan/dev_ws/install/tutorial_interfaces/include/tutorial_interfaces/tutorial_interfaces/msg/detail/num__type_support.c
[0.698s] -- Up-to-date: /home/ngochoan/dev_ws/install/tutorial_interfaces/include/tutorial_interfaces/tutorial_interfaces/msg/detail/float64__type_support.c
[0.698s] -- Up-to-date: /home/ngochoan/dev_ws/install/tutorial_interfaces/include/tutorial_interfaces/tutorial_interfaces/msg/detail/float64__rosidl_typesupport_introspection_c.h
[0.698s] -- Up-to-date: /home/ngochoan/dev_ws/install/tutorial_interfaces/lib/libtutorial_interfaces__rosidl_typesupport_introspection_c.so
[0.698s] -- Up-to-date: /home/ngochoan/dev_ws/install/tutorial_interfaces/lib/libtutorial_interfaces__rosidl_typesupport_c.so
[0.698s] -- Up-to-date: /home/ngochoan/dev_ws/install/tutorial_interfaces/include/tutorial_interfaces/tutorial_interfaces
[0.698s] -- Up-to-date: /home/ngochoan/dev_ws/install/tutorial_interfaces/include/tutorial_interfaces/tutorial_interfaces/srv
[0.698s] -- Up-to-date: /home/ngochoan/dev_ws/install/tutorial_interfaces/include/tutorial_interfaces/tutorial_interfaces/srv/add_three_ints.hpp
[0.698s] -- Up-to-date: /home/ngochoan/dev_ws/install/tutorial_interfaces/include/tutorial_interfaces/tutorial_interfaces/srv/detail
[0.698s] -- Up-to-date: /home/ngochoan/dev_ws/install/tutorial_interfaces/include/tutorial_interfaces/tutorial_interfaces/srv/detail/add_three_ints__struct.hpp
[0.699s] -- Up-to-date: /home/ngochoan/dev_ws/install/tutorial_interfaces/include/tutorial_interfaces/tutorial_interfaces/srv/detail/add_three_ints__builder.hpp
[0.699s] -- Up-to-date: /home/ngochoan/dev_ws/install/tutorial_interfaces/include/tutorial_interfaces/tutorial_interfaces/srv/detail/add_three_ints__traits.hpp
[0.699s] -- Up-to-date: /home/ngochoan/dev_ws/install/tutorial_interfaces/include/tutorial_interfaces/tutorial_interfaces/msg
[0.699s] -- Up-to-date: /home/ngochoan/dev_ws/install/tutorial_interfaces/include/tutorial_interfaces/tutorial_interfaces/msg/my_interface.hpp
[0.699s] -- Up-to-date: /home/ngochoan/dev_ws/install/tutorial_interfaces/include/tutorial_interfaces/tutorial_interfaces/msg/detail
[0.699s] -- Up-to-date: /home/ngochoan/dev_ws/install/tutorial_interfaces/include/tutorial_interfaces/tutorial_interfaces/msg/detail/num__struct.hpp
[0.699s] -- Up-to-date: /home/ngochoan/dev_ws/install/tutorial_interfaces/include/tutorial_interfaces/tutorial_interfaces/msg/detail/num__builder.hpp
[0.699s] -- Up-to-date: /home/ngochoan/dev_ws/install/tutorial_interfaces/include/tutorial_interfaces/tutorial_interfaces/msg/detail/num__traits.hpp
[0.699s] -- Up-to-date: /home/ngochoan/dev_ws/install/tutorial_interfaces/include/tutorial_interfaces/tutorial_interfaces/msg/detail/my_interface__builder.hpp
[0.700s] -- Up-to-date: /home/ngochoan/dev_ws/install/tutorial_interfaces/include/tutorial_interfaces/tutorial_interfaces/msg/detail/float64__builder.hpp
[0.700s] -- Up-to-date: /home/ngochoan/dev_ws/install/tutorial_interfaces/include/tutorial_interfaces/tutorial_interfaces/msg/detail/float64__struct.hpp
[0.700s] -- Up-to-date: /home/ngochoan/dev_ws/install/tutorial_interfaces/include/tutorial_interfaces/tutorial_interfaces/msg/detail/float64__traits.hpp
[0.700s] -- Up-to-date: /home/ngochoan/dev_ws/install/tutorial_interfaces/include/tutorial_interfaces/tutorial_interfaces/msg/detail/my_interface__traits.hpp
[0.700s] -- Up-to-date: /home/ngochoan/dev_ws/install/tutorial_interfaces/include/tutorial_interfaces/tutorial_interfaces/msg/detail/my_interface__struct.hpp
[0.700s] -- Up-to-date: /home/ngochoan/dev_ws/install/tutorial_interfaces/include/tutorial_interfaces/tutorial_interfaces/msg/num.hpp
[0.700s] -- Up-to-date: /home/ngochoan/dev_ws/install/tutorial_interfaces/include/tutorial_interfaces/tutorial_interfaces/msg/float64.hpp
[0.700s] -- Up-to-date: /home/ngochoan/dev_ws/install/tutorial_interfaces/include/tutorial_interfaces/tutorial_interfaces
[0.700s] -- Up-to-date: /home/ngochoan/dev_ws/install/tutorial_interfaces/include/tutorial_interfaces/tutorial_interfaces/srv
[0.700s] -- Up-to-date: /home/ngochoan/dev_ws/install/tutorial_interfaces/include/tutorial_interfaces/tutorial_interfaces/srv/detail
[0.700s] -- Up-to-date: /home/ngochoan/dev_ws/install/tutorial_interfaces/include/tutorial_interfaces/tutorial_interfaces/srv/detail/add_three_ints__rosidl_typesupport_fastrtps_cpp.hpp
[0.700s] -- Up-to-date: /home/ngochoan/dev_ws/install/tutorial_interfaces/include/tutorial_interfaces/tutorial_interfaces/srv/detail/dds_fastrtps
[0.700s] -- Up-to-date: /home/ngochoan/dev_ws/install/tutorial_interfaces/include/tutorial_interfaces/tutorial_interfaces/msg
[0.700s] -- Up-to-date: /home/ngochoan/dev_ws/install/tutorial_interfaces/include/tutorial_interfaces/tutorial_interfaces/msg/detail
[0.700s] -- Up-to-date: /home/ngochoan/dev_ws/install/tutorial_interfaces/include/tutorial_interfaces/tutorial_interfaces/msg/detail/num__rosidl_typesupport_fastrtps_cpp.hpp
[0.701s] -- Up-to-date: /home/ngochoan/dev_ws/install/tutorial_interfaces/include/tutorial_interfaces/tutorial_interfaces/msg/detail/float64__rosidl_typesupport_fastrtps_cpp.hpp
[0.701s] -- Up-to-date: /home/ngochoan/dev_ws/install/tutorial_interfaces/include/tutorial_interfaces/tutorial_interfaces/msg/detail/my_interface__rosidl_typesupport_fastrtps_cpp.hpp
[0.701s] -- Up-to-date: /home/ngochoan/dev_ws/install/tutorial_interfaces/include/tutorial_interfaces/tutorial_interfaces/msg/detail/dds_fastrtps
[0.701s] -- Up-to-date: /home/ngochoan/dev_ws/install/tutorial_interfaces/include/tutorial_interfaces/tutorial_interfaces/msg/rosidl_typesupport_fastrtps_cpp__visibility_control.h
[0.701s] -- Up-to-date: /home/ngochoan/dev_ws/install/tutorial_interfaces/lib/libtutorial_interfaces__rosidl_typesupport_fastrtps_cpp.so
[0.701s] -- Up-to-date: /home/ngochoan/dev_ws/install/tutorial_interfaces/include/tutorial_interfaces/tutorial_interfaces
[0.701s] -- Up-to-date: /home/ngochoan/dev_ws/install/tutorial_interfaces/include/tutorial_interfaces/tutorial_interfaces/srv
[0.701s] -- Up-to-date: /home/ngochoan/dev_ws/install/tutorial_interfaces/include/tutorial_interfaces/tutorial_interfaces/srv/detail
[0.701s] -- Up-to-date: /home/ngochoan/dev_ws/install/tutorial_interfaces/include/tutorial_interfaces/tutorial_interfaces/srv/detail/add_three_ints__rosidl_typesupport_introspection_cpp.hpp
[0.701s] -- Up-to-date: /home/ngochoan/dev_ws/install/tutorial_interfaces/include/tutorial_interfaces/tutorial_interfaces/srv/detail/add_three_ints__type_support.cpp
[0.701s] -- Up-to-date: /home/ngochoan/dev_ws/install/tutorial_interfaces/include/tutorial_interfaces/tutorial_interfaces/msg
[0.701s] -- Up-to-date: /home/ngochoan/dev_ws/install/tutorial_interfaces/include/tutorial_interfaces/tutorial_interfaces/msg/detail
[0.701s] -- Up-to-date: /home/ngochoan/dev_ws/install/tutorial_interfaces/include/tutorial_interfaces/tutorial_interfaces/msg/detail/float64__type_support.cpp
[0.701s] -- Up-to-date: /home/ngochoan/dev_ws/install/tutorial_interfaces/include/tutorial_interfaces/tutorial_interfaces/msg/detail/num__type_support.cpp
[0.701s] -- Up-to-date: /home/ngochoan/dev_ws/install/tutorial_interfaces/include/tutorial_interfaces/tutorial_interfaces/msg/detail/my_interface__rosidl_typesupport_introspection_cpp.hpp
[0.701s] -- Up-to-date: /home/ngochoan/dev_ws/install/tutorial_interfaces/include/tutorial_interfaces/tutorial_interfaces/msg/detail/my_interface__type_support.cpp
[0.701s] -- Up-to-date: /home/ngochoan/dev_ws/install/tutorial_interfaces/include/tutorial_interfaces/tutorial_interfaces/msg/detail/num__rosidl_typesupport_introspection_cpp.hpp
[0.701s] -- Up-to-date: /home/ngochoan/dev_ws/install/tutorial_interfaces/include/tutorial_interfaces/tutorial_interfaces/msg/detail/float64__rosidl_typesupport_introspection_cpp.hpp
[0.701s] -- Up-to-date: /home/ngochoan/dev_ws/install/tutorial_interfaces/lib/libtutorial_interfaces__rosidl_typesupport_introspection_cpp.so
[0.701s] -- Up-to-date: /home/ngochoan/dev_ws/install/tutorial_interfaces/lib/libtutorial_interfaces__rosidl_typesupport_cpp.so
[0.702s] -- Up-to-date: /home/ngochoan/dev_ws/install/tutorial_interfaces/share/tutorial_interfaces/environment/pythonpath.sh
[0.702s] -- Up-to-date: /home/ngochoan/dev_ws/install/tutorial_interfaces/share/tutorial_interfaces/environment/pythonpath.dsv
[0.702s] -- Up-to-date: /home/ngochoan/dev_ws/install/tutorial_interfaces/local/lib/python3.10/dist-packages/tutorial_interfaces-0.0.0-py3.10.egg-info
[0.702s] -- Installing: /home/ngochoan/dev_ws/install/tutorial_interfaces/local/lib/python3.10/dist-packages/tutorial_interfaces-0.0.0-py3.10.egg-info/top_level.txt
[0.702s] -- Installing: /home/ngochoan/dev_ws/install/tutorial_interfaces/local/lib/python3.10/dist-packages/tutorial_interfaces-0.0.0-py3.10.egg-info/dependency_links.txt
[0.702s] -- Installing: /home/ngochoan/dev_ws/install/tutorial_interfaces/local/lib/python3.10/dist-packages/tutorial_interfaces-0.0.0-py3.10.egg-info/SOURCES.txt
[0.702s] -- Installing: /home/ngochoan/dev_ws/install/tutorial_interfaces/local/lib/python3.10/dist-packages/tutorial_interfaces-0.0.0-py3.10.egg-info/PKG-INFO
[0.702s] -- Up-to-date: /home/ngochoan/dev_ws/install/tutorial_interfaces/local/lib/python3.10/dist-packages/tutorial_interfaces
[0.702s] -- Up-to-date: /home/ngochoan/dev_ws/install/tutorial_interfaces/local/lib/python3.10/dist-packages/tutorial_interfaces/tutorial_interfaces_s__rosidl_typesupport_c.cpython-310-x86_64-linux-gnu.so
[0.702s] -- Up-to-date: /home/ngochoan/dev_ws/install/tutorial_interfaces/local/lib/python3.10/dist-packages/tutorial_interfaces/srv
[0.702s] -- Up-to-date: /home/ngochoan/dev_ws/install/tutorial_interfaces/local/lib/python3.10/dist-packages/tutorial_interfaces/srv/_add_three_ints.py
[0.702s] -- Up-to-date: /home/ngochoan/dev_ws/install/tutorial_interfaces/local/lib/python3.10/dist-packages/tutorial_interfaces/srv/__init__.py
[0.702s] -- Up-to-date: /home/ngochoan/dev_ws/install/tutorial_interfaces/local/lib/python3.10/dist-packages/tutorial_interfaces/srv/_add_three_ints_s.c
[0.702s] -- Up-to-date: /home/ngochoan/dev_ws/install/tutorial_interfaces/local/lib/python3.10/dist-packages/tutorial_interfaces/_tutorial_interfaces_s.ep.rosidl_typesupport_introspection_c.c
[0.702s] -- Up-to-date: /home/ngochoan/dev_ws/install/tutorial_interfaces/local/lib/python3.10/dist-packages/tutorial_interfaces/tutorial_interfaces_s__rosidl_typesupport_introspection_c.cpython-310-x86_64-linux-gnu.so
[0.702s] -- Up-to-date: /home/ngochoan/dev_ws/install/tutorial_interfaces/local/lib/python3.10/dist-packages/tutorial_interfaces/msg
[0.702s] -- Up-to-date: /home/ngochoan/dev_ws/install/tutorial_interfaces/local/lib/python3.10/dist-packages/tutorial_interfaces/msg/_num_s.c
[0.702s] -- Up-to-date: /home/ngochoan/dev_ws/install/tutorial_interfaces/local/lib/python3.10/dist-packages/tutorial_interfaces/msg/__init__.py
[0.703s] -- Up-to-date: /home/ngochoan/dev_ws/install/tutorial_interfaces/local/lib/python3.10/dist-packages/tutorial_interfaces/msg/_num.py
[0.703s] -- Up-to-date: /home/ngochoan/dev_ws/install/tutorial_interfaces/local/lib/python3.10/dist-packages/tutorial_interfaces/msg/_float64.py
[0.703s] -- Up-to-date: /home/ngochoan/dev_ws/install/tutorial_interfaces/local/lib/python3.10/dist-packages/tutorial_interfaces/msg/_float64_s.c
[0.703s] -- Up-to-date: /home/ngochoan/dev_ws/install/tutorial_interfaces/local/lib/python3.10/dist-packages/tutorial_interfaces/msg/_my_interface.py
[0.703s] -- Up-to-date: /home/ngochoan/dev_ws/install/tutorial_interfaces/local/lib/python3.10/dist-packages/tutorial_interfaces/msg/_my_interface_s.c
[0.703s] -- Up-to-date: /home/ngochoan/dev_ws/install/tutorial_interfaces/local/lib/python3.10/dist-packages/tutorial_interfaces/__init__.py
[0.703s] -- Up-to-date: /home/ngochoan/dev_ws/install/tutorial_interfaces/local/lib/python3.10/dist-packages/tutorial_interfaces/tutorial_interfaces_s__rosidl_typesupport_fastrtps_c.cpython-310-x86_64-linux-gnu.so
[0.703s] -- Up-to-date: /home/ngochoan/dev_ws/install/tutorial_interfaces/local/lib/python3.10/dist-packages/tutorial_interfaces/libtutorial_interfaces__rosidl_generator_py.so
[0.703s] -- Up-to-date: /home/ngochoan/dev_ws/install/tutorial_interfaces/local/lib/python3.10/dist-packages/tutorial_interfaces/_tutorial_interfaces_s.ep.rosidl_typesupport_c.c
[0.703s] -- Up-to-date: /home/ngochoan/dev_ws/install/tutorial_interfaces/local/lib/python3.10/dist-packages/tutorial_interfaces/_tutorial_interfaces_s.ep.rosidl_typesupport_fastrtps_c.c
[0.728s] Listing '/home/ngochoan/dev_ws/install/tutorial_interfaces/local/lib/python3.10/dist-packages/tutorial_interfaces'...
[0.728s] Listing '/home/ngochoan/dev_ws/install/tutorial_interfaces/local/lib/python3.10/dist-packages/tutorial_interfaces/msg'...
[0.728s] Listing '/home/ngochoan/dev_ws/install/tutorial_interfaces/local/lib/python3.10/dist-packages/tutorial_interfaces/srv'...
[0.731s] -- Up-to-date: /home/ngochoan/dev_ws/install/tutorial_interfaces/local/lib/python3.10/dist-packages/tutorial_interfaces/tutorial_interfaces_s__rosidl_typesupport_fastrtps_c.cpython-310-x86_64-linux-gnu.so
[0.732s] -- Up-to-date: /home/ngochoan/dev_ws/install/tutorial_interfaces/local/lib/python3.10/dist-packages/tutorial_interfaces/tutorial_interfaces_s__rosidl_typesupport_introspection_c.cpython-310-x86_64-linux-gnu.so
[0.732s] -- Up-to-date: /home/ngochoan/dev_ws/install/tutorial_interfaces/local/lib/python3.10/dist-packages/tutorial_interfaces/tutorial_interfaces_s__rosidl_typesupport_c.cpython-310-x86_64-linux-gnu.so
[0.732s] -- Up-to-date: /home/ngochoan/dev_ws/install/tutorial_interfaces/lib/libtutorial_interfaces__rosidl_generator_py.so
[0.732s] -- Up-to-date: /home/ngochoan/dev_ws/install/tutorial_interfaces/share/tutorial_interfaces/msg/MyInterface.idl
[0.732s] -- Up-to-date: /home/ngochoan/dev_ws/install/tutorial_interfaces/share/tutorial_interfaces/srv/AddThreeInts.idl
[0.732s] -- Up-to-date: /home/ngochoan/dev_ws/install/tutorial_interfaces/share/tutorial_interfaces/msg/MyInterface.msg
[0.733s] -- Up-to-date: /home/ngochoan/dev_ws/install/tutorial_interfaces/share/tutorial_interfaces/srv/AddThreeInts.srv
[0.733s] -- Up-to-date: /home/ngochoan/dev_ws/install/tutorial_interfaces/share/tutorial_interfaces/srv/AddThreeInts_Request.msg
[0.733s] -- Up-to-date: /home/ngochoan/dev_ws/install/tutorial_interfaces/share/tutorial_interfaces/srv/AddThreeInts_Response.msg
[0.733s] -- Up-to-date: /home/ngochoan/dev_ws/install/tutorial_interfaces/share/ament_index/resource_index/package_run_dependencies/tutorial_interfaces
[0.733s] -- Up-to-date: /home/ngochoan/dev_ws/install/tutorial_interfaces/share/ament_index/resource_index/parent_prefix_path/tutorial_interfaces
[0.733s] -- Up-to-date: /home/ngochoan/dev_ws/install/tutorial_interfaces/share/tutorial_interfaces/environment/ament_prefix_path.sh
[0.733s] -- Up-to-date: /home/ngochoan/dev_ws/install/tutorial_interfaces/share/tutorial_interfaces/environment/ament_prefix_path.dsv
[0.733s] -- Up-to-date: /home/ngochoan/dev_ws/install/tutorial_interfaces/share/tutorial_interfaces/environment/path.sh
[0.733s] -- Up-to-date: /home/ngochoan/dev_ws/install/tutorial_interfaces/share/tutorial_interfaces/environment/path.dsv
[0.734s] -- Up-to-date: /home/ngochoan/dev_ws/install/tutorial_interfaces/share/tutorial_interfaces/local_setup.bash
[0.734s] -- Up-to-date: /home/ngochoan/dev_ws/install/tutorial_interfaces/share/tutorial_interfaces/local_setup.sh
[0.734s] -- Up-to-date: /home/ngochoan/dev_ws/install/tutorial_interfaces/share/tutorial_interfaces/local_setup.zsh
[0.734s] -- Up-to-date: /home/ngochoan/dev_ws/install/tutorial_interfaces/share/tutorial_interfaces/local_setup.dsv
[0.734s] -- Installing: /home/ngochoan/dev_ws/install/tutorial_interfaces/share/tutorial_interfaces/package.dsv
[0.734s] -- Up-to-date: /home/ngochoan/dev_ws/install/tutorial_interfaces/share/ament_index/resource_index/packages/tutorial_interfaces
[0.734s] -- Up-to-date: /home/ngochoan/dev_ws/install/tutorial_interfaces/share/tutorial_interfaces/cmake/export_tutorial_interfaces__rosidl_generator_cExport.cmake
[0.734s] -- Up-to-date: /home/ngochoan/dev_ws/install/tutorial_interfaces/share/tutorial_interfaces/cmake/export_tutorial_interfaces__rosidl_generator_cExport-noconfig.cmake
[0.734s] -- Up-to-date: /home/ngochoan/dev_ws/install/tutorial_interfaces/share/tutorial_interfaces/cmake/export_tutorial_interfaces__rosidl_typesupport_fastrtps_cExport.cmake
[0.734s] -- Up-to-date: /home/ngochoan/dev_ws/install/tutorial_interfaces/share/tutorial_interfaces/cmake/export_tutorial_interfaces__rosidl_typesupport_fastrtps_cExport-noconfig.cmake
[0.735s] -- Up-to-date: /home/ngochoan/dev_ws/install/tutorial_interfaces/share/tutorial_interfaces/cmake/tutorial_interfaces__rosidl_typesupport_introspection_cExport.cmake
[0.735s] -- Up-to-date: /home/ngochoan/dev_ws/install/tutorial_interfaces/share/tutorial_interfaces/cmake/tutorial_interfaces__rosidl_typesupport_introspection_cExport-noconfig.cmake
[0.735s] -- Up-to-date: /home/ngochoan/dev_ws/install/tutorial_interfaces/share/tutorial_interfaces/cmake/tutorial_interfaces__rosidl_typesupport_cExport.cmake
[0.735s] -- Up-to-date: /home/ngochoan/dev_ws/install/tutorial_interfaces/share/tutorial_interfaces/cmake/tutorial_interfaces__rosidl_typesupport_cExport-noconfig.cmake
[0.735s] -- Up-to-date: /home/ngochoan/dev_ws/install/tutorial_interfaces/share/tutorial_interfaces/cmake/export_tutorial_interfaces__rosidl_generator_cppExport.cmake
[0.735s] -- Up-to-date: /home/ngochoan/dev_ws/install/tutorial_interfaces/share/tutorial_interfaces/cmake/export_tutorial_interfaces__rosidl_typesupport_fastrtps_cppExport.cmake
[0.735s] -- Up-to-date: /home/ngochoan/dev_ws/install/tutorial_interfaces/share/tutorial_interfaces/cmake/export_tutorial_interfaces__rosidl_typesupport_fastrtps_cppExport-noconfig.cmake
[0.735s] -- Up-to-date: /home/ngochoan/dev_ws/install/tutorial_interfaces/share/tutorial_interfaces/cmake/tutorial_interfaces__rosidl_typesupport_introspection_cppExport.cmake
[0.735s] -- Up-to-date: /home/ngochoan/dev_ws/install/tutorial_interfaces/share/tutorial_interfaces/cmake/tutorial_interfaces__rosidl_typesupport_introspection_cppExport-noconfig.cmake
[0.735s] -- Up-to-date: /home/ngochoan/dev_ws/install/tutorial_interfaces/share/tutorial_interfaces/cmake/tutorial_interfaces__rosidl_typesupport_cppExport.cmake
[0.735s] -- Up-to-date: /home/ngochoan/dev_ws/install/tutorial_interfaces/share/tutorial_interfaces/cmake/tutorial_interfaces__rosidl_typesupport_cppExport-noconfig.cmake
[0.735s] -- Up-to-date: /home/ngochoan/dev_ws/install/tutorial_interfaces/share/tutorial_interfaces/cmake/export_tutorial_interfaces__rosidl_generator_pyExport.cmake
[0.736s] -- Up-to-date: /home/ngochoan/dev_ws/install/tutorial_interfaces/share/tutorial_interfaces/cmake/export_tutorial_interfaces__rosidl_generator_pyExport-noconfig.cmake
[0.736s] -- Up-to-date: /home/ngochoan/dev_ws/install/tutorial_interfaces/share/tutorial_interfaces/cmake/rosidl_cmake-extras.cmake
[0.736s] -- Up-to-date: /home/ngochoan/dev_ws/install/tutorial_interfaces/share/tutorial_interfaces/cmake/ament_cmake_export_include_directories-extras.cmake
[0.736s] -- Up-to-date: /home/ngochoan/dev_ws/install/tutorial_interfaces/share/tutorial_interfaces/cmake/ament_cmake_export_libraries-extras.cmake
[0.737s] -- Up-to-date: /home/ngochoan/dev_ws/install/tutorial_interfaces/share/tutorial_interfaces/cmake/ament_cmake_export_targets-extras.cmake
[0.737s] -- Up-to-date: /home/ngochoan/dev_ws/install/tutorial_interfaces/share/tutorial_interfaces/cmake/rosidl_cmake_export_typesupport_targets-extras.cmake
[0.737s] -- Up-to-date: /home/ngochoan/dev_ws/install/tutorial_interfaces/share/tutorial_interfaces/cmake/ament_cmake_export_dependencies-extras.cmake
[0.737s] -- Up-to-date: /home/ngochoan/dev_ws/install/tutorial_interfaces/share/tutorial_interfaces/cmake/rosidl_cmake_export_typesupport_libraries-extras.cmake
[0.737s] -- Up-to-date: /home/ngochoan/dev_ws/install/tutorial_interfaces/share/tutorial_interfaces/cmake/tutorial_interfacesConfig.cmake
[0.738s] -- Up-to-date: /home/ngochoan/dev_ws/install/tutorial_interfaces/share/tutorial_interfaces/cmake/tutorial_interfacesConfig-version.cmake
[0.738s] -- Up-to-date: /home/ngochoan/dev_ws/install/tutorial_interfaces/share/tutorial_interfaces/package.xml
[0.738s] Invoked command in '/home/ngochoan/dev_ws/build/tutorial_interfaces' returned '0': CMAKE_PREFIX_PATH=${CMAKE_PREFIX_PATH}:/opt/ros/humble /usr/bin/cmake --install /home/ngochoan/dev_ws/build/tutorial_interfaces
