[  7%] Built target read_parameters_pi
[ 15%] Built target pid_node
[ 23%] Built target test_cmd_vel
[ 30%] Built target fuzzy_longitudinal_controllers
[ 38%] Built target data_processing_node
[ 46%] Built target data_processing_node_straight
[ 53%] Built target straight_line_node
[ 61%] Built target data_processing_node_zz
[ 69%] Built target sinusoidal_node
[ 76%] Built target circumference_node
[ 84%] Built target controllers_node
[ 92%] Built target publisher_ROS2
[100%] Built target subscriber_ROS2
-- Install configuration: ""
-- Up-to-date: /home/ngochoan/dev_ws/install/cpp_interface/lib/cpp_interface/read_parameters_pi
-- Up-to-date: /home/ngochoan/dev_ws/install/cpp_interface/lib/cpp_interface/test_cmd_vel
-- Up-to-date: /home/ngochoan/dev_ws/install/cpp_interface/lib/cpp_interface/pid_node
-- Up-to-date: /home/ngochoan/dev_ws/install/cpp_interface/lib/cpp_interface/fuzzy_longitudinal_controllers
-- Up-to-date: /home/ngochoan/dev_ws/install/cpp_interface/lib/cpp_interface/data_processing_node
-- Up-to-date: /home/ngochoan/dev_ws/install/cpp_interface/lib/cpp_interface/data_processing_node_straight
-- Up-to-date: /home/ngochoan/dev_ws/install/cpp_interface/lib/cpp_interface/data_processing_node_zz
-- Up-to-date: /home/ngochoan/dev_ws/install/cpp_interface/lib/cpp_interface/straight_line_node
-- Up-to-date: /home/ngochoan/dev_ws/install/cpp_interface/lib/cpp_interface/circumference_node
-- Up-to-date: /home/ngochoan/dev_ws/install/cpp_interface/lib/cpp_interface/sinusoidal_node
-- Up-to-date: /home/ngochoan/dev_ws/install/cpp_interface/lib/cpp_interface/controllers_node
-- Up-to-date: /home/ngochoan/dev_ws/install/cpp_interface/lib/cpp_interface/publisher_ROS2
-- Up-to-date: /home/ngochoan/dev_ws/install/cpp_interface/lib/cpp_interface/subscriber_ROS2
-- Up-to-date: /home/ngochoan/dev_ws/install/cpp_interface/share/cpp_interface/launch
-- Up-to-date: /home/ngochoan/dev_ws/install/cpp_interface/share/cpp_interface/launch/rplidar.launch.py
-- Up-to-date: /home/ngochoan/dev_ws/install/cpp_interface/share/cpp_interface/launch/thesis.launch.py
-- Up-to-date: /home/ngochoan/dev_ws/install/cpp_interface/share/ament_index/resource_index/package_run_dependencies/cpp_interface
-- Up-to-date: /home/ngochoan/dev_ws/install/cpp_interface/share/ament_index/resource_index/parent_prefix_path/cpp_interface
-- Up-to-date: /home/ngochoan/dev_ws/install/cpp_interface/share/cpp_interface/environment/ament_prefix_path.sh
-- Up-to-date: /home/ngochoan/dev_ws/install/cpp_interface/share/cpp_interface/environment/ament_prefix_path.dsv
-- Up-to-date: /home/ngochoan/dev_ws/install/cpp_interface/share/cpp_interface/environment/path.sh
-- Up-to-date: /home/ngochoan/dev_ws/install/cpp_interface/share/cpp_interface/environment/path.dsv
-- Up-to-date: /home/ngochoan/dev_ws/install/cpp_interface/share/cpp_interface/local_setup.bash
-- Up-to-date: /home/ngochoan/dev_ws/install/cpp_interface/share/cpp_interface/local_setup.sh
-- Up-to-date: /home/ngochoan/dev_ws/install/cpp_interface/share/cpp_interface/local_setup.zsh
-- Up-to-date: /home/ngochoan/dev_ws/install/cpp_interface/share/cpp_interface/local_setup.dsv
-- Installing: /home/ngochoan/dev_ws/install/cpp_interface/share/cpp_interface/package.dsv
-- Up-to-date: /home/ngochoan/dev_ws/install/cpp_interface/share/ament_index/resource_index/packages/cpp_interface
-- Up-to-date: /home/ngochoan/dev_ws/install/cpp_interface/share/cpp_interface/cmake/cpp_interfaceConfig.cmake
-- Up-to-date: /home/ngochoan/dev_ws/install/cpp_interface/share/cpp_interface/cmake/cpp_interfaceConfig-version.cmake
-- Up-to-date: /home/ngochoan/dev_ws/install/cpp_interface/share/cpp_interface/package.xml
