[ 25%] Built target read_parameters_pi
[ 37%] [32mBuilding CXX object CMakeFiles/pid_node.dir/src/pid_node.cpp.o[0m
[ 62%] Built target fuzzy_node
[ 87%] Built target test_cmd_vel
[100%] [32m[1mLinking CXX executable pid_node[0m
[100%] Built target pid_node
-- Install configuration: ""
-- Up-to-date: /home/ngochoan/dev_ws/install/cpp_interface/lib/cpp_interface/read_parameters_pi
-- Up-to-date: /home/ngochoan/dev_ws/install/cpp_interface/lib/cpp_interface/test_cmd_vel
-- Installing: /home/ngochoan/dev_ws/install/cpp_interface/lib/cpp_interface/pid_node
-- Set runtime path of "/home/ngochoan/dev_ws/install/cpp_interface/lib/cpp_interface/pid_node" to ""
-- Up-to-date: /home/ngochoan/dev_ws/install/cpp_interface/lib/cpp_interface/fuzzy_node
-- Up-to-date: /home/ngochoan/dev_ws/install/cpp_interface/share/ament_index/resource_index/package_run_dependencies/cpp_interface
-- Up-to-date: /home/ngochoan/dev_ws/install/cpp_interface/share/ament_index/resource_index/parent_prefix_path/cpp_interface
-- Up-to-date: /home/ngochoan/dev_ws/install/cpp_interface/share/cpp_interface/environment/ament_prefix_path.sh
-- Up-to-date: /home/ngochoan/dev_ws/install/cpp_interface/share/cpp_interface/environment/ament_prefix_path.dsv
-- Up-to-date: /home/ngochoan/dev_ws/install/cpp_interface/share/cpp_interface/environment/path.sh
-- Up-to-date: /home/ngochoan/dev_ws/install/cpp_interface/share/cpp_interface/environment/path.dsv
-- Up-to-date: /home/ngochoan/dev_ws/install/cpp_interface/share/cpp_interface/local_setup.bash
-- Up-to-date: /home/ngochoan/dev_ws/install/cpp_interface/share/cpp_interface/local_setup.sh
-- Up-to-date: /home/ngochoan/dev_ws/install/cpp_interface/share/cpp_interface/local_setup.zsh
-- Up-to-date: /home/ngochoan/dev_ws/install/cpp_interface/share/cpp_interface/local_setup.dsv
-- Installing: /home/ngochoan/dev_ws/install/cpp_interface/share/cpp_interface/package.dsv
-- Up-to-date: /home/ngochoan/dev_ws/install/cpp_interface/share/ament_index/resource_index/packages/cpp_interface
-- Up-to-date: /home/ngochoan/dev_ws/install/cpp_interface/share/cpp_interface/cmake/cpp_interfaceConfig.cmake
-- Up-to-date: /home/ngochoan/dev_ws/install/cpp_interface/share/cpp_interface/cmake/cpp_interfaceConfig-version.cmake
-- Up-to-date: /home/ngochoan/dev_ws/install/cpp_interface/share/cpp_interface/package.xml
