[1.035s] DEBUG:colcon:Command line arguments: ['/usr/bin/colcon', 'build', '--packages-select', 'cpp_interface']
[1.035s] DEBUG:colcon:Parsed command line arguments: Namespace(log_base=None, log_level=None, verb_name='build', build_base='build', install_base='install', merge_install=False, symlink_install=False, test_result_base=None, continue_on_error=False, executor='parallel', parallel_workers=8, event_handlers=None, ignore_user_meta=False, metas=['./colcon.meta'], base_paths=['.'], packages_ignore=None, packages_ignore_regex=None, paths=None, packages_up_to=None, packages_up_to_regex=None, packages_above=None, packages_above_and_dependencies=None, packages_above_depth=None, packages_select_by_dep=None, packages_skip_by_dep=None, packages_skip_up_to=None, packages_select_build_failed=False, packages_skip_build_finished=False, packages_select_test_failures=False, packages_skip_test_passed=False, packages_select=['cpp_interface'], packages_skip=None, packages_select_regex=None, packages_skip_regex=None, packages_start=None, packages_end=None, allow_overriding=[], cmake_args=None, cmake_target=None, cmake_target_skip_unavailable=False, cmake_clean_cache=False, cmake_clean_first=False, cmake_force_configure=False, ament_cmake_args=None, catkin_cmake_args=None, catkin_skip_building_tests=False, verb_parser=<colcon_defaults.argument_parser.defaults.DefaultArgumentsDecorator object at 0x7b3ceb38ddb0>, verb_extension=<colcon_core.verb.build.BuildVerb object at 0x7b3ceb38c370>, main=<bound method BuildVerb.main of <colcon_core.verb.build.BuildVerb object at 0x7b3ceb38c370>>)
[1.080s] Level 1:colcon.colcon_core.package_discovery:discover_packages(colcon_meta) check parameters
[1.080s] Level 1:colcon.colcon_core.package_discovery:discover_packages(recursive) check parameters
[1.080s] Level 1:colcon.colcon_core.package_discovery:discover_packages(ignore) check parameters
[1.080s] Level 1:colcon.colcon_core.package_discovery:discover_packages(path) check parameters
[1.080s] Level 1:colcon.colcon_core.package_discovery:discover_packages(colcon_meta) discover
[1.080s] Level 1:colcon.colcon_core.package_discovery:discover_packages(recursive) discover
[1.081s] INFO:colcon.colcon_core.package_discovery:Crawling recursively for packages in '/home/ngochoan/dev_ws'
[1.081s] Level 1:colcon.colcon_core.package_identification:_identify(.) by extensions ['ignore', 'ignore_ament_install']
[1.081s] Level 1:colcon.colcon_core.package_identification:_identify(.) by extension 'ignore'
[1.081s] Level 1:colcon.colcon_core.package_identification:_identify(.) by extension 'ignore_ament_install'
[1.081s] Level 1:colcon.colcon_core.package_identification:_identify(.) by extensions ['colcon_pkg']
[1.081s] Level 1:colcon.colcon_core.package_identification:_identify(.) by extension 'colcon_pkg'
[1.081s] Level 1:colcon.colcon_core.package_identification:_identify(.) by extensions ['colcon_meta']
[1.081s] Level 1:colcon.colcon_core.package_identification:_identify(.) by extension 'colcon_meta'
[1.081s] Level 1:colcon.colcon_core.package_identification:_identify(.) by extensions ['ros']
[1.081s] Level 1:colcon.colcon_core.package_identification:_identify(.) by extension 'ros'
[1.090s] Level 1:colcon.colcon_core.package_identification:_identify(.) by extensions ['cmake', 'python']
[1.090s] Level 1:colcon.colcon_core.package_identification:_identify(.) by extension 'cmake'
[1.090s] Level 1:colcon.colcon_core.package_identification:_identify(.) by extension 'python'
[1.090s] Level 1:colcon.colcon_core.package_identification:_identify(.) by extensions ['python_setup_py']
[1.090s] Level 1:colcon.colcon_core.package_identification:_identify(.) by extension 'python_setup_py'
[1.090s] Level 1:colcon.colcon_core.package_identification:_identify(build) by extensions ['ignore', 'ignore_ament_install']
[1.090s] Level 1:colcon.colcon_core.package_identification:_identify(build) by extension 'ignore'
[1.090s] Level 1:colcon.colcon_core.package_identification:_identify(build) ignored
[1.090s] Level 1:colcon.colcon_core.package_identification:_identify(install) by extensions ['ignore', 'ignore_ament_install']
[1.091s] Level 1:colcon.colcon_core.package_identification:_identify(install) by extension 'ignore'
[1.091s] Level 1:colcon.colcon_core.package_identification:_identify(install) ignored
[1.091s] Level 1:colcon.colcon_core.package_identification:_identify(log) by extensions ['ignore', 'ignore_ament_install']
[1.091s] Level 1:colcon.colcon_core.package_identification:_identify(log) by extension 'ignore'
[1.091s] Level 1:colcon.colcon_core.package_identification:_identify(log) ignored
[1.091s] Level 1:colcon.colcon_core.package_identification:_identify(src) by extensions ['ignore', 'ignore_ament_install']
[1.091s] Level 1:colcon.colcon_core.package_identification:_identify(src) by extension 'ignore'
[1.091s] Level 1:colcon.colcon_core.package_identification:_identify(src) by extension 'ignore_ament_install'
[1.091s] Level 1:colcon.colcon_core.package_identification:_identify(src) by extensions ['colcon_pkg']
[1.091s] Level 1:colcon.colcon_core.package_identification:_identify(src) by extension 'colcon_pkg'
[1.091s] Level 1:colcon.colcon_core.package_identification:_identify(src) by extensions ['colcon_meta']
[1.091s] Level 1:colcon.colcon_core.package_identification:_identify(src) by extension 'colcon_meta'
[1.091s] Level 1:colcon.colcon_core.package_identification:_identify(src) by extensions ['ros']
[1.091s] Level 1:colcon.colcon_core.package_identification:_identify(src) by extension 'ros'
[1.091s] Level 1:colcon.colcon_core.package_identification:_identify(src) by extensions ['cmake', 'python']
[1.091s] Level 1:colcon.colcon_core.package_identification:_identify(src) by extension 'cmake'
[1.091s] Level 1:colcon.colcon_core.package_identification:_identify(src) by extension 'python'
[1.091s] Level 1:colcon.colcon_core.package_identification:_identify(src) by extensions ['python_setup_py']
[1.092s] Level 1:colcon.colcon_core.package_identification:_identify(src) by extension 'python_setup_py'
[1.092s] Level 1:colcon.colcon_core.package_identification:_identify(src/build) by extensions ['ignore', 'ignore_ament_install']
[1.092s] Level 1:colcon.colcon_core.package_identification:_identify(src/build) by extension 'ignore'
[1.092s] Level 1:colcon.colcon_core.package_identification:_identify(src/build) ignored
[1.092s] Level 1:colcon.colcon_core.package_identification:_identify(src/cpp_interface) by extensions ['ignore', 'ignore_ament_install']
[1.092s] Level 1:colcon.colcon_core.package_identification:_identify(src/cpp_interface) by extension 'ignore'
[1.092s] Level 1:colcon.colcon_core.package_identification:_identify(src/cpp_interface) by extension 'ignore_ament_install'
[1.092s] Level 1:colcon.colcon_core.package_identification:_identify(src/cpp_interface) by extensions ['colcon_pkg']
[1.092s] Level 1:colcon.colcon_core.package_identification:_identify(src/cpp_interface) by extension 'colcon_pkg'
[1.092s] Level 1:colcon.colcon_core.package_identification:_identify(src/cpp_interface) by extensions ['colcon_meta']
[1.092s] Level 1:colcon.colcon_core.package_identification:_identify(src/cpp_interface) by extension 'colcon_meta'
[1.092s] Level 1:colcon.colcon_core.package_identification:_identify(src/cpp_interface) by extensions ['ros']
[1.092s] Level 1:colcon.colcon_core.package_identification:_identify(src/cpp_interface) by extension 'ros'
[1.094s] DEBUG:colcon.colcon_core.package_identification:Package 'src/cpp_interface' with type 'ros.ament_cmake' and name 'cpp_interface'
[1.094s] Level 1:colcon.colcon_core.package_identification:_identify(src/cpp_srvcli) by extensions ['ignore', 'ignore_ament_install']
[1.094s] Level 1:colcon.colcon_core.package_identification:_identify(src/cpp_srvcli) by extension 'ignore'
[1.094s] Level 1:colcon.colcon_core.package_identification:_identify(src/cpp_srvcli) by extension 'ignore_ament_install'
[1.095s] Level 1:colcon.colcon_core.package_identification:_identify(src/cpp_srvcli) by extensions ['colcon_pkg']
[1.095s] Level 1:colcon.colcon_core.package_identification:_identify(src/cpp_srvcli) by extension 'colcon_pkg'
[1.095s] Level 1:colcon.colcon_core.package_identification:_identify(src/cpp_srvcli) by extensions ['colcon_meta']
[1.095s] Level 1:colcon.colcon_core.package_identification:_identify(src/cpp_srvcli) by extension 'colcon_meta'
[1.095s] Level 1:colcon.colcon_core.package_identification:_identify(src/cpp_srvcli) by extensions ['ros']
[1.095s] Level 1:colcon.colcon_core.package_identification:_identify(src/cpp_srvcli) by extension 'ros'
[1.095s] DEBUG:colcon.colcon_core.package_identification:Package 'src/cpp_srvcli' with type 'ros.ament_cmake' and name 'cpp_srvcli'
[1.095s] Level 1:colcon.colcon_core.package_identification:_identify(src/csm) by extensions ['ignore', 'ignore_ament_install']
[1.095s] Level 1:colcon.colcon_core.package_identification:_identify(src/csm) by extension 'ignore'
[1.096s] Level 1:colcon.colcon_core.package_identification:_identify(src/csm) by extension 'ignore_ament_install'
[1.096s] Level 1:colcon.colcon_core.package_identification:_identify(src/csm) by extensions ['colcon_pkg']
[1.096s] Level 1:colcon.colcon_core.package_identification:_identify(src/csm) by extension 'colcon_pkg'
[1.096s] Level 1:colcon.colcon_core.package_identification:_identify(src/csm) by extensions ['colcon_meta']
[1.096s] Level 1:colcon.colcon_core.package_identification:_identify(src/csm) by extension 'colcon_meta'
[1.096s] Level 1:colcon.colcon_core.package_identification:_identify(src/csm) by extensions ['ros']
[1.096s] Level 1:colcon.colcon_core.package_identification:_identify(src/csm) by extension 'ros'
[1.096s] DEBUG:colcon.colcon_core.package_identification:Package 'src/csm' with type 'ros.ament_cmake' and name 'csm'
[1.097s] Level 1:colcon.colcon_core.package_identification:_identify(src/install) by extensions ['ignore', 'ignore_ament_install']
[1.097s] Level 1:colcon.colcon_core.package_identification:_identify(src/install) by extension 'ignore'
[1.097s] Level 1:colcon.colcon_core.package_identification:_identify(src/install) ignored
[1.097s] Level 1:colcon.colcon_core.package_identification:_identify(src/log) by extensions ['ignore', 'ignore_ament_install']
[1.097s] Level 1:colcon.colcon_core.package_identification:_identify(src/log) by extension 'ignore'
[1.097s] Level 1:colcon.colcon_core.package_identification:_identify(src/log) ignored
[1.097s] Level 1:colcon.colcon_core.package_identification:_identify(src/ros2_laser_scan_matcher) by extensions ['ignore', 'ignore_ament_install']
[1.097s] Level 1:colcon.colcon_core.package_identification:_identify(src/ros2_laser_scan_matcher) by extension 'ignore'
[1.097s] Level 1:colcon.colcon_core.package_identification:_identify(src/ros2_laser_scan_matcher) by extension 'ignore_ament_install'
[1.097s] Level 1:colcon.colcon_core.package_identification:_identify(src/ros2_laser_scan_matcher) by extensions ['colcon_pkg']
[1.097s] Level 1:colcon.colcon_core.package_identification:_identify(src/ros2_laser_scan_matcher) by extension 'colcon_pkg'
[1.097s] Level 1:colcon.colcon_core.package_identification:_identify(src/ros2_laser_scan_matcher) by extensions ['colcon_meta']
[1.097s] Level 1:colcon.colcon_core.package_identification:_identify(src/ros2_laser_scan_matcher) by extension 'colcon_meta'
[1.097s] Level 1:colcon.colcon_core.package_identification:_identify(src/ros2_laser_scan_matcher) by extensions ['ros']
[1.097s] Level 1:colcon.colcon_core.package_identification:_identify(src/ros2_laser_scan_matcher) by extension 'ros'
[1.098s] DEBUG:colcon.colcon_core.package_identification:Package 'src/ros2_laser_scan_matcher' with type 'ros.ament_cmake' and name 'ros2_laser_scan_matcher'
[1.098s] Level 1:colcon.colcon_core.package_identification:_identify(src/template_ros2) by extensions ['ignore', 'ignore_ament_install']
[1.098s] Level 1:colcon.colcon_core.package_identification:_identify(src/template_ros2) by extension 'ignore'
[1.098s] Level 1:colcon.colcon_core.package_identification:_identify(src/template_ros2) by extension 'ignore_ament_install'
[1.098s] Level 1:colcon.colcon_core.package_identification:_identify(src/template_ros2) by extensions ['colcon_pkg']
[1.098s] Level 1:colcon.colcon_core.package_identification:_identify(src/template_ros2) by extension 'colcon_pkg'
[1.098s] Level 1:colcon.colcon_core.package_identification:_identify(src/template_ros2) by extensions ['colcon_meta']
[1.098s] Level 1:colcon.colcon_core.package_identification:_identify(src/template_ros2) by extension 'colcon_meta'
[1.098s] Level 1:colcon.colcon_core.package_identification:_identify(src/template_ros2) by extensions ['ros']
[1.098s] Level 1:colcon.colcon_core.package_identification:_identify(src/template_ros2) by extension 'ros'
[1.099s] DEBUG:colcon.colcon_core.package_identification:Package 'src/template_ros2' with type 'ros.ament_cmake' and name 'template_ros2'
[1.099s] Level 1:colcon.colcon_core.package_discovery:discover_packages(recursive) using defaults
[1.099s] Level 1:colcon.colcon_core.package_discovery:discover_packages(ignore) discover
[1.099s] Level 1:colcon.colcon_core.package_discovery:discover_packages(ignore) using defaults
[1.099s] Level 1:colcon.colcon_core.package_discovery:discover_packages(path) discover
[1.099s] Level 1:colcon.colcon_core.package_discovery:discover_packages(path) using defaults
[1.159s] INFO:colcon.colcon_core.package_selection:Skipping not selected package 'cpp_srvcli' in 'src/cpp_srvcli'
[1.159s] INFO:colcon.colcon_core.package_selection:Skipping not selected package 'csm' in 'src/csm'
[1.159s] INFO:colcon.colcon_core.package_selection:Skipping not selected package 'template_ros2' in 'src/template_ros2'
[1.159s] INFO:colcon.colcon_core.package_selection:Skipping not selected package 'ros2_laser_scan_matcher' in 'src/ros2_laser_scan_matcher'
[1.188s] Level 1:colcon.colcon_core.package_discovery:discover_packages(prefix_path) check parameters
[1.188s] Level 1:colcon.colcon_core.package_discovery:discover_packages(prefix_path) discover
[1.219s] DEBUG:colcon.colcon_installed_package_information.package_discovery:Found 373 installed packages in /opt/ros/humble
[1.221s] Level 1:colcon.colcon_core.package_discovery:discover_packages(prefix_path) using defaults
[1.331s] Level 5:colcon.colcon_core.verb:set package 'cpp_interface' build argument 'cmake_args' from command line to 'None'
[1.331s] Level 5:colcon.colcon_core.verb:set package 'cpp_interface' build argument 'cmake_target' from command line to 'None'
[1.331s] Level 5:colcon.colcon_core.verb:set package 'cpp_interface' build argument 'cmake_target_skip_unavailable' from command line to 'False'
[1.331s] Level 5:colcon.colcon_core.verb:set package 'cpp_interface' build argument 'cmake_clean_cache' from command line to 'False'
[1.331s] Level 5:colcon.colcon_core.verb:set package 'cpp_interface' build argument 'cmake_clean_first' from command line to 'False'
[1.331s] Level 5:colcon.colcon_core.verb:set package 'cpp_interface' build argument 'cmake_force_configure' from command line to 'False'
[1.331s] Level 5:colcon.colcon_core.verb:set package 'cpp_interface' build argument 'ament_cmake_args' from command line to 'None'
[1.331s] Level 5:colcon.colcon_core.verb:set package 'cpp_interface' build argument 'catkin_cmake_args' from command line to 'None'
[1.331s] Level 5:colcon.colcon_core.verb:set package 'cpp_interface' build argument 'catkin_skip_building_tests' from command line to 'False'
[1.331s] DEBUG:colcon.colcon_core.verb:Building package 'cpp_interface' with the following arguments: {'ament_cmake_args': None, 'build_base': '/home/ngochoan/dev_ws/build/cpp_interface', 'catkin_cmake_args': None, 'catkin_skip_building_tests': False, 'cmake_args': None, 'cmake_clean_cache': False, 'cmake_clean_first': False, 'cmake_force_configure': False, 'cmake_target': None, 'cmake_target_skip_unavailable': False, 'install_base': '/home/ngochoan/dev_ws/install/cpp_interface', 'merge_install': False, 'path': '/home/ngochoan/dev_ws/src/cpp_interface', 'symlink_install': False, 'test_result_base': None}
[1.346s] INFO:colcon.colcon_core.executor:Executing jobs using 'parallel' executor
[1.362s] DEBUG:colcon.colcon_parallel_executor.executor.parallel:run_until_complete
[1.362s] INFO:colcon.colcon_ros.task.ament_cmake.build:Building ROS package in '/home/ngochoan/dev_ws/src/cpp_interface' with build type 'ament_cmake'
[1.363s] INFO:colcon.colcon_cmake.task.cmake.build:Building CMake package in '/home/ngochoan/dev_ws/src/cpp_interface'
[1.385s] INFO:colcon.colcon_core.plugin_system:Skipping extension 'colcon_core.shell.bat': Not used on non-Windows systems
[1.385s] INFO:colcon.colcon_core.shell:Skip shell extension 'powershell' for command environment: Not usable outside of PowerShell
[1.385s] DEBUG:colcon.colcon_core.shell:Skip shell extension 'dsv' for command environment
[1.428s] DEBUG:colcon.colcon_core.event_handler.log_command:Invoking command in '/home/ngochoan/dev_ws/build/cpp_interface': CMAKE_PREFIX_PATH=/opt/ros/humble /usr/bin/cmake --build /home/ngochoan/dev_ws/build/cpp_interface -- -j8 -l8
[9.048s] DEBUG:colcon.colcon_core.event_handler.log_command:Invoked command in '/home/ngochoan/dev_ws/build/cpp_interface' returned '0': CMAKE_PREFIX_PATH=/opt/ros/humble /usr/bin/cmake --build /home/ngochoan/dev_ws/build/cpp_interface -- -j8 -l8
[9.087s] DEBUG:colcon.colcon_core.event_handler.log_command:Invoking command in '/home/ngochoan/dev_ws/build/cpp_interface': CMAKE_PREFIX_PATH=/opt/ros/humble /usr/bin/cmake --install /home/ngochoan/dev_ws/build/cpp_interface
[9.113s] Level 1:colcon.colcon_core.environment:create_environment_scripts_only(cpp_interface)
[9.113s] DEBUG:colcon.colcon_core.event_handler.log_command:Invoked command in '/home/ngochoan/dev_ws/build/cpp_interface' returned '0': CMAKE_PREFIX_PATH=/opt/ros/humble /usr/bin/cmake --install /home/ngochoan/dev_ws/build/cpp_interface
[9.138s] Level 1:colcon.colcon_core.environment:checking '/home/ngochoan/dev_ws/install/cpp_interface' for CMake module files
[9.138s] Level 1:colcon.colcon_core.environment:checking '/home/ngochoan/dev_ws/install/cpp_interface' for CMake config files
[9.138s] Level 1:colcon.colcon_core.shell:create_environment_hook('cpp_interface', 'cmake_prefix_path')
[9.153s] INFO:colcon.colcon_core.shell:Creating environment hook '/home/ngochoan/dev_ws/install/cpp_interface/share/cpp_interface/hook/cmake_prefix_path.ps1'
[9.154s] INFO:colcon.colcon_core.shell:Creating environment descriptor '/home/ngochoan/dev_ws/install/cpp_interface/share/cpp_interface/hook/cmake_prefix_path.dsv'
[9.154s] INFO:colcon.colcon_core.shell:Creating environment hook '/home/ngochoan/dev_ws/install/cpp_interface/share/cpp_interface/hook/cmake_prefix_path.sh'
[9.155s] Level 1:colcon.colcon_core.environment:checking '/home/ngochoan/dev_ws/install/cpp_interface/lib'
[9.155s] Level 1:colcon.colcon_core.environment:checking '/home/ngochoan/dev_ws/install/cpp_interface/bin'
[9.155s] Level 1:colcon.colcon_core.environment:checking '/home/ngochoan/dev_ws/install/cpp_interface/lib/pkgconfig/cpp_interface.pc'
[9.156s] Level 1:colcon.colcon_core.environment:checking '/home/ngochoan/dev_ws/install/cpp_interface/lib/python3.10/site-packages'
[9.156s] Level 1:colcon.colcon_core.environment:checking '/home/ngochoan/dev_ws/install/cpp_interface/bin'
[9.171s] INFO:colcon.colcon_core.shell:Creating package script '/home/ngochoan/dev_ws/install/cpp_interface/share/cpp_interface/package.ps1'
[9.172s] INFO:colcon.colcon_core.shell:Creating package descriptor '/home/ngochoan/dev_ws/install/cpp_interface/share/cpp_interface/package.dsv'
[9.172s] INFO:colcon.colcon_core.shell:Creating package script '/home/ngochoan/dev_ws/install/cpp_interface/share/cpp_interface/package.sh'
[9.173s] INFO:colcon.colcon_core.shell:Creating package script '/home/ngochoan/dev_ws/install/cpp_interface/share/cpp_interface/package.bash'
[9.173s] INFO:colcon.colcon_core.shell:Creating package script '/home/ngochoan/dev_ws/install/cpp_interface/share/cpp_interface/package.zsh'
[9.174s] Level 1:colcon.colcon_core.environment:create_file_with_runtime_dependencies(/home/ngochoan/dev_ws/install/cpp_interface/share/colcon-core/packages/cpp_interface)
[9.222s] Level 1:colcon.colcon_core.environment:create_environment_scripts_only(cpp_interface)
[9.238s] Level 1:colcon.colcon_core.environment:checking '/home/ngochoan/dev_ws/install/cpp_interface' for CMake module files
[9.239s] Level 1:colcon.colcon_core.environment:checking '/home/ngochoan/dev_ws/install/cpp_interface' for CMake config files
[9.239s] Level 1:colcon.colcon_core.shell:create_environment_hook('cpp_interface', 'cmake_prefix_path')
[9.256s] INFO:colcon.colcon_core.shell:Creating environment hook '/home/ngochoan/dev_ws/install/cpp_interface/share/cpp_interface/hook/cmake_prefix_path.ps1'
[9.257s] INFO:colcon.colcon_core.shell:Creating environment descriptor '/home/ngochoan/dev_ws/install/cpp_interface/share/cpp_interface/hook/cmake_prefix_path.dsv'
[9.257s] INFO:colcon.colcon_core.shell:Creating environment hook '/home/ngochoan/dev_ws/install/cpp_interface/share/cpp_interface/hook/cmake_prefix_path.sh'
[9.257s] Level 1:colcon.colcon_core.environment:checking '/home/ngochoan/dev_ws/install/cpp_interface/lib'
[9.258s] Level 1:colcon.colcon_core.environment:checking '/home/ngochoan/dev_ws/install/cpp_interface/bin'
[9.258s] Level 1:colcon.colcon_core.environment:checking '/home/ngochoan/dev_ws/install/cpp_interface/lib/pkgconfig/cpp_interface.pc'
[9.258s] Level 1:colcon.colcon_core.environment:checking '/home/ngochoan/dev_ws/install/cpp_interface/lib/python3.10/site-packages'
[9.258s] Level 1:colcon.colcon_core.environment:checking '/home/ngochoan/dev_ws/install/cpp_interface/bin'
[9.273s] INFO:colcon.colcon_core.shell:Creating package script '/home/ngochoan/dev_ws/install/cpp_interface/share/cpp_interface/package.ps1'
[9.274s] INFO:colcon.colcon_core.shell:Creating package descriptor '/home/ngochoan/dev_ws/install/cpp_interface/share/cpp_interface/package.dsv'
[9.274s] INFO:colcon.colcon_core.shell:Creating package script '/home/ngochoan/dev_ws/install/cpp_interface/share/cpp_interface/package.sh'
[9.275s] INFO:colcon.colcon_core.shell:Creating package script '/home/ngochoan/dev_ws/install/cpp_interface/share/cpp_interface/package.bash'
[9.275s] INFO:colcon.colcon_core.shell:Creating package script '/home/ngochoan/dev_ws/install/cpp_interface/share/cpp_interface/package.zsh'
[9.275s] Level 1:colcon.colcon_core.environment:create_file_with_runtime_dependencies(/home/ngochoan/dev_ws/install/cpp_interface/share/colcon-core/packages/cpp_interface)
[9.275s] DEBUG:colcon.colcon_parallel_executor.executor.parallel:closing loop
[9.276s] DEBUG:colcon.colcon_parallel_executor.executor.parallel:loop closed
[9.276s] DEBUG:colcon.colcon_parallel_executor.executor.parallel:run_until_complete finished with '0'
[9.276s] DEBUG:colcon.colcon_core.event_reactor:joining thread
[9.296s] INFO:colcon.colcon_core.plugin_system:Skipping extension 'colcon_notification.desktop_notification.terminal_notifier': Not used on non-Darwin systems
[9.296s] INFO:colcon.colcon_core.plugin_system:Skipping extension 'colcon_notification.desktop_notification.win32': Not used on non-Windows systems
[9.296s] INFO:colcon.colcon_notification.desktop_notification:Sending desktop notification using 'notify2'
[9.307s] DEBUG:colcon.colcon_core.event_reactor:joined thread
[9.323s] INFO:colcon.colcon_core.shell:Creating prefix script '/home/ngochoan/dev_ws/install/local_setup.ps1'
[9.324s] INFO:colcon.colcon_core.shell:Creating prefix util module '/home/ngochoan/dev_ws/install/_local_setup_util_ps1.py'
[9.325s] INFO:colcon.colcon_core.shell:Creating prefix chain script '/home/ngochoan/dev_ws/install/setup.ps1'
[9.342s] INFO:colcon.colcon_core.shell:Creating prefix script '/home/ngochoan/dev_ws/install/local_setup.sh'
[9.342s] INFO:colcon.colcon_core.shell:Creating prefix util module '/home/ngochoan/dev_ws/install/_local_setup_util_sh.py'
[9.342s] INFO:colcon.colcon_core.shell:Creating prefix chain script '/home/ngochoan/dev_ws/install/setup.sh'
[9.359s] INFO:colcon.colcon_core.shell:Creating prefix script '/home/ngochoan/dev_ws/install/local_setup.bash'
[9.359s] INFO:colcon.colcon_core.shell:Creating prefix chain script '/home/ngochoan/dev_ws/install/setup.bash'
[9.375s] INFO:colcon.colcon_core.shell:Creating prefix script '/home/ngochoan/dev_ws/install/local_setup.zsh'
[9.375s] INFO:colcon.colcon_core.shell:Creating prefix chain script '/home/ngochoan/dev_ws/install/setup.zsh'
