[0.187s] Invoking command in '/home/ngochoan/dev_ws/build/tutorial_interfaces': CMAKE_PREFIX_PATH=${CMAKE_PREFIX_PATH}:/opt/ros/humble /usr/bin/cmake --build /home/ngochoan/dev_ws/build/tutorial_interfaces -- -j8 -l8
[0.209s] -- Found ament_cmake: 1.3.5 (/opt/ros/humble/share/ament_cmake/cmake)
[0.346s] -- Found rmw: 6.1.1 (/opt/ros/humble/share/rmw/cmake)
[0.361s] -- Found rosidl_default_generators: 1.2.0 (/opt/ros/humble/share/rosidl_default_generators/cmake)
[0.363s] -- Using all available rosidl_typesupport_c: rosidl_typesupport_fastrtps_c;rosidl_typesupport_introspection_c
[0.365s] -- Found rosidl_adapter: 3.1.5 (/opt/ros/humble/share/rosidl_adapter/cmake)
[0.380s] -- Using all available rosidl_typesupport_cpp: rosidl_typesupport_fastrtps_cpp;rosidl_typesupport_introspection_cpp
[0.630s] -- Found ament_cmake_ros: 0.10.0 (/opt/ros/humble/share/ament_cmake_ros/cmake)
[0.774s] -- Using all available rosidl_typesupport_c: rosidl_typesupport_fastrtps_c;rosidl_typesupport_introspection_c
[0.960s] -- Using all available rosidl_typesupport_cpp: rosidl_typesupport_fastrtps_cpp;rosidl_typesupport_introspection_cpp
[0.980s] -- Found python_cmake_module: 0.10.0 (/opt/ros/humble/share/python_cmake_module/cmake)
[1.000s] -- Using PYTHON_EXECUTABLE: /usr/bin/python3
[1.000s] -- Using PYTHON_INCLUDE_DIRS: /usr/include/python3.10
[1.000s] -- Using PYTHON_LIBRARIES: /usr/lib/x86_64-linux-gnu/libpython3.10.so
[1.011s] -- Found ament_lint_auto: 0.12.8 (/opt/ros/humble/share/ament_lint_auto/cmake)
[1.021s] -- Added test 'lint_cmake' to check CMake code style
[1.022s] -- Added test 'xmllint' to check XML markup files
[1.024s] -- Configuring done
[1.050s] -- Generating done
[1.052s] -- Build files have been written to: /home/ngochoan/dev_ws/build/tutorial_interfaces
[1.071s] [35m[1mConsolidate compiler generated dependencies of target tutorial_interfaces__rosidl_generator_c[0m
[1.078s] [  2%] Built target tutorial_interfaces__cpp
[1.079s] [ 12%] Built target tutorial_interfaces__rosidl_generator_c
[1.087s] [ 12%] Built target ament_cmake_python_copy_tutorial_interfaces
[1.089s] [35m[1mConsolidate compiler generated dependencies of target tutorial_interfaces__rosidl_typesupport_cpp[0m
[1.089s] [35m[1mConsolidate compiler generated dependencies of target tutorial_interfaces__rosidl_typesupport_introspection_cpp[0m
[1.089s] [35m[1mConsolidate compiler generated dependencies of target tutorial_interfaces__rosidl_typesupport_fastrtps_cpp[0m
[1.090s] [35m[1mConsolidate compiler generated dependencies of target tutorial_interfaces__rosidl_typesupport_introspection_c[0m
[1.090s] [35m[1mConsolidate compiler generated dependencies of target tutorial_interfaces__rosidl_typesupport_fastrtps_c[0m
[1.097s] [35m[1mConsolidate compiler generated dependencies of target tutorial_interfaces__rosidl_typesupport_c[0m
[1.104s] [ 23%] Built target tutorial_interfaces__rosidl_typesupport_introspection_c
[1.104s] [ 33%] Built target tutorial_interfaces__rosidl_typesupport_cpp
[1.107s] [ 43%] Built target tutorial_interfaces__rosidl_typesupport_introspection_cpp
[1.107s] [ 53%] Built target tutorial_interfaces__rosidl_typesupport_fastrtps_c
[1.109s] [ 64%] Built target tutorial_interfaces__rosidl_typesupport_fastrtps_cpp
[1.110s] [ 74%] Built target tutorial_interfaces__rosidl_typesupport_c
[1.127s] [ 74%] Built target tutorial_interfaces
[1.143s] [ 76%] Built target tutorial_interfaces__py
[1.152s] [35m[1mConsolidate compiler generated dependencies of target tutorial_interfaces__rosidl_generator_py[0m
[1.165s] [ 84%] Built target tutorial_interfaces__rosidl_generator_py
[1.174s] [35m[1mConsolidate compiler generated dependencies of target tutorial_interfaces__rosidl_typesupport_introspection_c__pyext[0m
[1.176s] [35m[1mConsolidate compiler generated dependencies of target tutorial_interfaces__rosidl_typesupport_fastrtps_c__pyext[0m
[1.176s] [35m[1mConsolidate compiler generated dependencies of target tutorial_interfaces__rosidl_typesupport_c__pyext[0m
[1.192s] [100%] Built target tutorial_interfaces__rosidl_typesupport_fastrtps_c__pyext
[1.192s] [100%] Built target tutorial_interfaces__rosidl_typesupport_c__pyext
[1.192s] [100%] Built target tutorial_interfaces__rosidl_typesupport_introspection_c__pyext
[1.335s] running egg_info
[1.335s] writing tutorial_interfaces.egg-info/PKG-INFO
[1.336s] writing dependency_links to tutorial_interfaces.egg-info/dependency_links.txt
[1.336s] writing top-level names to tutorial_interfaces.egg-info/top_level.txt
[1.337s] reading manifest file 'tutorial_interfaces.egg-info/SOURCES.txt'
[1.338s] writing manifest file 'tutorial_interfaces.egg-info/SOURCES.txt'
[1.362s] [100%] Built target ament_cmake_python_build_tutorial_interfaces_egg
[1.372s] Invoked command in '/home/ngochoan/dev_ws/build/tutorial_interfaces' returned '0': CMAKE_PREFIX_PATH=${CMAKE_PREFIX_PATH}:/opt/ros/humble /usr/bin/cmake --build /home/ngochoan/dev_ws/build/tutorial_interfaces -- -j8 -l8
[1.421s] Invoking command in '/home/ngochoan/dev_ws/build/tutorial_interfaces': CMAKE_PREFIX_PATH=${CMAKE_PREFIX_PATH}:/opt/ros/humble /usr/bin/cmake --install /home/ngochoan/dev_ws/build/tutorial_interfaces
[1.428s] -- Install configuration: ""
[1.428s] -- Up-to-date: /home/ngochoan/dev_ws/install/tutorial_interfaces/share/ament_index/resource_index/rosidl_interfaces/tutorial_interfaces
[1.428s] -- Up-to-date: /home/ngochoan/dev_ws/install/tutorial_interfaces/include/tutorial_interfaces/tutorial_interfaces
[1.428s] -- Up-to-date: /home/ngochoan/dev_ws/install/tutorial_interfaces/include/tutorial_interfaces/tutorial_interfaces/srv
[1.429s] -- Up-to-date: /home/ngochoan/dev_ws/install/tutorial_interfaces/include/tutorial_interfaces/tutorial_interfaces/srv/detail
[1.429s] -- Up-to-date: /home/ngochoan/dev_ws/install/tutorial_interfaces/include/tutorial_interfaces/tutorial_interfaces/srv/detail/add_three_ints__struct.h
[1.429s] -- Up-to-date: /home/ngochoan/dev_ws/install/tutorial_interfaces/include/tutorial_interfaces/tutorial_interfaces/srv/detail/add_three_ints__functions.c
[1.429s] -- Up-to-date: /home/ngochoan/dev_ws/install/tutorial_interfaces/include/tutorial_interfaces/tutorial_interfaces/srv/detail/add_three_ints__type_support.h
[1.429s] -- Up-to-date: /home/ngochoan/dev_ws/install/tutorial_interfaces/include/tutorial_interfaces/tutorial_interfaces/srv/detail/add_three_ints__functions.h
[1.429s] -- Up-to-date: /home/ngochoan/dev_ws/install/tutorial_interfaces/include/tutorial_interfaces/tutorial_interfaces/srv/add_three_ints.h
[1.429s] -- Up-to-date: /home/ngochoan/dev_ws/install/tutorial_interfaces/include/tutorial_interfaces/tutorial_interfaces/msg
[1.429s] -- Up-to-date: /home/ngochoan/dev_ws/install/tutorial_interfaces/include/tutorial_interfaces/tutorial_interfaces/msg/float64.h
[1.429s] -- Up-to-date: /home/ngochoan/dev_ws/install/tutorial_interfaces/include/tutorial_interfaces/tutorial_interfaces/msg/rosidl_generator_c__visibility_control.h
[1.429s] -- Up-to-date: /home/ngochoan/dev_ws/install/tutorial_interfaces/include/tutorial_interfaces/tutorial_interfaces/msg/my_interface.h
[1.430s] -- Up-to-date: /home/ngochoan/dev_ws/install/tutorial_interfaces/include/tutorial_interfaces/tutorial_interfaces/msg/num.h
[1.430s] -- Up-to-date: /home/ngochoan/dev_ws/install/tutorial_interfaces/include/tutorial_interfaces/tutorial_interfaces/msg/detail
[1.430s] -- Up-to-date: /home/ngochoan/dev_ws/install/tutorial_interfaces/include/tutorial_interfaces/tutorial_interfaces/msg/detail/my_interface__functions.h
[1.430s] -- Up-to-date: /home/ngochoan/dev_ws/install/tutorial_interfaces/include/tutorial_interfaces/tutorial_interfaces/msg/detail/num__struct.h
[1.430s] -- Up-to-date: /home/ngochoan/dev_ws/install/tutorial_interfaces/include/tutorial_interfaces/tutorial_interfaces/msg/detail/num__functions.h
[1.430s] -- Up-to-date: /home/ngochoan/dev_ws/install/tutorial_interfaces/include/tutorial_interfaces/tutorial_interfaces/msg/detail/float64__functions.c
[1.430s] -- Up-to-date: /home/ngochoan/dev_ws/install/tutorial_interfaces/include/tutorial_interfaces/tutorial_interfaces/msg/detail/my_interface__struct.h
[1.430s] -- Up-to-date: /home/ngochoan/dev_ws/install/tutorial_interfaces/include/tutorial_interfaces/tutorial_interfaces/msg/detail/float64__type_support.h
[1.430s] -- Up-to-date: /home/ngochoan/dev_ws/install/tutorial_interfaces/include/tutorial_interfaces/tutorial_interfaces/msg/detail/my_interface__type_support.h
[1.431s] -- Up-to-date: /home/ngochoan/dev_ws/install/tutorial_interfaces/include/tutorial_interfaces/tutorial_interfaces/msg/detail/float64__struct.h
[1.431s] -- Up-to-date: /home/ngochoan/dev_ws/install/tutorial_interfaces/include/tutorial_interfaces/tutorial_interfaces/msg/detail/num__functions.c
[1.431s] -- Up-to-date: /home/ngochoan/dev_ws/install/tutorial_interfaces/include/tutorial_interfaces/tutorial_interfaces/msg/detail/num__type_support.h
[1.431s] -- Up-to-date: /home/ngochoan/dev_ws/install/tutorial_interfaces/include/tutorial_interfaces/tutorial_interfaces/msg/detail/float64__functions.h
[1.431s] -- Up-to-date: /home/ngochoan/dev_ws/install/tutorial_interfaces/include/tutorial_interfaces/tutorial_interfaces/msg/detail/my_interface__functions.c
[1.431s] -- Up-to-date: /home/ngochoan/dev_ws/install/tutorial_interfaces/share/tutorial_interfaces/environment/library_path.sh
[1.431s] -- Installing: /home/ngochoan/dev_ws/install/tutorial_interfaces/share/tutorial_interfaces/environment/library_path.dsv
[1.431s] -- Up-to-date: /home/ngochoan/dev_ws/install/tutorial_interfaces/lib/libtutorial_interfaces__rosidl_generator_c.so
[1.431s] -- Up-to-date: /home/ngochoan/dev_ws/install/tutorial_interfaces/include/tutorial_interfaces/tutorial_interfaces
[1.432s] -- Up-to-date: /home/ngochoan/dev_ws/install/tutorial_interfaces/include/tutorial_interfaces/tutorial_interfaces/srv
[1.432s] -- Up-to-date: /home/ngochoan/dev_ws/install/tutorial_interfaces/include/tutorial_interfaces/tutorial_interfaces/srv/detail
[1.432s] -- Up-to-date: /home/ngochoan/dev_ws/install/tutorial_interfaces/include/tutorial_interfaces/tutorial_interfaces/srv/detail/add_three_ints__rosidl_typesupport_fastrtps_c.h
[1.432s] -- Up-to-date: /home/ngochoan/dev_ws/install/tutorial_interfaces/include/tutorial_interfaces/tutorial_interfaces/msg
[1.432s] -- Up-to-date: /home/ngochoan/dev_ws/install/tutorial_interfaces/include/tutorial_interfaces/tutorial_interfaces/msg/detail
[1.432s] -- Up-to-date: /home/ngochoan/dev_ws/install/tutorial_interfaces/include/tutorial_interfaces/tutorial_interfaces/msg/detail/my_interface__rosidl_typesupport_fastrtps_c.h
[1.432s] -- Up-to-date: /home/ngochoan/dev_ws/install/tutorial_interfaces/include/tutorial_interfaces/tutorial_interfaces/msg/detail/float64__rosidl_typesupport_fastrtps_c.h
[1.432s] -- Up-to-date: /home/ngochoan/dev_ws/install/tutorial_interfaces/include/tutorial_interfaces/tutorial_interfaces/msg/detail/num__rosidl_typesupport_fastrtps_c.h
[1.432s] -- Up-to-date: /home/ngochoan/dev_ws/install/tutorial_interfaces/include/tutorial_interfaces/tutorial_interfaces/msg/rosidl_typesupport_fastrtps_c__visibility_control.h
[1.433s] -- Up-to-date: /home/ngochoan/dev_ws/install/tutorial_interfaces/lib/libtutorial_interfaces__rosidl_typesupport_fastrtps_c.so
[1.433s] -- Up-to-date: /home/ngochoan/dev_ws/install/tutorial_interfaces/include/tutorial_interfaces/tutorial_interfaces
[1.433s] -- Up-to-date: /home/ngochoan/dev_ws/install/tutorial_interfaces/include/tutorial_interfaces/tutorial_interfaces/srv
[1.433s] -- Up-to-date: /home/ngochoan/dev_ws/install/tutorial_interfaces/include/tutorial_interfaces/tutorial_interfaces/srv/detail
[1.433s] -- Up-to-date: /home/ngochoan/dev_ws/install/tutorial_interfaces/include/tutorial_interfaces/tutorial_interfaces/srv/detail/add_three_ints__rosidl_typesupport_introspection_c.h
[1.433s] -- Up-to-date: /home/ngochoan/dev_ws/install/tutorial_interfaces/include/tutorial_interfaces/tutorial_interfaces/srv/detail/add_three_ints__type_support.c
[1.433s] -- Up-to-date: /home/ngochoan/dev_ws/install/tutorial_interfaces/include/tutorial_interfaces/tutorial_interfaces/msg
[1.433s] -- Up-to-date: /home/ngochoan/dev_ws/install/tutorial_interfaces/include/tutorial_interfaces/tutorial_interfaces/msg/rosidl_typesupport_introspection_c__visibility_control.h
[1.433s] -- Up-to-date: /home/ngochoan/dev_ws/install/tutorial_interfaces/include/tutorial_interfaces/tutorial_interfaces/msg/detail
[1.434s] -- Up-to-date: /home/ngochoan/dev_ws/install/tutorial_interfaces/include/tutorial_interfaces/tutorial_interfaces/msg/detail/my_interface__type_support.c
[1.434s] -- Up-to-date: /home/ngochoan/dev_ws/install/tutorial_interfaces/include/tutorial_interfaces/tutorial_interfaces/msg/detail/my_interface__rosidl_typesupport_introspection_c.h
[1.434s] -- Up-to-date: /home/ngochoan/dev_ws/install/tutorial_interfaces/include/tutorial_interfaces/tutorial_interfaces/msg/detail/num__rosidl_typesupport_introspection_c.h
[1.434s] -- Up-to-date: /home/ngochoan/dev_ws/install/tutorial_interfaces/include/tutorial_interfaces/tutorial_interfaces/msg/detail/num__type_support.c
[1.434s] -- Up-to-date: /home/ngochoan/dev_ws/install/tutorial_interfaces/include/tutorial_interfaces/tutorial_interfaces/msg/detail/float64__type_support.c
[1.434s] -- Up-to-date: /home/ngochoan/dev_ws/install/tutorial_interfaces/include/tutorial_interfaces/tutorial_interfaces/msg/detail/float64__rosidl_typesupport_introspection_c.h
[1.434s] -- Up-to-date: /home/ngochoan/dev_ws/install/tutorial_interfaces/lib/libtutorial_interfaces__rosidl_typesupport_introspection_c.so
[1.434s] -- Up-to-date: /home/ngochoan/dev_ws/install/tutorial_interfaces/lib/libtutorial_interfaces__rosidl_typesupport_c.so
[1.434s] -- Up-to-date: /home/ngochoan/dev_ws/install/tutorial_interfaces/include/tutorial_interfaces/tutorial_interfaces
[1.434s] -- Up-to-date: /home/ngochoan/dev_ws/install/tutorial_interfaces/include/tutorial_interfaces/tutorial_interfaces/srv
[1.435s] -- Up-to-date: /home/ngochoan/dev_ws/install/tutorial_interfaces/include/tutorial_interfaces/tutorial_interfaces/srv/add_three_ints.hpp
[1.435s] -- Up-to-date: /home/ngochoan/dev_ws/install/tutorial_interfaces/include/tutorial_interfaces/tutorial_interfaces/srv/detail
[1.435s] -- Up-to-date: /home/ngochoan/dev_ws/install/tutorial_interfaces/include/tutorial_interfaces/tutorial_interfaces/srv/detail/add_three_ints__struct.hpp
[1.435s] -- Up-to-date: /home/ngochoan/dev_ws/install/tutorial_interfaces/include/tutorial_interfaces/tutorial_interfaces/srv/detail/add_three_ints__builder.hpp
[1.435s] -- Up-to-date: /home/ngochoan/dev_ws/install/tutorial_interfaces/include/tutorial_interfaces/tutorial_interfaces/srv/detail/add_three_ints__traits.hpp
[1.435s] -- Up-to-date: /home/ngochoan/dev_ws/install/tutorial_interfaces/include/tutorial_interfaces/tutorial_interfaces/msg
[1.435s] -- Up-to-date: /home/ngochoan/dev_ws/install/tutorial_interfaces/include/tutorial_interfaces/tutorial_interfaces/msg/my_interface.hpp
[1.435s] -- Up-to-date: /home/ngochoan/dev_ws/install/tutorial_interfaces/include/tutorial_interfaces/tutorial_interfaces/msg/detail
[1.435s] -- Up-to-date: /home/ngochoan/dev_ws/install/tutorial_interfaces/include/tutorial_interfaces/tutorial_interfaces/msg/detail/num__struct.hpp
[1.436s] -- Up-to-date: /home/ngochoan/dev_ws/install/tutorial_interfaces/include/tutorial_interfaces/tutorial_interfaces/msg/detail/num__builder.hpp
[1.436s] -- Up-to-date: /home/ngochoan/dev_ws/install/tutorial_interfaces/include/tutorial_interfaces/tutorial_interfaces/msg/detail/num__traits.hpp
[1.436s] -- Up-to-date: /home/ngochoan/dev_ws/install/tutorial_interfaces/include/tutorial_interfaces/tutorial_interfaces/msg/detail/my_interface__builder.hpp
[1.436s] -- Up-to-date: /home/ngochoan/dev_ws/install/tutorial_interfaces/include/tutorial_interfaces/tutorial_interfaces/msg/detail/float64__builder.hpp
[1.436s] -- Up-to-date: /home/ngochoan/dev_ws/install/tutorial_interfaces/include/tutorial_interfaces/tutorial_interfaces/msg/detail/float64__struct.hpp
[1.436s] -- Up-to-date: /home/ngochoan/dev_ws/install/tutorial_interfaces/include/tutorial_interfaces/tutorial_interfaces/msg/detail/float64__traits.hpp
[1.436s] -- Up-to-date: /home/ngochoan/dev_ws/install/tutorial_interfaces/include/tutorial_interfaces/tutorial_interfaces/msg/detail/my_interface__traits.hpp
[1.436s] -- Up-to-date: /home/ngochoan/dev_ws/install/tutorial_interfaces/include/tutorial_interfaces/tutorial_interfaces/msg/detail/my_interface__struct.hpp
[1.436s] -- Up-to-date: /home/ngochoan/dev_ws/install/tutorial_interfaces/include/tutorial_interfaces/tutorial_interfaces/msg/num.hpp
[1.436s] -- Up-to-date: /home/ngochoan/dev_ws/install/tutorial_interfaces/include/tutorial_interfaces/tutorial_interfaces/msg/float64.hpp
[1.436s] -- Up-to-date: /home/ngochoan/dev_ws/install/tutorial_interfaces/include/tutorial_interfaces/tutorial_interfaces
[1.436s] -- Up-to-date: /home/ngochoan/dev_ws/install/tutorial_interfaces/include/tutorial_interfaces/tutorial_interfaces/srv
[1.437s] -- Up-to-date: /home/ngochoan/dev_ws/install/tutorial_interfaces/include/tutorial_interfaces/tutorial_interfaces/srv/detail
[1.437s] -- Up-to-date: /home/ngochoan/dev_ws/install/tutorial_interfaces/include/tutorial_interfaces/tutorial_interfaces/srv/detail/add_three_ints__rosidl_typesupport_fastrtps_cpp.hpp
[1.437s] -- Up-to-date: /home/ngochoan/dev_ws/install/tutorial_interfaces/include/tutorial_interfaces/tutorial_interfaces/srv/detail/dds_fastrtps
[1.437s] -- Up-to-date: /home/ngochoan/dev_ws/install/tutorial_interfaces/include/tutorial_interfaces/tutorial_interfaces/msg
[1.437s] -- Up-to-date: /home/ngochoan/dev_ws/install/tutorial_interfaces/include/tutorial_interfaces/tutorial_interfaces/msg/detail
[1.437s] -- Up-to-date: /home/ngochoan/dev_ws/install/tutorial_interfaces/include/tutorial_interfaces/tutorial_interfaces/msg/detail/num__rosidl_typesupport_fastrtps_cpp.hpp
[1.437s] -- Up-to-date: /home/ngochoan/dev_ws/install/tutorial_interfaces/include/tutorial_interfaces/tutorial_interfaces/msg/detail/float64__rosidl_typesupport_fastrtps_cpp.hpp
[1.437s] -- Up-to-date: /home/ngochoan/dev_ws/install/tutorial_interfaces/include/tutorial_interfaces/tutorial_interfaces/msg/detail/my_interface__rosidl_typesupport_fastrtps_cpp.hpp
[1.437s] -- Up-to-date: /home/ngochoan/dev_ws/install/tutorial_interfaces/include/tutorial_interfaces/tutorial_interfaces/msg/detail/dds_fastrtps
[1.437s] -- Up-to-date: /home/ngochoan/dev_ws/install/tutorial_interfaces/include/tutorial_interfaces/tutorial_interfaces/msg/rosidl_typesupport_fastrtps_cpp__visibility_control.h
[1.437s] -- Up-to-date: /home/ngochoan/dev_ws/install/tutorial_interfaces/lib/libtutorial_interfaces__rosidl_typesupport_fastrtps_cpp.so
[1.437s] -- Up-to-date: /home/ngochoan/dev_ws/install/tutorial_interfaces/include/tutorial_interfaces/tutorial_interfaces
[1.437s] -- Up-to-date: /home/ngochoan/dev_ws/install/tutorial_interfaces/include/tutorial_interfaces/tutorial_interfaces/srv
[1.437s] -- Up-to-date: /home/ngochoan/dev_ws/install/tutorial_interfaces/include/tutorial_interfaces/tutorial_interfaces/srv/detail
[1.437s] -- Up-to-date: /home/ngochoan/dev_ws/install/tutorial_interfaces/include/tutorial_interfaces/tutorial_interfaces/srv/detail/add_three_ints__rosidl_typesupport_introspection_cpp.hpp
[1.437s] -- Up-to-date: /home/ngochoan/dev_ws/install/tutorial_interfaces/include/tutorial_interfaces/tutorial_interfaces/srv/detail/add_three_ints__type_support.cpp
[1.437s] -- Up-to-date: /home/ngochoan/dev_ws/install/tutorial_interfaces/include/tutorial_interfaces/tutorial_interfaces/msg
[1.437s] -- Up-to-date: /home/ngochoan/dev_ws/install/tutorial_interfaces/include/tutorial_interfaces/tutorial_interfaces/msg/detail
[1.437s] -- Up-to-date: /home/ngochoan/dev_ws/install/tutorial_interfaces/include/tutorial_interfaces/tutorial_interfaces/msg/detail/float64__type_support.cpp
[1.438s] -- Up-to-date: /home/ngochoan/dev_ws/install/tutorial_interfaces/include/tutorial_interfaces/tutorial_interfaces/msg/detail/num__type_support.cpp
[1.438s] -- Up-to-date: /home/ngochoan/dev_ws/install/tutorial_interfaces/include/tutorial_interfaces/tutorial_interfaces/msg/detail/my_interface__rosidl_typesupport_introspection_cpp.hpp
[1.438s] -- Up-to-date: /home/ngochoan/dev_ws/install/tutorial_interfaces/include/tutorial_interfaces/tutorial_interfaces/msg/detail/my_interface__type_support.cpp
[1.438s] -- Up-to-date: /home/ngochoan/dev_ws/install/tutorial_interfaces/include/tutorial_interfaces/tutorial_interfaces/msg/detail/num__rosidl_typesupport_introspection_cpp.hpp
[1.438s] -- Up-to-date: /home/ngochoan/dev_ws/install/tutorial_interfaces/include/tutorial_interfaces/tutorial_interfaces/msg/detail/float64__rosidl_typesupport_introspection_cpp.hpp
[1.438s] -- Up-to-date: /home/ngochoan/dev_ws/install/tutorial_interfaces/lib/libtutorial_interfaces__rosidl_typesupport_introspection_cpp.so
[1.438s] -- Up-to-date: /home/ngochoan/dev_ws/install/tutorial_interfaces/lib/libtutorial_interfaces__rosidl_typesupport_cpp.so
[1.438s] -- Up-to-date: /home/ngochoan/dev_ws/install/tutorial_interfaces/share/tutorial_interfaces/environment/pythonpath.sh
[1.438s] -- Installing: /home/ngochoan/dev_ws/install/tutorial_interfaces/share/tutorial_interfaces/environment/pythonpath.dsv
[1.438s] -- Up-to-date: /home/ngochoan/dev_ws/install/tutorial_interfaces/local/lib/python3.10/dist-packages/tutorial_interfaces-0.0.0-py3.10.egg-info
[1.438s] -- Installing: /home/ngochoan/dev_ws/install/tutorial_interfaces/local/lib/python3.10/dist-packages/tutorial_interfaces-0.0.0-py3.10.egg-info/top_level.txt
[1.438s] -- Installing: /home/ngochoan/dev_ws/install/tutorial_interfaces/local/lib/python3.10/dist-packages/tutorial_interfaces-0.0.0-py3.10.egg-info/dependency_links.txt
[1.438s] -- Installing: /home/ngochoan/dev_ws/install/tutorial_interfaces/local/lib/python3.10/dist-packages/tutorial_interfaces-0.0.0-py3.10.egg-info/SOURCES.txt
[1.438s] -- Installing: /home/ngochoan/dev_ws/install/tutorial_interfaces/local/lib/python3.10/dist-packages/tutorial_interfaces-0.0.0-py3.10.egg-info/PKG-INFO
[1.438s] -- Up-to-date: /home/ngochoan/dev_ws/install/tutorial_interfaces/local/lib/python3.10/dist-packages/tutorial_interfaces
[1.438s] -- Up-to-date: /home/ngochoan/dev_ws/install/tutorial_interfaces/local/lib/python3.10/dist-packages/tutorial_interfaces/tutorial_interfaces_s__rosidl_typesupport_c.cpython-310-x86_64-linux-gnu.so
[1.439s] -- Up-to-date: /home/ngochoan/dev_ws/install/tutorial_interfaces/local/lib/python3.10/dist-packages/tutorial_interfaces/srv
[1.439s] -- Up-to-date: /home/ngochoan/dev_ws/install/tutorial_interfaces/local/lib/python3.10/dist-packages/tutorial_interfaces/srv/_add_three_ints.py
[1.439s] -- Up-to-date: /home/ngochoan/dev_ws/install/tutorial_interfaces/local/lib/python3.10/dist-packages/tutorial_interfaces/srv/__init__.py
[1.439s] -- Up-to-date: /home/ngochoan/dev_ws/install/tutorial_interfaces/local/lib/python3.10/dist-packages/tutorial_interfaces/srv/_add_three_ints_s.c
[1.439s] -- Up-to-date: /home/ngochoan/dev_ws/install/tutorial_interfaces/local/lib/python3.10/dist-packages/tutorial_interfaces/_tutorial_interfaces_s.ep.rosidl_typesupport_introspection_c.c
[1.439s] -- Up-to-date: /home/ngochoan/dev_ws/install/tutorial_interfaces/local/lib/python3.10/dist-packages/tutorial_interfaces/tutorial_interfaces_s__rosidl_typesupport_introspection_c.cpython-310-x86_64-linux-gnu.so
[1.439s] -- Up-to-date: /home/ngochoan/dev_ws/install/tutorial_interfaces/local/lib/python3.10/dist-packages/tutorial_interfaces/msg
[1.439s] -- Up-to-date: /home/ngochoan/dev_ws/install/tutorial_interfaces/local/lib/python3.10/dist-packages/tutorial_interfaces/msg/_num_s.c
[1.439s] -- Up-to-date: /home/ngochoan/dev_ws/install/tutorial_interfaces/local/lib/python3.10/dist-packages/tutorial_interfaces/msg/__init__.py
[1.439s] -- Up-to-date: /home/ngochoan/dev_ws/install/tutorial_interfaces/local/lib/python3.10/dist-packages/tutorial_interfaces/msg/_num.py
[1.439s] -- Up-to-date: /home/ngochoan/dev_ws/install/tutorial_interfaces/local/lib/python3.10/dist-packages/tutorial_interfaces/msg/_float64.py
[1.439s] -- Up-to-date: /home/ngochoan/dev_ws/install/tutorial_interfaces/local/lib/python3.10/dist-packages/tutorial_interfaces/msg/_float64_s.c
[1.439s] -- Up-to-date: /home/ngochoan/dev_ws/install/tutorial_interfaces/local/lib/python3.10/dist-packages/tutorial_interfaces/msg/_my_interface.py
[1.439s] -- Up-to-date: /home/ngochoan/dev_ws/install/tutorial_interfaces/local/lib/python3.10/dist-packages/tutorial_interfaces/msg/_my_interface_s.c
[1.439s] -- Installing: /home/ngochoan/dev_ws/install/tutorial_interfaces/local/lib/python3.10/dist-packages/tutorial_interfaces/__init__.py
[1.439s] -- Up-to-date: /home/ngochoan/dev_ws/install/tutorial_interfaces/local/lib/python3.10/dist-packages/tutorial_interfaces/tutorial_interfaces_s__rosidl_typesupport_fastrtps_c.cpython-310-x86_64-linux-gnu.so
[1.439s] -- Up-to-date: /home/ngochoan/dev_ws/install/tutorial_interfaces/local/lib/python3.10/dist-packages/tutorial_interfaces/libtutorial_interfaces__rosidl_generator_py.so
[1.439s] -- Up-to-date: /home/ngochoan/dev_ws/install/tutorial_interfaces/local/lib/python3.10/dist-packages/tutorial_interfaces/_tutorial_interfaces_s.ep.rosidl_typesupport_c.c
[1.440s] -- Up-to-date: /home/ngochoan/dev_ws/install/tutorial_interfaces/local/lib/python3.10/dist-packages/tutorial_interfaces/_tutorial_interfaces_s.ep.rosidl_typesupport_fastrtps_c.c
[1.462s] Listing '/home/ngochoan/dev_ws/install/tutorial_interfaces/local/lib/python3.10/dist-packages/tutorial_interfaces'...
[1.462s] Compiling '/home/ngochoan/dev_ws/install/tutorial_interfaces/local/lib/python3.10/dist-packages/tutorial_interfaces/__init__.py'...
[1.462s] Listing '/home/ngochoan/dev_ws/install/tutorial_interfaces/local/lib/python3.10/dist-packages/tutorial_interfaces/msg'...
[1.462s] Listing '/home/ngochoan/dev_ws/install/tutorial_interfaces/local/lib/python3.10/dist-packages/tutorial_interfaces/srv'...
[1.465s] -- Up-to-date: /home/ngochoan/dev_ws/install/tutorial_interfaces/local/lib/python3.10/dist-packages/tutorial_interfaces/tutorial_interfaces_s__rosidl_typesupport_fastrtps_c.cpython-310-x86_64-linux-gnu.so
[1.466s] -- Up-to-date: /home/ngochoan/dev_ws/install/tutorial_interfaces/local/lib/python3.10/dist-packages/tutorial_interfaces/tutorial_interfaces_s__rosidl_typesupport_introspection_c.cpython-310-x86_64-linux-gnu.so
[1.466s] -- Up-to-date: /home/ngochoan/dev_ws/install/tutorial_interfaces/local/lib/python3.10/dist-packages/tutorial_interfaces/tutorial_interfaces_s__rosidl_typesupport_c.cpython-310-x86_64-linux-gnu.so
[1.466s] -- Up-to-date: /home/ngochoan/dev_ws/install/tutorial_interfaces/lib/libtutorial_interfaces__rosidl_generator_py.so
[1.466s] -- Up-to-date: /home/ngochoan/dev_ws/install/tutorial_interfaces/share/tutorial_interfaces/msg/Float64.idl
[1.466s] -- Up-to-date: /home/ngochoan/dev_ws/install/tutorial_interfaces/share/tutorial_interfaces/srv/AddThreeInts.idl
[1.466s] -- Up-to-date: /home/ngochoan/dev_ws/install/tutorial_interfaces/share/tutorial_interfaces/msg/Float64.msg
[1.466s] -- Up-to-date: /home/ngochoan/dev_ws/install/tutorial_interfaces/share/tutorial_interfaces/srv/AddThreeInts.srv
[1.466s] -- Up-to-date: /home/ngochoan/dev_ws/install/tutorial_interfaces/share/tutorial_interfaces/srv/AddThreeInts_Request.msg
[1.466s] -- Up-to-date: /home/ngochoan/dev_ws/install/tutorial_interfaces/share/tutorial_interfaces/srv/AddThreeInts_Response.msg
[1.466s] -- Up-to-date: /home/ngochoan/dev_ws/install/tutorial_interfaces/share/ament_index/resource_index/package_run_dependencies/tutorial_interfaces
[1.466s] -- Installing: /home/ngochoan/dev_ws/install/tutorial_interfaces/share/ament_index/resource_index/parent_prefix_path/tutorial_interfaces
[1.467s] -- Up-to-date: /home/ngochoan/dev_ws/install/tutorial_interfaces/share/tutorial_interfaces/environment/ament_prefix_path.sh
[1.467s] -- Installing: /home/ngochoan/dev_ws/install/tutorial_interfaces/share/tutorial_interfaces/environment/ament_prefix_path.dsv
[1.467s] -- Up-to-date: /home/ngochoan/dev_ws/install/tutorial_interfaces/share/tutorial_interfaces/environment/path.sh
[1.467s] -- Installing: /home/ngochoan/dev_ws/install/tutorial_interfaces/share/tutorial_interfaces/environment/path.dsv
[1.467s] -- Up-to-date: /home/ngochoan/dev_ws/install/tutorial_interfaces/share/tutorial_interfaces/local_setup.bash
[1.467s] -- Up-to-date: /home/ngochoan/dev_ws/install/tutorial_interfaces/share/tutorial_interfaces/local_setup.sh
[1.467s] -- Up-to-date: /home/ngochoan/dev_ws/install/tutorial_interfaces/share/tutorial_interfaces/local_setup.zsh
[1.467s] -- Installing: /home/ngochoan/dev_ws/install/tutorial_interfaces/share/tutorial_interfaces/local_setup.dsv
[1.467s] -- Installing: /home/ngochoan/dev_ws/install/tutorial_interfaces/share/tutorial_interfaces/package.dsv
[1.467s] -- Up-to-date: /home/ngochoan/dev_ws/install/tutorial_interfaces/share/ament_index/resource_index/packages/tutorial_interfaces
[1.467s] -- Up-to-date: /home/ngochoan/dev_ws/install/tutorial_interfaces/share/tutorial_interfaces/cmake/export_tutorial_interfaces__rosidl_generator_cExport.cmake
[1.467s] -- Up-to-date: /home/ngochoan/dev_ws/install/tutorial_interfaces/share/tutorial_interfaces/cmake/export_tutorial_interfaces__rosidl_generator_cExport-noconfig.cmake
[1.467s] -- Up-to-date: /home/ngochoan/dev_ws/install/tutorial_interfaces/share/tutorial_interfaces/cmake/export_tutorial_interfaces__rosidl_typesupport_fastrtps_cExport.cmake
[1.467s] -- Up-to-date: /home/ngochoan/dev_ws/install/tutorial_interfaces/share/tutorial_interfaces/cmake/export_tutorial_interfaces__rosidl_typesupport_fastrtps_cExport-noconfig.cmake
[1.468s] -- Up-to-date: /home/ngochoan/dev_ws/install/tutorial_interfaces/share/tutorial_interfaces/cmake/tutorial_interfaces__rosidl_typesupport_introspection_cExport.cmake
[1.468s] -- Up-to-date: /home/ngochoan/dev_ws/install/tutorial_interfaces/share/tutorial_interfaces/cmake/tutorial_interfaces__rosidl_typesupport_introspection_cExport-noconfig.cmake
[1.468s] -- Up-to-date: /home/ngochoan/dev_ws/install/tutorial_interfaces/share/tutorial_interfaces/cmake/tutorial_interfaces__rosidl_typesupport_cExport.cmake
[1.468s] -- Up-to-date: /home/ngochoan/dev_ws/install/tutorial_interfaces/share/tutorial_interfaces/cmake/tutorial_interfaces__rosidl_typesupport_cExport-noconfig.cmake
[1.468s] -- Up-to-date: /home/ngochoan/dev_ws/install/tutorial_interfaces/share/tutorial_interfaces/cmake/export_tutorial_interfaces__rosidl_generator_cppExport.cmake
[1.468s] -- Up-to-date: /home/ngochoan/dev_ws/install/tutorial_interfaces/share/tutorial_interfaces/cmake/export_tutorial_interfaces__rosidl_typesupport_fastrtps_cppExport.cmake
[1.468s] -- Up-to-date: /home/ngochoan/dev_ws/install/tutorial_interfaces/share/tutorial_interfaces/cmake/export_tutorial_interfaces__rosidl_typesupport_fastrtps_cppExport-noconfig.cmake
[1.468s] -- Up-to-date: /home/ngochoan/dev_ws/install/tutorial_interfaces/share/tutorial_interfaces/cmake/tutorial_interfaces__rosidl_typesupport_introspection_cppExport.cmake
[1.468s] -- Up-to-date: /home/ngochoan/dev_ws/install/tutorial_interfaces/share/tutorial_interfaces/cmake/tutorial_interfaces__rosidl_typesupport_introspection_cppExport-noconfig.cmake
[1.468s] -- Up-to-date: /home/ngochoan/dev_ws/install/tutorial_interfaces/share/tutorial_interfaces/cmake/tutorial_interfaces__rosidl_typesupport_cppExport.cmake
[1.468s] -- Up-to-date: /home/ngochoan/dev_ws/install/tutorial_interfaces/share/tutorial_interfaces/cmake/tutorial_interfaces__rosidl_typesupport_cppExport-noconfig.cmake
[1.468s] -- Up-to-date: /home/ngochoan/dev_ws/install/tutorial_interfaces/share/tutorial_interfaces/cmake/export_tutorial_interfaces__rosidl_generator_pyExport.cmake
[1.468s] -- Up-to-date: /home/ngochoan/dev_ws/install/tutorial_interfaces/share/tutorial_interfaces/cmake/export_tutorial_interfaces__rosidl_generator_pyExport-noconfig.cmake
[1.468s] -- Up-to-date: /home/ngochoan/dev_ws/install/tutorial_interfaces/share/tutorial_interfaces/cmake/rosidl_cmake-extras.cmake
[1.469s] -- Up-to-date: /home/ngochoan/dev_ws/install/tutorial_interfaces/share/tutorial_interfaces/cmake/ament_cmake_export_include_directories-extras.cmake
[1.469s] -- Up-to-date: /home/ngochoan/dev_ws/install/tutorial_interfaces/share/tutorial_interfaces/cmake/ament_cmake_export_libraries-extras.cmake
[1.469s] -- Up-to-date: /home/ngochoan/dev_ws/install/tutorial_interfaces/share/tutorial_interfaces/cmake/ament_cmake_export_targets-extras.cmake
[1.469s] -- Up-to-date: /home/ngochoan/dev_ws/install/tutorial_interfaces/share/tutorial_interfaces/cmake/rosidl_cmake_export_typesupport_targets-extras.cmake
[1.469s] -- Up-to-date: /home/ngochoan/dev_ws/install/tutorial_interfaces/share/tutorial_interfaces/cmake/ament_cmake_export_dependencies-extras.cmake
[1.469s] -- Up-to-date: /home/ngochoan/dev_ws/install/tutorial_interfaces/share/tutorial_interfaces/cmake/rosidl_cmake_export_typesupport_libraries-extras.cmake
[1.469s] -- Up-to-date: /home/ngochoan/dev_ws/install/tutorial_interfaces/share/tutorial_interfaces/cmake/tutorial_interfacesConfig.cmake
[1.469s] -- Up-to-date: /home/ngochoan/dev_ws/install/tutorial_interfaces/share/tutorial_interfaces/cmake/tutorial_interfacesConfig-version.cmake
[1.469s] -- Installing: /home/ngochoan/dev_ws/install/tutorial_interfaces/share/tutorial_interfaces/package.xml
[1.470s] Invoked command in '/home/ngochoan/dev_ws/build/tutorial_interfaces' returned '0': CMAKE_PREFIX_PATH=${CMAKE_PREFIX_PATH}:/opt/ros/humble /usr/bin/cmake --install /home/ngochoan/dev_ws/build/tutorial_interfaces
