-- Found ament_cmake: 1.3.6 (/opt/ros/humble/share/ament_cmake/cmake)
-- Found sensor_msgs: 4.2.3 (/opt/ros/humble/share/sensor_msgs/cmake)
-- Found rosidl_generator_c: 3.1.5 (/opt/ros/humble/share/rosidl_generator_c/cmake)
-- Found rosidl_adapter: 3.1.5 (/opt/ros/humble/share/rosidl_adapter/cmake)
-- Found rosidl_generator_cpp: 3.1.5 (/opt/ros/humble/share/rosidl_generator_cpp/cmake)
-- Using all available rosidl_typesupport_c: rosidl_typesupport_fastrtps_c;rosidl_typesupport_introspection_c
-- Using all available rosidl_typesupport_cpp: rosidl_typesupport_fastrtps_cpp;rosidl_typesupport_introspection_cpp
-- Found rclcpp: 16.0.7 (/opt/ros/humble/share/rclcpp/cmake)
-- Found rmw_implementation_cmake: 6.1.1 (/opt/ros/humble/share/rmw_implementation_cmake/cmake)
-- Found rmw_fastrtps_cpp: 6.2.5 (/opt/ros/humble/share/rmw_fastrtps_cpp/cmake)
-- Using RMW implementation 'rmw_fastrtps_cpp' as default
-- Found nav_msgs: 4.2.3 (/opt/ros/humble/share/nav_msgs/cmake)
-- Found tf2_ros: 0.25.5 (/opt/ros/humble/share/tf2_ros/cmake)
-- Found tf2_geometry_msgs: 0.25.5 (/opt/ros/humble/share/tf2_geometry_msgs/cmake)
-- Found eigen3_cmake_module: 0.1.1 (/opt/ros/humble/share/eigen3_cmake_module/cmake)
-- Ensuring Eigen3 include directory is part of orocos-kdl CMake target
-- Found csm: 0.0.0 (/home/ngochoan/dev_ws/src/install/csm/share/csm/cmake)
-- Found Boost: /usr/lib/x86_64-linux-gnu/cmake/Boost-1.74.0/BoostConfig.cmake (found version "1.74.0") found components: thread 
-- Configuring done
-- Generating done
-- Build files have been written to: /home/ngochoan/dev_ws/src/build/ros2_laser_scan_matcher
[ 50%] [32mBuilding CXX object CMakeFiles/laser_scan_matcher.dir/src/laser_scan_matcher.cpp.o[0m
[100%] [32m[1mLinking CXX executable laser_scan_matcher[0m
[100%] Built target laser_scan_matcher
-- Install configuration: ""
-- Installing: /home/ngochoan/dev_ws/src/install/ros2_laser_scan_matcher/lib/ros2_laser_scan_matcher/laser_scan_matcher
-- Set runtime path of "/home/ngochoan/dev_ws/src/install/ros2_laser_scan_matcher/lib/ros2_laser_scan_matcher/laser_scan_matcher" to ""
-- Installing: /home/ngochoan/dev_ws/src/install/ros2_laser_scan_matcher/share/ament_index/resource_index/package_run_dependencies/ros2_laser_scan_matcher
-- Installing: /home/ngochoan/dev_ws/src/install/ros2_laser_scan_matcher/share/ament_index/resource_index/parent_prefix_path/ros2_laser_scan_matcher
-- Installing: /home/ngochoan/dev_ws/src/install/ros2_laser_scan_matcher/share/ros2_laser_scan_matcher/environment/ament_prefix_path.sh
-- Installing: /home/ngochoan/dev_ws/src/install/ros2_laser_scan_matcher/share/ros2_laser_scan_matcher/environment/ament_prefix_path.dsv
-- Installing: /home/ngochoan/dev_ws/src/install/ros2_laser_scan_matcher/share/ros2_laser_scan_matcher/environment/path.sh
-- Installing: /home/ngochoan/dev_ws/src/install/ros2_laser_scan_matcher/share/ros2_laser_scan_matcher/environment/path.dsv
-- Installing: /home/ngochoan/dev_ws/src/install/ros2_laser_scan_matcher/share/ros2_laser_scan_matcher/local_setup.bash
-- Installing: /home/ngochoan/dev_ws/src/install/ros2_laser_scan_matcher/share/ros2_laser_scan_matcher/local_setup.sh
-- Installing: /home/ngochoan/dev_ws/src/install/ros2_laser_scan_matcher/share/ros2_laser_scan_matcher/local_setup.zsh
-- Installing: /home/ngochoan/dev_ws/src/install/ros2_laser_scan_matcher/share/ros2_laser_scan_matcher/local_setup.dsv
-- Installing: /home/ngochoan/dev_ws/src/install/ros2_laser_scan_matcher/share/ros2_laser_scan_matcher/package.dsv
-- Installing: /home/ngochoan/dev_ws/src/install/ros2_laser_scan_matcher/share/ament_index/resource_index/packages/ros2_laser_scan_matcher
-- Installing: /home/ngochoan/dev_ws/src/install/ros2_laser_scan_matcher/share/ros2_laser_scan_matcher/cmake/ros2_laser_scan_matcherConfig.cmake
-- Installing: /home/ngochoan/dev_ws/src/install/ros2_laser_scan_matcher/share/ros2_laser_scan_matcher/cmake/ros2_laser_scan_matcherConfig-version.cmake
-- Installing: /home/ngochoan/dev_ws/src/install/ros2_laser_scan_matcher/share/ros2_laser_scan_matcher/package.xml
