[0.073s] Invoking command in '/home/ngochoan/dev_ws/src/build/ros2_laser_scan_matcher': AMENT_PREFIX_PATH=/home/ngochoan/dev_ws/src/install/csm:${AMENT_PREFIX_PATH} CMAKE_PREFIX_PATH=/home/ngochoan/dev_ws/src/install/csm:/home/ngochoan/dev_ws/install/cpp_pubsub:/home/ngochoan/dev_ws/install/tutorial_interfaces:/home/ngochoan/dev_ws/install/turtlesim:/home/ngochoan/dev_ws/install/template_ros2:/home/ngochoan/dev_ws/install/template_ROS2:/home/ngochoan/dev_ws/install/my_package:/home/ngochoan/dev_ws/install/cpp_srvcli:/home/ngochoan/dev_ws/install/cpp_interface:/opt/ros/humble LD_LIBRARY_PATH=/home/ngochoan/dev_ws/src/install/csm/lib:${LD_LIBRARY_PATH} /usr/bin/cmake /home/ngochoan/dev_ws/src/ros2_laser_scan_matcher -DCMAKE_INSTALL_PREFIX=/home/ngochoan/dev_ws/src/install/ros2_laser_scan_matcher
[0.087s] -- Found ament_cmake: 1.3.6 (/opt/ros/humble/share/ament_cmake/cmake)
[0.233s] -- Found sensor_msgs: 4.2.3 (/opt/ros/humble/share/sensor_msgs/cmake)
[0.255s] -- Found rosidl_generator_c: 3.1.5 (/opt/ros/humble/share/rosidl_generator_c/cmake)
[0.257s] -- Found rosidl_adapter: 3.1.5 (/opt/ros/humble/share/rosidl_adapter/cmake)
[0.262s] -- Found rosidl_generator_cpp: 3.1.5 (/opt/ros/humble/share/rosidl_generator_cpp/cmake)
[0.272s] -- Using all available rosidl_typesupport_c: rosidl_typesupport_fastrtps_c;rosidl_typesupport_introspection_c
[0.286s] -- Using all available rosidl_typesupport_cpp: rosidl_typesupport_fastrtps_cpp;rosidl_typesupport_introspection_cpp
[0.482s] -- Found rclcpp: 16.0.7 (/opt/ros/humble/share/rclcpp/cmake)
[0.527s] -- Found rmw_implementation_cmake: 6.1.1 (/opt/ros/humble/share/rmw_implementation_cmake/cmake)
[0.529s] -- Found rmw_fastrtps_cpp: 6.2.5 (/opt/ros/humble/share/rmw_fastrtps_cpp/cmake)
[0.635s] -- Using RMW implementation 'rmw_fastrtps_cpp' as default
[0.755s] -- Found nav_msgs: 4.2.3 (/opt/ros/humble/share/nav_msgs/cmake)
[0.834s] -- Found tf2_ros: 0.25.5 (/opt/ros/humble/share/tf2_ros/cmake)
[1.148s] -- Found tf2_geometry_msgs: 0.25.5 (/opt/ros/humble/share/tf2_geometry_msgs/cmake)
[1.152s] -- Found eigen3_cmake_module: 0.1.1 (/opt/ros/humble/share/eigen3_cmake_module/cmake)
[1.153s] -- Ensuring Eigen3 include directory is part of orocos-kdl CMake target
[1.165s] -- Found csm: 0.0.0 (/home/ngochoan/dev_ws/src/install/csm/share/csm/cmake)
[1.199s] -- Found Boost: /usr/lib/x86_64-linux-gnu/cmake/Boost-1.74.0/BoostConfig.cmake (found version "1.74.0") found components: thread 
[1.264s] -- Configuring done
[1.277s] -- Generating done
[1.279s] -- Build files have been written to: /home/ngochoan/dev_ws/src/build/ros2_laser_scan_matcher
[1.290s] Invoked command in '/home/ngochoan/dev_ws/src/build/ros2_laser_scan_matcher' returned '0': AMENT_PREFIX_PATH=/home/ngochoan/dev_ws/src/install/csm:${AMENT_PREFIX_PATH} CMAKE_PREFIX_PATH=/home/ngochoan/dev_ws/src/install/csm:/home/ngochoan/dev_ws/install/cpp_pubsub:/home/ngochoan/dev_ws/install/tutorial_interfaces:/home/ngochoan/dev_ws/install/turtlesim:/home/ngochoan/dev_ws/install/template_ros2:/home/ngochoan/dev_ws/install/template_ROS2:/home/ngochoan/dev_ws/install/my_package:/home/ngochoan/dev_ws/install/cpp_srvcli:/home/ngochoan/dev_ws/install/cpp_interface:/opt/ros/humble LD_LIBRARY_PATH=/home/ngochoan/dev_ws/src/install/csm/lib:${LD_LIBRARY_PATH} /usr/bin/cmake /home/ngochoan/dev_ws/src/ros2_laser_scan_matcher -DCMAKE_INSTALL_PREFIX=/home/ngochoan/dev_ws/src/install/ros2_laser_scan_matcher
[1.292s] Invoking command in '/home/ngochoan/dev_ws/src/build/ros2_laser_scan_matcher': AMENT_PREFIX_PATH=/home/ngochoan/dev_ws/src/install/csm:${AMENT_PREFIX_PATH} CMAKE_PREFIX_PATH=/home/ngochoan/dev_ws/src/install/csm:/home/ngochoan/dev_ws/install/cpp_pubsub:/home/ngochoan/dev_ws/install/tutorial_interfaces:/home/ngochoan/dev_ws/install/turtlesim:/home/ngochoan/dev_ws/install/template_ros2:/home/ngochoan/dev_ws/install/template_ROS2:/home/ngochoan/dev_ws/install/my_package:/home/ngochoan/dev_ws/install/cpp_srvcli:/home/ngochoan/dev_ws/install/cpp_interface:/opt/ros/humble LD_LIBRARY_PATH=/home/ngochoan/dev_ws/src/install/csm/lib:${LD_LIBRARY_PATH} /usr/bin/cmake --build /home/ngochoan/dev_ws/src/build/ros2_laser_scan_matcher -- -j8 -l8
[1.336s] [ 50%] [32mBuilding CXX object CMakeFiles/laser_scan_matcher.dir/src/laser_scan_matcher.cpp.o[0m
[1.569s] In file included from [01m[K/home/ngochoan/dev_ws/src/ros2_laser_scan_matcher/include/ros2_laser_scan_matcher/laser_scan_matcher.h:47[m[K,
[1.569s]                  from [01m[K/home/ngochoan/dev_ws/src/ros2_laser_scan_matcher/src/laser_scan_matcher.cpp:38[m[K:
[1.569s] [01m[K/opt/ros/humble/include/tf2_geometry_msgs/tf2_geometry_msgs/tf2_geometry_msgs.h:35:2:[m[K [01;35m[Kwarning: [m[K#warning This header is obsolete, please include tf2_geometry_msgs/tf2_geometry_msgs.hpp instead [[01;35m[K]8;;https://gcc.gnu.org/onlinedocs/gcc/Warning-Options.html#index-Wcpp-Wcpp]8;;[m[K]
[1.570s]    35 | #[01;35m[Kwarning[m[K This header is obsolete, please include tf2_geometry_msgs/tf2_geometry_msgs.hpp instead
[1.570s]       |  [01;35m[K^~~~~~~[m[K
[11.873s] [100%] [32m[1mLinking CXX executable laser_scan_matcher[0m
[12.534s] [100%] Built target laser_scan_matcher
[12.548s] Invoked command in '/home/ngochoan/dev_ws/src/build/ros2_laser_scan_matcher' returned '0': AMENT_PREFIX_PATH=/home/ngochoan/dev_ws/src/install/csm:${AMENT_PREFIX_PATH} CMAKE_PREFIX_PATH=/home/ngochoan/dev_ws/src/install/csm:/home/ngochoan/dev_ws/install/cpp_pubsub:/home/ngochoan/dev_ws/install/tutorial_interfaces:/home/ngochoan/dev_ws/install/turtlesim:/home/ngochoan/dev_ws/install/template_ros2:/home/ngochoan/dev_ws/install/template_ROS2:/home/ngochoan/dev_ws/install/my_package:/home/ngochoan/dev_ws/install/cpp_srvcli:/home/ngochoan/dev_ws/install/cpp_interface:/opt/ros/humble LD_LIBRARY_PATH=/home/ngochoan/dev_ws/src/install/csm/lib:${LD_LIBRARY_PATH} /usr/bin/cmake --build /home/ngochoan/dev_ws/src/build/ros2_laser_scan_matcher -- -j8 -l8
[12.570s] Invoking command in '/home/ngochoan/dev_ws/src/build/ros2_laser_scan_matcher': AMENT_PREFIX_PATH=/home/ngochoan/dev_ws/src/install/csm:${AMENT_PREFIX_PATH} CMAKE_PREFIX_PATH=/home/ngochoan/dev_ws/src/install/csm:/home/ngochoan/dev_ws/install/cpp_pubsub:/home/ngochoan/dev_ws/install/tutorial_interfaces:/home/ngochoan/dev_ws/install/turtlesim:/home/ngochoan/dev_ws/install/template_ros2:/home/ngochoan/dev_ws/install/template_ROS2:/home/ngochoan/dev_ws/install/my_package:/home/ngochoan/dev_ws/install/cpp_srvcli:/home/ngochoan/dev_ws/install/cpp_interface:/opt/ros/humble LD_LIBRARY_PATH=/home/ngochoan/dev_ws/src/install/csm/lib:${LD_LIBRARY_PATH} /usr/bin/cmake --install /home/ngochoan/dev_ws/src/build/ros2_laser_scan_matcher
[12.577s] -- Install configuration: ""
[12.577s] -- Installing: /home/ngochoan/dev_ws/src/install/ros2_laser_scan_matcher/lib/ros2_laser_scan_matcher/laser_scan_matcher
[12.579s] -- Set runtime path of "/home/ngochoan/dev_ws/src/install/ros2_laser_scan_matcher/lib/ros2_laser_scan_matcher/laser_scan_matcher" to ""
[12.580s] -- Installing: /home/ngochoan/dev_ws/src/install/ros2_laser_scan_matcher/share/ament_index/resource_index/package_run_dependencies/ros2_laser_scan_matcher
[12.580s] -- Installing: /home/ngochoan/dev_ws/src/install/ros2_laser_scan_matcher/share/ament_index/resource_index/parent_prefix_path/ros2_laser_scan_matcher
[12.580s] -- Installing: /home/ngochoan/dev_ws/src/install/ros2_laser_scan_matcher/share/ros2_laser_scan_matcher/environment/ament_prefix_path.sh
[12.580s] -- Installing: /home/ngochoan/dev_ws/src/install/ros2_laser_scan_matcher/share/ros2_laser_scan_matcher/environment/ament_prefix_path.dsv
[12.580s] -- Installing: /home/ngochoan/dev_ws/src/install/ros2_laser_scan_matcher/share/ros2_laser_scan_matcher/environment/path.sh
[12.580s] -- Installing: /home/ngochoan/dev_ws/src/install/ros2_laser_scan_matcher/share/ros2_laser_scan_matcher/environment/path.dsv
[12.580s] -- Installing: /home/ngochoan/dev_ws/src/install/ros2_laser_scan_matcher/share/ros2_laser_scan_matcher/local_setup.bash
[12.580s] -- Installing: /home/ngochoan/dev_ws/src/install/ros2_laser_scan_matcher/share/ros2_laser_scan_matcher/local_setup.sh
[12.580s] -- Installing: /home/ngochoan/dev_ws/src/install/ros2_laser_scan_matcher/share/ros2_laser_scan_matcher/local_setup.zsh
[12.581s] -- Installing: /home/ngochoan/dev_ws/src/install/ros2_laser_scan_matcher/share/ros2_laser_scan_matcher/local_setup.dsv
[12.581s] -- Installing: /home/ngochoan/dev_ws/src/install/ros2_laser_scan_matcher/share/ros2_laser_scan_matcher/package.dsv
[12.581s] -- Installing: /home/ngochoan/dev_ws/src/install/ros2_laser_scan_matcher/share/ament_index/resource_index/packages/ros2_laser_scan_matcher
[12.581s] -- Installing: /home/ngochoan/dev_ws/src/install/ros2_laser_scan_matcher/share/ros2_laser_scan_matcher/cmake/ros2_laser_scan_matcherConfig.cmake
[12.581s] -- Installing: /home/ngochoan/dev_ws/src/install/ros2_laser_scan_matcher/share/ros2_laser_scan_matcher/cmake/ros2_laser_scan_matcherConfig-version.cmake
[12.581s] -- Installing: /home/ngochoan/dev_ws/src/install/ros2_laser_scan_matcher/share/ros2_laser_scan_matcher/package.xml
[12.583s] Invoked command in '/home/ngochoan/dev_ws/src/build/ros2_laser_scan_matcher' returned '0': AMENT_PREFIX_PATH=/home/ngochoan/dev_ws/src/install/csm:${AMENT_PREFIX_PATH} CMAKE_PREFIX_PATH=/home/ngochoan/dev_ws/src/install/csm:/home/ngochoan/dev_ws/install/cpp_pubsub:/home/ngochoan/dev_ws/install/tutorial_interfaces:/home/ngochoan/dev_ws/install/turtlesim:/home/ngochoan/dev_ws/install/template_ros2:/home/ngochoan/dev_ws/install/template_ROS2:/home/ngochoan/dev_ws/install/my_package:/home/ngochoan/dev_ws/install/cpp_srvcli:/home/ngochoan/dev_ws/install/cpp_interface:/opt/ros/humble LD_LIBRARY_PATH=/home/ngochoan/dev_ws/src/install/csm/lib:${LD_LIBRARY_PATH} /usr/bin/cmake --install /home/ngochoan/dev_ws/src/build/ros2_laser_scan_matcher
