[0.023s] Invoking command in '/home/ngochoan/dev_ws/build/py_qt5': CMAKE_PREFIX_PATH=/opt/ros/humble /usr/bin/cmake --build /home/ngochoan/dev_ws/build/py_qt5 -- -j8 -l8
[0.069s] Invoked command in '/home/ngochoan/dev_ws/build/py_qt5' returned '0': CMAKE_PREFIX_PATH=/opt/ros/humble /usr/bin/cmake --build /home/ngochoan/dev_ws/build/py_qt5 -- -j8 -l8
[0.138s] Invoking command in '/home/ngochoan/dev_ws/build/py_qt5': CMAKE_PREFIX_PATH=/opt/ros/humble /usr/bin/cmake --install /home/ngochoan/dev_ws/build/py_qt5
[0.146s] -- Install configuration: ""
[0.146s] -- Up-to-date: /home/ngochoan/dev_ws/install/py_qt5/share/ament_index/resource_index/package_run_dependencies/py_qt5
[0.146s] -- Up-to-date: /home/ngochoan/dev_ws/install/py_qt5/share/ament_index/resource_index/parent_prefix_path/py_qt5
[0.146s] -- Up-to-date: /home/ngochoan/dev_ws/install/py_qt5/share/py_qt5/environment/ament_prefix_path.sh
[0.146s] -- Up-to-date: /home/ngochoan/dev_ws/install/py_qt5/share/py_qt5/environment/ament_prefix_path.dsv
[0.146s] -- Up-to-date: /home/ngochoan/dev_ws/install/py_qt5/share/py_qt5/environment/path.sh
[0.149s] -- Up-to-date: /home/ngochoan/dev_ws/install/py_qt5/share/py_qt5/environment/path.dsv
[0.149s] -- Up-to-date: /home/ngochoan/dev_ws/install/py_qt5/share/py_qt5/local_setup.bash
[0.149s] -- Up-to-date: /home/ngochoan/dev_ws/install/py_qt5/share/py_qt5/local_setup.sh
[0.150s] -- Up-to-date: /home/ngochoan/dev_ws/install/py_qt5/share/py_qt5/local_setup.zsh
[0.150s] -- Up-to-date: /home/ngochoan/dev_ws/install/py_qt5/share/py_qt5/local_setup.dsv
[0.151s] -- Installing: /home/ngochoan/dev_ws/install/py_qt5/share/py_qt5/package.dsv
[0.151s] -- Up-to-date: /home/ngochoan/dev_ws/install/py_qt5/share/ament_index/resource_index/packages/py_qt5
[0.151s] -- Up-to-date: /home/ngochoan/dev_ws/install/py_qt5/share/py_qt5/cmake/py_qt5Config.cmake
[0.151s] -- Up-to-date: /home/ngochoan/dev_ws/install/py_qt5/share/py_qt5/cmake/py_qt5Config-version.cmake
[0.151s] -- Up-to-date: /home/ngochoan/dev_ws/install/py_qt5/share/py_qt5/package.xml
[0.152s] Invoked command in '/home/ngochoan/dev_ws/build/py_qt5' returned '0': CMAKE_PREFIX_PATH=/opt/ros/humble /usr/bin/cmake --install /home/ngochoan/dev_ws/build/py_qt5
