[0.092s] Invoking command in '/home/ngochoan/dev_ws/build/ros2_laser_scan_matcher': CMAKE_PREFIX_PATH=/home/ngochoan/dev_ws/install/csm:/home/ngochoan/dev_ws/install/cpp_pubsub:/home/ngochoan/dev_ws/install/tutorial_interfaces:/home/ngochoan/dev_ws/install/turtlesim:/home/ngochoan/dev_ws/install/template_ros2:/home/ngochoan/dev_ws/install/template_ROS2:/home/ngochoan/dev_ws/install/ros2_laser_scan_matcher:/home/ngochoan/dev_ws/install/my_package:/home/ngochoan/dev_ws/install/cpp_srvcli:/home/ngochoan/dev_ws/install/cpp_interface:/opt/ros/humble LD_LIBRARY_PATH=/home/ngochoan/dev_ws/install/csm/lib:/home/ngochoan/dev_ws/install/tutorial_interfaces/lib:/home/ngochoan/dev_ws/install/turtlesim/lib:/usr/lib/x86_64-linux-gnu/gazebo-11/plugins:/opt/ros/humble/opt/rviz_ogre_vendor/lib:/opt/ros/humble/lib/x86_64-linux-gnu:/opt/ros/humble/lib /usr/bin/cmake --build /home/ngochoan/dev_ws/build/ros2_laser_scan_matcher -- -j8 -l8
[0.155s] [35m[1mConsolidate compiler generated dependencies of target laser_scan_matcher[0m
[0.192s] [100%] Built target laser_scan_matcher
[0.206s] Invoked command in '/home/ngochoan/dev_ws/build/ros2_laser_scan_matcher' returned '0': CMAKE_PREFIX_PATH=/home/ngochoan/dev_ws/install/csm:/home/ngochoan/dev_ws/install/cpp_pubsub:/home/ngochoan/dev_ws/install/tutorial_interfaces:/home/ngochoan/dev_ws/install/turtlesim:/home/ngochoan/dev_ws/install/template_ros2:/home/ngochoan/dev_ws/install/template_ROS2:/home/ngochoan/dev_ws/install/ros2_laser_scan_matcher:/home/ngochoan/dev_ws/install/my_package:/home/ngochoan/dev_ws/install/cpp_srvcli:/home/ngochoan/dev_ws/install/cpp_interface:/opt/ros/humble LD_LIBRARY_PATH=/home/ngochoan/dev_ws/install/csm/lib:/home/ngochoan/dev_ws/install/tutorial_interfaces/lib:/home/ngochoan/dev_ws/install/turtlesim/lib:/usr/lib/x86_64-linux-gnu/gazebo-11/plugins:/opt/ros/humble/opt/rviz_ogre_vendor/lib:/opt/ros/humble/lib/x86_64-linux-gnu:/opt/ros/humble/lib /usr/bin/cmake --build /home/ngochoan/dev_ws/build/ros2_laser_scan_matcher -- -j8 -l8
[0.231s] Invoking command in '/home/ngochoan/dev_ws/build/ros2_laser_scan_matcher': CMAKE_PREFIX_PATH=/home/ngochoan/dev_ws/install/csm:/home/ngochoan/dev_ws/install/cpp_pubsub:/home/ngochoan/dev_ws/install/tutorial_interfaces:/home/ngochoan/dev_ws/install/turtlesim:/home/ngochoan/dev_ws/install/template_ros2:/home/ngochoan/dev_ws/install/template_ROS2:/home/ngochoan/dev_ws/install/ros2_laser_scan_matcher:/home/ngochoan/dev_ws/install/my_package:/home/ngochoan/dev_ws/install/cpp_srvcli:/home/ngochoan/dev_ws/install/cpp_interface:/opt/ros/humble LD_LIBRARY_PATH=/home/ngochoan/dev_ws/install/csm/lib:/home/ngochoan/dev_ws/install/tutorial_interfaces/lib:/home/ngochoan/dev_ws/install/turtlesim/lib:/usr/lib/x86_64-linux-gnu/gazebo-11/plugins:/opt/ros/humble/opt/rviz_ogre_vendor/lib:/opt/ros/humble/lib/x86_64-linux-gnu:/opt/ros/humble/lib /usr/bin/cmake --install /home/ngochoan/dev_ws/build/ros2_laser_scan_matcher
[0.238s] -- Install configuration: ""
[0.239s] -- Up-to-date: /home/ngochoan/dev_ws/install/ros2_laser_scan_matcher/lib/ros2_laser_scan_matcher/laser_scan_matcher
[0.239s] -- Up-to-date: /home/ngochoan/dev_ws/install/ros2_laser_scan_matcher/share/ament_index/resource_index/package_run_dependencies/ros2_laser_scan_matcher
[0.239s] -- Up-to-date: /home/ngochoan/dev_ws/install/ros2_laser_scan_matcher/share/ament_index/resource_index/parent_prefix_path/ros2_laser_scan_matcher
[0.240s] -- Up-to-date: /home/ngochoan/dev_ws/install/ros2_laser_scan_matcher/share/ros2_laser_scan_matcher/environment/ament_prefix_path.sh
[0.240s] -- Up-to-date: /home/ngochoan/dev_ws/install/ros2_laser_scan_matcher/share/ros2_laser_scan_matcher/environment/ament_prefix_path.dsv
[0.240s] -- Up-to-date: /home/ngochoan/dev_ws/install/ros2_laser_scan_matcher/share/ros2_laser_scan_matcher/environment/path.sh
[0.240s] -- Up-to-date: /home/ngochoan/dev_ws/install/ros2_laser_scan_matcher/share/ros2_laser_scan_matcher/environment/path.dsv
[0.240s] -- Up-to-date: /home/ngochoan/dev_ws/install/ros2_laser_scan_matcher/share/ros2_laser_scan_matcher/local_setup.bash
[0.241s] -- Up-to-date: /home/ngochoan/dev_ws/install/ros2_laser_scan_matcher/share/ros2_laser_scan_matcher/local_setup.sh
[0.241s] -- Up-to-date: /home/ngochoan/dev_ws/install/ros2_laser_scan_matcher/share/ros2_laser_scan_matcher/local_setup.zsh
[0.241s] -- Up-to-date: /home/ngochoan/dev_ws/install/ros2_laser_scan_matcher/share/ros2_laser_scan_matcher/local_setup.dsv
[0.241s] -- Installing: /home/ngochoan/dev_ws/install/ros2_laser_scan_matcher/share/ros2_laser_scan_matcher/package.dsv
[0.241s] -- Up-to-date: /home/ngochoan/dev_ws/install/ros2_laser_scan_matcher/share/ament_index/resource_index/packages/ros2_laser_scan_matcher
[0.241s] -- Up-to-date: /home/ngochoan/dev_ws/install/ros2_laser_scan_matcher/share/ros2_laser_scan_matcher/cmake/ros2_laser_scan_matcherConfig.cmake
[0.241s] -- Up-to-date: /home/ngochoan/dev_ws/install/ros2_laser_scan_matcher/share/ros2_laser_scan_matcher/cmake/ros2_laser_scan_matcherConfig-version.cmake
[0.241s] -- Up-to-date: /home/ngochoan/dev_ws/install/ros2_laser_scan_matcher/share/ros2_laser_scan_matcher/package.xml
[0.243s] Invoked command in '/home/ngochoan/dev_ws/build/ros2_laser_scan_matcher' returned '0': CMAKE_PREFIX_PATH=/home/ngochoan/dev_ws/install/csm:/home/ngochoan/dev_ws/install/cpp_pubsub:/home/ngochoan/dev_ws/install/tutorial_interfaces:/home/ngochoan/dev_ws/install/turtlesim:/home/ngochoan/dev_ws/install/template_ros2:/home/ngochoan/dev_ws/install/template_ROS2:/home/ngochoan/dev_ws/install/ros2_laser_scan_matcher:/home/ngochoan/dev_ws/install/my_package:/home/ngochoan/dev_ws/install/cpp_srvcli:/home/ngochoan/dev_ws/install/cpp_interface:/opt/ros/humble LD_LIBRARY_PATH=/home/ngochoan/dev_ws/install/csm/lib:/home/ngochoan/dev_ws/install/tutorial_interfaces/lib:/home/ngochoan/dev_ws/install/turtlesim/lib:/usr/lib/x86_64-linux-gnu/gazebo-11/plugins:/opt/ros/humble/opt/rviz_ogre_vendor/lib:/opt/ros/humble/lib/x86_64-linux-gnu:/opt/ros/humble/lib /usr/bin/cmake --install /home/ngochoan/dev_ws/build/ros2_laser_scan_matcher
