[0.083s] Invoking command in '/home/ngochoan/dev_ws/build/cpp_pubsub': CMAKE_PREFIX_PATH=${CMAKE_PREFIX_PATH}:/opt/ros/humble /usr/bin/cmake --build /home/ngochoan/dev_ws/build/cpp_pubsub -- -j8 -l8
[0.114s] [35m[1mConsolidate compiler generated dependencies of target listener_pico[0m
[0.124s] [ 33%] Built target talker
[0.124s] [ 66%] Built target listener
[0.130s] [ 83%] [32mBuilding CXX object CMakeFiles/listener_pico.dir/src/read_date_picoW.cpp.o[0m
[6.669s] [100%] [32m[1mLinking CXX executable listener_pico[0m
[6.968s] [100%] Built target listener_pico
[6.982s] Invoked command in '/home/ngochoan/dev_ws/build/cpp_pubsub' returned '0': CMAKE_PREFIX_PATH=${CMAKE_PREFIX_PATH}:/opt/ros/humble /usr/bin/cmake --build /home/ngochoan/dev_ws/build/cpp_pubsub -- -j8 -l8
[7.003s] Invoking command in '/home/ngochoan/dev_ws/build/cpp_pubsub': CMAKE_PREFIX_PATH=${CMAKE_PREFIX_PATH}:/opt/ros/humble /usr/bin/cmake --install /home/ngochoan/dev_ws/build/cpp_pubsub
[7.009s] -- Install configuration: ""
[7.009s] -- Up-to-date: /home/ngochoan/dev_ws/install/cpp_pubsub/lib/cpp_pubsub/talker
[7.009s] -- Up-to-date: /home/ngochoan/dev_ws/install/cpp_pubsub/lib/cpp_pubsub/listener
[7.010s] -- Installing: /home/ngochoan/dev_ws/install/cpp_pubsub/lib/cpp_pubsub/listener_pico
[7.012s] -- Set runtime path of "/home/ngochoan/dev_ws/install/cpp_pubsub/lib/cpp_pubsub/listener_pico" to ""
[7.012s] -- Up-to-date: /home/ngochoan/dev_ws/install/cpp_pubsub/share/ament_index/resource_index/package_run_dependencies/cpp_pubsub
[7.013s] -- Up-to-date: /home/ngochoan/dev_ws/install/cpp_pubsub/share/ament_index/resource_index/parent_prefix_path/cpp_pubsub
[7.013s] -- Up-to-date: /home/ngochoan/dev_ws/install/cpp_pubsub/share/cpp_pubsub/environment/ament_prefix_path.sh
[7.013s] -- Up-to-date: /home/ngochoan/dev_ws/install/cpp_pubsub/share/cpp_pubsub/environment/ament_prefix_path.dsv
[7.013s] -- Up-to-date: /home/ngochoan/dev_ws/install/cpp_pubsub/share/cpp_pubsub/environment/path.sh
[7.013s] -- Up-to-date: /home/ngochoan/dev_ws/install/cpp_pubsub/share/cpp_pubsub/environment/path.dsv
[7.013s] -- Up-to-date: /home/ngochoan/dev_ws/install/cpp_pubsub/share/cpp_pubsub/local_setup.bash
[7.013s] -- Up-to-date: /home/ngochoan/dev_ws/install/cpp_pubsub/share/cpp_pubsub/local_setup.sh
[7.013s] -- Up-to-date: /home/ngochoan/dev_ws/install/cpp_pubsub/share/cpp_pubsub/local_setup.zsh
[7.013s] -- Up-to-date: /home/ngochoan/dev_ws/install/cpp_pubsub/share/cpp_pubsub/local_setup.dsv
[7.013s] -- Installing: /home/ngochoan/dev_ws/install/cpp_pubsub/share/cpp_pubsub/package.dsv
[7.013s] -- Up-to-date: /home/ngochoan/dev_ws/install/cpp_pubsub/share/ament_index/resource_index/packages/cpp_pubsub
[7.013s] -- Up-to-date: /home/ngochoan/dev_ws/install/cpp_pubsub/share/cpp_pubsub/cmake/cpp_pubsubConfig.cmake
[7.014s] -- Up-to-date: /home/ngochoan/dev_ws/install/cpp_pubsub/share/cpp_pubsub/cmake/cpp_pubsubConfig-version.cmake
[7.014s] -- Up-to-date: /home/ngochoan/dev_ws/install/cpp_pubsub/share/cpp_pubsub/package.xml
[7.015s] Invoked command in '/home/ngochoan/dev_ws/build/cpp_pubsub' returned '0': CMAKE_PREFIX_PATH=${CMAKE_PREFIX_PATH}:/opt/ros/humble /usr/bin/cmake --install /home/ngochoan/dev_ws/build/cpp_pubsub
