[01m[K/home/ngochoan/dev_ws/src/cpp_srvcli/src/add_two_ints_client.cpp:31:45:[m[K [01;35m[Kwarning: [m[Kmissing terminating " character
   31 |  RCLCPP_ERROR(rclcpp::get_logger("rclcpp"), [01;35m[K"[m[KInterrupted while waiting for
      |                                             [01;35m[K^[m[K
[01m[K/home/ngochoan/dev_ws/src/cpp_srvcli/src/add_two_ints_client.cpp:32:22:[m[K [01;35m[Kwarning: [m[Kmissing terminating " character
   32 | the service. Exiting.[01;35m[K"[m[K);
      |                      [01;35m[K^[m[K
[01m[K/home/ngochoan/dev_ws/src/cpp_srvcli/src/add_two_ints_client.cpp:35:43:[m[K [01;35m[Kwarning: [m[Kmissing terminating " character
   35 | RCLCPP_INFO(rclcpp::get_logger("rclcpp"), [01;35m[K"[m[Kservice not available, waiting
      |                                           [01;35m[K^[m[K
[01m[K/home/ngochoan/dev_ws/src/cpp_srvcli/src/add_two_ints_client.cpp:36:9:[m[K [01;35m[Kwarning: [m[Kmissing terminating " character
   36 | again...[01;35m[K"[m[K);
      |         [01;35m[K^[m[K
[01m[K/home/ngochoan/dev_ws/src/cpp_srvcli/src/add_two_ints_client.cpp:45:45:[m[K [01;35m[Kwarning: [m[Kmissing terminating " character
   45 |  RCLCPP_ERROR(rclcpp::get_logger("rclcpp"), [01;35m[K"[m[KFailed to call service
      |                                             [01;35m[K^[m[K
[01m[K/home/ngochoan/dev_ws/src/cpp_srvcli/src/add_two_ints_client.cpp:46:13:[m[K [01;35m[Kwarning: [m[Kmissing terminating " character
   46 | add_two_ints[01;35m[K"[m[K);
      |             [01;35m[K^[m[K
[01m[K/home/ngochoan/dev_ws/src/cpp_srvcli/src/add_two_ints_client.cpp:51:2:[m[K [01;31m[Kerror: [m[Kunterminated argument list invoking macro "RCLCPP_ERROR"
   51 | }
      |  [01;31m[K^[m[K
[01m[K/home/ngochoan/dev_ws/src/cpp_srvcli/src/add_two_ints_client.cpp:[m[K In function ‘[01m[Kint main(int, char**)[m[K’:
[01m[K/home/ngochoan/dev_ws/src/cpp_srvcli/src/add_two_ints_client.cpp:31:2:[m[K [01;31m[Kerror: [m[K‘[01m[KRCLCPP_ERROR[m[K’ was not declared in this scope
   31 |  [01;31m[KRCLCPP_ERROR[m[K(rclcpp::get_logger("rclcpp"), "Interrupted while waiting for
      |  [01;31m[K^~~~~~~~~~~~[m[K
[01m[K/home/ngochoan/dev_ws/src/cpp_srvcli/src/add_two_ints_client.cpp:31:14:[m[K [01;31m[Kerror: [m[Kexpected ‘[01m[K}[m[K’ at end of input
   31 |  RCLCPP_ERROR[01;31m[K([m[Krclcpp::get_logger("rclcpp"), "Interrupted while waiting for
      |              [01;31m[K^[m[K
[01m[K/home/ngochoan/dev_ws/src/cpp_srvcli/src/add_two_ints_client.cpp:30:24:[m[K [01;36m[Knote: [m[Kto match this ‘[01m[K{[m[K’
   30 |     if (!rclcpp::ok()) [01;36m[K{[m[K
      |                        [01;36m[K^[m[K
[01m[K/home/ngochoan/dev_ws/src/cpp_srvcli/src/add_two_ints_client.cpp:31:14:[m[K [01;31m[Kerror: [m[Kexpected ‘[01m[K}[m[K’ at end of input
   31 |  RCLCPP_ERROR[01;31m[K([m[Krclcpp::get_logger("rclcpp"), "Interrupted while waiting for
      |              [01;31m[K^[m[K
[01m[K/home/ngochoan/dev_ws/src/cpp_srvcli/src/add_two_ints_client.cpp:29:41:[m[K [01;36m[Knote: [m[Kto match this ‘[01m[K{[m[K’
   29 |   while (!client->wait_for_service(1s)) [01;36m[K{[m[K
      |                                         [01;36m[K^[m[K
[01m[K/home/ngochoan/dev_ws/src/cpp_srvcli/src/add_two_ints_client.cpp:31:14:[m[K [01;31m[Kerror: [m[Kexpected ‘[01m[K}[m[K’ at end of input
   31 |  RCLCPP_ERROR[01;31m[K([m[Krclcpp::get_logger("rclcpp"), "Interrupted while waiting for
      |              [01;31m[K^[m[K
[01m[K/home/ngochoan/dev_ws/src/cpp_srvcli/src/add_two_ints_client.cpp:11:33:[m[K [01;36m[Knote: [m[Kto match this ‘[01m[K{[m[K’
   11 | int main(int argc, char **argv) [01;36m[K{[m[K
      |                                 [01;36m[K^[m[K
gmake[2]: *** [CMakeFiles/client.dir/build.make:76: CMakeFiles/client.dir/src/add_two_ints_client.cpp.o] Error 1
gmake[1]: *** [CMakeFiles/Makefile2:165: CMakeFiles/client.dir/all] Error 2
gmake[1]: *** Waiting for unfinished jobs....
gmake: *** [Makefile:146: all] Error 2
