[0.053s] Invoking command in '/home/ngochoan/dev_ws/build/cpp_interface': CMAKE_PREFIX_PATH=/opt/ros/humble /usr/bin/cmake --build /home/ngochoan/dev_ws/build/cpp_interface -- -j8 -l8
[0.071s] -- Found ament_cmake: 1.3.6 (/opt/ros/humble/share/ament_cmake/cmake)
[0.182s] -- Found rclcpp: 16.0.7 (/opt/ros/humble/share/rclcpp/cmake)
[0.206s] -- Found rosidl_generator_c: 3.1.5 (/opt/ros/humble/share/rosidl_generator_c/cmake)
[0.208s] -- Found rosidl_adapter: 3.1.5 (/opt/ros/humble/share/rosidl_adapter/cmake)
[0.215s] -- Found rosidl_generator_cpp: 3.1.5 (/opt/ros/humble/share/rosidl_generator_cpp/cmake)
[0.224s] -- Using all available rosidl_typesupport_c: rosidl_typesupport_fastrtps_c;rosidl_typesupport_introspection_c
[0.238s] -- Using all available rosidl_typesupport_cpp: rosidl_typesupport_fastrtps_cpp;rosidl_typesupport_introspection_cpp
[0.288s] -- Found rmw_implementation_cmake: 6.1.1 (/opt/ros/humble/share/rmw_implementation_cmake/cmake)
[0.289s] -- Found rmw_fastrtps_cpp: 6.2.5 (/opt/ros/humble/share/rmw_fastrtps_cpp/cmake)
[0.397s] -- Using RMW implementation 'rmw_fastrtps_cpp' as default
[0.541s] -- Found geometry_msgs: 4.2.3 (/opt/ros/humble/share/geometry_msgs/cmake)
[0.592s] -- Found ament_lint_auto: 0.12.9 (/opt/ros/humble/share/ament_lint_auto/cmake)
[0.656s] -- Added test 'cppcheck' to perform static code analysis on C / C++ code
[0.656s] -- Configured cppcheck include dirs: 
[0.656s] -- Configured cppcheck exclude dirs and/or files: 
[0.657s] -- Added test 'lint_cmake' to check CMake code style
[0.658s] -- Added test 'uncrustify' to check C / C++ code style
[0.658s] -- Configured uncrustify additional arguments: 
[0.658s] -- Added test 'xmllint' to check XML markup files
[0.660s] -- Configuring done
[0.676s] -- Generating done
[0.678s] -- Build files have been written to: /home/ngochoan/dev_ws/build/cpp_interface
[0.699s] [35m[1mConsolidate compiler generated dependencies of target test_cmd_vel[0m
[0.699s] [35m[1mConsolidate compiler generated dependencies of target read_parameters_pi[0m
[0.707s] [ 16%] [32mBuilding CXX object CMakeFiles/pid_node.dir/src/pid_node.cpp.o[0m
[0.717s] [ 50%] Built target test_cmd_vel
[0.720s] [ 83%] Built target read_parameters_pi
[2.697s] [01m[K/home/ngochoan/dev_ws/src/cpp_interface/src/pid_node.cpp:[m[K In constructor ‘[01m[KPIDNode::PIDNode()[m[K’:
[2.697s] [01m[K/home/ngochoan/dev_ws/src/cpp_interface/src/pid_node.cpp:16:62:[m[K [01;31m[Kerror: [m[K‘[01m[K_1[m[K’ was not declared in this scope; did you mean ‘[01m[Kstd::placeholders::_1[m[K’?
[2.697s]    16 |             std::bind(&PIDNode::actual_angle_callback, this, [01;31m[K_1[m[K));
[2.697s]       |                                                              [01;31m[K^~[m[K
[2.697s]       |                                                              [32m[Kstd::placeholders::_1[m[K
[2.698s] In file included from [01m[K/usr/include/c++/11/pstl/glue_algorithm_defs.h:13[m[K,
[2.698s]                  from [01m[K/usr/include/c++/11/algorithm:74[m[K,
[2.698s]                  from [01m[K/opt/ros/humble/include/rclcpp/rclcpp/executor.hpp:18[m[K,
[2.698s]                  from [01m[K/opt/ros/humble/include/rclcpp/rclcpp/executors/multi_threaded_executor.hpp:25[m[K,
[2.698s]                  from [01m[K/opt/ros/humble/include/rclcpp/rclcpp/executors.hpp:21[m[K,
[2.698s]                  from [01m[K/opt/ros/humble/include/rclcpp/rclcpp/rclcpp.hpp:155[m[K,
[2.698s]                  from [01m[K/home/ngochoan/dev_ws/src/cpp_interface/src/pid_node.cpp:1[m[K:
[2.698s] [01m[K/usr/include/c++/11/functional:225:34:[m[K [01;36m[Knote: [m[K‘[01m[Kstd::placeholders::_1[m[K’ declared here
[2.698s]   225 |     extern const _Placeholder<1> [01;36m[K_1[m[K;
[2.698s]       |                                  [01;36m[K^~[m[K
[2.720s] [01m[K/home/ngochoan/dev_ws/src/cpp_interface/src/pid_node.cpp:[m[K In member function ‘[01m[Kvoid PIDNode::velocity_fuzzy_callback(std_msgs::msg::Float64MultiArray_<std::allocator<void> >::SharedPtr)[m[K’:
[2.721s] [01m[K/home/ngochoan/dev_ws/src/cpp_interface/src/pid_node.cpp:57:57:[m[K [01;35m[Kwarning: [m[Kunused parameter ‘[01m[Kmsg[m[K’ [[01;35m[K]8;;https://gcc.gnu.org/onlinedocs/gcc/Warning-Options.html#index-Wunused-parameter-Wunused-parameter]8;;[m[K]
[2.721s]    57 |       [01;35m[Kconst std_msgs::msg::Float64MultiArray::SharedPtr msg[m[K) {
[2.721s]       |       [01;35m[K~~~~~~~~~~~~~~~~~~~~~~~~~~~~~~~~~~~~~~~~~~~~~~~~~~^~~[m[K
[3.426s] gmake[2]: *** [CMakeFiles/pid_node.dir/build.make:76: CMakeFiles/pid_node.dir/src/pid_node.cpp.o] Error 1
[3.426s] gmake[1]: *** [CMakeFiles/Makefile2:193: CMakeFiles/pid_node.dir/all] Error 2
[3.426s] gmake: *** [Makefile:146: all] Error 2
[3.428s] Invoked command in '/home/ngochoan/dev_ws/build/cpp_interface' returned '2': CMAKE_PREFIX_PATH=/opt/ros/humble /usr/bin/cmake --build /home/ngochoan/dev_ws/build/cpp_interface -- -j8 -l8
