In file included from [01m[K/opt/ros/humble/include/rclcpp/rclcpp/logging.hpp:24[m[K,
                 from [01m[K/opt/ros/humble/include/rclcpp/rclcpp/client.hpp:40[m[K,
                 from [01m[K/opt/ros/humble/include/rclcpp/rclcpp/callback_group.hpp:24[m[K,
                 from [01m[K/opt/ros/humble/include/rclcpp/rclcpp/any_executable.hpp:20[m[K,
                 from [01m[K/opt/ros/humble/include/rclcpp/rclcpp/memory_strategy.hpp:25[m[K,
                 from [01m[K/opt/ros/humble/include/rclcpp/rclcpp/memory_strategies.hpp:18[m[K,
                 from [01m[K/opt/ros/humble/include/rclcpp/rclcpp/executor_options.hpp:20[m[K,
                 from [01m[K/opt/ros/humble/include/rclcpp/rclcpp/executor.hpp:37[m[K,
                 from [01m[K/opt/ros/humble/include/rclcpp/rclcpp/executors/multi_threaded_executor.hpp:25[m[K,
                 from [01m[K/opt/ros/humble/include/rclcpp/rclcpp/executors.hpp:21[m[K,
                 from [01m[K/opt/ros/humble/include/rclcpp/rclcpp/rclcpp.hpp:155[m[K,
                 from [01m[K/home/ngochoan/dev_ws/src/cpp_pubsub/src/read_date_picoW.cpp:4[m[K:
[01m[K/home/ngochoan/dev_ws/src/cpp_pubsub/src/read_date_picoW.cpp:[m[K In member function ‘[01m[Kvoid MinimalSubscriber::topic_callback(std_msgs::msg::Int32_<std::allocator<void> >::SharedPtr) const[m[K’:
[01m[K/home/ngochoan/dev_ws/src/cpp_pubsub/src/read_date_picoW.cpp:31:39:[m[K [01;35m[Kwarning: [m[Kformat ‘[01m[K%ld[m[K’ expects argument of type ‘[01m[Klong int[m[K’, but argument 5 has type ‘[01m[Kstd_msgs::msg::Int32_<std::allocator<void> >::_data_type[m[K’ {aka ‘[01m[Kint[m[K’} [[01;35m[K]8;;https://gcc.gnu.org/onlinedocs/gcc/Warning-Options.html#index-Wformat=-Wformat=]8;;[m[K]
   31 |       RCLCPP_INFO(this->get_logger(), [01;35m[K"I heard: '%ld'"[m[K, [32m[Kmsg->data[m[K);
      |                                       [01;35m[K^~~~~~~~~~~~~~~~[m[K  [32m[K~~~~~~~~~[m[K
      |                                                              [32m[K|[m[K
      |                                                              [32m[Kstd_msgs::msg::Int32_<std::allocator<void> >::_data_type {aka int}[m[K
[01m[K/home/ngochoan/dev_ws/src/cpp_pubsub/src/read_date_picoW.cpp:31:52:[m[K [01;36m[Knote: [m[Kformat string is defined here
   31 |       RCLCPP_INFO(this->get_logger(), "I heard: '[01;36m[K%ld[m[K'", msg->data);
      |                                                  [01;36m[K~~^[m[K
      |                                                    [01;36m[K|[m[K
      |                                                    [01;36m[Klong int[m[K
      |                                                  [32m[K%d[m[K
