[35m[1mConsolidate compiler generated dependencies of target pid_node[0m
[ 68%] Built target stanley_node
[ 68%] Built target read_parameters_pi
[ 68%] Built target circumference_node
[ 75%] Built target test_cmd_vel
[ 68%] Built target straight_line_node
[ 68%] Built target fuzzy_node
[ 81%] [32mBuilding CXX object CMakeFiles/pid_node.dir/src/pid_node.cpp.o[0m
[ 93%] Built target sinusoidal_node
In file included from [01m[K/opt/ros/humble/include/rclcpp/rclcpp/logging.hpp:24[m[K,
                 from [01m[K/opt/ros/humble/include/rclcpp/rclcpp/client.hpp:40[m[K,
                 from [01m[K/opt/ros/humble/include/rclcpp/rclcpp/callback_group.hpp:24[m[K,
                 from [01m[K/opt/ros/humble/include/rclcpp/rclcpp/any_executable.hpp:20[m[K,
                 from [01m[K/opt/ros/humble/include/rclcpp/rclcpp/memory_strategy.hpp:25[m[K,
                 from [01m[K/opt/ros/humble/include/rclcpp/rclcpp/memory_strategies.hpp:18[m[K,
                 from [01m[K/opt/ros/humble/include/rclcpp/rclcpp/executor_options.hpp:20[m[K,
                 from [01m[K/opt/ros/humble/include/rclcpp/rclcpp/executor.hpp:37[m[K,
                 from [01m[K/opt/ros/humble/include/rclcpp/rclcpp/executors/multi_threaded_executor.hpp:25[m[K,
                 from [01m[K/opt/ros/humble/include/rclcpp/rclcpp/executors.hpp:21[m[K,
                 from [01m[K/opt/ros/humble/include/rclcpp/rclcpp/rclcpp.hpp:155[m[K,
                 from [01m[K/home/ngochoan/dev_ws/src/cpp_interface/src/pid_node.cpp:13[m[K:
[01m[K/home/ngochoan/dev_ws/src/cpp_interface/src/pid_node.cpp:[m[K In member function ‘[01m[Kvoid PIDNode::timer_callback()[m[K’:
[01m[K/home/ngochoan/dev_ws/src/cpp_interface/src/pid_node.cpp:128:94:[m[K [01;31m[Kerror: [m[K‘[01m[Kstd::vector<PID_t> MotorController::pid_controllers[m[K’ is private within this context
  128 |     RCLCPP_INFO(this->get_logger(), " PID1  %lf  %lf  %lf   %lf  %lf   %lf", motorController.[01;31m[Kpid_controllers[m[K[0].Kp, motorController.pid_controllers[0].Ki, motorController.pid_controllers[0].Kd, motorController.pid_controllers[0].uk_1, motorController.pid_controllers[0].ek_1, motorController.pid_controllers[0].ek_2);
      |                                                                                              [01;31m[K^~~~~~~~~~~~~~~[m[K
[01m[K/home/ngochoan/dev_ws/src/cpp_interface/src/pid_node.cpp:67:22:[m[K [01;36m[Knote: [m[Kdeclared private here
   67 |   std::vector<PID_t> [01;36m[Kpid_controllers[m[K;
      |                      [01;36m[K^~~~~~~~~~~~~~~[m[K
In file included from [01m[K/opt/ros/humble/include/rclcpp/rclcpp/logging.hpp:24[m[K,
                 from [01m[K/opt/ros/humble/include/rclcpp/rclcpp/client.hpp:40[m[K,
                 from [01m[K/opt/ros/humble/include/rclcpp/rclcpp/callback_group.hpp:24[m[K,
                 from [01m[K/opt/ros/humble/include/rclcpp/rclcpp/any_executable.hpp:20[m[K,
                 from [01m[K/opt/ros/humble/include/rclcpp/rclcpp/memory_strategy.hpp:25[m[K,
                 from [01m[K/opt/ros/humble/include/rclcpp/rclcpp/memory_strategies.hpp:18[m[K,
                 from [01m[K/opt/ros/humble/include/rclcpp/rclcpp/executor_options.hpp:20[m[K,
                 from [01m[K/opt/ros/humble/include/rclcpp/rclcpp/executor.hpp:37[m[K,
                 from [01m[K/opt/ros/humble/include/rclcpp/rclcpp/executors/multi_threaded_executor.hpp:25[m[K,
                 from [01m[K/opt/ros/humble/include/rclcpp/rclcpp/executors.hpp:21[m[K,
                 from [01m[K/opt/ros/humble/include/rclcpp/rclcpp/rclcpp.hpp:155[m[K,
                 from [01m[K/home/ngochoan/dev_ws/src/cpp_interface/src/pid_node.cpp:13[m[K:
[01m[K/home/ngochoan/dev_ws/src/cpp_interface/src/pid_node.cpp:128:94:[m[K [01;36m[Knote: [m[Kfield ‘[01m[Kstd::vector<PID_t> MotorController::pid_controllers[m[K’ can be accessed via ‘[01m[Kstd::vector<PID_t>& MotorController::getPIDControllers()[m[K’
  128 |     RCLCPP_INFO(this->get_logger(), " PID1  %lf  %lf  %lf   %lf  %lf   %lf", motorController.[01;36m[Kpid_controllers[m[K[0].Kp, motorController.pid_controllers[0].Ki, motorController.pid_controllers[0].Kd, motorController.pid_controllers[0].uk_1, motorController.pid_controllers[0].ek_1, motorController.pid_controllers[0].ek_2);
      |                                                                                              [01;36m[K^~~~~~~~~~~~~~~[m[K
[01m[K/home/ngochoan/dev_ws/src/cpp_interface/src/pid_node.cpp:128:133:[m[K [01;31m[Kerror: [m[K‘[01m[Kstd::vector<PID_t> MotorController::pid_controllers[m[K’ is private within this context
  128 |     RCLCPP_INFO(this->get_logger(), " PID1  %lf  %lf  %lf   %lf  %lf   %lf", motorController.pid_controllers[0].Kp, motorController.[01;31m[Kpid_controllers[m[K[0].Ki, motorController.pid_controllers[0].Kd, motorController.pid_controllers[0].uk_1, motorController.pid_controllers[0].ek_1, motorController.pid_controllers[0].ek_2);
      |                                                                                                                                     [01;31m[K^~~~~~~~~~~~~~~[m[K
[01m[K/home/ngochoan/dev_ws/src/cpp_interface/src/pid_node.cpp:67:22:[m[K [01;36m[Knote: [m[Kdeclared private here
   67 |   std::vector<PID_t> [01;36m[Kpid_controllers[m[K;
      |                      [01;36m[K^~~~~~~~~~~~~~~[m[K
In file included from [01m[K/opt/ros/humble/include/rclcpp/rclcpp/logging.hpp:24[m[K,
                 from [01m[K/opt/ros/humble/include/rclcpp/rclcpp/client.hpp:40[m[K,
                 from [01m[K/opt/ros/humble/include/rclcpp/rclcpp/callback_group.hpp:24[m[K,
                 from [01m[K/opt/ros/humble/include/rclcpp/rclcpp/any_executable.hpp:20[m[K,
                 from [01m[K/opt/ros/humble/include/rclcpp/rclcpp/memory_strategy.hpp:25[m[K,
                 from [01m[K/opt/ros/humble/include/rclcpp/rclcpp/memory_strategies.hpp:18[m[K,
                 from [01m[K/opt/ros/humble/include/rclcpp/rclcpp/executor_options.hpp:20[m[K,
                 from [01m[K/opt/ros/humble/include/rclcpp/rclcpp/executor.hpp:37[m[K,
                 from [01m[K/opt/ros/humble/include/rclcpp/rclcpp/executors/multi_threaded_executor.hpp:25[m[K,
                 from [01m[K/opt/ros/humble/include/rclcpp/rclcpp/executors.hpp:21[m[K,
                 from [01m[K/opt/ros/humble/include/rclcpp/rclcpp/rclcpp.hpp:155[m[K,
                 from [01m[K/home/ngochoan/dev_ws/src/cpp_interface/src/pid_node.cpp:13[m[K:
[01m[K/home/ngochoan/dev_ws/src/cpp_interface/src/pid_node.cpp:128:133:[m[K [01;36m[Knote: [m[Kfield ‘[01m[Kstd::vector<PID_t> MotorController::pid_controllers[m[K’ can be accessed via ‘[01m[Kstd::vector<PID_t>& MotorController::getPIDControllers()[m[K’
  128 |     RCLCPP_INFO(this->get_logger(), " PID1  %lf  %lf  %lf   %lf  %lf   %lf", motorController.pid_controllers[0].Kp, motorController.[01;36m[Kpid_controllers[m[K[0].Ki, motorController.pid_controllers[0].Kd, motorController.pid_controllers[0].uk_1, motorController.pid_controllers[0].ek_1, motorController.pid_controllers[0].ek_2);
      |                                                                                                                                     [01;36m[K^~~~~~~~~~~~~~~[m[K
[01m[K/home/ngochoan/dev_ws/src/cpp_interface/src/pid_node.cpp:128:172:[m[K [01;31m[Kerror: [m[K‘[01m[Kstd::vector<PID_t> MotorController::pid_controllers[m[K’ is private within this context
  128 |     RCLCPP_INFO(this->get_logger(), " PID1  %lf  %lf  %lf   %lf  %lf   %lf", motorController.pid_controllers[0].Kp, motorController.pid_controllers[0].Ki, motorController.[01;31m[Kpid_controllers[m[K[0].Kd, motorController.pid_controllers[0].uk_1, motorController.pid_controllers[0].ek_1, motorController.pid_controllers[0].ek_2);
      |                                                                                                                                                                            [01;31m[K^~~~~~~~~~~~~~~[m[K
[01m[K/home/ngochoan/dev_ws/src/cpp_interface/src/pid_node.cpp:67:22:[m[K [01;36m[Knote: [m[Kdeclared private here
   67 |   std::vector<PID_t> [01;36m[Kpid_controllers[m[K;
      |                      [01;36m[K^~~~~~~~~~~~~~~[m[K
In file included from [01m[K/opt/ros/humble/include/rclcpp/rclcpp/logging.hpp:24[m[K,
                 from [01m[K/opt/ros/humble/include/rclcpp/rclcpp/client.hpp:40[m[K,
                 from [01m[K/opt/ros/humble/include/rclcpp/rclcpp/callback_group.hpp:24[m[K,
                 from [01m[K/opt/ros/humble/include/rclcpp/rclcpp/any_executable.hpp:20[m[K,
                 from [01m[K/opt/ros/humble/include/rclcpp/rclcpp/memory_strategy.hpp:25[m[K,
                 from [01m[K/opt/ros/humble/include/rclcpp/rclcpp/memory_strategies.hpp:18[m[K,
                 from [01m[K/opt/ros/humble/include/rclcpp/rclcpp/executor_options.hpp:20[m[K,
                 from [01m[K/opt/ros/humble/include/rclcpp/rclcpp/executor.hpp:37[m[K,
                 from [01m[K/opt/ros/humble/include/rclcpp/rclcpp/executors/multi_threaded_executor.hpp:25[m[K,
                 from [01m[K/opt/ros/humble/include/rclcpp/rclcpp/executors.hpp:21[m[K,
                 from [01m[K/opt/ros/humble/include/rclcpp/rclcpp/rclcpp.hpp:155[m[K,
                 from [01m[K/home/ngochoan/dev_ws/src/cpp_interface/src/pid_node.cpp:13[m[K:
[01m[K/home/ngochoan/dev_ws/src/cpp_interface/src/pid_node.cpp:128:172:[m[K [01;36m[Knote: [m[Kfield ‘[01m[Kstd::vector<PID_t> MotorController::pid_controllers[m[K’ can be accessed via ‘[01m[Kstd::vector<PID_t>& MotorController::getPIDControllers()[m[K’
  128 |     RCLCPP_INFO(this->get_logger(), " PID1  %lf  %lf  %lf   %lf  %lf   %lf", motorController.pid_controllers[0].Kp, motorController.pid_controllers[0].Ki, motorController.[01;36m[Kpid_controllers[m[K[0].Kd, motorController.pid_controllers[0].uk_1, motorController.pid_controllers[0].ek_1, motorController.pid_controllers[0].ek_2);
      |                                                                                                                                                                            [01;36m[K^~~~~~~~~~~~~~~[m[K
[01m[K/home/ngochoan/dev_ws/src/cpp_interface/src/pid_node.cpp:128:211:[m[K [01;31m[Kerror: [m[K‘[01m[Kstd::vector<PID_t> MotorController::pid_controllers[m[K’ is private within this context
  128 |     RCLCPP_INFO(this->get_logger(), " PID1  %lf  %lf  %lf   %lf  %lf   %lf", motorController.pid_controllers[0].Kp, motorController.pid_controllers[0].Ki, motorController.pid_controllers[0].Kd, motorController.[01;31m[Kpid_controllers[m[K[0].uk_1, motorController.pid_controllers[0].ek_1, motorController.pid_controllers[0].ek_2);
      |                                                                                                                                                                                                                   [01;31m[K^~~~~~~~~~~~~~~[m[K
[01m[K/home/ngochoan/dev_ws/src/cpp_interface/src/pid_node.cpp:67:22:[m[K [01;36m[Knote: [m[Kdeclared private here
   67 |   std::vector<PID_t> [01;36m[Kpid_controllers[m[K;
      |                      [01;36m[K^~~~~~~~~~~~~~~[m[K
In file included from [01m[K/opt/ros/humble/include/rclcpp/rclcpp/logging.hpp:24[m[K,
                 from [01m[K/opt/ros/humble/include/rclcpp/rclcpp/client.hpp:40[m[K,
                 from [01m[K/opt/ros/humble/include/rclcpp/rclcpp/callback_group.hpp:24[m[K,
                 from [01m[K/opt/ros/humble/include/rclcpp/rclcpp/any_executable.hpp:20[m[K,
                 from [01m[K/opt/ros/humble/include/rclcpp/rclcpp/memory_strategy.hpp:25[m[K,
                 from [01m[K/opt/ros/humble/include/rclcpp/rclcpp/memory_strategies.hpp:18[m[K,
                 from [01m[K/opt/ros/humble/include/rclcpp/rclcpp/executor_options.hpp:20[m[K,
                 from [01m[K/opt/ros/humble/include/rclcpp/rclcpp/executor.hpp:37[m[K,
                 from [01m[K/opt/ros/humble/include/rclcpp/rclcpp/executors/multi_threaded_executor.hpp:25[m[K,
                 from [01m[K/opt/ros/humble/include/rclcpp/rclcpp/executors.hpp:21[m[K,
                 from [01m[K/opt/ros/humble/include/rclcpp/rclcpp/rclcpp.hpp:155[m[K,
                 from [01m[K/home/ngochoan/dev_ws/src/cpp_interface/src/pid_node.cpp:13[m[K:
[01m[K/home/ngochoan/dev_ws/src/cpp_interface/src/pid_node.cpp:128:211:[m[K [01;36m[Knote: [m[Kfield ‘[01m[Kstd::vector<PID_t> MotorController::pid_controllers[m[K’ can be accessed via ‘[01m[Kstd::vector<PID_t>& MotorController::getPIDControllers()[m[K’
  128 |     RCLCPP_INFO(this->get_logger(), " PID1  %lf  %lf  %lf   %lf  %lf   %lf", motorController.pid_controllers[0].Kp, motorController.pid_controllers[0].Ki, motorController.pid_controllers[0].Kd, motorController.[01;36m[Kpid_controllers[m[K[0].uk_1, motorController.pid_controllers[0].ek_1, motorController.pid_controllers[0].ek_2);
      |                                                                                                                                                                                                                   [01;36m[K^~~~~~~~~~~~~~~[m[K
[01m[K/home/ngochoan/dev_ws/src/cpp_interface/src/pid_node.cpp:128:252:[m[K [01;31m[Kerror: [m[K‘[01m[Kstd::vector<PID_t> MotorController::pid_controllers[m[K’ is private within this context
  128 |     RCLCPP_INFO(this->get_logger(), " PID1  %lf  %lf  %lf   %lf  %lf   %lf", motorController.pid_controllers[0].Kp, motorController.pid_controllers[0].Ki, motorController.pid_controllers[0].Kd, motorController.pid_controllers[0].uk_1, motorController.[01;31m[Kpid_controllers[m[K[0].ek_1, motorController.pid_controllers[0].ek_2);
      |                                                                                                                                                                                                                                                            [01;31m[K^~~~~~~~~~~~~~~[m[K
[01m[K/home/ngochoan/dev_ws/src/cpp_interface/src/pid_node.cpp:67:22:[m[K [01;36m[Knote: [m[Kdeclared private here
   67 |   std::vector<PID_t> [01;36m[Kpid_controllers[m[K;
      |                      [01;36m[K^~~~~~~~~~~~~~~[m[K
In file included from [01m[K/opt/ros/humble/include/rclcpp/rclcpp/logging.hpp:24[m[K,
                 from [01m[K/opt/ros/humble/include/rclcpp/rclcpp/client.hpp:40[m[K,
                 from [01m[K/opt/ros/humble/include/rclcpp/rclcpp/callback_group.hpp:24[m[K,
                 from [01m[K/opt/ros/humble/include/rclcpp/rclcpp/any_executable.hpp:20[m[K,
                 from [01m[K/opt/ros/humble/include/rclcpp/rclcpp/memory_strategy.hpp:25[m[K,
                 from [01m[K/opt/ros/humble/include/rclcpp/rclcpp/memory_strategies.hpp:18[m[K,
                 from [01m[K/opt/ros/humble/include/rclcpp/rclcpp/executor_options.hpp:20[m[K,
                 from [01m[K/opt/ros/humble/include/rclcpp/rclcpp/executor.hpp:37[m[K,
                 from [01m[K/opt/ros/humble/include/rclcpp/rclcpp/executors/multi_threaded_executor.hpp:25[m[K,
                 from [01m[K/opt/ros/humble/include/rclcpp/rclcpp/executors.hpp:21[m[K,
                 from [01m[K/opt/ros/humble/include/rclcpp/rclcpp/rclcpp.hpp:155[m[K,
                 from [01m[K/home/ngochoan/dev_ws/src/cpp_interface/src/pid_node.cpp:13[m[K:
[01m[K/home/ngochoan/dev_ws/src/cpp_interface/src/pid_node.cpp:128:252:[m[K [01;36m[Knote: [m[Kfield ‘[01m[Kstd::vector<PID_t> MotorController::pid_controllers[m[K’ can be accessed via ‘[01m[Kstd::vector<PID_t>& MotorController::getPIDControllers()[m[K’
  128 |     RCLCPP_INFO(this->get_logger(), " PID1  %lf  %lf  %lf   %lf  %lf   %lf", motorController.pid_controllers[0].Kp, motorController.pid_controllers[0].Ki, motorController.pid_controllers[0].Kd, motorController.pid_controllers[0].uk_1, motorController.[01;36m[Kpid_controllers[m[K[0].ek_1, motorController.pid_controllers[0].ek_2);
      |                                                                                                                                                                                                                                                            [01;36m[K^~~~~~~~~~~~~~~[m[K
[01m[K/home/ngochoan/dev_ws/src/cpp_interface/src/pid_node.cpp:128:293:[m[K [01;31m[Kerror: [m[K‘[01m[Kstd::vector<PID_t> MotorController::pid_controllers[m[K’ is private within this context
  128 |     RCLCPP_INFO(this->get_logger(), " PID1  %lf  %lf  %lf   %lf  %lf   %lf", motorController.pid_controllers[0].Kp, motorController.pid_controllers[0].Ki, motorController.pid_controllers[0].Kd, motorController.pid_controllers[0].uk_1, motorController.pid_controllers[0].ek_1, motorController.[01;31m[Kpid_controllers[m[K[0].ek_2);
      |                                                                                                                                                                                                                                                                                                     [01;31m[K^~~~~~~~~~~~~~~[m[K
[01m[K/home/ngochoan/dev_ws/src/cpp_interface/src/pid_node.cpp:67:22:[m[K [01;36m[Knote: [m[Kdeclared private here
   67 |   std::vector<PID_t> [01;36m[Kpid_controllers[m[K;
      |                      [01;36m[K^~~~~~~~~~~~~~~[m[K
In file included from [01m[K/opt/ros/humble/include/rclcpp/rclcpp/logging.hpp:24[m[K,
                 from [01m[K/opt/ros/humble/include/rclcpp/rclcpp/client.hpp:40[m[K,
                 from [01m[K/opt/ros/humble/include/rclcpp/rclcpp/callback_group.hpp:24[m[K,
                 from [01m[K/opt/ros/humble/include/rclcpp/rclcpp/any_executable.hpp:20[m[K,
                 from [01m[K/opt/ros/humble/include/rclcpp/rclcpp/memory_strategy.hpp:25[m[K,
                 from [01m[K/opt/ros/humble/include/rclcpp/rclcpp/memory_strategies.hpp:18[m[K,
                 from [01m[K/opt/ros/humble/include/rclcpp/rclcpp/executor_options.hpp:20[m[K,
                 from [01m[K/opt/ros/humble/include/rclcpp/rclcpp/executor.hpp:37[m[K,
                 from [01m[K/opt/ros/humble/include/rclcpp/rclcpp/executors/multi_threaded_executor.hpp:25[m[K,
                 from [01m[K/opt/ros/humble/include/rclcpp/rclcpp/executors.hpp:21[m[K,
                 from [01m[K/opt/ros/humble/include/rclcpp/rclcpp/rclcpp.hpp:155[m[K,
                 from [01m[K/home/ngochoan/dev_ws/src/cpp_interface/src/pid_node.cpp:13[m[K:
[01m[K/home/ngochoan/dev_ws/src/cpp_interface/src/pid_node.cpp:128:293:[m[K [01;36m[Knote: [m[Kfield ‘[01m[Kstd::vector<PID_t> MotorController::pid_controllers[m[K’ can be accessed via ‘[01m[Kstd::vector<PID_t>& MotorController::getPIDControllers()[m[K’
  128 |     RCLCPP_INFO(this->get_logger(), " PID1  %lf  %lf  %lf   %lf  %lf   %lf", motorController.pid_controllers[0].Kp, motorController.pid_controllers[0].Ki, motorController.pid_controllers[0].Kd, motorController.pid_controllers[0].uk_1, motorController.pid_controllers[0].ek_1, motorController.[01;36m[Kpid_controllers[m[K[0].ek_2);
      |                                                                                                                                                                                                                                                                                                     [01;36m[K^~~~~~~~~~~~~~~[m[K
[01m[K/home/ngochoan/dev_ws/src/cpp_interface/src/pid_node.cpp:129:94:[m[K [01;31m[Kerror: [m[K‘[01m[Kstd::vector<PID_t> MotorController::pid_controllers[m[K’ is private within this context
  129 |     RCLCPP_INFO(this->get_logger(), " PID2  %lf  %lf  %lf   %lf  %lf   %lf", motorController.[01;31m[Kpid_controllers[m[K[1].Kp, motorController.pid_controllers[1].Ki, motorController.pid_controllers[1].Kd, motorController.pid_controllers[1].uk_1, motorController.pid_controllers[1].ek_1, motorController.pid_controllers[1].ek_2);
      |                                                                                              [01;31m[K^~~~~~~~~~~~~~~[m[K
[01m[K/home/ngochoan/dev_ws/src/cpp_interface/src/pid_node.cpp:67:22:[m[K [01;36m[Knote: [m[Kdeclared private here
   67 |   std::vector<PID_t> [01;36m[Kpid_controllers[m[K;
      |                      [01;36m[K^~~~~~~~~~~~~~~[m[K
In file included from [01m[K/opt/ros/humble/include/rclcpp/rclcpp/logging.hpp:24[m[K,
                 from [01m[K/opt/ros/humble/include/rclcpp/rclcpp/client.hpp:40[m[K,
                 from [01m[K/opt/ros/humble/include/rclcpp/rclcpp/callback_group.hpp:24[m[K,
                 from [01m[K/opt/ros/humble/include/rclcpp/rclcpp/any_executable.hpp:20[m[K,
                 from [01m[K/opt/ros/humble/include/rclcpp/rclcpp/memory_strategy.hpp:25[m[K,
                 from [01m[K/opt/ros/humble/include/rclcpp/rclcpp/memory_strategies.hpp:18[m[K,
                 from [01m[K/opt/ros/humble/include/rclcpp/rclcpp/executor_options.hpp:20[m[K,
                 from [01m[K/opt/ros/humble/include/rclcpp/rclcpp/executor.hpp:37[m[K,
                 from [01m[K/opt/ros/humble/include/rclcpp/rclcpp/executors/multi_threaded_executor.hpp:25[m[K,
                 from [01m[K/opt/ros/humble/include/rclcpp/rclcpp/executors.hpp:21[m[K,
                 from [01m[K/opt/ros/humble/include/rclcpp/rclcpp/rclcpp.hpp:155[m[K,
                 from [01m[K/home/ngochoan/dev_ws/src/cpp_interface/src/pid_node.cpp:13[m[K:
[01m[K/home/ngochoan/dev_ws/src/cpp_interface/src/pid_node.cpp:129:94:[m[K [01;36m[Knote: [m[Kfield ‘[01m[Kstd::vector<PID_t> MotorController::pid_controllers[m[K’ can be accessed via ‘[01m[Kstd::vector<PID_t>& MotorController::getPIDControllers()[m[K’
  129 |     RCLCPP_INFO(this->get_logger(), " PID2  %lf  %lf  %lf   %lf  %lf   %lf", motorController.[01;36m[Kpid_controllers[m[K[1].Kp, motorController.pid_controllers[1].Ki, motorController.pid_controllers[1].Kd, motorController.pid_controllers[1].uk_1, motorController.pid_controllers[1].ek_1, motorController.pid_controllers[1].ek_2);
      |                                                                                              [01;36m[K^~~~~~~~~~~~~~~[m[K
[01m[K/home/ngochoan/dev_ws/src/cpp_interface/src/pid_node.cpp:129:133:[m[K [01;31m[Kerror: [m[K‘[01m[Kstd::vector<PID_t> MotorController::pid_controllers[m[K’ is private within this context
  129 |     RCLCPP_INFO(this->get_logger(), " PID2  %lf  %lf  %lf   %lf  %lf   %lf", motorController.pid_controllers[1].Kp, motorController.[01;31m[Kpid_controllers[m[K[1].Ki, motorController.pid_controllers[1].Kd, motorController.pid_controllers[1].uk_1, motorController.pid_controllers[1].ek_1, motorController.pid_controllers[1].ek_2);
      |                                                                                                                                     [01;31m[K^~~~~~~~~~~~~~~[m[K
[01m[K/home/ngochoan/dev_ws/src/cpp_interface/src/pid_node.cpp:67:22:[m[K [01;36m[Knote: [m[Kdeclared private here
   67 |   std::vector<PID_t> [01;36m[Kpid_controllers[m[K;
      |                      [01;36m[K^~~~~~~~~~~~~~~[m[K
In file included from [01m[K/opt/ros/humble/include/rclcpp/rclcpp/logging.hpp:24[m[K,
                 from [01m[K/opt/ros/humble/include/rclcpp/rclcpp/client.hpp:40[m[K,
                 from [01m[K/opt/ros/humble/include/rclcpp/rclcpp/callback_group.hpp:24[m[K,
                 from [01m[K/opt/ros/humble/include/rclcpp/rclcpp/any_executable.hpp:20[m[K,
                 from [01m[K/opt/ros/humble/include/rclcpp/rclcpp/memory_strategy.hpp:25[m[K,
                 from [01m[K/opt/ros/humble/include/rclcpp/rclcpp/memory_strategies.hpp:18[m[K,
                 from [01m[K/opt/ros/humble/include/rclcpp/rclcpp/executor_options.hpp:20[m[K,
                 from [01m[K/opt/ros/humble/include/rclcpp/rclcpp/executor.hpp:37[m[K,
                 from [01m[K/opt/ros/humble/include/rclcpp/rclcpp/executors/multi_threaded_executor.hpp:25[m[K,
                 from [01m[K/opt/ros/humble/include/rclcpp/rclcpp/executors.hpp:21[m[K,
                 from [01m[K/opt/ros/humble/include/rclcpp/rclcpp/rclcpp.hpp:155[m[K,
                 from [01m[K/home/ngochoan/dev_ws/src/cpp_interface/src/pid_node.cpp:13[m[K:
[01m[K/home/ngochoan/dev_ws/src/cpp_interface/src/pid_node.cpp:129:133:[m[K [01;36m[Knote: [m[Kfield ‘[01m[Kstd::vector<PID_t> MotorController::pid_controllers[m[K’ can be accessed via ‘[01m[Kstd::vector<PID_t>& MotorController::getPIDControllers()[m[K’
  129 |     RCLCPP_INFO(this->get_logger(), " PID2  %lf  %lf  %lf   %lf  %lf   %lf", motorController.pid_controllers[1].Kp, motorController.[01;36m[Kpid_controllers[m[K[1].Ki, motorController.pid_controllers[1].Kd, motorController.pid_controllers[1].uk_1, motorController.pid_controllers[1].ek_1, motorController.pid_controllers[1].ek_2);
      |                                                                                                                                     [01;36m[K^~~~~~~~~~~~~~~[m[K
[01m[K/home/ngochoan/dev_ws/src/cpp_interface/src/pid_node.cpp:129:172:[m[K [01;31m[Kerror: [m[K‘[01m[Kstd::vector<PID_t> MotorController::pid_controllers[m[K’ is private within this context
  129 |     RCLCPP_INFO(this->get_logger(), " PID2  %lf  %lf  %lf   %lf  %lf   %lf", motorController.pid_controllers[1].Kp, motorController.pid_controllers[1].Ki, motorController.[01;31m[Kpid_controllers[m[K[1].Kd, motorController.pid_controllers[1].uk_1, motorController.pid_controllers[1].ek_1, motorController.pid_controllers[1].ek_2);
      |                                                                                                                                                                            [01;31m[K^~~~~~~~~~~~~~~[m[K
[01m[K/home/ngochoan/dev_ws/src/cpp_interface/src/pid_node.cpp:67:22:[m[K [01;36m[Knote: [m[Kdeclared private here
   67 |   std::vector<PID_t> [01;36m[Kpid_controllers[m[K;
      |                      [01;36m[K^~~~~~~~~~~~~~~[m[K
In file included from [01m[K/opt/ros/humble/include/rclcpp/rclcpp/logging.hpp:24[m[K,
                 from [01m[K/opt/ros/humble/include/rclcpp/rclcpp/client.hpp:40[m[K,
                 from [01m[K/opt/ros/humble/include/rclcpp/rclcpp/callback_group.hpp:24[m[K,
                 from [01m[K/opt/ros/humble/include/rclcpp/rclcpp/any_executable.hpp:20[m[K,
                 from [01m[K/opt/ros/humble/include/rclcpp/rclcpp/memory_strategy.hpp:25[m[K,
                 from [01m[K/opt/ros/humble/include/rclcpp/rclcpp/memory_strategies.hpp:18[m[K,
                 from [01m[K/opt/ros/humble/include/rclcpp/rclcpp/executor_options.hpp:20[m[K,
                 from [01m[K/opt/ros/humble/include/rclcpp/rclcpp/executor.hpp:37[m[K,
                 from [01m[K/opt/ros/humble/include/rclcpp/rclcpp/executors/multi_threaded_executor.hpp:25[m[K,
                 from [01m[K/opt/ros/humble/include/rclcpp/rclcpp/executors.hpp:21[m[K,
                 from [01m[K/opt/ros/humble/include/rclcpp/rclcpp/rclcpp.hpp:155[m[K,
                 from [01m[K/home/ngochoan/dev_ws/src/cpp_interface/src/pid_node.cpp:13[m[K:
[01m[K/home/ngochoan/dev_ws/src/cpp_interface/src/pid_node.cpp:129:172:[m[K [01;36m[Knote: [m[Kfield ‘[01m[Kstd::vector<PID_t> MotorController::pid_controllers[m[K’ can be accessed via ‘[01m[Kstd::vector<PID_t>& MotorController::getPIDControllers()[m[K’
  129 |     RCLCPP_INFO(this->get_logger(), " PID2  %lf  %lf  %lf   %lf  %lf   %lf", motorController.pid_controllers[1].Kp, motorController.pid_controllers[1].Ki, motorController.[01;36m[Kpid_controllers[m[K[1].Kd, motorController.pid_controllers[1].uk_1, motorController.pid_controllers[1].ek_1, motorController.pid_controllers[1].ek_2);
      |                                                                                                                                                                            [01;36m[K^~~~~~~~~~~~~~~[m[K
[01m[K/home/ngochoan/dev_ws/src/cpp_interface/src/pid_node.cpp:129:211:[m[K [01;31m[Kerror: [m[K‘[01m[Kstd::vector<PID_t> MotorController::pid_controllers[m[K’ is private within this context
  129 |     RCLCPP_INFO(this->get_logger(), " PID2  %lf  %lf  %lf   %lf  %lf   %lf", motorController.pid_controllers[1].Kp, motorController.pid_controllers[1].Ki, motorController.pid_controllers[1].Kd, motorController.[01;31m[Kpid_controllers[m[K[1].uk_1, motorController.pid_controllers[1].ek_1, motorController.pid_controllers[1].ek_2);
      |                                                                                                                                                                                                                   [01;31m[K^~~~~~~~~~~~~~~[m[K
[01m[K/home/ngochoan/dev_ws/src/cpp_interface/src/pid_node.cpp:67:22:[m[K [01;36m[Knote: [m[Kdeclared private here
   67 |   std::vector<PID_t> [01;36m[Kpid_controllers[m[K;
      |                      [01;36m[K^~~~~~~~~~~~~~~[m[K
In file included from [01m[K/opt/ros/humble/include/rclcpp/rclcpp/logging.hpp:24[m[K,
                 from [01m[K/opt/ros/humble/include/rclcpp/rclcpp/client.hpp:40[m[K,
                 from [01m[K/opt/ros/humble/include/rclcpp/rclcpp/callback_group.hpp:24[m[K,
                 from [01m[K/opt/ros/humble/include/rclcpp/rclcpp/any_executable.hpp:20[m[K,
                 from [01m[K/opt/ros/humble/include/rclcpp/rclcpp/memory_strategy.hpp:25[m[K,
                 from [01m[K/opt/ros/humble/include/rclcpp/rclcpp/memory_strategies.hpp:18[m[K,
                 from [01m[K/opt/ros/humble/include/rclcpp/rclcpp/executor_options.hpp:20[m[K,
                 from [01m[K/opt/ros/humble/include/rclcpp/rclcpp/executor.hpp:37[m[K,
                 from [01m[K/opt/ros/humble/include/rclcpp/rclcpp/executors/multi_threaded_executor.hpp:25[m[K,
                 from [01m[K/opt/ros/humble/include/rclcpp/rclcpp/executors.hpp:21[m[K,
                 from [01m[K/opt/ros/humble/include/rclcpp/rclcpp/rclcpp.hpp:155[m[K,
                 from [01m[K/home/ngochoan/dev_ws/src/cpp_interface/src/pid_node.cpp:13[m[K:
[01m[K/home/ngochoan/dev_ws/src/cpp_interface/src/pid_node.cpp:129:211:[m[K [01;36m[Knote: [m[Kfield ‘[01m[Kstd::vector<PID_t> MotorController::pid_controllers[m[K’ can be accessed via ‘[01m[Kstd::vector<PID_t>& MotorController::getPIDControllers()[m[K’
  129 |     RCLCPP_INFO(this->get_logger(), " PID2  %lf  %lf  %lf   %lf  %lf   %lf", motorController.pid_controllers[1].Kp, motorController.pid_controllers[1].Ki, motorController.pid_controllers[1].Kd, motorController.[01;36m[Kpid_controllers[m[K[1].uk_1, motorController.pid_controllers[1].ek_1, motorController.pid_controllers[1].ek_2);
      |                                                                                                                                                                                                                   [01;36m[K^~~~~~~~~~~~~~~[m[K
[01m[K/home/ngochoan/dev_ws/src/cpp_interface/src/pid_node.cpp:129:252:[m[K [01;31m[Kerror: [m[K‘[01m[Kstd::vector<PID_t> MotorController::pid_controllers[m[K’ is private within this context
  129 |     RCLCPP_INFO(this->get_logger(), " PID2  %lf  %lf  %lf   %lf  %lf   %lf", motorController.pid_controllers[1].Kp, motorController.pid_controllers[1].Ki, motorController.pid_controllers[1].Kd, motorController.pid_controllers[1].uk_1, motorController.[01;31m[Kpid_controllers[m[K[1].ek_1, motorController.pid_controllers[1].ek_2);
      |                                                                                                                                                                                                                                                            [01;31m[K^~~~~~~~~~~~~~~[m[K
[01m[K/home/ngochoan/dev_ws/src/cpp_interface/src/pid_node.cpp:67:22:[m[K [01;36m[Knote: [m[Kdeclared private here
   67 |   std::vector<PID_t> [01;36m[Kpid_controllers[m[K;
      |                      [01;36m[K^~~~~~~~~~~~~~~[m[K
In file included from [01m[K/opt/ros/humble/include/rclcpp/rclcpp/logging.hpp:24[m[K,
                 from [01m[K/opt/ros/humble/include/rclcpp/rclcpp/client.hpp:40[m[K,
                 from [01m[K/opt/ros/humble/include/rclcpp/rclcpp/callback_group.hpp:24[m[K,
                 from [01m[K/opt/ros/humble/include/rclcpp/rclcpp/any_executable.hpp:20[m[K,
                 from [01m[K/opt/ros/humble/include/rclcpp/rclcpp/memory_strategy.hpp:25[m[K,
                 from [01m[K/opt/ros/humble/include/rclcpp/rclcpp/memory_strategies.hpp:18[m[K,
                 from [01m[K/opt/ros/humble/include/rclcpp/rclcpp/executor_options.hpp:20[m[K,
                 from [01m[K/opt/ros/humble/include/rclcpp/rclcpp/executor.hpp:37[m[K,
                 from [01m[K/opt/ros/humble/include/rclcpp/rclcpp/executors/multi_threaded_executor.hpp:25[m[K,
                 from [01m[K/opt/ros/humble/include/rclcpp/rclcpp/executors.hpp:21[m[K,
                 from [01m[K/opt/ros/humble/include/rclcpp/rclcpp/rclcpp.hpp:155[m[K,
                 from [01m[K/home/ngochoan/dev_ws/src/cpp_interface/src/pid_node.cpp:13[m[K:
[01m[K/home/ngochoan/dev_ws/src/cpp_interface/src/pid_node.cpp:129:252:[m[K [01;36m[Knote: [m[Kfield ‘[01m[Kstd::vector<PID_t> MotorController::pid_controllers[m[K’ can be accessed via ‘[01m[Kstd::vector<PID_t>& MotorController::getPIDControllers()[m[K’
  129 |     RCLCPP_INFO(this->get_logger(), " PID2  %lf  %lf  %lf   %lf  %lf   %lf", motorController.pid_controllers[1].Kp, motorController.pid_controllers[1].Ki, motorController.pid_controllers[1].Kd, motorController.pid_controllers[1].uk_1, motorController.[01;36m[Kpid_controllers[m[K[1].ek_1, motorController.pid_controllers[1].ek_2);
      |                                                                                                                                                                                                                                                            [01;36m[K^~~~~~~~~~~~~~~[m[K
[01m[K/home/ngochoan/dev_ws/src/cpp_interface/src/pid_node.cpp:129:293:[m[K [01;31m[Kerror: [m[K‘[01m[Kstd::vector<PID_t> MotorController::pid_controllers[m[K’ is private within this context
  129 |     RCLCPP_INFO(this->get_logger(), " PID2  %lf  %lf  %lf   %lf  %lf   %lf", motorController.pid_controllers[1].Kp, motorController.pid_controllers[1].Ki, motorController.pid_controllers[1].Kd, motorController.pid_controllers[1].uk_1, motorController.pid_controllers[1].ek_1, motorController.[01;31m[Kpid_controllers[m[K[1].ek_2);
      |                                                                                                                                                                                                                                                                                                     [01;31m[K^~~~~~~~~~~~~~~[m[K
[01m[K/home/ngochoan/dev_ws/src/cpp_interface/src/pid_node.cpp:67:22:[m[K [01;36m[Knote: [m[Kdeclared private here
   67 |   std::vector<PID_t> [01;36m[Kpid_controllers[m[K;
      |                      [01;36m[K^~~~~~~~~~~~~~~[m[K
In file included from [01m[K/opt/ros/humble/include/rclcpp/rclcpp/logging.hpp:24[m[K,
                 from [01m[K/opt/ros/humble/include/rclcpp/rclcpp/client.hpp:40[m[K,
                 from [01m[K/opt/ros/humble/include/rclcpp/rclcpp/callback_group.hpp:24[m[K,
                 from [01m[K/opt/ros/humble/include/rclcpp/rclcpp/any_executable.hpp:20[m[K,
                 from [01m[K/opt/ros/humble/include/rclcpp/rclcpp/memory_strategy.hpp:25[m[K,
                 from [01m[K/opt/ros/humble/include/rclcpp/rclcpp/memory_strategies.hpp:18[m[K,
                 from [01m[K/opt/ros/humble/include/rclcpp/rclcpp/executor_options.hpp:20[m[K,
                 from [01m[K/opt/ros/humble/include/rclcpp/rclcpp/executor.hpp:37[m[K,
                 from [01m[K/opt/ros/humble/include/rclcpp/rclcpp/executors/multi_threaded_executor.hpp:25[m[K,
                 from [01m[K/opt/ros/humble/include/rclcpp/rclcpp/executors.hpp:21[m[K,
                 from [01m[K/opt/ros/humble/include/rclcpp/rclcpp/rclcpp.hpp:155[m[K,
                 from [01m[K/home/ngochoan/dev_ws/src/cpp_interface/src/pid_node.cpp:13[m[K:
[01m[K/home/ngochoan/dev_ws/src/cpp_interface/src/pid_node.cpp:129:293:[m[K [01;36m[Knote: [m[Kfield ‘[01m[Kstd::vector<PID_t> MotorController::pid_controllers[m[K’ can be accessed via ‘[01m[Kstd::vector<PID_t>& MotorController::getPIDControllers()[m[K’
  129 |     RCLCPP_INFO(this->get_logger(), " PID2  %lf  %lf  %lf   %lf  %lf   %lf", motorController.pid_controllers[1].Kp, motorController.pid_controllers[1].Ki, motorController.pid_controllers[1].Kd, motorController.pid_controllers[1].uk_1, motorController.pid_controllers[1].ek_1, motorController.[01;36m[Kpid_controllers[m[K[1].ek_2);
      |                                                                                                                                                                                                                                                                                                     [01;36m[K^~~~~~~~~~~~~~~[m[K
[01m[K/home/ngochoan/dev_ws/src/cpp_interface/src/pid_node.cpp:130:94:[m[K [01;31m[Kerror: [m[K‘[01m[Kstd::vector<PID_t> MotorController::pid_controllers[m[K’ is private within this context
  130 |     RCLCPP_INFO(this->get_logger(), " PID3  %lf  %lf  %lf   %lf  %lf   %lf", motorController.[01;31m[Kpid_controllers[m[K[2].Kp, motorController.pid_controllers[2].Ki, motorController.pid_controllers[2].Kd, motorController.pid_controllers[2].uk_1, motorController.pid_controllers[2].ek_1, motorController.pid_controllers[2].ek_2);
      |                                                                                              [01;31m[K^~~~~~~~~~~~~~~[m[K
[01m[K/home/ngochoan/dev_ws/src/cpp_interface/src/pid_node.cpp:67:22:[m[K [01;36m[Knote: [m[Kdeclared private here
   67 |   std::vector<PID_t> [01;36m[Kpid_controllers[m[K;
      |                      [01;36m[K^~~~~~~~~~~~~~~[m[K
In file included from [01m[K/opt/ros/humble/include/rclcpp/rclcpp/logging.hpp:24[m[K,
                 from [01m[K/opt/ros/humble/include/rclcpp/rclcpp/client.hpp:40[m[K,
                 from [01m[K/opt/ros/humble/include/rclcpp/rclcpp/callback_group.hpp:24[m[K,
                 from [01m[K/opt/ros/humble/include/rclcpp/rclcpp/any_executable.hpp:20[m[K,
                 from [01m[K/opt/ros/humble/include/rclcpp/rclcpp/memory_strategy.hpp:25[m[K,
                 from [01m[K/opt/ros/humble/include/rclcpp/rclcpp/memory_strategies.hpp:18[m[K,
                 from [01m[K/opt/ros/humble/include/rclcpp/rclcpp/executor_options.hpp:20[m[K,
                 from [01m[K/opt/ros/humble/include/rclcpp/rclcpp/executor.hpp:37[m[K,
                 from [01m[K/opt/ros/humble/include/rclcpp/rclcpp/executors/multi_threaded_executor.hpp:25[m[K,
                 from [01m[K/opt/ros/humble/include/rclcpp/rclcpp/executors.hpp:21[m[K,
                 from [01m[K/opt/ros/humble/include/rclcpp/rclcpp/rclcpp.hpp:155[m[K,
                 from [01m[K/home/ngochoan/dev_ws/src/cpp_interface/src/pid_node.cpp:13[m[K:
[01m[K/home/ngochoan/dev_ws/src/cpp_interface/src/pid_node.cpp:130:94:[m[K [01;36m[Knote: [m[Kfield ‘[01m[Kstd::vector<PID_t> MotorController::pid_controllers[m[K’ can be accessed via ‘[01m[Kstd::vector<PID_t>& MotorController::getPIDControllers()[m[K’
  130 |     RCLCPP_INFO(this->get_logger(), " PID3  %lf  %lf  %lf   %lf  %lf   %lf", motorController.[01;36m[Kpid_controllers[m[K[2].Kp, motorController.pid_controllers[2].Ki, motorController.pid_controllers[2].Kd, motorController.pid_controllers[2].uk_1, motorController.pid_controllers[2].ek_1, motorController.pid_controllers[2].ek_2);
      |                                                                                              [01;36m[K^~~~~~~~~~~~~~~[m[K
[01m[K/home/ngochoan/dev_ws/src/cpp_interface/src/pid_node.cpp:130:133:[m[K [01;31m[Kerror: [m[K‘[01m[Kstd::vector<PID_t> MotorController::pid_controllers[m[K’ is private within this context
  130 |     RCLCPP_INFO(this->get_logger(), " PID3  %lf  %lf  %lf   %lf  %lf   %lf", motorController.pid_controllers[2].Kp, motorController.[01;31m[Kpid_controllers[m[K[2].Ki, motorController.pid_controllers[2].Kd, motorController.pid_controllers[2].uk_1, motorController.pid_controllers[2].ek_1, motorController.pid_controllers[2].ek_2);
      |                                                                                                                                     [01;31m[K^~~~~~~~~~~~~~~[m[K
[01m[K/home/ngochoan/dev_ws/src/cpp_interface/src/pid_node.cpp:67:22:[m[K [01;36m[Knote: [m[Kdeclared private here
   67 |   std::vector<PID_t> [01;36m[Kpid_controllers[m[K;
      |                      [01;36m[K^~~~~~~~~~~~~~~[m[K
In file included from [01m[K/opt/ros/humble/include/rclcpp/rclcpp/logging.hpp:24[m[K,
                 from [01m[K/opt/ros/humble/include/rclcpp/rclcpp/client.hpp:40[m[K,
                 from [01m[K/opt/ros/humble/include/rclcpp/rclcpp/callback_group.hpp:24[m[K,
                 from [01m[K/opt/ros/humble/include/rclcpp/rclcpp/any_executable.hpp:20[m[K,
                 from [01m[K/opt/ros/humble/include/rclcpp/rclcpp/memory_strategy.hpp:25[m[K,
                 from [01m[K/opt/ros/humble/include/rclcpp/rclcpp/memory_strategies.hpp:18[m[K,
                 from [01m[K/opt/ros/humble/include/rclcpp/rclcpp/executor_options.hpp:20[m[K,
                 from [01m[K/opt/ros/humble/include/rclcpp/rclcpp/executor.hpp:37[m[K,
                 from [01m[K/opt/ros/humble/include/rclcpp/rclcpp/executors/multi_threaded_executor.hpp:25[m[K,
                 from [01m[K/opt/ros/humble/include/rclcpp/rclcpp/executors.hpp:21[m[K,
                 from [01m[K/opt/ros/humble/include/rclcpp/rclcpp/rclcpp.hpp:155[m[K,
                 from [01m[K/home/ngochoan/dev_ws/src/cpp_interface/src/pid_node.cpp:13[m[K:
[01m[K/home/ngochoan/dev_ws/src/cpp_interface/src/pid_node.cpp:130:133:[m[K [01;36m[Knote: [m[Kfield ‘[01m[Kstd::vector<PID_t> MotorController::pid_controllers[m[K’ can be accessed via ‘[01m[Kstd::vector<PID_t>& MotorController::getPIDControllers()[m[K’
  130 |     RCLCPP_INFO(this->get_logger(), " PID3  %lf  %lf  %lf   %lf  %lf   %lf", motorController.pid_controllers[2].Kp, motorController.[01;36m[Kpid_controllers[m[K[2].Ki, motorController.pid_controllers[2].Kd, motorController.pid_controllers[2].uk_1, motorController.pid_controllers[2].ek_1, motorController.pid_controllers[2].ek_2);
      |                                                                                                                                     [01;36m[K^~~~~~~~~~~~~~~[m[K
[01m[K/home/ngochoan/dev_ws/src/cpp_interface/src/pid_node.cpp:130:172:[m[K [01;31m[Kerror: [m[K‘[01m[Kstd::vector<PID_t> MotorController::pid_controllers[m[K’ is private within this context
  130 |     RCLCPP_INFO(this->get_logger(), " PID3  %lf  %lf  %lf   %lf  %lf   %lf", motorController.pid_controllers[2].Kp, motorController.pid_controllers[2].Ki, motorController.[01;31m[Kpid_controllers[m[K[2].Kd, motorController.pid_controllers[2].uk_1, motorController.pid_controllers[2].ek_1, motorController.pid_controllers[2].ek_2);
      |                                                                                                                                                                            [01;31m[K^~~~~~~~~~~~~~~[m[K
[01m[K/home/ngochoan/dev_ws/src/cpp_interface/src/pid_node.cpp:67:22:[m[K [01;36m[Knote: [m[Kdeclared private here
   67 |   std::vector<PID_t> [01;36m[Kpid_controllers[m[K;
      |                      [01;36m[K^~~~~~~~~~~~~~~[m[K
In file included from [01m[K/opt/ros/humble/include/rclcpp/rclcpp/logging.hpp:24[m[K,
                 from [01m[K/opt/ros/humble/include/rclcpp/rclcpp/client.hpp:40[m[K,
                 from [01m[K/opt/ros/humble/include/rclcpp/rclcpp/callback_group.hpp:24[m[K,
                 from [01m[K/opt/ros/humble/include/rclcpp/rclcpp/any_executable.hpp:20[m[K,
                 from [01m[K/opt/ros/humble/include/rclcpp/rclcpp/memory_strategy.hpp:25[m[K,
                 from [01m[K/opt/ros/humble/include/rclcpp/rclcpp/memory_strategies.hpp:18[m[K,
                 from [01m[K/opt/ros/humble/include/rclcpp/rclcpp/executor_options.hpp:20[m[K,
                 from [01m[K/opt/ros/humble/include/rclcpp/rclcpp/executor.hpp:37[m[K,
                 from [01m[K/opt/ros/humble/include/rclcpp/rclcpp/executors/multi_threaded_executor.hpp:25[m[K,
                 from [01m[K/opt/ros/humble/include/rclcpp/rclcpp/executors.hpp:21[m[K,
                 from [01m[K/opt/ros/humble/include/rclcpp/rclcpp/rclcpp.hpp:155[m[K,
                 from [01m[K/home/ngochoan/dev_ws/src/cpp_interface/src/pid_node.cpp:13[m[K:
[01m[K/home/ngochoan/dev_ws/src/cpp_interface/src/pid_node.cpp:130:172:[m[K [01;36m[Knote: [m[Kfield ‘[01m[Kstd::vector<PID_t> MotorController::pid_controllers[m[K’ can be accessed via ‘[01m[Kstd::vector<PID_t>& MotorController::getPIDControllers()[m[K’
  130 |     RCLCPP_INFO(this->get_logger(), " PID3  %lf  %lf  %lf   %lf  %lf   %lf", motorController.pid_controllers[2].Kp, motorController.pid_controllers[2].Ki, motorController.[01;36m[Kpid_controllers[m[K[2].Kd, motorController.pid_controllers[2].uk_1, motorController.pid_controllers[2].ek_1, motorController.pid_controllers[2].ek_2);
      |                                                                                                                                                                            [01;36m[K^~~~~~~~~~~~~~~[m[K
[01m[K/home/ngochoan/dev_ws/src/cpp_interface/src/pid_node.cpp:130:211:[m[K [01;31m[Kerror: [m[K‘[01m[Kstd::vector<PID_t> MotorController::pid_controllers[m[K’ is private within this context
  130 |     RCLCPP_INFO(this->get_logger(), " PID3  %lf  %lf  %lf   %lf  %lf   %lf", motorController.pid_controllers[2].Kp, motorController.pid_controllers[2].Ki, motorController.pid_controllers[2].Kd, motorController.[01;31m[Kpid_controllers[m[K[2].uk_1, motorController.pid_controllers[2].ek_1, motorController.pid_controllers[2].ek_2);
      |                                                                                                                                                                                                                   [01;31m[K^~~~~~~~~~~~~~~[m[K
[01m[K/home/ngochoan/dev_ws/src/cpp_interface/src/pid_node.cpp:67:22:[m[K [01;36m[Knote: [m[Kdeclared private here
   67 |   std::vector<PID_t> [01;36m[Kpid_controllers[m[K;
      |                      [01;36m[K^~~~~~~~~~~~~~~[m[K
In file included from [01m[K/opt/ros/humble/include/rclcpp/rclcpp/logging.hpp:24[m[K,
                 from [01m[K/opt/ros/humble/include/rclcpp/rclcpp/client.hpp:40[m[K,
                 from [01m[K/opt/ros/humble/include/rclcpp/rclcpp/callback_group.hpp:24[m[K,
                 from [01m[K/opt/ros/humble/include/rclcpp/rclcpp/any_executable.hpp:20[m[K,
                 from [01m[K/opt/ros/humble/include/rclcpp/rclcpp/memory_strategy.hpp:25[m[K,
                 from [01m[K/opt/ros/humble/include/rclcpp/rclcpp/memory_strategies.hpp:18[m[K,
                 from [01m[K/opt/ros/humble/include/rclcpp/rclcpp/executor_options.hpp:20[m[K,
                 from [01m[K/opt/ros/humble/include/rclcpp/rclcpp/executor.hpp:37[m[K,
                 from [01m[K/opt/ros/humble/include/rclcpp/rclcpp/executors/multi_threaded_executor.hpp:25[m[K,
                 from [01m[K/opt/ros/humble/include/rclcpp/rclcpp/executors.hpp:21[m[K,
                 from [01m[K/opt/ros/humble/include/rclcpp/rclcpp/rclcpp.hpp:155[m[K,
                 from [01m[K/home/ngochoan/dev_ws/src/cpp_interface/src/pid_node.cpp:13[m[K:
[01m[K/home/ngochoan/dev_ws/src/cpp_interface/src/pid_node.cpp:130:211:[m[K [01;36m[Knote: [m[Kfield ‘[01m[Kstd::vector<PID_t> MotorController::pid_controllers[m[K’ can be accessed via ‘[01m[Kstd::vector<PID_t>& MotorController::getPIDControllers()[m[K’
  130 |     RCLCPP_INFO(this->get_logger(), " PID3  %lf  %lf  %lf   %lf  %lf   %lf", motorController.pid_controllers[2].Kp, motorController.pid_controllers[2].Ki, motorController.pid_controllers[2].Kd, motorController.[01;36m[Kpid_controllers[m[K[2].uk_1, motorController.pid_controllers[2].ek_1, motorController.pid_controllers[2].ek_2);
      |                                                                                                                                                                                                                   [01;36m[K^~~~~~~~~~~~~~~[m[K
[01m[K/home/ngochoan/dev_ws/src/cpp_interface/src/pid_node.cpp:130:252:[m[K [01;31m[Kerror: [m[K‘[01m[Kstd::vector<PID_t> MotorController::pid_controllers[m[K’ is private within this context
  130 |     RCLCPP_INFO(this->get_logger(), " PID3  %lf  %lf  %lf   %lf  %lf   %lf", motorController.pid_controllers[2].Kp, motorController.pid_controllers[2].Ki, motorController.pid_controllers[2].Kd, motorController.pid_controllers[2].uk_1, motorController.[01;31m[Kpid_controllers[m[K[2].ek_1, motorController.pid_controllers[2].ek_2);
      |                                                                                                                                                                                                                                                            [01;31m[K^~~~~~~~~~~~~~~[m[K
[01m[K/home/ngochoan/dev_ws/src/cpp_interface/src/pid_node.cpp:67:22:[m[K [01;36m[Knote: [m[Kdeclared private here
   67 |   std::vector<PID_t> [01;36m[Kpid_controllers[m[K;
      |                      [01;36m[K^~~~~~~~~~~~~~~[m[K
In file included from [01m[K/opt/ros/humble/include/rclcpp/rclcpp/logging.hpp:24[m[K,
                 from [01m[K/opt/ros/humble/include/rclcpp/rclcpp/client.hpp:40[m[K,
                 from [01m[K/opt/ros/humble/include/rclcpp/rclcpp/callback_group.hpp:24[m[K,
                 from [01m[K/opt/ros/humble/include/rclcpp/rclcpp/any_executable.hpp:20[m[K,
                 from [01m[K/opt/ros/humble/include/rclcpp/rclcpp/memory_strategy.hpp:25[m[K,
                 from [01m[K/opt/ros/humble/include/rclcpp/rclcpp/memory_strategies.hpp:18[m[K,
                 from [01m[K/opt/ros/humble/include/rclcpp/rclcpp/executor_options.hpp:20[m[K,
                 from [01m[K/opt/ros/humble/include/rclcpp/rclcpp/executor.hpp:37[m[K,
                 from [01m[K/opt/ros/humble/include/rclcpp/rclcpp/executors/multi_threaded_executor.hpp:25[m[K,
                 from [01m[K/opt/ros/humble/include/rclcpp/rclcpp/executors.hpp:21[m[K,
                 from [01m[K/opt/ros/humble/include/rclcpp/rclcpp/rclcpp.hpp:155[m[K,
                 from [01m[K/home/ngochoan/dev_ws/src/cpp_interface/src/pid_node.cpp:13[m[K:
[01m[K/home/ngochoan/dev_ws/src/cpp_interface/src/pid_node.cpp:130:252:[m[K [01;36m[Knote: [m[Kfield ‘[01m[Kstd::vector<PID_t> MotorController::pid_controllers[m[K’ can be accessed via ‘[01m[Kstd::vector<PID_t>& MotorController::getPIDControllers()[m[K’
  130 |     RCLCPP_INFO(this->get_logger(), " PID3  %lf  %lf  %lf   %lf  %lf   %lf", motorController.pid_controllers[2].Kp, motorController.pid_controllers[2].Ki, motorController.pid_controllers[2].Kd, motorController.pid_controllers[2].uk_1, motorController.[01;36m[Kpid_controllers[m[K[2].ek_1, motorController.pid_controllers[2].ek_2);
      |                                                                                                                                                                                                                                                            [01;36m[K^~~~~~~~~~~~~~~[m[K
[01m[K/home/ngochoan/dev_ws/src/cpp_interface/src/pid_node.cpp:130:293:[m[K [01;31m[Kerror: [m[K‘[01m[Kstd::vector<PID_t> MotorController::pid_controllers[m[K’ is private within this context
  130 |     RCLCPP_INFO(this->get_logger(), " PID3  %lf  %lf  %lf   %lf  %lf   %lf", motorController.pid_controllers[2].Kp, motorController.pid_controllers[2].Ki, motorController.pid_controllers[2].Kd, motorController.pid_controllers[2].uk_1, motorController.pid_controllers[2].ek_1, motorController.[01;31m[Kpid_controllers[m[K[2].ek_2);
      |                                                                                                                                                                                                                                                                                                     [01;31m[K^~~~~~~~~~~~~~~[m[K
[01m[K/home/ngochoan/dev_ws/src/cpp_interface/src/pid_node.cpp:67:22:[m[K [01;36m[Knote: [m[Kdeclared private here
   67 |   std::vector<PID_t> [01;36m[Kpid_controllers[m[K;
      |                      [01;36m[K^~~~~~~~~~~~~~~[m[K
In file included from [01m[K/opt/ros/humble/include/rclcpp/rclcpp/logging.hpp:24[m[K,
                 from [01m[K/opt/ros/humble/include/rclcpp/rclcpp/client.hpp:40[m[K,
                 from [01m[K/opt/ros/humble/include/rclcpp/rclcpp/callback_group.hpp:24[m[K,
                 from [01m[K/opt/ros/humble/include/rclcpp/rclcpp/any_executable.hpp:20[m[K,
                 from [01m[K/opt/ros/humble/include/rclcpp/rclcpp/memory_strategy.hpp:25[m[K,
                 from [01m[K/opt/ros/humble/include/rclcpp/rclcpp/memory_strategies.hpp:18[m[K,
                 from [01m[K/opt/ros/humble/include/rclcpp/rclcpp/executor_options.hpp:20[m[K,
                 from [01m[K/opt/ros/humble/include/rclcpp/rclcpp/executor.hpp:37[m[K,
                 from [01m[K/opt/ros/humble/include/rclcpp/rclcpp/executors/multi_threaded_executor.hpp:25[m[K,
                 from [01m[K/opt/ros/humble/include/rclcpp/rclcpp/executors.hpp:21[m[K,
                 from [01m[K/opt/ros/humble/include/rclcpp/rclcpp/rclcpp.hpp:155[m[K,
                 from [01m[K/home/ngochoan/dev_ws/src/cpp_interface/src/pid_node.cpp:13[m[K:
[01m[K/home/ngochoan/dev_ws/src/cpp_interface/src/pid_node.cpp:130:293:[m[K [01;36m[Knote: [m[Kfield ‘[01m[Kstd::vector<PID_t> MotorController::pid_controllers[m[K’ can be accessed via ‘[01m[Kstd::vector<PID_t>& MotorController::getPIDControllers()[m[K’
  130 |     RCLCPP_INFO(this->get_logger(), " PID3  %lf  %lf  %lf   %lf  %lf   %lf", motorController.pid_controllers[2].Kp, motorController.pid_controllers[2].Ki, motorController.pid_controllers[2].Kd, motorController.pid_controllers[2].uk_1, motorController.pid_controllers[2].ek_1, motorController.[01;36m[Kpid_controllers[m[K[2].ek_2);
      |                                                                                                                                                                                                                                                                                                     [01;36m[K^~~~~~~~~~~~~~~[m[K
[01m[K/home/ngochoan/dev_ws/src/cpp_interface/src/pid_node.cpp:131:94:[m[K [01;31m[Kerror: [m[K‘[01m[Kstd::vector<PID_t> MotorController::pid_controllers[m[K’ is private within this context
  131 |     RCLCPP_INFO(this->get_logger(), " PID4  %lf  %lf  %lf   %lf  %lf   %lf", motorController.[01;31m[Kpid_controllers[m[K[3].Kp, motorController.pid_controllers[3].Ki, motorController.pid_controllers[3].Kd, motorController.pid_controllers[3].uk_1, motorController.pid_controllers[3].ek_1, motorController.pid_controllers[3].ek_2);
      |                                                                                              [01;31m[K^~~~~~~~~~~~~~~[m[K
[01m[K/home/ngochoan/dev_ws/src/cpp_interface/src/pid_node.cpp:67:22:[m[K [01;36m[Knote: [m[Kdeclared private here
   67 |   std::vector<PID_t> [01;36m[Kpid_controllers[m[K;
      |                      [01;36m[K^~~~~~~~~~~~~~~[m[K
In file included from [01m[K/opt/ros/humble/include/rclcpp/rclcpp/logging.hpp:24[m[K,
                 from [01m[K/opt/ros/humble/include/rclcpp/rclcpp/client.hpp:40[m[K,
                 from [01m[K/opt/ros/humble/include/rclcpp/rclcpp/callback_group.hpp:24[m[K,
                 from [01m[K/opt/ros/humble/include/rclcpp/rclcpp/any_executable.hpp:20[m[K,
                 from [01m[K/opt/ros/humble/include/rclcpp/rclcpp/memory_strategy.hpp:25[m[K,
                 from [01m[K/opt/ros/humble/include/rclcpp/rclcpp/memory_strategies.hpp:18[m[K,
                 from [01m[K/opt/ros/humble/include/rclcpp/rclcpp/executor_options.hpp:20[m[K,
                 from [01m[K/opt/ros/humble/include/rclcpp/rclcpp/executor.hpp:37[m[K,
                 from [01m[K/opt/ros/humble/include/rclcpp/rclcpp/executors/multi_threaded_executor.hpp:25[m[K,
                 from [01m[K/opt/ros/humble/include/rclcpp/rclcpp/executors.hpp:21[m[K,
                 from [01m[K/opt/ros/humble/include/rclcpp/rclcpp/rclcpp.hpp:155[m[K,
                 from [01m[K/home/ngochoan/dev_ws/src/cpp_interface/src/pid_node.cpp:13[m[K:
[01m[K/home/ngochoan/dev_ws/src/cpp_interface/src/pid_node.cpp:131:94:[m[K [01;36m[Knote: [m[Kfield ‘[01m[Kstd::vector<PID_t> MotorController::pid_controllers[m[K’ can be accessed via ‘[01m[Kstd::vector<PID_t>& MotorController::getPIDControllers()[m[K’
  131 |     RCLCPP_INFO(this->get_logger(), " PID4  %lf  %lf  %lf   %lf  %lf   %lf", motorController.[01;36m[Kpid_controllers[m[K[3].Kp, motorController.pid_controllers[3].Ki, motorController.pid_controllers[3].Kd, motorController.pid_controllers[3].uk_1, motorController.pid_controllers[3].ek_1, motorController.pid_controllers[3].ek_2);
      |                                                                                              [01;36m[K^~~~~~~~~~~~~~~[m[K
[01m[K/home/ngochoan/dev_ws/src/cpp_interface/src/pid_node.cpp:131:133:[m[K [01;31m[Kerror: [m[K‘[01m[Kstd::vector<PID_t> MotorController::pid_controllers[m[K’ is private within this context
  131 |     RCLCPP_INFO(this->get_logger(), " PID4  %lf  %lf  %lf   %lf  %lf   %lf", motorController.pid_controllers[3].Kp, motorController.[01;31m[Kpid_controllers[m[K[3].Ki, motorController.pid_controllers[3].Kd, motorController.pid_controllers[3].uk_1, motorController.pid_controllers[3].ek_1, motorController.pid_controllers[3].ek_2);
      |                                                                                                                                     [01;31m[K^~~~~~~~~~~~~~~[m[K
[01m[K/home/ngochoan/dev_ws/src/cpp_interface/src/pid_node.cpp:67:22:[m[K [01;36m[Knote: [m[Kdeclared private here
   67 |   std::vector<PID_t> [01;36m[Kpid_controllers[m[K;
      |                      [01;36m[K^~~~~~~~~~~~~~~[m[K
In file included from [01m[K/opt/ros/humble/include/rclcpp/rclcpp/logging.hpp:24[m[K,
                 from [01m[K/opt/ros/humble/include/rclcpp/rclcpp/client.hpp:40[m[K,
                 from [01m[K/opt/ros/humble/include/rclcpp/rclcpp/callback_group.hpp:24[m[K,
                 from [01m[K/opt/ros/humble/include/rclcpp/rclcpp/any_executable.hpp:20[m[K,
                 from [01m[K/opt/ros/humble/include/rclcpp/rclcpp/memory_strategy.hpp:25[m[K,
                 from [01m[K/opt/ros/humble/include/rclcpp/rclcpp/memory_strategies.hpp:18[m[K,
                 from [01m[K/opt/ros/humble/include/rclcpp/rclcpp/executor_options.hpp:20[m[K,
                 from [01m[K/opt/ros/humble/include/rclcpp/rclcpp/executor.hpp:37[m[K,
                 from [01m[K/opt/ros/humble/include/rclcpp/rclcpp/executors/multi_threaded_executor.hpp:25[m[K,
                 from [01m[K/opt/ros/humble/include/rclcpp/rclcpp/executors.hpp:21[m[K,
                 from [01m[K/opt/ros/humble/include/rclcpp/rclcpp/rclcpp.hpp:155[m[K,
                 from [01m[K/home/ngochoan/dev_ws/src/cpp_interface/src/pid_node.cpp:13[m[K:
[01m[K/home/ngochoan/dev_ws/src/cpp_interface/src/pid_node.cpp:131:133:[m[K [01;36m[Knote: [m[Kfield ‘[01m[Kstd::vector<PID_t> MotorController::pid_controllers[m[K’ can be accessed via ‘[01m[Kstd::vector<PID_t>& MotorController::getPIDControllers()[m[K’
  131 |     RCLCPP_INFO(this->get_logger(), " PID4  %lf  %lf  %lf   %lf  %lf   %lf", motorController.pid_controllers[3].Kp, motorController.[01;36m[Kpid_controllers[m[K[3].Ki, motorController.pid_controllers[3].Kd, motorController.pid_controllers[3].uk_1, motorController.pid_controllers[3].ek_1, motorController.pid_controllers[3].ek_2);
      |                                                                                                                                     [01;36m[K^~~~~~~~~~~~~~~[m[K
[01m[K/home/ngochoan/dev_ws/src/cpp_interface/src/pid_node.cpp:131:172:[m[K [01;31m[Kerror: [m[K‘[01m[Kstd::vector<PID_t> MotorController::pid_controllers[m[K’ is private within this context
  131 |     RCLCPP_INFO(this->get_logger(), " PID4  %lf  %lf  %lf   %lf  %lf   %lf", motorController.pid_controllers[3].Kp, motorController.pid_controllers[3].Ki, motorController.[01;31m[Kpid_controllers[m[K[3].Kd, motorController.pid_controllers[3].uk_1, motorController.pid_controllers[3].ek_1, motorController.pid_controllers[3].ek_2);
      |                                                                                                                                                                            [01;31m[K^~~~~~~~~~~~~~~[m[K
[01m[K/home/ngochoan/dev_ws/src/cpp_interface/src/pid_node.cpp:67:22:[m[K [01;36m[Knote: [m[Kdeclared private here
   67 |   std::vector<PID_t> [01;36m[Kpid_controllers[m[K;
      |                      [01;36m[K^~~~~~~~~~~~~~~[m[K
In file included from [01m[K/opt/ros/humble/include/rclcpp/rclcpp/logging.hpp:24[m[K,
                 from [01m[K/opt/ros/humble/include/rclcpp/rclcpp/client.hpp:40[m[K,
                 from [01m[K/opt/ros/humble/include/rclcpp/rclcpp/callback_group.hpp:24[m[K,
                 from [01m[K/opt/ros/humble/include/rclcpp/rclcpp/any_executable.hpp:20[m[K,
                 from [01m[K/opt/ros/humble/include/rclcpp/rclcpp/memory_strategy.hpp:25[m[K,
                 from [01m[K/opt/ros/humble/include/rclcpp/rclcpp/memory_strategies.hpp:18[m[K,
                 from [01m[K/opt/ros/humble/include/rclcpp/rclcpp/executor_options.hpp:20[m[K,
                 from [01m[K/opt/ros/humble/include/rclcpp/rclcpp/executor.hpp:37[m[K,
                 from [01m[K/opt/ros/humble/include/rclcpp/rclcpp/executors/multi_threaded_executor.hpp:25[m[K,
                 from [01m[K/opt/ros/humble/include/rclcpp/rclcpp/executors.hpp:21[m[K,
                 from [01m[K/opt/ros/humble/include/rclcpp/rclcpp/rclcpp.hpp:155[m[K,
                 from [01m[K/home/ngochoan/dev_ws/src/cpp_interface/src/pid_node.cpp:13[m[K:
[01m[K/home/ngochoan/dev_ws/src/cpp_interface/src/pid_node.cpp:131:172:[m[K [01;36m[Knote: [m[Kfield ‘[01m[Kstd::vector<PID_t> MotorController::pid_controllers[m[K’ can be accessed via ‘[01m[Kstd::vector<PID_t>& MotorController::getPIDControllers()[m[K’
  131 |     RCLCPP_INFO(this->get_logger(), " PID4  %lf  %lf  %lf   %lf  %lf   %lf", motorController.pid_controllers[3].Kp, motorController.pid_controllers[3].Ki, motorController.[01;36m[Kpid_controllers[m[K[3].Kd, motorController.pid_controllers[3].uk_1, motorController.pid_controllers[3].ek_1, motorController.pid_controllers[3].ek_2);
      |                                                                                                                                                                            [01;36m[K^~~~~~~~~~~~~~~[m[K
[01m[K/home/ngochoan/dev_ws/src/cpp_interface/src/pid_node.cpp:131:211:[m[K [01;31m[Kerror: [m[K‘[01m[Kstd::vector<PID_t> MotorController::pid_controllers[m[K’ is private within this context
  131 |     RCLCPP_INFO(this->get_logger(), " PID4  %lf  %lf  %lf   %lf  %lf   %lf", motorController.pid_controllers[3].Kp, motorController.pid_controllers[3].Ki, motorController.pid_controllers[3].Kd, motorController.[01;31m[Kpid_controllers[m[K[3].uk_1, motorController.pid_controllers[3].ek_1, motorController.pid_controllers[3].ek_2);
      |                                                                                                                                                                                                                   [01;31m[K^~~~~~~~~~~~~~~[m[K
[01m[K/home/ngochoan/dev_ws/src/cpp_interface/src/pid_node.cpp:67:22:[m[K [01;36m[Knote: [m[Kdeclared private here
   67 |   std::vector<PID_t> [01;36m[Kpid_controllers[m[K;
      |                      [01;36m[K^~~~~~~~~~~~~~~[m[K
In file included from [01m[K/opt/ros/humble/include/rclcpp/rclcpp/logging.hpp:24[m[K,
                 from [01m[K/opt/ros/humble/include/rclcpp/rclcpp/client.hpp:40[m[K,
                 from [01m[K/opt/ros/humble/include/rclcpp/rclcpp/callback_group.hpp:24[m[K,
                 from [01m[K/opt/ros/humble/include/rclcpp/rclcpp/any_executable.hpp:20[m[K,
                 from [01m[K/opt/ros/humble/include/rclcpp/rclcpp/memory_strategy.hpp:25[m[K,
                 from [01m[K/opt/ros/humble/include/rclcpp/rclcpp/memory_strategies.hpp:18[m[K,
                 from [01m[K/opt/ros/humble/include/rclcpp/rclcpp/executor_options.hpp:20[m[K,
                 from [01m[K/opt/ros/humble/include/rclcpp/rclcpp/executor.hpp:37[m[K,
                 from [01m[K/opt/ros/humble/include/rclcpp/rclcpp/executors/multi_threaded_executor.hpp:25[m[K,
                 from [01m[K/opt/ros/humble/include/rclcpp/rclcpp/executors.hpp:21[m[K,
                 from [01m[K/opt/ros/humble/include/rclcpp/rclcpp/rclcpp.hpp:155[m[K,
                 from [01m[K/home/ngochoan/dev_ws/src/cpp_interface/src/pid_node.cpp:13[m[K:
[01m[K/home/ngochoan/dev_ws/src/cpp_interface/src/pid_node.cpp:131:211:[m[K [01;36m[Knote: [m[Kfield ‘[01m[Kstd::vector<PID_t> MotorController::pid_controllers[m[K’ can be accessed via ‘[01m[Kstd::vector<PID_t>& MotorController::getPIDControllers()[m[K’
  131 |     RCLCPP_INFO(this->get_logger(), " PID4  %lf  %lf  %lf   %lf  %lf   %lf", motorController.pid_controllers[3].Kp, motorController.pid_controllers[3].Ki, motorController.pid_controllers[3].Kd, motorController.[01;36m[Kpid_controllers[m[K[3].uk_1, motorController.pid_controllers[3].ek_1, motorController.pid_controllers[3].ek_2);
      |                                                                                                                                                                                                                   [01;36m[K^~~~~~~~~~~~~~~[m[K
[01m[K/home/ngochoan/dev_ws/src/cpp_interface/src/pid_node.cpp:131:252:[m[K [01;31m[Kerror: [m[K‘[01m[Kstd::vector<PID_t> MotorController::pid_controllers[m[K’ is private within this context
  131 |     RCLCPP_INFO(this->get_logger(), " PID4  %lf  %lf  %lf   %lf  %lf   %lf", motorController.pid_controllers[3].Kp, motorController.pid_controllers[3].Ki, motorController.pid_controllers[3].Kd, motorController.pid_controllers[3].uk_1, motorController.[01;31m[Kpid_controllers[m[K[3].ek_1, motorController.pid_controllers[3].ek_2);
      |                                                                                                                                                                                                                                                            [01;31m[K^~~~~~~~~~~~~~~[m[K
[01m[K/home/ngochoan/dev_ws/src/cpp_interface/src/pid_node.cpp:67:22:[m[K [01;36m[Knote: [m[Kdeclared private here
   67 |   std::vector<PID_t> [01;36m[Kpid_controllers[m[K;
      |                      [01;36m[K^~~~~~~~~~~~~~~[m[K
In file included from [01m[K/opt/ros/humble/include/rclcpp/rclcpp/logging.hpp:24[m[K,
                 from [01m[K/opt/ros/humble/include/rclcpp/rclcpp/client.hpp:40[m[K,
                 from [01m[K/opt/ros/humble/include/rclcpp/rclcpp/callback_group.hpp:24[m[K,
                 from [01m[K/opt/ros/humble/include/rclcpp/rclcpp/any_executable.hpp:20[m[K,
                 from [01m[K/opt/ros/humble/include/rclcpp/rclcpp/memory_strategy.hpp:25[m[K,
                 from [01m[K/opt/ros/humble/include/rclcpp/rclcpp/memory_strategies.hpp:18[m[K,
                 from [01m[K/opt/ros/humble/include/rclcpp/rclcpp/executor_options.hpp:20[m[K,
                 from [01m[K/opt/ros/humble/include/rclcpp/rclcpp/executor.hpp:37[m[K,
                 from [01m[K/opt/ros/humble/include/rclcpp/rclcpp/executors/multi_threaded_executor.hpp:25[m[K,
                 from [01m[K/opt/ros/humble/include/rclcpp/rclcpp/executors.hpp:21[m[K,
                 from [01m[K/opt/ros/humble/include/rclcpp/rclcpp/rclcpp.hpp:155[m[K,
                 from [01m[K/home/ngochoan/dev_ws/src/cpp_interface/src/pid_node.cpp:13[m[K:
[01m[K/home/ngochoan/dev_ws/src/cpp_interface/src/pid_node.cpp:131:252:[m[K [01;36m[Knote: [m[Kfield ‘[01m[Kstd::vector<PID_t> MotorController::pid_controllers[m[K’ can be accessed via ‘[01m[Kstd::vector<PID_t>& MotorController::getPIDControllers()[m[K’
  131 |     RCLCPP_INFO(this->get_logger(), " PID4  %lf  %lf  %lf   %lf  %lf   %lf", motorController.pid_controllers[3].Kp, motorController.pid_controllers[3].Ki, motorController.pid_controllers[3].Kd, motorController.pid_controllers[3].uk_1, motorController.[01;36m[Kpid_controllers[m[K[3].ek_1, motorController.pid_controllers[3].ek_2);
      |                                                                                                                                                                                                                                                            [01;36m[K^~~~~~~~~~~~~~~[m[K
[01m[K/home/ngochoan/dev_ws/src/cpp_interface/src/pid_node.cpp:131:293:[m[K [01;31m[Kerror: [m[K‘[01m[Kstd::vector<PID_t> MotorController::pid_controllers[m[K’ is private within this context
  131 |     RCLCPP_INFO(this->get_logger(), " PID4  %lf  %lf  %lf   %lf  %lf   %lf", motorController.pid_controllers[3].Kp, motorController.pid_controllers[3].Ki, motorController.pid_controllers[3].Kd, motorController.pid_controllers[3].uk_1, motorController.pid_controllers[3].ek_1, motorController.[01;31m[Kpid_controllers[m[K[3].ek_2);
      |                                                                                                                                                                                                                                                                                                     [01;31m[K^~~~~~~~~~~~~~~[m[K
[01m[K/home/ngochoan/dev_ws/src/cpp_interface/src/pid_node.cpp:67:22:[m[K [01;36m[Knote: [m[Kdeclared private here
   67 |   std::vector<PID_t> [01;36m[Kpid_controllers[m[K;
      |                      [01;36m[K^~~~~~~~~~~~~~~[m[K
In file included from [01m[K/opt/ros/humble/include/rclcpp/rclcpp/logging.hpp:24[m[K,
                 from [01m[K/opt/ros/humble/include/rclcpp/rclcpp/client.hpp:40[m[K,
                 from [01m[K/opt/ros/humble/include/rclcpp/rclcpp/callback_group.hpp:24[m[K,
                 from [01m[K/opt/ros/humble/include/rclcpp/rclcpp/any_executable.hpp:20[m[K,
                 from [01m[K/opt/ros/humble/include/rclcpp/rclcpp/memory_strategy.hpp:25[m[K,
                 from [01m[K/opt/ros/humble/include/rclcpp/rclcpp/memory_strategies.hpp:18[m[K,
                 from [01m[K/opt/ros/humble/include/rclcpp/rclcpp/executor_options.hpp:20[m[K,
                 from [01m[K/opt/ros/humble/include/rclcpp/rclcpp/executor.hpp:37[m[K,
                 from [01m[K/opt/ros/humble/include/rclcpp/rclcpp/executors/multi_threaded_executor.hpp:25[m[K,
                 from [01m[K/opt/ros/humble/include/rclcpp/rclcpp/executors.hpp:21[m[K,
                 from [01m[K/opt/ros/humble/include/rclcpp/rclcpp/rclcpp.hpp:155[m[K,
                 from [01m[K/home/ngochoan/dev_ws/src/cpp_interface/src/pid_node.cpp:13[m[K:
[01m[K/home/ngochoan/dev_ws/src/cpp_interface/src/pid_node.cpp:131:293:[m[K [01;36m[Knote: [m[Kfield ‘[01m[Kstd::vector<PID_t> MotorController::pid_controllers[m[K’ can be accessed via ‘[01m[Kstd::vector<PID_t>& MotorController::getPIDControllers()[m[K’
  131 |     RCLCPP_INFO(this->get_logger(), " PID4  %lf  %lf  %lf   %lf  %lf   %lf", motorController.pid_controllers[3].Kp, motorController.pid_controllers[3].Ki, motorController.pid_controllers[3].Kd, motorController.pid_controllers[3].uk_1, motorController.pid_controllers[3].ek_1, motorController.[01;36m[Kpid_controllers[m[K[3].ek_2);
      |                                                                                                                                                                                                                                                                                                     [01;36m[K^~~~~~~~~~~~~~~[m[K
[01m[K/home/ngochoan/dev_ws/src/cpp_interface/src/pid_node.cpp:118:25:[m[K [01;35m[Kwarning: [m[Kunused variable ‘[01m[Kpid_controllers[m[K’ [[01;35m[K]8;;https://gcc.gnu.org/onlinedocs/gcc/Warning-Options.html#index-Wunused-variable-Wunused-variable]8;;[m[K]
  118 |     std::vector<PID_t> &[01;35m[Kpid_controllers[m[K = motorController.getPIDControllers();
      |                         [01;35m[K^~~~~~~~~~~~~~~[m[K
gmake[2]: *** [CMakeFiles/pid_node.dir/build.make:76: CMakeFiles/pid_node.dir/src/pid_node.cpp.o] Error 1
gmake[1]: *** [CMakeFiles/Makefile2:203: CMakeFiles/pid_node.dir/all] Error 2
gmake: *** [Makefile:146: all] Error 2
