[0.053s] Invoking command in '/home/ngochoan/dev_ws/build/cpp_interface': CMAKE_PREFIX_PATH=/opt/ros/humble /usr/bin/cmake --build /home/ngochoan/dev_ws/build/cpp_interface -- -j8 -l8
[0.090s] [35m[1mConsolidate compiler generated dependencies of target pid_node[0m
[0.105s] [ 68%] Built target stanley_node
[0.105s] [ 68%] Built target read_parameters_pi
[0.105s] [ 68%] Built target circumference_node
[0.106s] [ 75%] Built target test_cmd_vel
[0.106s] [ 68%] Built target straight_line_node
[0.106s] [ 68%] Built target fuzzy_node
[0.109s] [ 81%] [32mBuilding CXX object CMakeFiles/pid_node.dir/src/pid_node.cpp.o[0m
[0.109s] [ 93%] Built target sinusoidal_node
[2.022s] In file included from [01m[K/opt/ros/humble/include/rclcpp/rclcpp/logging.hpp:24[m[K,
[2.022s]                  from [01m[K/opt/ros/humble/include/rclcpp/rclcpp/client.hpp:40[m[K,
[2.022s]                  from [01m[K/opt/ros/humble/include/rclcpp/rclcpp/callback_group.hpp:24[m[K,
[2.022s]                  from [01m[K/opt/ros/humble/include/rclcpp/rclcpp/any_executable.hpp:20[m[K,
[2.022s]                  from [01m[K/opt/ros/humble/include/rclcpp/rclcpp/memory_strategy.hpp:25[m[K,
[2.022s]                  from [01m[K/opt/ros/humble/include/rclcpp/rclcpp/memory_strategies.hpp:18[m[K,
[2.022s]                  from [01m[K/opt/ros/humble/include/rclcpp/rclcpp/executor_options.hpp:20[m[K,
[2.022s]                  from [01m[K/opt/ros/humble/include/rclcpp/rclcpp/executor.hpp:37[m[K,
[2.022s]                  from [01m[K/opt/ros/humble/include/rclcpp/rclcpp/executors/multi_threaded_executor.hpp:25[m[K,
[2.023s]                  from [01m[K/opt/ros/humble/include/rclcpp/rclcpp/executors.hpp:21[m[K,
[2.023s]                  from [01m[K/opt/ros/humble/include/rclcpp/rclcpp/rclcpp.hpp:155[m[K,
[2.023s]                  from [01m[K/home/ngochoan/dev_ws/src/cpp_interface/src/pid_node.cpp:13[m[K:
[2.023s] [01m[K/home/ngochoan/dev_ws/src/cpp_interface/src/pid_node.cpp:[m[K In member function ‘[01m[Kvoid PIDNode::timer_callback()[m[K’:
[2.023s] [01m[K/home/ngochoan/dev_ws/src/cpp_interface/src/pid_node.cpp:128:94:[m[K [01;31m[Kerror: [m[K‘[01m[Kstd::vector<PID_t> MotorController::pid_controllers[m[K’ is private within this context
[2.023s]   128 |     RCLCPP_INFO(this->get_logger(), " PID1  %lf  %lf  %lf   %lf  %lf   %lf", motorController.[01;31m[Kpid_controllers[m[K[0].Kp, motorController.pid_controllers[0].Ki, motorController.pid_controllers[0].Kd, motorController.pid_controllers[0].uk_1, motorController.pid_controllers[0].ek_1, motorController.pid_controllers[0].ek_2);
[2.023s]       |                                                                                              [01;31m[K^~~~~~~~~~~~~~~[m[K
[2.023s] [01m[K/home/ngochoan/dev_ws/src/cpp_interface/src/pid_node.cpp:67:22:[m[K [01;36m[Knote: [m[Kdeclared private here
[2.023s]    67 |   std::vector<PID_t> [01;36m[Kpid_controllers[m[K;
[2.023s]       |                      [01;36m[K^~~~~~~~~~~~~~~[m[K
[2.033s] In file included from [01m[K/opt/ros/humble/include/rclcpp/rclcpp/logging.hpp:24[m[K,
[2.033s]                  from [01m[K/opt/ros/humble/include/rclcpp/rclcpp/client.hpp:40[m[K,
[2.033s]                  from [01m[K/opt/ros/humble/include/rclcpp/rclcpp/callback_group.hpp:24[m[K,
[2.033s]                  from [01m[K/opt/ros/humble/include/rclcpp/rclcpp/any_executable.hpp:20[m[K,
[2.034s]                  from [01m[K/opt/ros/humble/include/rclcpp/rclcpp/memory_strategy.hpp:25[m[K,
[2.034s]                  from [01m[K/opt/ros/humble/include/rclcpp/rclcpp/memory_strategies.hpp:18[m[K,
[2.034s]                  from [01m[K/opt/ros/humble/include/rclcpp/rclcpp/executor_options.hpp:20[m[K,
[2.034s]                  from [01m[K/opt/ros/humble/include/rclcpp/rclcpp/executor.hpp:37[m[K,
[2.034s]                  from [01m[K/opt/ros/humble/include/rclcpp/rclcpp/executors/multi_threaded_executor.hpp:25[m[K,
[2.034s]                  from [01m[K/opt/ros/humble/include/rclcpp/rclcpp/executors.hpp:21[m[K,
[2.034s]                  from [01m[K/opt/ros/humble/include/rclcpp/rclcpp/rclcpp.hpp:155[m[K,
[2.034s]                  from [01m[K/home/ngochoan/dev_ws/src/cpp_interface/src/pid_node.cpp:13[m[K:
[2.035s] [01m[K/home/ngochoan/dev_ws/src/cpp_interface/src/pid_node.cpp:128:94:[m[K [01;36m[Knote: [m[Kfield ‘[01m[Kstd::vector<PID_t> MotorController::pid_controllers[m[K’ can be accessed via ‘[01m[Kstd::vector<PID_t>& MotorController::getPIDControllers()[m[K’
[2.035s]   128 |     RCLCPP_INFO(this->get_logger(), " PID1  %lf  %lf  %lf   %lf  %lf   %lf", motorController.[01;36m[Kpid_controllers[m[K[0].Kp, motorController.pid_controllers[0].Ki, motorController.pid_controllers[0].Kd, motorController.pid_controllers[0].uk_1, motorController.pid_controllers[0].ek_1, motorController.pid_controllers[0].ek_2);
[2.035s]       |                                                                                              [01;36m[K^~~~~~~~~~~~~~~[m[K
[2.035s] [01m[K/home/ngochoan/dev_ws/src/cpp_interface/src/pid_node.cpp:128:133:[m[K [01;31m[Kerror: [m[K‘[01m[Kstd::vector<PID_t> MotorController::pid_controllers[m[K’ is private within this context
[2.035s]   128 |     RCLCPP_INFO(this->get_logger(), " PID1  %lf  %lf  %lf   %lf  %lf   %lf", motorController.pid_controllers[0].Kp, motorController.[01;31m[Kpid_controllers[m[K[0].Ki, motorController.pid_controllers[0].Kd, motorController.pid_controllers[0].uk_1, motorController.pid_controllers[0].ek_1, motorController.pid_controllers[0].ek_2);
[2.035s]       |                                                                                                                                     [01;31m[K^~~~~~~~~~~~~~~[m[K
[2.035s] [01m[K/home/ngochoan/dev_ws/src/cpp_interface/src/pid_node.cpp:67:22:[m[K [01;36m[Knote: [m[Kdeclared private here
[2.035s]    67 |   std::vector<PID_t> [01;36m[Kpid_controllers[m[K;
[2.036s]       |                      [01;36m[K^~~~~~~~~~~~~~~[m[K
[2.036s] In file included from [01m[K/opt/ros/humble/include/rclcpp/rclcpp/logging.hpp:24[m[K,
[2.036s]                  from [01m[K/opt/ros/humble/include/rclcpp/rclcpp/client.hpp:40[m[K,
[2.036s]                  from [01m[K/opt/ros/humble/include/rclcpp/rclcpp/callback_group.hpp:24[m[K,
[2.036s]                  from [01m[K/opt/ros/humble/include/rclcpp/rclcpp/any_executable.hpp:20[m[K,
[2.036s]                  from [01m[K/opt/ros/humble/include/rclcpp/rclcpp/memory_strategy.hpp:25[m[K,
[2.036s]                  from [01m[K/opt/ros/humble/include/rclcpp/rclcpp/memory_strategies.hpp:18[m[K,
[2.036s]                  from [01m[K/opt/ros/humble/include/rclcpp/rclcpp/executor_options.hpp:20[m[K,
[2.036s]                  from [01m[K/opt/ros/humble/include/rclcpp/rclcpp/executor.hpp:37[m[K,
[2.036s]                  from [01m[K/opt/ros/humble/include/rclcpp/rclcpp/executors/multi_threaded_executor.hpp:25[m[K,
[2.037s]                  from [01m[K/opt/ros/humble/include/rclcpp/rclcpp/executors.hpp:21[m[K,
[2.037s]                  from [01m[K/opt/ros/humble/include/rclcpp/rclcpp/rclcpp.hpp:155[m[K,
[2.037s]                  from [01m[K/home/ngochoan/dev_ws/src/cpp_interface/src/pid_node.cpp:13[m[K:
[2.037s] [01m[K/home/ngochoan/dev_ws/src/cpp_interface/src/pid_node.cpp:128:133:[m[K [01;36m[Knote: [m[Kfield ‘[01m[Kstd::vector<PID_t> MotorController::pid_controllers[m[K’ can be accessed via ‘[01m[Kstd::vector<PID_t>& MotorController::getPIDControllers()[m[K’
[2.037s]   128 |     RCLCPP_INFO(this->get_logger(), " PID1  %lf  %lf  %lf   %lf  %lf   %lf", motorController.pid_controllers[0].Kp, motorController.[01;36m[Kpid_controllers[m[K[0].Ki, motorController.pid_controllers[0].Kd, motorController.pid_controllers[0].uk_1, motorController.pid_controllers[0].ek_1, motorController.pid_controllers[0].ek_2);
[2.037s]       |                                                                                                                                     [01;36m[K^~~~~~~~~~~~~~~[m[K
[2.037s] [01m[K/home/ngochoan/dev_ws/src/cpp_interface/src/pid_node.cpp:128:172:[m[K [01;31m[Kerror: [m[K‘[01m[Kstd::vector<PID_t> MotorController::pid_controllers[m[K’ is private within this context
[2.037s]   128 |     RCLCPP_INFO(this->get_logger(), " PID1  %lf  %lf  %lf   %lf  %lf   %lf", motorController.pid_controllers[0].Kp, motorController.pid_controllers[0].Ki, motorController.[01;31m[Kpid_controllers[m[K[0].Kd, motorController.pid_controllers[0].uk_1, motorController.pid_controllers[0].ek_1, motorController.pid_controllers[0].ek_2);
[2.037s]       |                                                                                                                                                                            [01;31m[K^~~~~~~~~~~~~~~[m[K
[2.037s] [01m[K/home/ngochoan/dev_ws/src/cpp_interface/src/pid_node.cpp:67:22:[m[K [01;36m[Knote: [m[Kdeclared private here
[2.037s]    67 |   std::vector<PID_t> [01;36m[Kpid_controllers[m[K;
[2.037s]       |                      [01;36m[K^~~~~~~~~~~~~~~[m[K
[2.037s] In file included from [01m[K/opt/ros/humble/include/rclcpp/rclcpp/logging.hpp:24[m[K,
[2.037s]                  from [01m[K/opt/ros/humble/include/rclcpp/rclcpp/client.hpp:40[m[K,
[2.038s]                  from [01m[K/opt/ros/humble/include/rclcpp/rclcpp/callback_group.hpp:24[m[K,
[2.038s]                  from [01m[K/opt/ros/humble/include/rclcpp/rclcpp/any_executable.hpp:20[m[K,
[2.038s]                  from [01m[K/opt/ros/humble/include/rclcpp/rclcpp/memory_strategy.hpp:25[m[K,
[2.038s]                  from [01m[K/opt/ros/humble/include/rclcpp/rclcpp/memory_strategies.hpp:18[m[K,
[2.038s]                  from [01m[K/opt/ros/humble/include/rclcpp/rclcpp/executor_options.hpp:20[m[K,
[2.038s]                  from [01m[K/opt/ros/humble/include/rclcpp/rclcpp/executor.hpp:37[m[K,
[2.038s]                  from [01m[K/opt/ros/humble/include/rclcpp/rclcpp/executors/multi_threaded_executor.hpp:25[m[K,
[2.038s]                  from [01m[K/opt/ros/humble/include/rclcpp/rclcpp/executors.hpp:21[m[K,
[2.038s]                  from [01m[K/opt/ros/humble/include/rclcpp/rclcpp/rclcpp.hpp:155[m[K,
[2.038s]                  from [01m[K/home/ngochoan/dev_ws/src/cpp_interface/src/pid_node.cpp:13[m[K:
[2.038s] [01m[K/home/ngochoan/dev_ws/src/cpp_interface/src/pid_node.cpp:128:172:[m[K [01;36m[Knote: [m[Kfield ‘[01m[Kstd::vector<PID_t> MotorController::pid_controllers[m[K’ can be accessed via ‘[01m[Kstd::vector<PID_t>& MotorController::getPIDControllers()[m[K’
[2.038s]   128 |     RCLCPP_INFO(this->get_logger(), " PID1  %lf  %lf  %lf   %lf  %lf   %lf", motorController.pid_controllers[0].Kp, motorController.pid_controllers[0].Ki, motorController.[01;36m[Kpid_controllers[m[K[0].Kd, motorController.pid_controllers[0].uk_1, motorController.pid_controllers[0].ek_1, motorController.pid_controllers[0].ek_2);
[2.038s]       |                                                                                                                                                                            [01;36m[K^~~~~~~~~~~~~~~[m[K
[2.038s] [01m[K/home/ngochoan/dev_ws/src/cpp_interface/src/pid_node.cpp:128:211:[m[K [01;31m[Kerror: [m[K‘[01m[Kstd::vector<PID_t> MotorController::pid_controllers[m[K’ is private within this context
[2.038s]   128 |     RCLCPP_INFO(this->get_logger(), " PID1  %lf  %lf  %lf   %lf  %lf   %lf", motorController.pid_controllers[0].Kp, motorController.pid_controllers[0].Ki, motorController.pid_controllers[0].Kd, motorController.[01;31m[Kpid_controllers[m[K[0].uk_1, motorController.pid_controllers[0].ek_1, motorController.pid_controllers[0].ek_2);
[2.038s]       |                                                                                                                                                                                                                   [01;31m[K^~~~~~~~~~~~~~~[m[K
[2.038s] [01m[K/home/ngochoan/dev_ws/src/cpp_interface/src/pid_node.cpp:67:22:[m[K [01;36m[Knote: [m[Kdeclared private here
[2.038s]    67 |   std::vector<PID_t> [01;36m[Kpid_controllers[m[K;
[2.038s]       |                      [01;36m[K^~~~~~~~~~~~~~~[m[K
[2.038s] In file included from [01m[K/opt/ros/humble/include/rclcpp/rclcpp/logging.hpp:24[m[K,
[2.038s]                  from [01m[K/opt/ros/humble/include/rclcpp/rclcpp/client.hpp:40[m[K,
[2.039s]                  from [01m[K/opt/ros/humble/include/rclcpp/rclcpp/callback_group.hpp:24[m[K,
[2.039s]                  from [01m[K/opt/ros/humble/include/rclcpp/rclcpp/any_executable.hpp:20[m[K,
[2.039s]                  from [01m[K/opt/ros/humble/include/rclcpp/rclcpp/memory_strategy.hpp:25[m[K,
[2.039s]                  from [01m[K/opt/ros/humble/include/rclcpp/rclcpp/memory_strategies.hpp:18[m[K,
[2.039s]                  from [01m[K/opt/ros/humble/include/rclcpp/rclcpp/executor_options.hpp:20[m[K,
[2.039s]                  from [01m[K/opt/ros/humble/include/rclcpp/rclcpp/executor.hpp:37[m[K,
[2.039s]                  from [01m[K/opt/ros/humble/include/rclcpp/rclcpp/executors/multi_threaded_executor.hpp:25[m[K,
[2.039s]                  from [01m[K/opt/ros/humble/include/rclcpp/rclcpp/executors.hpp:21[m[K,
[2.039s]                  from [01m[K/opt/ros/humble/include/rclcpp/rclcpp/rclcpp.hpp:155[m[K,
[2.039s]                  from [01m[K/home/ngochoan/dev_ws/src/cpp_interface/src/pid_node.cpp:13[m[K:
[2.039s] [01m[K/home/ngochoan/dev_ws/src/cpp_interface/src/pid_node.cpp:128:211:[m[K [01;36m[Knote: [m[Kfield ‘[01m[Kstd::vector<PID_t> MotorController::pid_controllers[m[K’ can be accessed via ‘[01m[Kstd::vector<PID_t>& MotorController::getPIDControllers()[m[K’
[2.039s]   128 |     RCLCPP_INFO(this->get_logger(), " PID1  %lf  %lf  %lf   %lf  %lf   %lf", motorController.pid_controllers[0].Kp, motorController.pid_controllers[0].Ki, motorController.pid_controllers[0].Kd, motorController.[01;36m[Kpid_controllers[m[K[0].uk_1, motorController.pid_controllers[0].ek_1, motorController.pid_controllers[0].ek_2);
[2.039s]       |                                                                                                                                                                                                                   [01;36m[K^~~~~~~~~~~~~~~[m[K
[2.039s] [01m[K/home/ngochoan/dev_ws/src/cpp_interface/src/pid_node.cpp:128:252:[m[K [01;31m[Kerror: [m[K‘[01m[Kstd::vector<PID_t> MotorController::pid_controllers[m[K’ is private within this context
[2.039s]   128 |     RCLCPP_INFO(this->get_logger(), " PID1  %lf  %lf  %lf   %lf  %lf   %lf", motorController.pid_controllers[0].Kp, motorController.pid_controllers[0].Ki, motorController.pid_controllers[0].Kd, motorController.pid_controllers[0].uk_1, motorController.[01;31m[Kpid_controllers[m[K[0].ek_1, motorController.pid_controllers[0].ek_2);
[2.039s]       |                                                                                                                                                                                                                                                            [01;31m[K^~~~~~~~~~~~~~~[m[K
[2.039s] [01m[K/home/ngochoan/dev_ws/src/cpp_interface/src/pid_node.cpp:67:22:[m[K [01;36m[Knote: [m[Kdeclared private here
[2.039s]    67 |   std::vector<PID_t> [01;36m[Kpid_controllers[m[K;
[2.039s]       |                      [01;36m[K^~~~~~~~~~~~~~~[m[K
[2.039s] In file included from [01m[K/opt/ros/humble/include/rclcpp/rclcpp/logging.hpp:24[m[K,
[2.039s]                  from [01m[K/opt/ros/humble/include/rclcpp/rclcpp/client.hpp:40[m[K,
[2.039s]                  from [01m[K/opt/ros/humble/include/rclcpp/rclcpp/callback_group.hpp:24[m[K,
[2.040s]                  from [01m[K/opt/ros/humble/include/rclcpp/rclcpp/any_executable.hpp:20[m[K,
[2.040s]                  from [01m[K/opt/ros/humble/include/rclcpp/rclcpp/memory_strategy.hpp:25[m[K,
[2.040s]                  from [01m[K/opt/ros/humble/include/rclcpp/rclcpp/memory_strategies.hpp:18[m[K,
[2.040s]                  from [01m[K/opt/ros/humble/include/rclcpp/rclcpp/executor_options.hpp:20[m[K,
[2.040s]                  from [01m[K/opt/ros/humble/include/rclcpp/rclcpp/executor.hpp:37[m[K,
[2.040s]                  from [01m[K/opt/ros/humble/include/rclcpp/rclcpp/executors/multi_threaded_executor.hpp:25[m[K,
[2.040s]                  from [01m[K/opt/ros/humble/include/rclcpp/rclcpp/executors.hpp:21[m[K,
[2.040s]                  from [01m[K/opt/ros/humble/include/rclcpp/rclcpp/rclcpp.hpp:155[m[K,
[2.040s]                  from [01m[K/home/ngochoan/dev_ws/src/cpp_interface/src/pid_node.cpp:13[m[K:
[2.040s] [01m[K/home/ngochoan/dev_ws/src/cpp_interface/src/pid_node.cpp:128:252:[m[K [01;36m[Knote: [m[Kfield ‘[01m[Kstd::vector<PID_t> MotorController::pid_controllers[m[K’ can be accessed via ‘[01m[Kstd::vector<PID_t>& MotorController::getPIDControllers()[m[K’
[2.040s]   128 |     RCLCPP_INFO(this->get_logger(), " PID1  %lf  %lf  %lf   %lf  %lf   %lf", motorController.pid_controllers[0].Kp, motorController.pid_controllers[0].Ki, motorController.pid_controllers[0].Kd, motorController.pid_controllers[0].uk_1, motorController.[01;36m[Kpid_controllers[m[K[0].ek_1, motorController.pid_controllers[0].ek_2);
[2.040s]       |                                                                                                                                                                                                                                                            [01;36m[K^~~~~~~~~~~~~~~[m[K
[2.040s] [01m[K/home/ngochoan/dev_ws/src/cpp_interface/src/pid_node.cpp:128:293:[m[K [01;31m[Kerror: [m[K‘[01m[Kstd::vector<PID_t> MotorController::pid_controllers[m[K’ is private within this context
[2.040s]   128 |     RCLCPP_INFO(this->get_logger(), " PID1  %lf  %lf  %lf   %lf  %lf   %lf", motorController.pid_controllers[0].Kp, motorController.pid_controllers[0].Ki, motorController.pid_controllers[0].Kd, motorController.pid_controllers[0].uk_1, motorController.pid_controllers[0].ek_1, motorController.[01;31m[Kpid_controllers[m[K[0].ek_2);
[2.040s]       |                                                                                                                                                                                                                                                                                                     [01;31m[K^~~~~~~~~~~~~~~[m[K
[2.040s] [01m[K/home/ngochoan/dev_ws/src/cpp_interface/src/pid_node.cpp:67:22:[m[K [01;36m[Knote: [m[Kdeclared private here
[2.040s]    67 |   std::vector<PID_t> [01;36m[Kpid_controllers[m[K;
[2.040s]       |                      [01;36m[K^~~~~~~~~~~~~~~[m[K
[2.041s] In file included from [01m[K/opt/ros/humble/include/rclcpp/rclcpp/logging.hpp:24[m[K,
[2.041s]                  from [01m[K/opt/ros/humble/include/rclcpp/rclcpp/client.hpp:40[m[K,
[2.041s]                  from [01m[K/opt/ros/humble/include/rclcpp/rclcpp/callback_group.hpp:24[m[K,
[2.041s]                  from [01m[K/opt/ros/humble/include/rclcpp/rclcpp/any_executable.hpp:20[m[K,
[2.041s]                  from [01m[K/opt/ros/humble/include/rclcpp/rclcpp/memory_strategy.hpp:25[m[K,
[2.041s]                  from [01m[K/opt/ros/humble/include/rclcpp/rclcpp/memory_strategies.hpp:18[m[K,
[2.041s]                  from [01m[K/opt/ros/humble/include/rclcpp/rclcpp/executor_options.hpp:20[m[K,
[2.041s]                  from [01m[K/opt/ros/humble/include/rclcpp/rclcpp/executor.hpp:37[m[K,
[2.041s]                  from [01m[K/opt/ros/humble/include/rclcpp/rclcpp/executors/multi_threaded_executor.hpp:25[m[K,
[2.041s]                  from [01m[K/opt/ros/humble/include/rclcpp/rclcpp/executors.hpp:21[m[K,
[2.041s]                  from [01m[K/opt/ros/humble/include/rclcpp/rclcpp/rclcpp.hpp:155[m[K,
[2.041s]                  from [01m[K/home/ngochoan/dev_ws/src/cpp_interface/src/pid_node.cpp:13[m[K:
[2.041s] [01m[K/home/ngochoan/dev_ws/src/cpp_interface/src/pid_node.cpp:128:293:[m[K [01;36m[Knote: [m[Kfield ‘[01m[Kstd::vector<PID_t> MotorController::pid_controllers[m[K’ can be accessed via ‘[01m[Kstd::vector<PID_t>& MotorController::getPIDControllers()[m[K’
[2.041s]   128 |     RCLCPP_INFO(this->get_logger(), " PID1  %lf  %lf  %lf   %lf  %lf   %lf", motorController.pid_controllers[0].Kp, motorController.pid_controllers[0].Ki, motorController.pid_controllers[0].Kd, motorController.pid_controllers[0].uk_1, motorController.pid_controllers[0].ek_1, motorController.[01;36m[Kpid_controllers[m[K[0].ek_2);
[2.041s]       |                                                                                                                                                                                                                                                                                                     [01;36m[K^~~~~~~~~~~~~~~[m[K
[2.041s] [01m[K/home/ngochoan/dev_ws/src/cpp_interface/src/pid_node.cpp:129:94:[m[K [01;31m[Kerror: [m[K‘[01m[Kstd::vector<PID_t> MotorController::pid_controllers[m[K’ is private within this context
[2.041s]   129 |     RCLCPP_INFO(this->get_logger(), " PID2  %lf  %lf  %lf   %lf  %lf   %lf", motorController.[01;31m[Kpid_controllers[m[K[1].Kp, motorController.pid_controllers[1].Ki, motorController.pid_controllers[1].Kd, motorController.pid_controllers[1].uk_1, motorController.pid_controllers[1].ek_1, motorController.pid_controllers[1].ek_2);
[2.041s]       |                                                                                              [01;31m[K^~~~~~~~~~~~~~~[m[K
[2.041s] [01m[K/home/ngochoan/dev_ws/src/cpp_interface/src/pid_node.cpp:67:22:[m[K [01;36m[Knote: [m[Kdeclared private here
[2.041s]    67 |   std::vector<PID_t> [01;36m[Kpid_controllers[m[K;
[2.041s]       |                      [01;36m[K^~~~~~~~~~~~~~~[m[K
[2.042s] In file included from [01m[K/opt/ros/humble/include/rclcpp/rclcpp/logging.hpp:24[m[K,
[2.042s]                  from [01m[K/opt/ros/humble/include/rclcpp/rclcpp/client.hpp:40[m[K,
[2.042s]                  from [01m[K/opt/ros/humble/include/rclcpp/rclcpp/callback_group.hpp:24[m[K,
[2.042s]                  from [01m[K/opt/ros/humble/include/rclcpp/rclcpp/any_executable.hpp:20[m[K,
[2.042s]                  from [01m[K/opt/ros/humble/include/rclcpp/rclcpp/memory_strategy.hpp:25[m[K,
[2.042s]                  from [01m[K/opt/ros/humble/include/rclcpp/rclcpp/memory_strategies.hpp:18[m[K,
[2.042s]                  from [01m[K/opt/ros/humble/include/rclcpp/rclcpp/executor_options.hpp:20[m[K,
[2.042s]                  from [01m[K/opt/ros/humble/include/rclcpp/rclcpp/executor.hpp:37[m[K,
[2.042s]                  from [01m[K/opt/ros/humble/include/rclcpp/rclcpp/executors/multi_threaded_executor.hpp:25[m[K,
[2.042s]                  from [01m[K/opt/ros/humble/include/rclcpp/rclcpp/executors.hpp:21[m[K,
[2.042s]                  from [01m[K/opt/ros/humble/include/rclcpp/rclcpp/rclcpp.hpp:155[m[K,
[2.042s]                  from [01m[K/home/ngochoan/dev_ws/src/cpp_interface/src/pid_node.cpp:13[m[K:
[2.042s] [01m[K/home/ngochoan/dev_ws/src/cpp_interface/src/pid_node.cpp:129:94:[m[K [01;36m[Knote: [m[Kfield ‘[01m[Kstd::vector<PID_t> MotorController::pid_controllers[m[K’ can be accessed via ‘[01m[Kstd::vector<PID_t>& MotorController::getPIDControllers()[m[K’
[2.042s]   129 |     RCLCPP_INFO(this->get_logger(), " PID2  %lf  %lf  %lf   %lf  %lf   %lf", motorController.[01;36m[Kpid_controllers[m[K[1].Kp, motorController.pid_controllers[1].Ki, motorController.pid_controllers[1].Kd, motorController.pid_controllers[1].uk_1, motorController.pid_controllers[1].ek_1, motorController.pid_controllers[1].ek_2);
[2.042s]       |                                                                                              [01;36m[K^~~~~~~~~~~~~~~[m[K
[2.042s] [01m[K/home/ngochoan/dev_ws/src/cpp_interface/src/pid_node.cpp:129:133:[m[K [01;31m[Kerror: [m[K‘[01m[Kstd::vector<PID_t> MotorController::pid_controllers[m[K’ is private within this context
[2.042s]   129 |     RCLCPP_INFO(this->get_logger(), " PID2  %lf  %lf  %lf   %lf  %lf   %lf", motorController.pid_controllers[1].Kp, motorController.[01;31m[Kpid_controllers[m[K[1].Ki, motorController.pid_controllers[1].Kd, motorController.pid_controllers[1].uk_1, motorController.pid_controllers[1].ek_1, motorController.pid_controllers[1].ek_2);
[2.042s]       |                                                                                                                                     [01;31m[K^~~~~~~~~~~~~~~[m[K
[2.042s] [01m[K/home/ngochoan/dev_ws/src/cpp_interface/src/pid_node.cpp:67:22:[m[K [01;36m[Knote: [m[Kdeclared private here
[2.042s]    67 |   std::vector<PID_t> [01;36m[Kpid_controllers[m[K;
[2.043s]       |                      [01;36m[K^~~~~~~~~~~~~~~[m[K
[2.043s] In file included from [01m[K/opt/ros/humble/include/rclcpp/rclcpp/logging.hpp:24[m[K,
[2.043s]                  from [01m[K/opt/ros/humble/include/rclcpp/rclcpp/client.hpp:40[m[K,
[2.043s]                  from [01m[K/opt/ros/humble/include/rclcpp/rclcpp/callback_group.hpp:24[m[K,
[2.043s]                  from [01m[K/opt/ros/humble/include/rclcpp/rclcpp/any_executable.hpp:20[m[K,
[2.043s]                  from [01m[K/opt/ros/humble/include/rclcpp/rclcpp/memory_strategy.hpp:25[m[K,
[2.043s]                  from [01m[K/opt/ros/humble/include/rclcpp/rclcpp/memory_strategies.hpp:18[m[K,
[2.043s]                  from [01m[K/opt/ros/humble/include/rclcpp/rclcpp/executor_options.hpp:20[m[K,
[2.043s]                  from [01m[K/opt/ros/humble/include/rclcpp/rclcpp/executor.hpp:37[m[K,
[2.043s]                  from [01m[K/opt/ros/humble/include/rclcpp/rclcpp/executors/multi_threaded_executor.hpp:25[m[K,
[2.043s]                  from [01m[K/opt/ros/humble/include/rclcpp/rclcpp/executors.hpp:21[m[K,
[2.043s]                  from [01m[K/opt/ros/humble/include/rclcpp/rclcpp/rclcpp.hpp:155[m[K,
[2.043s]                  from [01m[K/home/ngochoan/dev_ws/src/cpp_interface/src/pid_node.cpp:13[m[K:
[2.043s] [01m[K/home/ngochoan/dev_ws/src/cpp_interface/src/pid_node.cpp:129:133:[m[K [01;36m[Knote: [m[Kfield ‘[01m[Kstd::vector<PID_t> MotorController::pid_controllers[m[K’ can be accessed via ‘[01m[Kstd::vector<PID_t>& MotorController::getPIDControllers()[m[K’
[2.043s]   129 |     RCLCPP_INFO(this->get_logger(), " PID2  %lf  %lf  %lf   %lf  %lf   %lf", motorController.pid_controllers[1].Kp, motorController.[01;36m[Kpid_controllers[m[K[1].Ki, motorController.pid_controllers[1].Kd, motorController.pid_controllers[1].uk_1, motorController.pid_controllers[1].ek_1, motorController.pid_controllers[1].ek_2);
[2.043s]       |                                                                                                                                     [01;36m[K^~~~~~~~~~~~~~~[m[K
[2.043s] [01m[K/home/ngochoan/dev_ws/src/cpp_interface/src/pid_node.cpp:129:172:[m[K [01;31m[Kerror: [m[K‘[01m[Kstd::vector<PID_t> MotorController::pid_controllers[m[K’ is private within this context
[2.043s]   129 |     RCLCPP_INFO(this->get_logger(), " PID2  %lf  %lf  %lf   %lf  %lf   %lf", motorController.pid_controllers[1].Kp, motorController.pid_controllers[1].Ki, motorController.[01;31m[Kpid_controllers[m[K[1].Kd, motorController.pid_controllers[1].uk_1, motorController.pid_controllers[1].ek_1, motorController.pid_controllers[1].ek_2);
[2.043s]       |                                                                                                                                                                            [01;31m[K^~~~~~~~~~~~~~~[m[K
[2.043s] [01m[K/home/ngochoan/dev_ws/src/cpp_interface/src/pid_node.cpp:67:22:[m[K [01;36m[Knote: [m[Kdeclared private here
[2.043s]    67 |   std::vector<PID_t> [01;36m[Kpid_controllers[m[K;
[2.044s]       |                      [01;36m[K^~~~~~~~~~~~~~~[m[K
[2.044s] In file included from [01m[K/opt/ros/humble/include/rclcpp/rclcpp/logging.hpp:24[m[K,
[2.044s]                  from [01m[K/opt/ros/humble/include/rclcpp/rclcpp/client.hpp:40[m[K,
[2.044s]                  from [01m[K/opt/ros/humble/include/rclcpp/rclcpp/callback_group.hpp:24[m[K,
[2.044s]                  from [01m[K/opt/ros/humble/include/rclcpp/rclcpp/any_executable.hpp:20[m[K,
[2.044s]                  from [01m[K/opt/ros/humble/include/rclcpp/rclcpp/memory_strategy.hpp:25[m[K,
[2.044s]                  from [01m[K/opt/ros/humble/include/rclcpp/rclcpp/memory_strategies.hpp:18[m[K,
[2.044s]                  from [01m[K/opt/ros/humble/include/rclcpp/rclcpp/executor_options.hpp:20[m[K,
[2.044s]                  from [01m[K/opt/ros/humble/include/rclcpp/rclcpp/executor.hpp:37[m[K,
[2.044s]                  from [01m[K/opt/ros/humble/include/rclcpp/rclcpp/executors/multi_threaded_executor.hpp:25[m[K,
[2.044s]                  from [01m[K/opt/ros/humble/include/rclcpp/rclcpp/executors.hpp:21[m[K,
[2.044s]                  from [01m[K/opt/ros/humble/include/rclcpp/rclcpp/rclcpp.hpp:155[m[K,
[2.044s]                  from [01m[K/home/ngochoan/dev_ws/src/cpp_interface/src/pid_node.cpp:13[m[K:
[2.044s] [01m[K/home/ngochoan/dev_ws/src/cpp_interface/src/pid_node.cpp:129:172:[m[K [01;36m[Knote: [m[Kfield ‘[01m[Kstd::vector<PID_t> MotorController::pid_controllers[m[K’ can be accessed via ‘[01m[Kstd::vector<PID_t>& MotorController::getPIDControllers()[m[K’
[2.044s]   129 |     RCLCPP_INFO(this->get_logger(), " PID2  %lf  %lf  %lf   %lf  %lf   %lf", motorController.pid_controllers[1].Kp, motorController.pid_controllers[1].Ki, motorController.[01;36m[Kpid_controllers[m[K[1].Kd, motorController.pid_controllers[1].uk_1, motorController.pid_controllers[1].ek_1, motorController.pid_controllers[1].ek_2);
[2.044s]       |                                                                                                                                                                            [01;36m[K^~~~~~~~~~~~~~~[m[K
[2.044s] [01m[K/home/ngochoan/dev_ws/src/cpp_interface/src/pid_node.cpp:129:211:[m[K [01;31m[Kerror: [m[K‘[01m[Kstd::vector<PID_t> MotorController::pid_controllers[m[K’ is private within this context
[2.044s]   129 |     RCLCPP_INFO(this->get_logger(), " PID2  %lf  %lf  %lf   %lf  %lf   %lf", motorController.pid_controllers[1].Kp, motorController.pid_controllers[1].Ki, motorController.pid_controllers[1].Kd, motorController.[01;31m[Kpid_controllers[m[K[1].uk_1, motorController.pid_controllers[1].ek_1, motorController.pid_controllers[1].ek_2);
[2.045s]       |                                                                                                                                                                                                                   [01;31m[K^~~~~~~~~~~~~~~[m[K
[2.045s] [01m[K/home/ngochoan/dev_ws/src/cpp_interface/src/pid_node.cpp:67:22:[m[K [01;36m[Knote: [m[Kdeclared private here
[2.045s]    67 |   std::vector<PID_t> [01;36m[Kpid_controllers[m[K;
[2.045s]       |                      [01;36m[K^~~~~~~~~~~~~~~[m[K
[2.045s] In file included from [01m[K/opt/ros/humble/include/rclcpp/rclcpp/logging.hpp:24[m[K,
[2.045s]                  from [01m[K/opt/ros/humble/include/rclcpp/rclcpp/client.hpp:40[m[K,
[2.045s]                  from [01m[K/opt/ros/humble/include/rclcpp/rclcpp/callback_group.hpp:24[m[K,
[2.045s]                  from [01m[K/opt/ros/humble/include/rclcpp/rclcpp/any_executable.hpp:20[m[K,
[2.045s]                  from [01m[K/opt/ros/humble/include/rclcpp/rclcpp/memory_strategy.hpp:25[m[K,
[2.045s]                  from [01m[K/opt/ros/humble/include/rclcpp/rclcpp/memory_strategies.hpp:18[m[K,
[2.045s]                  from [01m[K/opt/ros/humble/include/rclcpp/rclcpp/executor_options.hpp:20[m[K,
[2.045s]                  from [01m[K/opt/ros/humble/include/rclcpp/rclcpp/executor.hpp:37[m[K,
[2.045s]                  from [01m[K/opt/ros/humble/include/rclcpp/rclcpp/executors/multi_threaded_executor.hpp:25[m[K,
[2.045s]                  from [01m[K/opt/ros/humble/include/rclcpp/rclcpp/executors.hpp:21[m[K,
[2.045s]                  from [01m[K/opt/ros/humble/include/rclcpp/rclcpp/rclcpp.hpp:155[m[K,
[2.045s]                  from [01m[K/home/ngochoan/dev_ws/src/cpp_interface/src/pid_node.cpp:13[m[K:
[2.045s] [01m[K/home/ngochoan/dev_ws/src/cpp_interface/src/pid_node.cpp:129:211:[m[K [01;36m[Knote: [m[Kfield ‘[01m[Kstd::vector<PID_t> MotorController::pid_controllers[m[K’ can be accessed via ‘[01m[Kstd::vector<PID_t>& MotorController::getPIDControllers()[m[K’
[2.045s]   129 |     RCLCPP_INFO(this->get_logger(), " PID2  %lf  %lf  %lf   %lf  %lf   %lf", motorController.pid_controllers[1].Kp, motorController.pid_controllers[1].Ki, motorController.pid_controllers[1].Kd, motorController.[01;36m[Kpid_controllers[m[K[1].uk_1, motorController.pid_controllers[1].ek_1, motorController.pid_controllers[1].ek_2);
[2.045s]       |                                                                                                                                                                                                                   [01;36m[K^~~~~~~~~~~~~~~[m[K
[2.045s] [01m[K/home/ngochoan/dev_ws/src/cpp_interface/src/pid_node.cpp:129:252:[m[K [01;31m[Kerror: [m[K‘[01m[Kstd::vector<PID_t> MotorController::pid_controllers[m[K’ is private within this context
[2.045s]   129 |     RCLCPP_INFO(this->get_logger(), " PID2  %lf  %lf  %lf   %lf  %lf   %lf", motorController.pid_controllers[1].Kp, motorController.pid_controllers[1].Ki, motorController.pid_controllers[1].Kd, motorController.pid_controllers[1].uk_1, motorController.[01;31m[Kpid_controllers[m[K[1].ek_1, motorController.pid_controllers[1].ek_2);
[2.046s]       |                                                                                                                                                                                                                                                            [01;31m[K^~~~~~~~~~~~~~~[m[K
[2.046s] [01m[K/home/ngochoan/dev_ws/src/cpp_interface/src/pid_node.cpp:67:22:[m[K [01;36m[Knote: [m[Kdeclared private here
[2.046s]    67 |   std::vector<PID_t> [01;36m[Kpid_controllers[m[K;
[2.046s]       |                      [01;36m[K^~~~~~~~~~~~~~~[m[K
[2.046s] In file included from [01m[K/opt/ros/humble/include/rclcpp/rclcpp/logging.hpp:24[m[K,
[2.046s]                  from [01m[K/opt/ros/humble/include/rclcpp/rclcpp/client.hpp:40[m[K,
[2.046s]                  from [01m[K/opt/ros/humble/include/rclcpp/rclcpp/callback_group.hpp:24[m[K,
[2.046s]                  from [01m[K/opt/ros/humble/include/rclcpp/rclcpp/any_executable.hpp:20[m[K,
[2.046s]                  from [01m[K/opt/ros/humble/include/rclcpp/rclcpp/memory_strategy.hpp:25[m[K,
[2.046s]                  from [01m[K/opt/ros/humble/include/rclcpp/rclcpp/memory_strategies.hpp:18[m[K,
[2.046s]                  from [01m[K/opt/ros/humble/include/rclcpp/rclcpp/executor_options.hpp:20[m[K,
[2.046s]                  from [01m[K/opt/ros/humble/include/rclcpp/rclcpp/executor.hpp:37[m[K,
[2.046s]                  from [01m[K/opt/ros/humble/include/rclcpp/rclcpp/executors/multi_threaded_executor.hpp:25[m[K,
[2.046s]                  from [01m[K/opt/ros/humble/include/rclcpp/rclcpp/executors.hpp:21[m[K,
[2.046s]                  from [01m[K/opt/ros/humble/include/rclcpp/rclcpp/rclcpp.hpp:155[m[K,
[2.046s]                  from [01m[K/home/ngochoan/dev_ws/src/cpp_interface/src/pid_node.cpp:13[m[K:
[2.046s] [01m[K/home/ngochoan/dev_ws/src/cpp_interface/src/pid_node.cpp:129:252:[m[K [01;36m[Knote: [m[Kfield ‘[01m[Kstd::vector<PID_t> MotorController::pid_controllers[m[K’ can be accessed via ‘[01m[Kstd::vector<PID_t>& MotorController::getPIDControllers()[m[K’
[2.046s]   129 |     RCLCPP_INFO(this->get_logger(), " PID2  %lf  %lf  %lf   %lf  %lf   %lf", motorController.pid_controllers[1].Kp, motorController.pid_controllers[1].Ki, motorController.pid_controllers[1].Kd, motorController.pid_controllers[1].uk_1, motorController.[01;36m[Kpid_controllers[m[K[1].ek_1, motorController.pid_controllers[1].ek_2);
[2.046s]       |                                                                                                                                                                                                                                                            [01;36m[K^~~~~~~~~~~~~~~[m[K
[2.046s] [01m[K/home/ngochoan/dev_ws/src/cpp_interface/src/pid_node.cpp:129:293:[m[K [01;31m[Kerror: [m[K‘[01m[Kstd::vector<PID_t> MotorController::pid_controllers[m[K’ is private within this context
[2.046s]   129 |     RCLCPP_INFO(this->get_logger(), " PID2  %lf  %lf  %lf   %lf  %lf   %lf", motorController.pid_controllers[1].Kp, motorController.pid_controllers[1].Ki, motorController.pid_controllers[1].Kd, motorController.pid_controllers[1].uk_1, motorController.pid_controllers[1].ek_1, motorController.[01;31m[Kpid_controllers[m[K[1].ek_2);
[2.047s]       |                                                                                                                                                                                                                                                                                                     [01;31m[K^~~~~~~~~~~~~~~[m[K
[2.047s] [01m[K/home/ngochoan/dev_ws/src/cpp_interface/src/pid_node.cpp:67:22:[m[K [01;36m[Knote: [m[Kdeclared private here
[2.047s]    67 |   std::vector<PID_t> [01;36m[Kpid_controllers[m[K;
[2.047s]       |                      [01;36m[K^~~~~~~~~~~~~~~[m[K
[2.047s] In file included from [01m[K/opt/ros/humble/include/rclcpp/rclcpp/logging.hpp:24[m[K,
[2.047s]                  from [01m[K/opt/ros/humble/include/rclcpp/rclcpp/client.hpp:40[m[K,
[2.047s]                  from [01m[K/opt/ros/humble/include/rclcpp/rclcpp/callback_group.hpp:24[m[K,
[2.047s]                  from [01m[K/opt/ros/humble/include/rclcpp/rclcpp/any_executable.hpp:20[m[K,
[2.047s]                  from [01m[K/opt/ros/humble/include/rclcpp/rclcpp/memory_strategy.hpp:25[m[K,
[2.047s]                  from [01m[K/opt/ros/humble/include/rclcpp/rclcpp/memory_strategies.hpp:18[m[K,
[2.047s]                  from [01m[K/opt/ros/humble/include/rclcpp/rclcpp/executor_options.hpp:20[m[K,
[2.047s]                  from [01m[K/opt/ros/humble/include/rclcpp/rclcpp/executor.hpp:37[m[K,
[2.047s]                  from [01m[K/opt/ros/humble/include/rclcpp/rclcpp/executors/multi_threaded_executor.hpp:25[m[K,
[2.047s]                  from [01m[K/opt/ros/humble/include/rclcpp/rclcpp/executors.hpp:21[m[K,
[2.047s]                  from [01m[K/opt/ros/humble/include/rclcpp/rclcpp/rclcpp.hpp:155[m[K,
[2.047s]                  from [01m[K/home/ngochoan/dev_ws/src/cpp_interface/src/pid_node.cpp:13[m[K:
[2.047s] [01m[K/home/ngochoan/dev_ws/src/cpp_interface/src/pid_node.cpp:129:293:[m[K [01;36m[Knote: [m[Kfield ‘[01m[Kstd::vector<PID_t> MotorController::pid_controllers[m[K’ can be accessed via ‘[01m[Kstd::vector<PID_t>& MotorController::getPIDControllers()[m[K’
[2.047s]   129 |     RCLCPP_INFO(this->get_logger(), " PID2  %lf  %lf  %lf   %lf  %lf   %lf", motorController.pid_controllers[1].Kp, motorController.pid_controllers[1].Ki, motorController.pid_controllers[1].Kd, motorController.pid_controllers[1].uk_1, motorController.pid_controllers[1].ek_1, motorController.[01;36m[Kpid_controllers[m[K[1].ek_2);
[2.047s]       |                                                                                                                                                                                                                                                                                                     [01;36m[K^~~~~~~~~~~~~~~[m[K
[2.047s] [01m[K/home/ngochoan/dev_ws/src/cpp_interface/src/pid_node.cpp:130:94:[m[K [01;31m[Kerror: [m[K‘[01m[Kstd::vector<PID_t> MotorController::pid_controllers[m[K’ is private within this context
[2.048s]   130 |     RCLCPP_INFO(this->get_logger(), " PID3  %lf  %lf  %lf   %lf  %lf   %lf", motorController.[01;31m[Kpid_controllers[m[K[2].Kp, motorController.pid_controllers[2].Ki, motorController.pid_controllers[2].Kd, motorController.pid_controllers[2].uk_1, motorController.pid_controllers[2].ek_1, motorController.pid_controllers[2].ek_2);
[2.048s]       |                                                                                              [01;31m[K^~~~~~~~~~~~~~~[m[K
[2.048s] [01m[K/home/ngochoan/dev_ws/src/cpp_interface/src/pid_node.cpp:67:22:[m[K [01;36m[Knote: [m[Kdeclared private here
[2.048s]    67 |   std::vector<PID_t> [01;36m[Kpid_controllers[m[K;
[2.048s]       |                      [01;36m[K^~~~~~~~~~~~~~~[m[K
[2.048s] In file included from [01m[K/opt/ros/humble/include/rclcpp/rclcpp/logging.hpp:24[m[K,
[2.048s]                  from [01m[K/opt/ros/humble/include/rclcpp/rclcpp/client.hpp:40[m[K,
[2.048s]                  from [01m[K/opt/ros/humble/include/rclcpp/rclcpp/callback_group.hpp:24[m[K,
[2.048s]                  from [01m[K/opt/ros/humble/include/rclcpp/rclcpp/any_executable.hpp:20[m[K,
[2.048s]                  from [01m[K/opt/ros/humble/include/rclcpp/rclcpp/memory_strategy.hpp:25[m[K,
[2.048s]                  from [01m[K/opt/ros/humble/include/rclcpp/rclcpp/memory_strategies.hpp:18[m[K,
[2.048s]                  from [01m[K/opt/ros/humble/include/rclcpp/rclcpp/executor_options.hpp:20[m[K,
[2.048s]                  from [01m[K/opt/ros/humble/include/rclcpp/rclcpp/executor.hpp:37[m[K,
[2.048s]                  from [01m[K/opt/ros/humble/include/rclcpp/rclcpp/executors/multi_threaded_executor.hpp:25[m[K,
[2.048s]                  from [01m[K/opt/ros/humble/include/rclcpp/rclcpp/executors.hpp:21[m[K,
[2.048s]                  from [01m[K/opt/ros/humble/include/rclcpp/rclcpp/rclcpp.hpp:155[m[K,
[2.048s]                  from [01m[K/home/ngochoan/dev_ws/src/cpp_interface/src/pid_node.cpp:13[m[K:
[2.048s] [01m[K/home/ngochoan/dev_ws/src/cpp_interface/src/pid_node.cpp:130:94:[m[K [01;36m[Knote: [m[Kfield ‘[01m[Kstd::vector<PID_t> MotorController::pid_controllers[m[K’ can be accessed via ‘[01m[Kstd::vector<PID_t>& MotorController::getPIDControllers()[m[K’
[2.048s]   130 |     RCLCPP_INFO(this->get_logger(), " PID3  %lf  %lf  %lf   %lf  %lf   %lf", motorController.[01;36m[Kpid_controllers[m[K[2].Kp, motorController.pid_controllers[2].Ki, motorController.pid_controllers[2].Kd, motorController.pid_controllers[2].uk_1, motorController.pid_controllers[2].ek_1, motorController.pid_controllers[2].ek_2);
[2.048s]       |                                                                                              [01;36m[K^~~~~~~~~~~~~~~[m[K
[2.048s] [01m[K/home/ngochoan/dev_ws/src/cpp_interface/src/pid_node.cpp:130:133:[m[K [01;31m[Kerror: [m[K‘[01m[Kstd::vector<PID_t> MotorController::pid_controllers[m[K’ is private within this context
[2.049s]   130 |     RCLCPP_INFO(this->get_logger(), " PID3  %lf  %lf  %lf   %lf  %lf   %lf", motorController.pid_controllers[2].Kp, motorController.[01;31m[Kpid_controllers[m[K[2].Ki, motorController.pid_controllers[2].Kd, motorController.pid_controllers[2].uk_1, motorController.pid_controllers[2].ek_1, motorController.pid_controllers[2].ek_2);
[2.049s]       |                                                                                                                                     [01;31m[K^~~~~~~~~~~~~~~[m[K
[2.049s] [01m[K/home/ngochoan/dev_ws/src/cpp_interface/src/pid_node.cpp:67:22:[m[K [01;36m[Knote: [m[Kdeclared private here
[2.049s]    67 |   std::vector<PID_t> [01;36m[Kpid_controllers[m[K;
[2.049s]       |                      [01;36m[K^~~~~~~~~~~~~~~[m[K
[2.049s] In file included from [01m[K/opt/ros/humble/include/rclcpp/rclcpp/logging.hpp:24[m[K,
[2.049s]                  from [01m[K/opt/ros/humble/include/rclcpp/rclcpp/client.hpp:40[m[K,
[2.049s]                  from [01m[K/opt/ros/humble/include/rclcpp/rclcpp/callback_group.hpp:24[m[K,
[2.049s]                  from [01m[K/opt/ros/humble/include/rclcpp/rclcpp/any_executable.hpp:20[m[K,
[2.049s]                  from [01m[K/opt/ros/humble/include/rclcpp/rclcpp/memory_strategy.hpp:25[m[K,
[2.049s]                  from [01m[K/opt/ros/humble/include/rclcpp/rclcpp/memory_strategies.hpp:18[m[K,
[2.049s]                  from [01m[K/opt/ros/humble/include/rclcpp/rclcpp/executor_options.hpp:20[m[K,
[2.049s]                  from [01m[K/opt/ros/humble/include/rclcpp/rclcpp/executor.hpp:37[m[K,
[2.049s]                  from [01m[K/opt/ros/humble/include/rclcpp/rclcpp/executors/multi_threaded_executor.hpp:25[m[K,
[2.049s]                  from [01m[K/opt/ros/humble/include/rclcpp/rclcpp/executors.hpp:21[m[K,
[2.049s]                  from [01m[K/opt/ros/humble/include/rclcpp/rclcpp/rclcpp.hpp:155[m[K,
[2.049s]                  from [01m[K/home/ngochoan/dev_ws/src/cpp_interface/src/pid_node.cpp:13[m[K:
[2.049s] [01m[K/home/ngochoan/dev_ws/src/cpp_interface/src/pid_node.cpp:130:133:[m[K [01;36m[Knote: [m[Kfield ‘[01m[Kstd::vector<PID_t> MotorController::pid_controllers[m[K’ can be accessed via ‘[01m[Kstd::vector<PID_t>& MotorController::getPIDControllers()[m[K’
[2.049s]   130 |     RCLCPP_INFO(this->get_logger(), " PID3  %lf  %lf  %lf   %lf  %lf   %lf", motorController.pid_controllers[2].Kp, motorController.[01;36m[Kpid_controllers[m[K[2].Ki, motorController.pid_controllers[2].Kd, motorController.pid_controllers[2].uk_1, motorController.pid_controllers[2].ek_1, motorController.pid_controllers[2].ek_2);
[2.049s]       |                                                                                                                                     [01;36m[K^~~~~~~~~~~~~~~[m[K
[2.049s] [01m[K/home/ngochoan/dev_ws/src/cpp_interface/src/pid_node.cpp:130:172:[m[K [01;31m[Kerror: [m[K‘[01m[Kstd::vector<PID_t> MotorController::pid_controllers[m[K’ is private within this context
[2.049s]   130 |     RCLCPP_INFO(this->get_logger(), " PID3  %lf  %lf  %lf   %lf  %lf   %lf", motorController.pid_controllers[2].Kp, motorController.pid_controllers[2].Ki, motorController.[01;31m[Kpid_controllers[m[K[2].Kd, motorController.pid_controllers[2].uk_1, motorController.pid_controllers[2].ek_1, motorController.pid_controllers[2].ek_2);
[2.050s]       |                                                                                                                                                                            [01;31m[K^~~~~~~~~~~~~~~[m[K
[2.050s] [01m[K/home/ngochoan/dev_ws/src/cpp_interface/src/pid_node.cpp:67:22:[m[K [01;36m[Knote: [m[Kdeclared private here
[2.050s]    67 |   std::vector<PID_t> [01;36m[Kpid_controllers[m[K;
[2.050s]       |                      [01;36m[K^~~~~~~~~~~~~~~[m[K
[2.050s] In file included from [01m[K/opt/ros/humble/include/rclcpp/rclcpp/logging.hpp:24[m[K,
[2.050s]                  from [01m[K/opt/ros/humble/include/rclcpp/rclcpp/client.hpp:40[m[K,
[2.050s]                  from [01m[K/opt/ros/humble/include/rclcpp/rclcpp/callback_group.hpp:24[m[K,
[2.050s]                  from [01m[K/opt/ros/humble/include/rclcpp/rclcpp/any_executable.hpp:20[m[K,
[2.050s]                  from [01m[K/opt/ros/humble/include/rclcpp/rclcpp/memory_strategy.hpp:25[m[K,
[2.050s]                  from [01m[K/opt/ros/humble/include/rclcpp/rclcpp/memory_strategies.hpp:18[m[K,
[2.050s]                  from [01m[K/opt/ros/humble/include/rclcpp/rclcpp/executor_options.hpp:20[m[K,
[2.050s]                  from [01m[K/opt/ros/humble/include/rclcpp/rclcpp/executor.hpp:37[m[K,
[2.050s]                  from [01m[K/opt/ros/humble/include/rclcpp/rclcpp/executors/multi_threaded_executor.hpp:25[m[K,
[2.050s]                  from [01m[K/opt/ros/humble/include/rclcpp/rclcpp/executors.hpp:21[m[K,
[2.050s]                  from [01m[K/opt/ros/humble/include/rclcpp/rclcpp/rclcpp.hpp:155[m[K,
[2.050s]                  from [01m[K/home/ngochoan/dev_ws/src/cpp_interface/src/pid_node.cpp:13[m[K:
[2.050s] [01m[K/home/ngochoan/dev_ws/src/cpp_interface/src/pid_node.cpp:130:172:[m[K [01;36m[Knote: [m[Kfield ‘[01m[Kstd::vector<PID_t> MotorController::pid_controllers[m[K’ can be accessed via ‘[01m[Kstd::vector<PID_t>& MotorController::getPIDControllers()[m[K’
[2.050s]   130 |     RCLCPP_INFO(this->get_logger(), " PID3  %lf  %lf  %lf   %lf  %lf   %lf", motorController.pid_controllers[2].Kp, motorController.pid_controllers[2].Ki, motorController.[01;36m[Kpid_controllers[m[K[2].Kd, motorController.pid_controllers[2].uk_1, motorController.pid_controllers[2].ek_1, motorController.pid_controllers[2].ek_2);
[2.050s]       |                                                                                                                                                                            [01;36m[K^~~~~~~~~~~~~~~[m[K
[2.050s] [01m[K/home/ngochoan/dev_ws/src/cpp_interface/src/pid_node.cpp:130:211:[m[K [01;31m[Kerror: [m[K‘[01m[Kstd::vector<PID_t> MotorController::pid_controllers[m[K’ is private within this context
[2.050s]   130 |     RCLCPP_INFO(this->get_logger(), " PID3  %lf  %lf  %lf   %lf  %lf   %lf", motorController.pid_controllers[2].Kp, motorController.pid_controllers[2].Ki, motorController.pid_controllers[2].Kd, motorController.[01;31m[Kpid_controllers[m[K[2].uk_1, motorController.pid_controllers[2].ek_1, motorController.pid_controllers[2].ek_2);
[2.051s]       |                                                                                                                                                                                                                   [01;31m[K^~~~~~~~~~~~~~~[m[K
[2.051s] [01m[K/home/ngochoan/dev_ws/src/cpp_interface/src/pid_node.cpp:67:22:[m[K [01;36m[Knote: [m[Kdeclared private here
[2.051s]    67 |   std::vector<PID_t> [01;36m[Kpid_controllers[m[K;
[2.051s]       |                      [01;36m[K^~~~~~~~~~~~~~~[m[K
[2.051s] In file included from [01m[K/opt/ros/humble/include/rclcpp/rclcpp/logging.hpp:24[m[K,
[2.051s]                  from [01m[K/opt/ros/humble/include/rclcpp/rclcpp/client.hpp:40[m[K,
[2.051s]                  from [01m[K/opt/ros/humble/include/rclcpp/rclcpp/callback_group.hpp:24[m[K,
[2.051s]                  from [01m[K/opt/ros/humble/include/rclcpp/rclcpp/any_executable.hpp:20[m[K,
[2.051s]                  from [01m[K/opt/ros/humble/include/rclcpp/rclcpp/memory_strategy.hpp:25[m[K,
[2.051s]                  from [01m[K/opt/ros/humble/include/rclcpp/rclcpp/memory_strategies.hpp:18[m[K,
[2.051s]                  from [01m[K/opt/ros/humble/include/rclcpp/rclcpp/executor_options.hpp:20[m[K,
[2.051s]                  from [01m[K/opt/ros/humble/include/rclcpp/rclcpp/executor.hpp:37[m[K,
[2.051s]                  from [01m[K/opt/ros/humble/include/rclcpp/rclcpp/executors/multi_threaded_executor.hpp:25[m[K,
[2.051s]                  from [01m[K/opt/ros/humble/include/rclcpp/rclcpp/executors.hpp:21[m[K,
[2.051s]                  from [01m[K/opt/ros/humble/include/rclcpp/rclcpp/rclcpp.hpp:155[m[K,
[2.051s]                  from [01m[K/home/ngochoan/dev_ws/src/cpp_interface/src/pid_node.cpp:13[m[K:
[2.051s] [01m[K/home/ngochoan/dev_ws/src/cpp_interface/src/pid_node.cpp:130:211:[m[K [01;36m[Knote: [m[Kfield ‘[01m[Kstd::vector<PID_t> MotorController::pid_controllers[m[K’ can be accessed via ‘[01m[Kstd::vector<PID_t>& MotorController::getPIDControllers()[m[K’
[2.051s]   130 |     RCLCPP_INFO(this->get_logger(), " PID3  %lf  %lf  %lf   %lf  %lf   %lf", motorController.pid_controllers[2].Kp, motorController.pid_controllers[2].Ki, motorController.pid_controllers[2].Kd, motorController.[01;36m[Kpid_controllers[m[K[2].uk_1, motorController.pid_controllers[2].ek_1, motorController.pid_controllers[2].ek_2);
[2.052s]       |                                                                                                                                                                                                                   [01;36m[K^~~~~~~~~~~~~~~[m[K
[2.052s] [01m[K/home/ngochoan/dev_ws/src/cpp_interface/src/pid_node.cpp:130:252:[m[K [01;31m[Kerror: [m[K‘[01m[Kstd::vector<PID_t> MotorController::pid_controllers[m[K’ is private within this context
[2.052s]   130 |     RCLCPP_INFO(this->get_logger(), " PID3  %lf  %lf  %lf   %lf  %lf   %lf", motorController.pid_controllers[2].Kp, motorController.pid_controllers[2].Ki, motorController.pid_controllers[2].Kd, motorController.pid_controllers[2].uk_1, motorController.[01;31m[Kpid_controllers[m[K[2].ek_1, motorController.pid_controllers[2].ek_2);
[2.052s]       |                                                                                                                                                                                                                                                            [01;31m[K^~~~~~~~~~~~~~~[m[K
[2.052s] [01m[K/home/ngochoan/dev_ws/src/cpp_interface/src/pid_node.cpp:67:22:[m[K [01;36m[Knote: [m[Kdeclared private here
[2.052s]    67 |   std::vector<PID_t> [01;36m[Kpid_controllers[m[K;
[2.052s]       |                      [01;36m[K^~~~~~~~~~~~~~~[m[K
[2.052s] In file included from [01m[K/opt/ros/humble/include/rclcpp/rclcpp/logging.hpp:24[m[K,
[2.052s]                  from [01m[K/opt/ros/humble/include/rclcpp/rclcpp/client.hpp:40[m[K,
[2.052s]                  from [01m[K/opt/ros/humble/include/rclcpp/rclcpp/callback_group.hpp:24[m[K,
[2.052s]                  from [01m[K/opt/ros/humble/include/rclcpp/rclcpp/any_executable.hpp:20[m[K,
[2.052s]                  from [01m[K/opt/ros/humble/include/rclcpp/rclcpp/memory_strategy.hpp:25[m[K,
[2.052s]                  from [01m[K/opt/ros/humble/include/rclcpp/rclcpp/memory_strategies.hpp:18[m[K,
[2.052s]                  from [01m[K/opt/ros/humble/include/rclcpp/rclcpp/executor_options.hpp:20[m[K,
[2.052s]                  from [01m[K/opt/ros/humble/include/rclcpp/rclcpp/executor.hpp:37[m[K,
[2.052s]                  from [01m[K/opt/ros/humble/include/rclcpp/rclcpp/executors/multi_threaded_executor.hpp:25[m[K,
[2.052s]                  from [01m[K/opt/ros/humble/include/rclcpp/rclcpp/executors.hpp:21[m[K,
[2.052s]                  from [01m[K/opt/ros/humble/include/rclcpp/rclcpp/rclcpp.hpp:155[m[K,
[2.052s]                  from [01m[K/home/ngochoan/dev_ws/src/cpp_interface/src/pid_node.cpp:13[m[K:
[2.052s] [01m[K/home/ngochoan/dev_ws/src/cpp_interface/src/pid_node.cpp:130:252:[m[K [01;36m[Knote: [m[Kfield ‘[01m[Kstd::vector<PID_t> MotorController::pid_controllers[m[K’ can be accessed via ‘[01m[Kstd::vector<PID_t>& MotorController::getPIDControllers()[m[K’
[2.052s]   130 |     RCLCPP_INFO(this->get_logger(), " PID3  %lf  %lf  %lf   %lf  %lf   %lf", motorController.pid_controllers[2].Kp, motorController.pid_controllers[2].Ki, motorController.pid_controllers[2].Kd, motorController.pid_controllers[2].uk_1, motorController.[01;36m[Kpid_controllers[m[K[2].ek_1, motorController.pid_controllers[2].ek_2);
[2.052s]       |                                                                                                                                                                                                                                                            [01;36m[K^~~~~~~~~~~~~~~[m[K
[2.053s] [01m[K/home/ngochoan/dev_ws/src/cpp_interface/src/pid_node.cpp:130:293:[m[K [01;31m[Kerror: [m[K‘[01m[Kstd::vector<PID_t> MotorController::pid_controllers[m[K’ is private within this context
[2.053s]   130 |     RCLCPP_INFO(this->get_logger(), " PID3  %lf  %lf  %lf   %lf  %lf   %lf", motorController.pid_controllers[2].Kp, motorController.pid_controllers[2].Ki, motorController.pid_controllers[2].Kd, motorController.pid_controllers[2].uk_1, motorController.pid_controllers[2].ek_1, motorController.[01;31m[Kpid_controllers[m[K[2].ek_2);
[2.053s]       |                                                                                                                                                                                                                                                                                                     [01;31m[K^~~~~~~~~~~~~~~[m[K
[2.053s] [01m[K/home/ngochoan/dev_ws/src/cpp_interface/src/pid_node.cpp:67:22:[m[K [01;36m[Knote: [m[Kdeclared private here
[2.053s]    67 |   std::vector<PID_t> [01;36m[Kpid_controllers[m[K;
[2.053s]       |                      [01;36m[K^~~~~~~~~~~~~~~[m[K
[2.053s] In file included from [01m[K/opt/ros/humble/include/rclcpp/rclcpp/logging.hpp:24[m[K,
[2.053s]                  from [01m[K/opt/ros/humble/include/rclcpp/rclcpp/client.hpp:40[m[K,
[2.053s]                  from [01m[K/opt/ros/humble/include/rclcpp/rclcpp/callback_group.hpp:24[m[K,
[2.053s]                  from [01m[K/opt/ros/humble/include/rclcpp/rclcpp/any_executable.hpp:20[m[K,
[2.053s]                  from [01m[K/opt/ros/humble/include/rclcpp/rclcpp/memory_strategy.hpp:25[m[K,
[2.053s]                  from [01m[K/opt/ros/humble/include/rclcpp/rclcpp/memory_strategies.hpp:18[m[K,
[2.053s]                  from [01m[K/opt/ros/humble/include/rclcpp/rclcpp/executor_options.hpp:20[m[K,
[2.053s]                  from [01m[K/opt/ros/humble/include/rclcpp/rclcpp/executor.hpp:37[m[K,
[2.053s]                  from [01m[K/opt/ros/humble/include/rclcpp/rclcpp/executors/multi_threaded_executor.hpp:25[m[K,
[2.053s]                  from [01m[K/opt/ros/humble/include/rclcpp/rclcpp/executors.hpp:21[m[K,
[2.053s]                  from [01m[K/opt/ros/humble/include/rclcpp/rclcpp/rclcpp.hpp:155[m[K,
[2.053s]                  from [01m[K/home/ngochoan/dev_ws/src/cpp_interface/src/pid_node.cpp:13[m[K:
[2.053s] [01m[K/home/ngochoan/dev_ws/src/cpp_interface/src/pid_node.cpp:130:293:[m[K [01;36m[Knote: [m[Kfield ‘[01m[Kstd::vector<PID_t> MotorController::pid_controllers[m[K’ can be accessed via ‘[01m[Kstd::vector<PID_t>& MotorController::getPIDControllers()[m[K’
[2.053s]   130 |     RCLCPP_INFO(this->get_logger(), " PID3  %lf  %lf  %lf   %lf  %lf   %lf", motorController.pid_controllers[2].Kp, motorController.pid_controllers[2].Ki, motorController.pid_controllers[2].Kd, motorController.pid_controllers[2].uk_1, motorController.pid_controllers[2].ek_1, motorController.[01;36m[Kpid_controllers[m[K[2].ek_2);
[2.053s]       |                                                                                                                                                                                                                                                                                                     [01;36m[K^~~~~~~~~~~~~~~[m[K
[2.053s] [01m[K/home/ngochoan/dev_ws/src/cpp_interface/src/pid_node.cpp:131:94:[m[K [01;31m[Kerror: [m[K‘[01m[Kstd::vector<PID_t> MotorController::pid_controllers[m[K’ is private within this context
[2.054s]   131 |     RCLCPP_INFO(this->get_logger(), " PID4  %lf  %lf  %lf   %lf  %lf   %lf", motorController.[01;31m[Kpid_controllers[m[K[3].Kp, motorController.pid_controllers[3].Ki, motorController.pid_controllers[3].Kd, motorController.pid_controllers[3].uk_1, motorController.pid_controllers[3].ek_1, motorController.pid_controllers[3].ek_2);
[2.054s]       |                                                                                              [01;31m[K^~~~~~~~~~~~~~~[m[K
[2.054s] [01m[K/home/ngochoan/dev_ws/src/cpp_interface/src/pid_node.cpp:67:22:[m[K [01;36m[Knote: [m[Kdeclared private here
[2.054s]    67 |   std::vector<PID_t> [01;36m[Kpid_controllers[m[K;
[2.054s]       |                      [01;36m[K^~~~~~~~~~~~~~~[m[K
[2.054s] In file included from [01m[K/opt/ros/humble/include/rclcpp/rclcpp/logging.hpp:24[m[K,
[2.054s]                  from [01m[K/opt/ros/humble/include/rclcpp/rclcpp/client.hpp:40[m[K,
[2.054s]                  from [01m[K/opt/ros/humble/include/rclcpp/rclcpp/callback_group.hpp:24[m[K,
[2.054s]                  from [01m[K/opt/ros/humble/include/rclcpp/rclcpp/any_executable.hpp:20[m[K,
[2.054s]                  from [01m[K/opt/ros/humble/include/rclcpp/rclcpp/memory_strategy.hpp:25[m[K,
[2.054s]                  from [01m[K/opt/ros/humble/include/rclcpp/rclcpp/memory_strategies.hpp:18[m[K,
[2.054s]                  from [01m[K/opt/ros/humble/include/rclcpp/rclcpp/executor_options.hpp:20[m[K,
[2.054s]                  from [01m[K/opt/ros/humble/include/rclcpp/rclcpp/executor.hpp:37[m[K,
[2.054s]                  from [01m[K/opt/ros/humble/include/rclcpp/rclcpp/executors/multi_threaded_executor.hpp:25[m[K,
[2.054s]                  from [01m[K/opt/ros/humble/include/rclcpp/rclcpp/executors.hpp:21[m[K,
[2.054s]                  from [01m[K/opt/ros/humble/include/rclcpp/rclcpp/rclcpp.hpp:155[m[K,
[2.054s]                  from [01m[K/home/ngochoan/dev_ws/src/cpp_interface/src/pid_node.cpp:13[m[K:
[2.054s] [01m[K/home/ngochoan/dev_ws/src/cpp_interface/src/pid_node.cpp:131:94:[m[K [01;36m[Knote: [m[Kfield ‘[01m[Kstd::vector<PID_t> MotorController::pid_controllers[m[K’ can be accessed via ‘[01m[Kstd::vector<PID_t>& MotorController::getPIDControllers()[m[K’
[2.054s]   131 |     RCLCPP_INFO(this->get_logger(), " PID4  %lf  %lf  %lf   %lf  %lf   %lf", motorController.[01;36m[Kpid_controllers[m[K[3].Kp, motorController.pid_controllers[3].Ki, motorController.pid_controllers[3].Kd, motorController.pid_controllers[3].uk_1, motorController.pid_controllers[3].ek_1, motorController.pid_controllers[3].ek_2);
[2.054s]       |                                                                                              [01;36m[K^~~~~~~~~~~~~~~[m[K
[2.055s] [01m[K/home/ngochoan/dev_ws/src/cpp_interface/src/pid_node.cpp:131:133:[m[K [01;31m[Kerror: [m[K‘[01m[Kstd::vector<PID_t> MotorController::pid_controllers[m[K’ is private within this context
[2.055s]   131 |     RCLCPP_INFO(this->get_logger(), " PID4  %lf  %lf  %lf   %lf  %lf   %lf", motorController.pid_controllers[3].Kp, motorController.[01;31m[Kpid_controllers[m[K[3].Ki, motorController.pid_controllers[3].Kd, motorController.pid_controllers[3].uk_1, motorController.pid_controllers[3].ek_1, motorController.pid_controllers[3].ek_2);
[2.055s]       |                                                                                                                                     [01;31m[K^~~~~~~~~~~~~~~[m[K
[2.055s] [01m[K/home/ngochoan/dev_ws/src/cpp_interface/src/pid_node.cpp:67:22:[m[K [01;36m[Knote: [m[Kdeclared private here
[2.055s]    67 |   std::vector<PID_t> [01;36m[Kpid_controllers[m[K;
[2.055s]       |                      [01;36m[K^~~~~~~~~~~~~~~[m[K
[2.055s] In file included from [01m[K/opt/ros/humble/include/rclcpp/rclcpp/logging.hpp:24[m[K,
[2.055s]                  from [01m[K/opt/ros/humble/include/rclcpp/rclcpp/client.hpp:40[m[K,
[2.055s]                  from [01m[K/opt/ros/humble/include/rclcpp/rclcpp/callback_group.hpp:24[m[K,
[2.055s]                  from [01m[K/opt/ros/humble/include/rclcpp/rclcpp/any_executable.hpp:20[m[K,
[2.055s]                  from [01m[K/opt/ros/humble/include/rclcpp/rclcpp/memory_strategy.hpp:25[m[K,
[2.055s]                  from [01m[K/opt/ros/humble/include/rclcpp/rclcpp/memory_strategies.hpp:18[m[K,
[2.055s]                  from [01m[K/opt/ros/humble/include/rclcpp/rclcpp/executor_options.hpp:20[m[K,
[2.055s]                  from [01m[K/opt/ros/humble/include/rclcpp/rclcpp/executor.hpp:37[m[K,
[2.055s]                  from [01m[K/opt/ros/humble/include/rclcpp/rclcpp/executors/multi_threaded_executor.hpp:25[m[K,
[2.055s]                  from [01m[K/opt/ros/humble/include/rclcpp/rclcpp/executors.hpp:21[m[K,
[2.055s]                  from [01m[K/opt/ros/humble/include/rclcpp/rclcpp/rclcpp.hpp:155[m[K,
[2.055s]                  from [01m[K/home/ngochoan/dev_ws/src/cpp_interface/src/pid_node.cpp:13[m[K:
[2.055s] [01m[K/home/ngochoan/dev_ws/src/cpp_interface/src/pid_node.cpp:131:133:[m[K [01;36m[Knote: [m[Kfield ‘[01m[Kstd::vector<PID_t> MotorController::pid_controllers[m[K’ can be accessed via ‘[01m[Kstd::vector<PID_t>& MotorController::getPIDControllers()[m[K’
[2.055s]   131 |     RCLCPP_INFO(this->get_logger(), " PID4  %lf  %lf  %lf   %lf  %lf   %lf", motorController.pid_controllers[3].Kp, motorController.[01;36m[Kpid_controllers[m[K[3].Ki, motorController.pid_controllers[3].Kd, motorController.pid_controllers[3].uk_1, motorController.pid_controllers[3].ek_1, motorController.pid_controllers[3].ek_2);
[2.055s]       |                                                                                                                                     [01;36m[K^~~~~~~~~~~~~~~[m[K
[2.055s] [01m[K/home/ngochoan/dev_ws/src/cpp_interface/src/pid_node.cpp:131:172:[m[K [01;31m[Kerror: [m[K‘[01m[Kstd::vector<PID_t> MotorController::pid_controllers[m[K’ is private within this context
[2.056s]   131 |     RCLCPP_INFO(this->get_logger(), " PID4  %lf  %lf  %lf   %lf  %lf   %lf", motorController.pid_controllers[3].Kp, motorController.pid_controllers[3].Ki, motorController.[01;31m[Kpid_controllers[m[K[3].Kd, motorController.pid_controllers[3].uk_1, motorController.pid_controllers[3].ek_1, motorController.pid_controllers[3].ek_2);
[2.056s]       |                                                                                                                                                                            [01;31m[K^~~~~~~~~~~~~~~[m[K
[2.056s] [01m[K/home/ngochoan/dev_ws/src/cpp_interface/src/pid_node.cpp:67:22:[m[K [01;36m[Knote: [m[Kdeclared private here
[2.056s]    67 |   std::vector<PID_t> [01;36m[Kpid_controllers[m[K;
[2.056s]       |                      [01;36m[K^~~~~~~~~~~~~~~[m[K
[2.056s] In file included from [01m[K/opt/ros/humble/include/rclcpp/rclcpp/logging.hpp:24[m[K,
[2.056s]                  from [01m[K/opt/ros/humble/include/rclcpp/rclcpp/client.hpp:40[m[K,
[2.056s]                  from [01m[K/opt/ros/humble/include/rclcpp/rclcpp/callback_group.hpp:24[m[K,
[2.056s]                  from [01m[K/opt/ros/humble/include/rclcpp/rclcpp/any_executable.hpp:20[m[K,
[2.056s]                  from [01m[K/opt/ros/humble/include/rclcpp/rclcpp/memory_strategy.hpp:25[m[K,
[2.056s]                  from [01m[K/opt/ros/humble/include/rclcpp/rclcpp/memory_strategies.hpp:18[m[K,
[2.056s]                  from [01m[K/opt/ros/humble/include/rclcpp/rclcpp/executor_options.hpp:20[m[K,
[2.056s]                  from [01m[K/opt/ros/humble/include/rclcpp/rclcpp/executor.hpp:37[m[K,
[2.056s]                  from [01m[K/opt/ros/humble/include/rclcpp/rclcpp/executors/multi_threaded_executor.hpp:25[m[K,
[2.056s]                  from [01m[K/opt/ros/humble/include/rclcpp/rclcpp/executors.hpp:21[m[K,
[2.056s]                  from [01m[K/opt/ros/humble/include/rclcpp/rclcpp/rclcpp.hpp:155[m[K,
[2.056s]                  from [01m[K/home/ngochoan/dev_ws/src/cpp_interface/src/pid_node.cpp:13[m[K:
[2.056s] [01m[K/home/ngochoan/dev_ws/src/cpp_interface/src/pid_node.cpp:131:172:[m[K [01;36m[Knote: [m[Kfield ‘[01m[Kstd::vector<PID_t> MotorController::pid_controllers[m[K’ can be accessed via ‘[01m[Kstd::vector<PID_t>& MotorController::getPIDControllers()[m[K’
[2.056s]   131 |     RCLCPP_INFO(this->get_logger(), " PID4  %lf  %lf  %lf   %lf  %lf   %lf", motorController.pid_controllers[3].Kp, motorController.pid_controllers[3].Ki, motorController.[01;36m[Kpid_controllers[m[K[3].Kd, motorController.pid_controllers[3].uk_1, motorController.pid_controllers[3].ek_1, motorController.pid_controllers[3].ek_2);
[2.056s]       |                                                                                                                                                                            [01;36m[K^~~~~~~~~~~~~~~[m[K
[2.056s] [01m[K/home/ngochoan/dev_ws/src/cpp_interface/src/pid_node.cpp:131:211:[m[K [01;31m[Kerror: [m[K‘[01m[Kstd::vector<PID_t> MotorController::pid_controllers[m[K’ is private within this context
[2.056s]   131 |     RCLCPP_INFO(this->get_logger(), " PID4  %lf  %lf  %lf   %lf  %lf   %lf", motorController.pid_controllers[3].Kp, motorController.pid_controllers[3].Ki, motorController.pid_controllers[3].Kd, motorController.[01;31m[Kpid_controllers[m[K[3].uk_1, motorController.pid_controllers[3].ek_1, motorController.pid_controllers[3].ek_2);
[2.057s]       |                                                                                                                                                                                                                   [01;31m[K^~~~~~~~~~~~~~~[m[K
[2.057s] [01m[K/home/ngochoan/dev_ws/src/cpp_interface/src/pid_node.cpp:67:22:[m[K [01;36m[Knote: [m[Kdeclared private here
[2.057s]    67 |   std::vector<PID_t> [01;36m[Kpid_controllers[m[K;
[2.057s]       |                      [01;36m[K^~~~~~~~~~~~~~~[m[K
[2.057s] In file included from [01m[K/opt/ros/humble/include/rclcpp/rclcpp/logging.hpp:24[m[K,
[2.057s]                  from [01m[K/opt/ros/humble/include/rclcpp/rclcpp/client.hpp:40[m[K,
[2.057s]                  from [01m[K/opt/ros/humble/include/rclcpp/rclcpp/callback_group.hpp:24[m[K,
[2.057s]                  from [01m[K/opt/ros/humble/include/rclcpp/rclcpp/any_executable.hpp:20[m[K,
[2.057s]                  from [01m[K/opt/ros/humble/include/rclcpp/rclcpp/memory_strategy.hpp:25[m[K,
[2.057s]                  from [01m[K/opt/ros/humble/include/rclcpp/rclcpp/memory_strategies.hpp:18[m[K,
[2.057s]                  from [01m[K/opt/ros/humble/include/rclcpp/rclcpp/executor_options.hpp:20[m[K,
[2.057s]                  from [01m[K/opt/ros/humble/include/rclcpp/rclcpp/executor.hpp:37[m[K,
[2.057s]                  from [01m[K/opt/ros/humble/include/rclcpp/rclcpp/executors/multi_threaded_executor.hpp:25[m[K,
[2.057s]                  from [01m[K/opt/ros/humble/include/rclcpp/rclcpp/executors.hpp:21[m[K,
[2.057s]                  from [01m[K/opt/ros/humble/include/rclcpp/rclcpp/rclcpp.hpp:155[m[K,
[2.057s]                  from [01m[K/home/ngochoan/dev_ws/src/cpp_interface/src/pid_node.cpp:13[m[K:
[2.057s] [01m[K/home/ngochoan/dev_ws/src/cpp_interface/src/pid_node.cpp:131:211:[m[K [01;36m[Knote: [m[Kfield ‘[01m[Kstd::vector<PID_t> MotorController::pid_controllers[m[K’ can be accessed via ‘[01m[Kstd::vector<PID_t>& MotorController::getPIDControllers()[m[K’
[2.057s]   131 |     RCLCPP_INFO(this->get_logger(), " PID4  %lf  %lf  %lf   %lf  %lf   %lf", motorController.pid_controllers[3].Kp, motorController.pid_controllers[3].Ki, motorController.pid_controllers[3].Kd, motorController.[01;36m[Kpid_controllers[m[K[3].uk_1, motorController.pid_controllers[3].ek_1, motorController.pid_controllers[3].ek_2);
[2.057s]       |                                                                                                                                                                                                                   [01;36m[K^~~~~~~~~~~~~~~[m[K
[2.057s] [01m[K/home/ngochoan/dev_ws/src/cpp_interface/src/pid_node.cpp:131:252:[m[K [01;31m[Kerror: [m[K‘[01m[Kstd::vector<PID_t> MotorController::pid_controllers[m[K’ is private within this context
[2.057s]   131 |     RCLCPP_INFO(this->get_logger(), " PID4  %lf  %lf  %lf   %lf  %lf   %lf", motorController.pid_controllers[3].Kp, motorController.pid_controllers[3].Ki, motorController.pid_controllers[3].Kd, motorController.pid_controllers[3].uk_1, motorController.[01;31m[Kpid_controllers[m[K[3].ek_1, motorController.pid_controllers[3].ek_2);
[2.058s]       |                                                                                                                                                                                                                                                            [01;31m[K^~~~~~~~~~~~~~~[m[K
[2.058s] [01m[K/home/ngochoan/dev_ws/src/cpp_interface/src/pid_node.cpp:67:22:[m[K [01;36m[Knote: [m[Kdeclared private here
[2.058s]    67 |   std::vector<PID_t> [01;36m[Kpid_controllers[m[K;
[2.058s]       |                      [01;36m[K^~~~~~~~~~~~~~~[m[K
[2.058s] In file included from [01m[K/opt/ros/humble/include/rclcpp/rclcpp/logging.hpp:24[m[K,
[2.058s]                  from [01m[K/opt/ros/humble/include/rclcpp/rclcpp/client.hpp:40[m[K,
[2.058s]                  from [01m[K/opt/ros/humble/include/rclcpp/rclcpp/callback_group.hpp:24[m[K,
[2.058s]                  from [01m[K/opt/ros/humble/include/rclcpp/rclcpp/any_executable.hpp:20[m[K,
[2.058s]                  from [01m[K/opt/ros/humble/include/rclcpp/rclcpp/memory_strategy.hpp:25[m[K,
[2.058s]                  from [01m[K/opt/ros/humble/include/rclcpp/rclcpp/memory_strategies.hpp:18[m[K,
[2.058s]                  from [01m[K/opt/ros/humble/include/rclcpp/rclcpp/executor_options.hpp:20[m[K,
[2.058s]                  from [01m[K/opt/ros/humble/include/rclcpp/rclcpp/executor.hpp:37[m[K,
[2.058s]                  from [01m[K/opt/ros/humble/include/rclcpp/rclcpp/executors/multi_threaded_executor.hpp:25[m[K,
[2.058s]                  from [01m[K/opt/ros/humble/include/rclcpp/rclcpp/executors.hpp:21[m[K,
[2.058s]                  from [01m[K/opt/ros/humble/include/rclcpp/rclcpp/rclcpp.hpp:155[m[K,
[2.058s]                  from [01m[K/home/ngochoan/dev_ws/src/cpp_interface/src/pid_node.cpp:13[m[K:
[2.058s] [01m[K/home/ngochoan/dev_ws/src/cpp_interface/src/pid_node.cpp:131:252:[m[K [01;36m[Knote: [m[Kfield ‘[01m[Kstd::vector<PID_t> MotorController::pid_controllers[m[K’ can be accessed via ‘[01m[Kstd::vector<PID_t>& MotorController::getPIDControllers()[m[K’
[2.058s]   131 |     RCLCPP_INFO(this->get_logger(), " PID4  %lf  %lf  %lf   %lf  %lf   %lf", motorController.pid_controllers[3].Kp, motorController.pid_controllers[3].Ki, motorController.pid_controllers[3].Kd, motorController.pid_controllers[3].uk_1, motorController.[01;36m[Kpid_controllers[m[K[3].ek_1, motorController.pid_controllers[3].ek_2);
[2.059s]       |                                                                                                                                                                                                                                                            [01;36m[K^~~~~~~~~~~~~~~[m[K
[2.059s] [01m[K/home/ngochoan/dev_ws/src/cpp_interface/src/pid_node.cpp:131:293:[m[K [01;31m[Kerror: [m[K‘[01m[Kstd::vector<PID_t> MotorController::pid_controllers[m[K’ is private within this context
[2.059s]   131 |     RCLCPP_INFO(this->get_logger(), " PID4  %lf  %lf  %lf   %lf  %lf   %lf", motorController.pid_controllers[3].Kp, motorController.pid_controllers[3].Ki, motorController.pid_controllers[3].Kd, motorController.pid_controllers[3].uk_1, motorController.pid_controllers[3].ek_1, motorController.[01;31m[Kpid_controllers[m[K[3].ek_2);
[2.059s]       |                                                                                                                                                                                                                                                                                                     [01;31m[K^~~~~~~~~~~~~~~[m[K
[2.059s] [01m[K/home/ngochoan/dev_ws/src/cpp_interface/src/pid_node.cpp:67:22:[m[K [01;36m[Knote: [m[Kdeclared private here
[2.059s]    67 |   std::vector<PID_t> [01;36m[Kpid_controllers[m[K;
[2.059s]       |                      [01;36m[K^~~~~~~~~~~~~~~[m[K
[2.059s] In file included from [01m[K/opt/ros/humble/include/rclcpp/rclcpp/logging.hpp:24[m[K,
[2.059s]                  from [01m[K/opt/ros/humble/include/rclcpp/rclcpp/client.hpp:40[m[K,
[2.059s]                  from [01m[K/opt/ros/humble/include/rclcpp/rclcpp/callback_group.hpp:24[m[K,
[2.059s]                  from [01m[K/opt/ros/humble/include/rclcpp/rclcpp/any_executable.hpp:20[m[K,
[2.059s]                  from [01m[K/opt/ros/humble/include/rclcpp/rclcpp/memory_strategy.hpp:25[m[K,
[2.059s]                  from [01m[K/opt/ros/humble/include/rclcpp/rclcpp/memory_strategies.hpp:18[m[K,
[2.059s]                  from [01m[K/opt/ros/humble/include/rclcpp/rclcpp/executor_options.hpp:20[m[K,
[2.059s]                  from [01m[K/opt/ros/humble/include/rclcpp/rclcpp/executor.hpp:37[m[K,
[2.059s]                  from [01m[K/opt/ros/humble/include/rclcpp/rclcpp/executors/multi_threaded_executor.hpp:25[m[K,
[2.059s]                  from [01m[K/opt/ros/humble/include/rclcpp/rclcpp/executors.hpp:21[m[K,
[2.059s]                  from [01m[K/opt/ros/humble/include/rclcpp/rclcpp/rclcpp.hpp:155[m[K,
[2.059s]                  from [01m[K/home/ngochoan/dev_ws/src/cpp_interface/src/pid_node.cpp:13[m[K:
[2.059s] [01m[K/home/ngochoan/dev_ws/src/cpp_interface/src/pid_node.cpp:131:293:[m[K [01;36m[Knote: [m[Kfield ‘[01m[Kstd::vector<PID_t> MotorController::pid_controllers[m[K’ can be accessed via ‘[01m[Kstd::vector<PID_t>& MotorController::getPIDControllers()[m[K’
[2.059s]   131 |     RCLCPP_INFO(this->get_logger(), " PID4  %lf  %lf  %lf   %lf  %lf   %lf", motorController.pid_controllers[3].Kp, motorController.pid_controllers[3].Ki, motorController.pid_controllers[3].Kd, motorController.pid_controllers[3].uk_1, motorController.pid_controllers[3].ek_1, motorController.[01;36m[Kpid_controllers[m[K[3].ek_2);
[2.060s]       |                                                                                                                                                                                                                                                                                                     [01;36m[K^~~~~~~~~~~~~~~[m[K
[2.060s] [01m[K/home/ngochoan/dev_ws/src/cpp_interface/src/pid_node.cpp:118:25:[m[K [01;35m[Kwarning: [m[Kunused variable ‘[01m[Kpid_controllers[m[K’ [[01;35m[K]8;;https://gcc.gnu.org/onlinedocs/gcc/Warning-Options.html#index-Wunused-variable-Wunused-variable]8;;[m[K]
[2.060s]   118 |     std::vector<PID_t> &[01;35m[Kpid_controllers[m[K = motorController.getPIDControllers();
[2.060s]       |                         [01;35m[K^~~~~~~~~~~~~~~[m[K
[4.123s] gmake[2]: *** [CMakeFiles/pid_node.dir/build.make:76: CMakeFiles/pid_node.dir/src/pid_node.cpp.o] Error 1
[4.123s] gmake[1]: *** [CMakeFiles/Makefile2:203: CMakeFiles/pid_node.dir/all] Error 2
[4.123s] gmake: *** [Makefile:146: all] Error 2
[4.125s] Invoked command in '/home/ngochoan/dev_ws/build/cpp_interface' returned '2': CMAKE_PREFIX_PATH=/opt/ros/humble /usr/bin/cmake --build /home/ngochoan/dev_ws/build/cpp_interface -- -j8 -l8
