[0.021s] Invoking command in '/home/ngochoan/dev_ws/build/template_ros2': CMAKE_PREFIX_PATH=/opt/ros/humble /usr/bin/cmake --build /home/ngochoan/dev_ws/build/template_ros2 -- -j8 -l8
[0.068s] Invoked command in '/home/ngochoan/dev_ws/build/template_ros2' returned '0': CMAKE_PREFIX_PATH=/opt/ros/humble /usr/bin/cmake --build /home/ngochoan/dev_ws/build/template_ros2 -- -j8 -l8
[0.131s] Invoking command in '/home/ngochoan/dev_ws/build/template_ros2': CMAKE_PREFIX_PATH=/opt/ros/humble /usr/bin/cmake --install /home/ngochoan/dev_ws/build/template_ros2
[0.138s] -- Install configuration: ""
[0.138s] -- Up-to-date: /home/ngochoan/dev_ws/install/template_ros2/share/ament_index/resource_index/package_run_dependencies/template_ros2
[0.139s] -- Up-to-date: /home/ngochoan/dev_ws/install/template_ros2/share/ament_index/resource_index/parent_prefix_path/template_ros2
[0.139s] -- Installing: /home/ngochoan/dev_ws/install/template_ros2/share/template_ros2/environment/ament_prefix_path.sh
[0.139s] -- Up-to-date: /home/ngochoan/dev_ws/install/template_ros2/share/template_ros2/environment/ament_prefix_path.dsv
[0.139s] -- Installing: /home/ngochoan/dev_ws/install/template_ros2/share/template_ros2/environment/path.sh
[0.139s] -- Up-to-date: /home/ngochoan/dev_ws/install/template_ros2/share/template_ros2/environment/path.dsv
[0.139s] -- Up-to-date: /home/ngochoan/dev_ws/install/template_ros2/share/template_ros2/local_setup.bash
[0.139s] -- Up-to-date: /home/ngochoan/dev_ws/install/template_ros2/share/template_ros2/local_setup.sh
[0.139s] -- Up-to-date: /home/ngochoan/dev_ws/install/template_ros2/share/template_ros2/local_setup.zsh
[0.139s] -- Up-to-date: /home/ngochoan/dev_ws/install/template_ros2/share/template_ros2/local_setup.dsv
[0.139s] -- Installing: /home/ngochoan/dev_ws/install/template_ros2/share/template_ros2/package.dsv
[0.140s] -- Up-to-date: /home/ngochoan/dev_ws/install/template_ros2/share/ament_index/resource_index/packages/template_ros2
[0.140s] -- Up-to-date: /home/ngochoan/dev_ws/install/template_ros2/share/template_ros2/cmake/template_ros2Config.cmake
[0.140s] -- Up-to-date: /home/ngochoan/dev_ws/install/template_ros2/share/template_ros2/cmake/template_ros2Config-version.cmake
[0.140s] -- Up-to-date: /home/ngochoan/dev_ws/install/template_ros2/share/template_ros2/package.xml
[0.142s] Invoked command in '/home/ngochoan/dev_ws/build/template_ros2' returned '0': CMAKE_PREFIX_PATH=/opt/ros/humble /usr/bin/cmake --install /home/ngochoan/dev_ws/build/template_ros2
