[0.112s] Invoking command in '/home/ngochoan/dev_ws/build/my_package': CMAKE_PREFIX_PATH=${CMAKE_PREFIX_PATH}:/opt/ros/humble /usr/bin/cmake --build /home/ngochoan/dev_ws/build/my_package -- -j8 -l8
[0.130s] -- Found ament_cmake: 1.3.5 (/opt/ros/humble/share/ament_cmake/cmake)
[0.269s] -- Found ament_lint_auto: 0.12.8 (/opt/ros/humble/share/ament_lint_auto/cmake)
[0.321s] -- Added test 'cppcheck' to perform static code analysis on C / C++ code
[0.321s] -- Configured cppcheck include dirs: $<BUILD_INTERFACE:/home/ngochoan/dev_ws/src/my_package/include>
[0.321s] -- Configured cppcheck exclude dirs and/or files: 
[0.321s] -- Added test 'lint_cmake' to check CMake code style
[0.322s] -- Added test 'uncrustify' to check C / C++ code style
[0.322s] -- Configured uncrustify additional arguments: 
[0.322s] -- Added test 'xmllint' to check XML markup files
[0.323s] -- Configuring done
[0.325s] -- Generating done
[0.326s] -- Build files have been written to: /home/ngochoan/dev_ws/build/my_package
[0.341s] [35m[1mConsolidate compiler generated dependencies of target my_node[0m
[0.349s] [ 50%] [32mBuilding CXX object CMakeFiles/my_node.dir/src/my_node.cpp.o[0m
[0.371s] [100%] [32m[1mLinking CXX executable my_node[0m
[0.407s] [100%] Built target my_node
[0.415s] Invoked command in '/home/ngochoan/dev_ws/build/my_package' returned '0': CMAKE_PREFIX_PATH=${CMAKE_PREFIX_PATH}:/opt/ros/humble /usr/bin/cmake --build /home/ngochoan/dev_ws/build/my_package -- -j8 -l8
[0.438s] Invoking command in '/home/ngochoan/dev_ws/build/my_package': CMAKE_PREFIX_PATH=${CMAKE_PREFIX_PATH}:/opt/ros/humble /usr/bin/cmake --install /home/ngochoan/dev_ws/build/my_package
[0.443s] -- Install configuration: ""
[0.443s] -- Installing: /home/ngochoan/dev_ws/install/my_package/lib/my_package/my_node
[0.443s] -- Up-to-date: /home/ngochoan/dev_ws/install/my_package/share/ament_index/resource_index/package_run_dependencies/my_package
[0.443s] -- Installing: /home/ngochoan/dev_ws/install/my_package/share/ament_index/resource_index/parent_prefix_path/my_package
[0.443s] -- Up-to-date: /home/ngochoan/dev_ws/install/my_package/share/my_package/environment/ament_prefix_path.sh
[0.444s] -- Installing: /home/ngochoan/dev_ws/install/my_package/share/my_package/environment/ament_prefix_path.dsv
[0.444s] -- Up-to-date: /home/ngochoan/dev_ws/install/my_package/share/my_package/environment/path.sh
[0.444s] -- Installing: /home/ngochoan/dev_ws/install/my_package/share/my_package/environment/path.dsv
[0.444s] -- Up-to-date: /home/ngochoan/dev_ws/install/my_package/share/my_package/local_setup.bash
[0.444s] -- Up-to-date: /home/ngochoan/dev_ws/install/my_package/share/my_package/local_setup.sh
[0.444s] -- Up-to-date: /home/ngochoan/dev_ws/install/my_package/share/my_package/local_setup.zsh
[0.444s] -- Installing: /home/ngochoan/dev_ws/install/my_package/share/my_package/local_setup.dsv
[0.444s] -- Installing: /home/ngochoan/dev_ws/install/my_package/share/my_package/package.dsv
[0.444s] -- Up-to-date: /home/ngochoan/dev_ws/install/my_package/share/ament_index/resource_index/packages/my_package
[0.444s] -- Up-to-date: /home/ngochoan/dev_ws/install/my_package/share/my_package/cmake/my_packageConfig.cmake
[0.444s] -- Up-to-date: /home/ngochoan/dev_ws/install/my_package/share/my_package/cmake/my_packageConfig-version.cmake
[0.444s] -- Installing: /home/ngochoan/dev_ws/install/my_package/share/my_package/package.xml
[0.445s] Invoked command in '/home/ngochoan/dev_ws/build/my_package' returned '0': CMAKE_PREFIX_PATH=${CMAKE_PREFIX_PATH}:/opt/ros/humble /usr/bin/cmake --install /home/ngochoan/dev_ws/build/my_package
