[0.073s] Invoking command in '/home/ngochoan/dev_ws/build/cpp_interface': CMAKE_PREFIX_PATH=${CMAKE_PREFIX_PATH}:/opt/ros/humble /usr/bin/cmake --build /home/ngochoan/dev_ws/build/cpp_interface -- -j8 -l8
[0.106s] [35m[1mConsolidate compiler generated dependencies of target pid_node[0m
[0.117s] [ 66%] Built target test_cmd_vel
[0.118s] [ 66%] Built target read_parameters_pi
[0.124s] [ 83%] [32mBuilding CXX object CMakeFiles/pid_node.dir/src/pid_node.cpp.o[0m
[3.672s] [100%] [32m[1mLinking CXX executable pid_node[0m
[3.830s] [100%] Built target pid_node
[3.844s] Invoked command in '/home/ngochoan/dev_ws/build/cpp_interface' returned '0': CMAKE_PREFIX_PATH=${CMAKE_PREFIX_PATH}:/opt/ros/humble /usr/bin/cmake --build /home/ngochoan/dev_ws/build/cpp_interface -- -j8 -l8
[3.874s] Invoking command in '/home/ngochoan/dev_ws/build/cpp_interface': CMAKE_PREFIX_PATH=${CMAKE_PREFIX_PATH}:/opt/ros/humble /usr/bin/cmake --install /home/ngochoan/dev_ws/build/cpp_interface
[3.880s] -- Install configuration: ""
[3.880s] -- Up-to-date: /home/ngochoan/dev_ws/install/cpp_interface/lib/cpp_interface/read_parameters_pi
[3.881s] -- Up-to-date: /home/ngochoan/dev_ws/install/cpp_interface/lib/cpp_interface/test_cmd_vel
[3.881s] -- Installing: /home/ngochoan/dev_ws/install/cpp_interface/lib/cpp_interface/pid_node
[3.882s] -- Set runtime path of "/home/ngochoan/dev_ws/install/cpp_interface/lib/cpp_interface/pid_node" to ""
[3.882s] -- Up-to-date: /home/ngochoan/dev_ws/install/cpp_interface/share/ament_index/resource_index/package_run_dependencies/cpp_interface
[3.882s] -- Up-to-date: /home/ngochoan/dev_ws/install/cpp_interface/share/ament_index/resource_index/parent_prefix_path/cpp_interface
[3.882s] -- Up-to-date: /home/ngochoan/dev_ws/install/cpp_interface/share/cpp_interface/environment/ament_prefix_path.sh
[3.882s] -- Up-to-date: /home/ngochoan/dev_ws/install/cpp_interface/share/cpp_interface/environment/ament_prefix_path.dsv
[3.882s] -- Up-to-date: /home/ngochoan/dev_ws/install/cpp_interface/share/cpp_interface/environment/path.sh
[3.882s] -- Up-to-date: /home/ngochoan/dev_ws/install/cpp_interface/share/cpp_interface/environment/path.dsv
[3.882s] -- Up-to-date: /home/ngochoan/dev_ws/install/cpp_interface/share/cpp_interface/local_setup.bash
[3.883s] -- Up-to-date: /home/ngochoan/dev_ws/install/cpp_interface/share/cpp_interface/local_setup.sh
[3.883s] -- Up-to-date: /home/ngochoan/dev_ws/install/cpp_interface/share/cpp_interface/local_setup.zsh
[3.883s] -- Up-to-date: /home/ngochoan/dev_ws/install/cpp_interface/share/cpp_interface/local_setup.dsv
[3.883s] -- Installing: /home/ngochoan/dev_ws/install/cpp_interface/share/cpp_interface/package.dsv
[3.883s] -- Up-to-date: /home/ngochoan/dev_ws/install/cpp_interface/share/ament_index/resource_index/packages/cpp_interface
[3.883s] -- Up-to-date: /home/ngochoan/dev_ws/install/cpp_interface/share/cpp_interface/cmake/cpp_interfaceConfig.cmake
[3.883s] -- Up-to-date: /home/ngochoan/dev_ws/install/cpp_interface/share/cpp_interface/cmake/cpp_interfaceConfig-version.cmake
[3.883s] -- Up-to-date: /home/ngochoan/dev_ws/install/cpp_interface/share/cpp_interface/package.xml
[3.884s] Invoked command in '/home/ngochoan/dev_ws/build/cpp_interface' returned '0': CMAKE_PREFIX_PATH=${CMAKE_PREFIX_PATH}:/opt/ros/humble /usr/bin/cmake --install /home/ngochoan/dev_ws/build/cpp_interface
