[0.009s] Invoking command in '/home/ngochoan/dev_ws/build/cpp_interface': CMAKE_PREFIX_PATH=/opt/ros/humble /usr/bin/cmake --build /home/ngochoan/dev_ws/build/cpp_interface -- -j8 -l8
[0.047s] [35m[1mConsolidate compiler generated dependencies of target data_processing_node_straight[0m
[0.047s] [35m[1mConsolidate compiler generated dependencies of target data_processing_node_zz[0m
[0.063s] [ 18%] Built target fuzzy_longitudinal_controllers
[0.064s] [ 18%] Built target test_cmd_vel
[0.064s] [ 31%] Built target data_processing_node
[0.064s] [ 36%] Built target straight_line_node
[0.069s] [ 54%] [32mBuilding CXX object CMakeFiles/data_processing_node_zz.dir/src/data_processing_node_zz.cpp.o[0m
[0.069s] [ 59%] Built target data_processing_node_straight
[0.069s] [ 59%] Built target pid_node
[0.072s] [ 68%] Built target read_parameters_pi
[0.087s] [ 77%] Built target controllers_node
[0.090s] [ 86%] Built target sinusoidal_node
[0.092s] [ 95%] Built target circumference_node
[2.355s] [01m[K/home/ngochoan/dev_ws/src/cpp_interface/src/data_processing_node_zz.cpp:[m[K In member function ‘[01m[Kvoid DataProcessingNode::initializeArrays()[m[K’:
[2.355s] [01m[K/home/ngochoan/dev_ws/src/cpp_interface/src/data_processing_node_zz.cpp:60:37:[m[K [01;31m[Kerror: [m[K‘[01m[KPHI[m[K’ was not declared in this scope
[2.356s]    60 |       y[n] = D * (n + 1) * std::cos([01;31m[KPHI[m[K);
[2.356s]       |                                     [01;31m[K^~~[m[K
[2.356s] [01m[K/home/ngochoan/dev_ws/src/cpp_interface/src/data_processing_node_zz.cpp:63:16:[m[K [01;31m[Kerror: [m[K‘[01m[Kmod[m[K’ is not a member of ‘[01m[Kstd[m[K’; did you mean ‘[01m[Kmodf[m[K’?
[2.356s]    63 |       if (std::[01;31m[Kmod[m[K(n, NUM_D) == 0)
[2.356s]       |                [01;31m[K^~~[m[K
[2.356s]       |                [32m[Kmodf[m[K
[5.495s] gmake[2]: *** [CMakeFiles/data_processing_node_zz.dir/build.make:76: CMakeFiles/data_processing_node_zz.dir/src/data_processing_node_zz.cpp.o] Error 1
[5.496s] gmake[1]: *** [CMakeFiles/Makefile2:313: CMakeFiles/data_processing_node_zz.dir/all] Error 2
[5.496s] gmake: *** [Makefile:146: all] Error 2
[5.498s] Invoked command in '/home/ngochoan/dev_ws/build/cpp_interface' returned '2': CMAKE_PREFIX_PATH=/opt/ros/humble /usr/bin/cmake --build /home/ngochoan/dev_ws/build/cpp_interface -- -j8 -l8
