[0.074s] Invoking command in '/home/ngochoan/dev_ws/build/cpp_pubsub': CMAKE_PREFIX_PATH=${CMAKE_PREFIX_PATH}:/opt/ros/humble /usr/bin/cmake --build /home/ngochoan/dev_ws/build/cpp_pubsub -- -j8 -l8
[0.093s] -- Found ament_cmake: 1.3.5 (/opt/ros/humble/share/ament_cmake/cmake)
[0.218s] -- Found rclc: 4.0.2 (/opt/ros/humble/share/rclc/cmake)
[0.242s] -- Found rosidl_generator_c: 3.1.5 (/opt/ros/humble/share/rosidl_generator_c/cmake)
[0.244s] -- Found rosidl_adapter: 3.1.5 (/opt/ros/humble/share/rosidl_adapter/cmake)
[0.250s] -- Found rosidl_generator_cpp: 3.1.5 (/opt/ros/humble/share/rosidl_generator_cpp/cmake)
[0.259s] -- Using all available rosidl_typesupport_c: rosidl_typesupport_fastrtps_c;rosidl_typesupport_introspection_c
[0.273s] -- Using all available rosidl_typesupport_cpp: rosidl_typesupport_fastrtps_cpp;rosidl_typesupport_introspection_cpp
[0.326s] -- Found rmw_implementation_cmake: 6.1.1 (/opt/ros/humble/share/rmw_implementation_cmake/cmake)
[0.327s] -- Found rmw_fastrtps_cpp: 6.2.4 (/opt/ros/humble/share/rmw_fastrtps_cpp/cmake)
[0.425s] -- Using RMW implementation 'rmw_fastrtps_cpp' as default
[0.535s] -- Found std_msgs: 4.2.3 (/opt/ros/humble/share/std_msgs/cmake)
[0.563s] -- Found tutorial_interfaces: 0.0.0 (/home/ngochoan/dev_ws/install/tutorial_interfaces/share/tutorial_interfaces/cmake)
[0.578s] [31mCMake Error at /opt/ros/humble/share/ament_cmake_target_dependencies/cmake/ament_target_dependencies.cmake:77 (message):
[0.578s]   ament_target_dependencies() the passed package name 'rclcpp' was not found
[0.578s]   before
[0.578s] Call Stack (most recent call first):
[0.578s]   CMakeLists.txt:19 (ament_target_dependencies)
[0.578s] 
[0.578s] [0m
[0.578s] -- Configuring incomplete, errors occurred!
[0.578s] See also "/home/ngochoan/dev_ws/build/cpp_pubsub/CMakeFiles/CMakeOutput.log".
[0.583s] gmake: *** [Makefile:349: cmake_check_build_system] Error 1
[0.585s] Invoked command in '/home/ngochoan/dev_ws/build/cpp_pubsub' returned '2': CMAKE_PREFIX_PATH=${CMAKE_PREFIX_PATH}:/opt/ros/humble /usr/bin/cmake --build /home/ngochoan/dev_ws/build/cpp_pubsub -- -j8 -l8
