[0.044s] Invoking command in '/home/ngochoan/dev_ws/build/turtlesim': CMAKE_PREFIX_PATH=/opt/ros/humble /usr/bin/cmake /home/ngochoan/dev_ws/src/ros_tutorials/turtlesim -DCMAKE_INSTALL_PREFIX=/home/ngochoan/dev_ws/install/turtlesim
[0.130s] -- The C compiler identification is GNU 11.4.0
[0.204s] -- The CXX compiler identification is GNU 11.4.0
[0.214s] -- Detecting C compiler ABI info
[0.272s] -- Detecting C compiler ABI info - done
[0.278s] -- Check for working C compiler: /usr/bin/cc - skipped
[0.278s] -- Detecting C compile features
[0.279s] -- Detecting C compile features - done
[0.281s] -- Detecting CXX compiler ABI info
[0.337s] -- Detecting CXX compiler ABI info - done
[0.344s] -- Check for working CXX compiler: /usr/bin/c++ - skipped
[0.344s] -- Detecting CXX compile features
[0.344s] -- Detecting CXX compile features - done
[0.346s] -- Found ament_cmake: 1.3.5 (/opt/ros/humble/share/ament_cmake/cmake)
[0.472s] -- Found Python3: /usr/bin/python3.10 (found version "3.10.12") found components: Interpreter 
[0.540s] -- Found ament_index_cpp: 1.4.0 (/opt/ros/humble/share/ament_index_cpp/cmake)
[0.542s] -- Found geometry_msgs: 4.2.3 (/opt/ros/humble/share/geometry_msgs/cmake)
[0.574s] -- Found rosidl_generator_c: 3.1.5 (/opt/ros/humble/share/rosidl_generator_c/cmake)
[0.578s] -- Found rosidl_adapter: 3.1.5 (/opt/ros/humble/share/rosidl_adapter/cmake)
[0.586s] -- Found rosidl_generator_cpp: 3.1.5 (/opt/ros/humble/share/rosidl_generator_cpp/cmake)
[0.598s] -- Using all available rosidl_typesupport_c: rosidl_typesupport_fastrtps_c;rosidl_typesupport_introspection_c
[0.614s] -- Using all available rosidl_typesupport_cpp: rosidl_typesupport_fastrtps_cpp;rosidl_typesupport_introspection_cpp
[0.731s] -- Found rclcpp: 16.0.6 (/opt/ros/humble/share/rclcpp/cmake)
[0.784s] -- Found rmw_implementation_cmake: 6.1.1 (/opt/ros/humble/share/rmw_implementation_cmake/cmake)
[0.786s] -- Found rmw_fastrtps_cpp: 6.2.4 (/opt/ros/humble/share/rmw_fastrtps_cpp/cmake)
[0.858s] -- Found OpenSSL: /usr/lib/x86_64-linux-gnu/libcrypto.so (found version "3.0.2")  
[0.878s] -- Found FastRTPS: /opt/ros/humble/include  
[0.913s] -- Using RMW implementation 'rmw_fastrtps_cpp' as default
[0.921s] -- Looking for pthread.h
[0.976s] -- Looking for pthread.h - found
[0.976s] -- Performing Test CMAKE_HAVE_LIBC_PTHREAD
[1.027s] -- Performing Test CMAKE_HAVE_LIBC_PTHREAD - Success
[1.028s] -- Found Threads: TRUE  
[1.146s] -- Found rclcpp_action: 16.0.6 (/opt/ros/humble/share/rclcpp_action/cmake)
[1.232s] -- Found rosidl_default_generators: 1.2.0 (/opt/ros/humble/share/rosidl_default_generators/cmake)
[1.240s] -- Found std_srvs: 4.2.3 (/opt/ros/humble/share/std_srvs/cmake)
[1.487s] -- Found ament_cmake_ros: 0.10.0 (/opt/ros/humble/share/ament_cmake_ros/cmake)
[1.720s] -- Using all available rosidl_typesupport_c: rosidl_typesupport_fastrtps_c;rosidl_typesupport_introspection_c
[1.811s] -- Using all available rosidl_typesupport_cpp: rosidl_typesupport_fastrtps_cpp;rosidl_typesupport_introspection_cpp
[1.828s] -- Found PythonInterp: /usr/bin/python3 (found suitable version "3.10.12", minimum required is "3.6") 
[1.829s] -- Found python_cmake_module: 0.10.0 (/opt/ros/humble/share/python_cmake_module/cmake)
[1.849s] -- Found PythonLibs: /usr/lib/x86_64-linux-gnu/libpython3.10.so (found suitable version "3.10.12", minimum required is "3.5") 
[1.849s] -- Using PYTHON_EXECUTABLE: /usr/bin/python3
[1.850s] -- Using PYTHON_INCLUDE_DIRS: /usr/include/python3.10
[1.850s] -- Using PYTHON_LIBRARIES: /usr/lib/x86_64-linux-gnu/libpython3.10.so
[1.865s] -- Found PythonExtra: .so  
[1.906s] -- Configuring done
[1.952s] -- Generating done
[1.955s] -- Build files have been written to: /home/ngochoan/dev_ws/build/turtlesim
[1.965s] Invoked command in '/home/ngochoan/dev_ws/build/turtlesim' returned '0': CMAKE_PREFIX_PATH=/opt/ros/humble /usr/bin/cmake /home/ngochoan/dev_ws/src/ros_tutorials/turtlesim -DCMAKE_INSTALL_PREFIX=/home/ngochoan/dev_ws/install/turtlesim
[1.967s] Invoking command in '/home/ngochoan/dev_ws/build/turtlesim': CMAKE_PREFIX_PATH=/opt/ros/humble /usr/bin/cmake --build /home/ngochoan/dev_ws/build/turtlesim -- -j8 -l8
[1.997s] [  1%] [34m[1mGenerating C code for ROS interfaces[0m
[2.004s] [  2%] [34m[1mGenerating C++ code for ROS interfaces[0m
[2.010s] [  2%] Built target ament_cmake_python_copy_turtlesim
[2.205s] running egg_info
[2.205s] creating turtlesim.egg-info
[2.205s] writing turtlesim.egg-info/PKG-INFO
[2.205s] writing dependency_links to turtlesim.egg-info/dependency_links.txt
[2.205s] writing top-level names to turtlesim.egg-info/top_level.txt
[2.205s] writing manifest file 'turtlesim.egg-info/SOURCES.txt'
[2.207s] reading manifest file 'turtlesim.egg-info/SOURCES.txt'
[2.208s] writing manifest file 'turtlesim.egg-info/SOURCES.txt'
[2.228s] [  2%] Built target ament_cmake_python_build_turtlesim_egg
[2.742s] [  2%] Built target turtlesim__cpp
[2.749s] [  5%] [34m[1mGenerating C++ type support for eProsima Fast-RTPS[0m
[2.750s] [  5%] [34m[1mGenerating C++ type support dispatch for ROS interfaces[0m
[2.750s] [  5%] [34m[1mGenerating C++ introspection for ROS interfaces[0m
[2.839s] [  8%] [32mBuilding C object CMakeFiles/turtlesim__rosidl_generator_c.dir/rosidl_generator_c/turtlesim/srv/detail/set_pen__functions.c.o[0m
[2.839s] [  8%] [32mBuilding C object CMakeFiles/turtlesim__rosidl_generator_c.dir/rosidl_generator_c/turtlesim/srv/detail/kill__functions.c.o[0m
[2.839s] [  8%] [32mBuilding C object CMakeFiles/turtlesim__rosidl_generator_c.dir/rosidl_generator_c/turtlesim/action/detail/rotate_absolute__functions.c.o[0m
[2.839s] [  9%] [32mBuilding C object CMakeFiles/turtlesim__rosidl_generator_c.dir/rosidl_generator_c/turtlesim/msg/detail/pose__functions.c.o[0m
[2.840s] [ 10%] [32mBuilding C object CMakeFiles/turtlesim__rosidl_generator_c.dir/rosidl_generator_c/turtlesim/msg/detail/color__functions.c.o[0m
[2.901s] [ 11%] [32mBuilding C object CMakeFiles/turtlesim__rosidl_generator_c.dir/rosidl_generator_c/turtlesim/srv/detail/spawn__functions.c.o[0m
[2.902s] [ 12%] [32mBuilding C object CMakeFiles/turtlesim__rosidl_generator_c.dir/rosidl_generator_c/turtlesim/srv/detail/teleport_absolute__functions.c.o[0m
[2.913s] [ 13%] [32mBuilding C object CMakeFiles/turtlesim__rosidl_generator_c.dir/rosidl_generator_c/turtlesim/srv/detail/teleport_relative__functions.c.o[0m
[2.986s] [ 14%] [32m[1mLinking C shared library libturtlesim__rosidl_generator_c.so[0m
[3.016s] [ 14%] Built target turtlesim__rosidl_generator_c
[3.026s] [ 17%] [34m[1mGenerating C type support dispatch for ROS interfaces[0m
[3.026s] [ 17%] [34m[1mGenerating C introspection for ROS interfaces[0m
[3.026s] [ 17%] [34m[1mGenerating C type support for eProsima Fast-RTPS[0m
[3.444s] [ 20%] [32mBuilding CXX object CMakeFiles/turtlesim__rosidl_typesupport_cpp.dir/rosidl_typesupport_cpp/turtlesim/msg/pose__type_support.cpp.o[0m
[3.444s] [ 20%] [32mBuilding CXX object CMakeFiles/turtlesim__rosidl_typesupport_cpp.dir/rosidl_typesupport_cpp/turtlesim/msg/color__type_support.cpp.o[0m
[3.444s] [ 20%] [32mBuilding CXX object CMakeFiles/turtlesim__rosidl_typesupport_cpp.dir/rosidl_typesupport_cpp/turtlesim/action/rotate_absolute__type_support.cpp.o[0m
[3.549s] [ 21%] [32mBuilding CXX object CMakeFiles/turtlesim__rosidl_typesupport_c.dir/rosidl_typesupport_c/turtlesim/action/rotate_absolute__type_support.cpp.o[0m
[3.612s] [ 22%] [32mBuilding CXX object CMakeFiles/turtlesim__rosidl_typesupport_c.dir/rosidl_typesupport_c/turtlesim/msg/color__type_support.cpp.o[0m
[3.646s] [ 23%] [32mBuilding CXX object CMakeFiles/turtlesim__rosidl_typesupport_c.dir/rosidl_typesupport_c/turtlesim/msg/pose__type_support.cpp.o[0m
[3.680s] [ 24%] [32mBuilding CXX object CMakeFiles/turtlesim__rosidl_typesupport_c.dir/rosidl_typesupport_c/turtlesim/srv/kill__type_support.cpp.o[0m
[3.699s] [ 25%] [32mBuilding CXX object CMakeFiles/turtlesim__rosidl_typesupport_fastrtps_cpp.dir/rosidl_typesupport_fastrtps_cpp/turtlesim/action/detail/dds_fastrtps/rotate_absolute__type_support.cpp.o[0m
[3.713s] [ 26%] [32mBuilding CXX object CMakeFiles/turtlesim__rosidl_typesupport_c.dir/rosidl_typesupport_c/turtlesim/srv/set_pen__type_support.cpp.o[0m
[3.750s] [ 27%] [32mBuilding CXX object CMakeFiles/turtlesim__rosidl_typesupport_c.dir/rosidl_typesupport_c/turtlesim/srv/spawn__type_support.cpp.o[0m
[3.786s] [ 28%] [32mBuilding CXX object CMakeFiles/turtlesim__rosidl_typesupport_c.dir/rosidl_typesupport_c/turtlesim/srv/teleport_absolute__type_support.cpp.o[0m
[3.809s] [ 30%] [32mBuilding CXX object CMakeFiles/turtlesim__rosidl_typesupport_introspection_cpp.dir/rosidl_typesupport_introspection_cpp/turtlesim/action/detail/rotate_absolute__type_support.cpp.o[0m
[3.809s] [ 30%] [32mBuilding CXX object CMakeFiles/turtlesim__rosidl_typesupport_introspection_cpp.dir/rosidl_typesupport_introspection_cpp/turtlesim/msg/detail/color__type_support.cpp.o[0m
[3.819s] [ 31%] [32mBuilding CXX object CMakeFiles/turtlesim__rosidl_typesupport_cpp.dir/rosidl_typesupport_cpp/turtlesim/srv/kill__type_support.cpp.o[0m
[3.823s] [ 32%] [32mBuilding CXX object CMakeFiles/turtlesim__rosidl_typesupport_c.dir/rosidl_typesupport_c/turtlesim/srv/teleport_relative__type_support.cpp.o[0m
[3.864s] [ 33%] [32m[1mLinking CXX shared library libturtlesim__rosidl_typesupport_c.so[0m
[3.917s] [ 33%] Built target turtlesim__rosidl_typesupport_c
[3.928s] [ 34%] [32mBuilding CXX object CMakeFiles/turtlesim__rosidl_typesupport_introspection_cpp.dir/rosidl_typesupport_introspection_cpp/turtlesim/msg/detail/pose__type_support.cpp.o[0m
[4.059s] [ 35%] [32mBuilding CXX object CMakeFiles/turtlesim__rosidl_typesupport_introspection_cpp.dir/rosidl_typesupport_introspection_cpp/turtlesim/srv/detail/kill__type_support.cpp.o[0m
[4.182s] [ 36%] [32mBuilding CXX object CMakeFiles/turtlesim__rosidl_typesupport_cpp.dir/rosidl_typesupport_cpp/turtlesim/srv/set_pen__type_support.cpp.o[0m
[4.225s] [ 37%] [32mBuilding C object CMakeFiles/turtlesim__rosidl_typesupport_introspection_c.dir/rosidl_typesupport_introspection_c/turtlesim/action/detail/rotate_absolute__type_support.c.o[0m
[4.290s] [ 38%] [32mBuilding C object CMakeFiles/turtlesim__rosidl_typesupport_introspection_c.dir/rosidl_typesupport_introspection_c/turtlesim/msg/detail/color__type_support.c.o[0m
[4.310s] [ 39%] [32mBuilding C object CMakeFiles/turtlesim__rosidl_typesupport_introspection_c.dir/rosidl_typesupport_introspection_c/turtlesim/msg/detail/pose__type_support.c.o[0m
[4.327s] [ 40%] [32mBuilding CXX object CMakeFiles/turtlesim__rosidl_typesupport_cpp.dir/rosidl_typesupport_cpp/turtlesim/srv/spawn__type_support.cpp.o[0m
[4.337s] [ 41%] [32mBuilding CXX object CMakeFiles/turtlesim__rosidl_typesupport_fastrtps_c.dir/rosidl_typesupport_fastrtps_c/turtlesim/action/detail/rotate_absolute__type_support_c.cpp.o[0m
[4.351s] [ 42%] [32mBuilding C object CMakeFiles/turtlesim__rosidl_typesupport_introspection_c.dir/rosidl_typesupport_introspection_c/turtlesim/srv/detail/kill__type_support.c.o[0m
[4.398s] [ 43%] [32mBuilding C object CMakeFiles/turtlesim__rosidl_typesupport_introspection_c.dir/rosidl_typesupport_introspection_c/turtlesim/srv/detail/set_pen__type_support.c.o[0m
[4.433s] [ 44%] [32mBuilding CXX object CMakeFiles/turtlesim__rosidl_typesupport_fastrtps_c.dir/rosidl_typesupport_fastrtps_c/turtlesim/msg/detail/color__type_support_c.cpp.o[0m
[4.442s] [ 45%] [32mBuilding C object CMakeFiles/turtlesim__rosidl_typesupport_introspection_c.dir/rosidl_typesupport_introspection_c/turtlesim/srv/detail/spawn__type_support.c.o[0m
[4.448s] [ 46%] [32mBuilding CXX object CMakeFiles/turtlesim__rosidl_typesupport_fastrtps_cpp.dir/rosidl_typesupport_fastrtps_cpp/turtlesim/msg/detail/dds_fastrtps/color__type_support.cpp.o[0m
[4.488s] [ 47%] [32mBuilding C object CMakeFiles/turtlesim__rosidl_typesupport_introspection_c.dir/rosidl_typesupport_introspection_c/turtlesim/srv/detail/teleport_absolute__type_support.c.o[0m
[4.531s] [ 48%] [32mBuilding C object CMakeFiles/turtlesim__rosidl_typesupport_introspection_c.dir/rosidl_typesupport_introspection_c/turtlesim/srv/detail/teleport_relative__type_support.c.o[0m
[4.557s] [ 49%] [32mBuilding CXX object CMakeFiles/turtlesim__rosidl_typesupport_cpp.dir/rosidl_typesupport_cpp/turtlesim/srv/teleport_absolute__type_support.cpp.o[0m
[4.575s] [ 50%] [32m[1mLinking C shared library libturtlesim__rosidl_typesupport_introspection_c.so[0m
[4.581s] [ 51%] [32mBuilding CXX object CMakeFiles/turtlesim__rosidl_typesupport_introspection_cpp.dir/rosidl_typesupport_introspection_cpp/turtlesim/srv/detail/set_pen__type_support.cpp.o[0m
[4.607s] [ 52%] [32mBuilding CXX object CMakeFiles/turtlesim__rosidl_typesupport_cpp.dir/rosidl_typesupport_cpp/turtlesim/srv/teleport_relative__type_support.cpp.o[0m
[4.614s] [ 52%] Built target turtlesim__rosidl_typesupport_introspection_c
[4.625s] [ 53%] [32mBuilding CXX object CMakeFiles/turtlesim__rosidl_typesupport_introspection_cpp.dir/rosidl_typesupport_introspection_cpp/turtlesim/srv/detail/spawn__type_support.cpp.o[0m
[4.698s] [ 54%] [32mBuilding CXX object CMakeFiles/turtlesim__rosidl_typesupport_introspection_cpp.dir/rosidl_typesupport_introspection_cpp/turtlesim/srv/detail/teleport_absolute__type_support.cpp.o[0m
[4.840s] [ 55%] [32mBuilding CXX object CMakeFiles/turtlesim__rosidl_typesupport_fastrtps_c.dir/rosidl_typesupport_fastrtps_c/turtlesim/msg/detail/pose__type_support_c.cpp.o[0m
[4.866s] [ 56%] [32mBuilding CXX object CMakeFiles/turtlesim__rosidl_typesupport_fastrtps_c.dir/rosidl_typesupport_fastrtps_c/turtlesim/srv/detail/kill__type_support_c.cpp.o[0m
[4.912s] [ 57%] [32mBuilding CXX object CMakeFiles/turtlesim__rosidl_typesupport_fastrtps_c.dir/rosidl_typesupport_fastrtps_c/turtlesim/srv/detail/set_pen__type_support_c.cpp.o[0m
[4.957s] [ 58%] [32mBuilding CXX object CMakeFiles/turtlesim__rosidl_typesupport_fastrtps_cpp.dir/rosidl_typesupport_fastrtps_cpp/turtlesim/msg/detail/dds_fastrtps/pose__type_support.cpp.o[0m
[4.978s] [ 59%] [32m[1mLinking CXX shared library libturtlesim__rosidl_typesupport_cpp.so[0m
[5.031s] [ 59%] Built target turtlesim__rosidl_typesupport_cpp
[5.044s] [ 60%] [34m[1mGenerating include/turtlesim/moc_turtle_frame.cpp[0m
[5.090s] [ 61%] [32mBuilding CXX object CMakeFiles/turtlesim__rosidl_typesupport_introspection_cpp.dir/rosidl_typesupport_introspection_cpp/turtlesim/srv/detail/teleport_relative__type_support.cpp.o[0m
[5.153s] [ 62%] [32mBuilding CXX object CMakeFiles/turtlesim_node.dir/src/turtlesim.cpp.o[0m
[5.163s] [ 63%] [32mBuilding CXX object CMakeFiles/turtle_teleop_key.dir/tutorials/teleop_turtle_key.cpp.o[0m
[5.194s] [ 64%] [32mBuilding CXX object CMakeFiles/turtlesim_node.dir/src/turtle.cpp.o[0m
[5.285s] [ 65%] [32mBuilding CXX object CMakeFiles/turtlesim__rosidl_typesupport_fastrtps_c.dir/rosidl_typesupport_fastrtps_c/turtlesim/srv/detail/spawn__type_support_c.cpp.o[0m
[5.322s] [ 66%] [32mBuilding CXX object CMakeFiles/turtlesim__rosidl_typesupport_fastrtps_c.dir/rosidl_typesupport_fastrtps_c/turtlesim/srv/detail/teleport_absolute__type_support_c.cpp.o[0m
[5.363s] [ 67%] [32mBuilding CXX object CMakeFiles/turtlesim__rosidl_typesupport_fastrtps_c.dir/rosidl_typesupport_fastrtps_c/turtlesim/srv/detail/teleport_relative__type_support_c.cpp.o[0m
[5.469s] [ 68%] [32mBuilding CXX object CMakeFiles/turtlesim__rosidl_typesupport_fastrtps_cpp.dir/rosidl_typesupport_fastrtps_cpp/turtlesim/srv/detail/dds_fastrtps/kill__type_support.cpp.o[0m
[5.578s] [ 69%] [32m[1mLinking CXX shared library libturtlesim__rosidl_typesupport_introspection_cpp.so[0m
[5.698s] [ 69%] Built target turtlesim__rosidl_typesupport_introspection_cpp
[5.724s] [ 70%] [32mBuilding CXX object CMakeFiles/draw_square.dir/tutorials/draw_square.cpp.o[0m
[5.763s] [ 71%] [32mBuilding CXX object CMakeFiles/mimic.dir/tutorials/mimic.cpp.o[0m
[5.768s] [ 72%] [32mBuilding CXX object CMakeFiles/turtlesim__rosidl_typesupport_fastrtps_cpp.dir/rosidl_typesupport_fastrtps_cpp/turtlesim/srv/detail/dds_fastrtps/set_pen__type_support.cpp.o[0m
[5.808s] [ 73%] [32m[1mLinking CXX shared library libturtlesim__rosidl_typesupport_fastrtps_c.so[0m
[5.930s] [ 73%] Built target turtlesim__rosidl_typesupport_fastrtps_c
[5.941s] [ 74%] [32mBuilding CXX object CMakeFiles/turtlesim__rosidl_typesupport_fastrtps_cpp.dir/rosidl_typesupport_fastrtps_cpp/turtlesim/srv/detail/dds_fastrtps/spawn__type_support.cpp.o[0m
[6.013s] [ 75%] [32mBuilding CXX object CMakeFiles/turtlesim__rosidl_typesupport_fastrtps_cpp.dir/rosidl_typesupport_fastrtps_cpp/turtlesim/srv/detail/dds_fastrtps/teleport_absolute__type_support.cpp.o[0m
[6.362s] [ 76%] [32mBuilding CXX object CMakeFiles/turtlesim__rosidl_typesupport_fastrtps_cpp.dir/rosidl_typesupport_fastrtps_cpp/turtlesim/srv/detail/dds_fastrtps/teleport_relative__type_support.cpp.o[0m
[6.492s] [ 77%] [32mBuilding CXX object CMakeFiles/turtlesim_node.dir/src/turtle_frame.cpp.o[0m
[6.604s] [ 78%] [32mBuilding CXX object CMakeFiles/turtlesim_node.dir/include/turtlesim/moc_turtle_frame.cpp.o[0m
[6.893s] [ 79%] [32m[1mLinking CXX shared library libturtlesim__rosidl_typesupport_fastrtps_cpp.so[0m
[7.015s] [ 79%] Built target turtlesim__rosidl_typesupport_fastrtps_cpp
[7.038s] [ 79%] Built target turtlesim
[7.063s] [ 80%] [34m[1mGenerating Python code for ROS interfaces[0m
[10.332s] [ 80%] Built target turtlesim__py
[10.357s] [ 81%] [32mBuilding C object CMakeFiles/turtlesim__rosidl_generator_py.dir/rosidl_generator_py/turtlesim/action/_rotate_absolute_s.c.o[0m
[10.586s] [ 82%] [32mBuilding C object CMakeFiles/turtlesim__rosidl_generator_py.dir/rosidl_generator_py/turtlesim/msg/_color_s.c.o[0m
[10.726s] [ 83%] [32mBuilding C object CMakeFiles/turtlesim__rosidl_generator_py.dir/rosidl_generator_py/turtlesim/msg/_pose_s.c.o[0m
[10.862s] [ 84%] [32mBuilding C object CMakeFiles/turtlesim__rosidl_generator_py.dir/rosidl_generator_py/turtlesim/srv/_kill_s.c.o[0m
[10.995s] [ 85%] [32mBuilding C object CMakeFiles/turtlesim__rosidl_generator_py.dir/rosidl_generator_py/turtlesim/srv/_set_pen_s.c.o[0m
[11.141s] [ 86%] [32mBuilding C object CMakeFiles/turtlesim__rosidl_generator_py.dir/rosidl_generator_py/turtlesim/srv/_spawn_s.c.o[0m
[11.296s] [ 87%] [32mBuilding C object CMakeFiles/turtlesim__rosidl_generator_py.dir/rosidl_generator_py/turtlesim/srv/_teleport_absolute_s.c.o[0m
[11.458s] [ 88%] [32mBuilding C object CMakeFiles/turtlesim__rosidl_generator_py.dir/rosidl_generator_py/turtlesim/srv/_teleport_relative_s.c.o[0m
[11.636s] [ 89%] [32m[1mLinking C shared library rosidl_generator_py/turtlesim/libturtlesim__rosidl_generator_py.so[0m
[11.694s] [ 89%] Built target turtlesim__rosidl_generator_py
[11.716s] [ 91%] [32mBuilding C object CMakeFiles/turtlesim__rosidl_typesupport_introspection_c__pyext.dir/rosidl_generator_py/turtlesim/_turtlesim_s.ep.rosidl_typesupport_introspection_c.c.o[0m
[11.716s] [ 91%] [32mBuilding C object CMakeFiles/turtlesim__rosidl_typesupport_fastrtps_c__pyext.dir/rosidl_generator_py/turtlesim/_turtlesim_s.ep.rosidl_typesupport_fastrtps_c.c.o[0m
[11.897s] [ 92%] [32m[1mLinking C shared library rosidl_generator_py/turtlesim/turtlesim_s__rosidl_typesupport_introspection_c.cpython-310-x86_64-linux-gnu.so[0m
[11.909s] [ 93%] [32m[1mLinking C shared library rosidl_generator_py/turtlesim/turtlesim_s__rosidl_typesupport_fastrtps_c.cpython-310-x86_64-linux-gnu.so[0m
[11.946s] [ 93%] Built target turtlesim__rosidl_typesupport_introspection_c__pyext
[11.954s] [ 93%] Built target turtlesim__rosidl_typesupport_fastrtps_c__pyext
[11.970s] [ 94%] [32mBuilding C object CMakeFiles/turtlesim__rosidl_typesupport_c__pyext.dir/rosidl_generator_py/turtlesim/_turtlesim_s.ep.rosidl_typesupport_c.c.o[0m
[12.155s] [ 95%] [32m[1mLinking C shared library rosidl_generator_py/turtlesim/turtlesim_s__rosidl_typesupport_c.cpython-310-x86_64-linux-gnu.so[0m
[12.206s] [ 95%] Built target turtlesim__rosidl_typesupport_c__pyext
[13.581s] [ 96%] [32m[1mLinking CXX executable turtle_teleop_key[0m
[14.005s] [ 96%] Built target turtle_teleop_key
[16.714s] [ 97%] [32m[1mLinking CXX executable mimic[0m
[16.909s] [ 98%] [32m[1mLinking CXX executable draw_square[0m
[17.190s] [ 98%] Built target mimic
[17.456s] [ 98%] Built target draw_square
[20.077s] [100%] [32m[1mLinking CXX executable turtlesim_node[0m
[22.187s] [100%] Built target turtlesim_node
[22.205s] Invoked command in '/home/ngochoan/dev_ws/build/turtlesim' returned '0': CMAKE_PREFIX_PATH=/opt/ros/humble /usr/bin/cmake --build /home/ngochoan/dev_ws/build/turtlesim -- -j8 -l8
[22.337s] Invoking command in '/home/ngochoan/dev_ws/build/turtlesim': CMAKE_PREFIX_PATH=/opt/ros/humble /usr/bin/cmake --install /home/ngochoan/dev_ws/build/turtlesim
[22.343s] -- Install configuration: ""
[22.343s] -- Installing: /home/ngochoan/dev_ws/install/turtlesim/share/ament_index/resource_index/rosidl_interfaces/turtlesim
[22.343s] -- Installing: /home/ngochoan/dev_ws/install/turtlesim/include/turtlesim/turtlesim
[22.343s] -- Installing: /home/ngochoan/dev_ws/install/turtlesim/include/turtlesim/turtlesim/srv
[22.343s] -- Installing: /home/ngochoan/dev_ws/install/turtlesim/include/turtlesim/turtlesim/srv/set_pen.h
[22.343s] -- Installing: /home/ngochoan/dev_ws/install/turtlesim/include/turtlesim/turtlesim/srv/teleport_absolute.h
[22.343s] -- Installing: /home/ngochoan/dev_ws/install/turtlesim/include/turtlesim/turtlesim/srv/kill.h
[22.343s] -- Installing: /home/ngochoan/dev_ws/install/turtlesim/include/turtlesim/turtlesim/srv/spawn.h
[22.344s] -- Installing: /home/ngochoan/dev_ws/install/turtlesim/include/turtlesim/turtlesim/srv/detail
[22.344s] -- Installing: /home/ngochoan/dev_ws/install/turtlesim/include/turtlesim/turtlesim/srv/detail/teleport_absolute__functions.h
[22.344s] -- Installing: /home/ngochoan/dev_ws/install/turtlesim/include/turtlesim/turtlesim/srv/detail/teleport_absolute__struct.h
[22.344s] -- Installing: /home/ngochoan/dev_ws/install/turtlesim/include/turtlesim/turtlesim/srv/detail/spawn__functions.h
[22.344s] -- Installing: /home/ngochoan/dev_ws/install/turtlesim/include/turtlesim/turtlesim/srv/detail/set_pen__functions.c
[22.344s] -- Installing: /home/ngochoan/dev_ws/install/turtlesim/include/turtlesim/turtlesim/srv/detail/kill__functions.h
[22.344s] -- Installing: /home/ngochoan/dev_ws/install/turtlesim/include/turtlesim/turtlesim/srv/detail/set_pen__type_support.h
[22.344s] -- Installing: /home/ngochoan/dev_ws/install/turtlesim/include/turtlesim/turtlesim/srv/detail/spawn__struct.h
[22.344s] -- Installing: /home/ngochoan/dev_ws/install/turtlesim/include/turtlesim/turtlesim/srv/detail/set_pen__struct.h
[22.344s] -- Installing: /home/ngochoan/dev_ws/install/turtlesim/include/turtlesim/turtlesim/srv/detail/kill__functions.c
[22.344s] -- Installing: /home/ngochoan/dev_ws/install/turtlesim/include/turtlesim/turtlesim/srv/detail/teleport_absolute__functions.c
[22.344s] -- Installing: /home/ngochoan/dev_ws/install/turtlesim/include/turtlesim/turtlesim/srv/detail/kill__struct.h
[22.344s] -- Installing: /home/ngochoan/dev_ws/install/turtlesim/include/turtlesim/turtlesim/srv/detail/teleport_relative__struct.h
[22.344s] -- Installing: /home/ngochoan/dev_ws/install/turtlesim/include/turtlesim/turtlesim/srv/detail/teleport_absolute__type_support.h
[22.344s] -- Installing: /home/ngochoan/dev_ws/install/turtlesim/include/turtlesim/turtlesim/srv/detail/teleport_relative__functions.c
[22.344s] -- Installing: /home/ngochoan/dev_ws/install/turtlesim/include/turtlesim/turtlesim/srv/detail/set_pen__functions.h
[22.344s] -- Installing: /home/ngochoan/dev_ws/install/turtlesim/include/turtlesim/turtlesim/srv/detail/spawn__type_support.h
[22.344s] -- Installing: /home/ngochoan/dev_ws/install/turtlesim/include/turtlesim/turtlesim/srv/detail/teleport_relative__type_support.h
[22.345s] -- Installing: /home/ngochoan/dev_ws/install/turtlesim/include/turtlesim/turtlesim/srv/detail/teleport_relative__functions.h
[22.345s] -- Installing: /home/ngochoan/dev_ws/install/turtlesim/include/turtlesim/turtlesim/srv/detail/kill__type_support.h
[22.345s] -- Installing: /home/ngochoan/dev_ws/install/turtlesim/include/turtlesim/turtlesim/srv/detail/spawn__functions.c
[22.345s] -- Installing: /home/ngochoan/dev_ws/install/turtlesim/include/turtlesim/turtlesim/srv/teleport_relative.h
[22.345s] -- Installing: /home/ngochoan/dev_ws/install/turtlesim/include/turtlesim/turtlesim/msg
[22.345s] -- Installing: /home/ngochoan/dev_ws/install/turtlesim/include/turtlesim/turtlesim/msg/pose.h
[22.345s] -- Installing: /home/ngochoan/dev_ws/install/turtlesim/include/turtlesim/turtlesim/msg/rosidl_generator_c__visibility_control.h
[22.345s] -- Installing: /home/ngochoan/dev_ws/install/turtlesim/include/turtlesim/turtlesim/msg/detail
[22.345s] -- Installing: /home/ngochoan/dev_ws/install/turtlesim/include/turtlesim/turtlesim/msg/detail/color__type_support.h
[22.345s] -- Installing: /home/ngochoan/dev_ws/install/turtlesim/include/turtlesim/turtlesim/msg/detail/color__struct.h
[22.345s] -- Installing: /home/ngochoan/dev_ws/install/turtlesim/include/turtlesim/turtlesim/msg/detail/pose__functions.h
[22.345s] -- Installing: /home/ngochoan/dev_ws/install/turtlesim/include/turtlesim/turtlesim/msg/detail/color__functions.c
[22.345s] -- Installing: /home/ngochoan/dev_ws/install/turtlesim/include/turtlesim/turtlesim/msg/detail/pose__functions.c
[22.345s] -- Installing: /home/ngochoan/dev_ws/install/turtlesim/include/turtlesim/turtlesim/msg/detail/color__functions.h
[22.345s] -- Installing: /home/ngochoan/dev_ws/install/turtlesim/include/turtlesim/turtlesim/msg/detail/pose__type_support.h
[22.345s] -- Installing: /home/ngochoan/dev_ws/install/turtlesim/include/turtlesim/turtlesim/msg/detail/pose__struct.h
[22.345s] -- Installing: /home/ngochoan/dev_ws/install/turtlesim/include/turtlesim/turtlesim/msg/color.h
[22.346s] -- Installing: /home/ngochoan/dev_ws/install/turtlesim/include/turtlesim/turtlesim/action
[22.346s] -- Installing: /home/ngochoan/dev_ws/install/turtlesim/include/turtlesim/turtlesim/action/rotate_absolute.h
[22.346s] -- Installing: /home/ngochoan/dev_ws/install/turtlesim/include/turtlesim/turtlesim/action/detail
[22.346s] -- Installing: /home/ngochoan/dev_ws/install/turtlesim/include/turtlesim/turtlesim/action/detail/rotate_absolute__type_support.h
[22.346s] -- Installing: /home/ngochoan/dev_ws/install/turtlesim/include/turtlesim/turtlesim/action/detail/rotate_absolute__struct.h
[22.346s] -- Installing: /home/ngochoan/dev_ws/install/turtlesim/include/turtlesim/turtlesim/action/detail/rotate_absolute__functions.h
[22.346s] -- Installing: /home/ngochoan/dev_ws/install/turtlesim/include/turtlesim/turtlesim/action/detail/rotate_absolute__functions.c
[22.346s] -- Installing: /home/ngochoan/dev_ws/install/turtlesim/share/turtlesim/environment/library_path.sh
[22.346s] -- Installing: /home/ngochoan/dev_ws/install/turtlesim/share/turtlesim/environment/library_path.dsv
[22.346s] -- Installing: /home/ngochoan/dev_ws/install/turtlesim/lib/libturtlesim__rosidl_generator_c.so
[22.346s] -- Set runtime path of "/home/ngochoan/dev_ws/install/turtlesim/lib/libturtlesim__rosidl_generator_c.so" to ""
[22.346s] -- Up-to-date: /home/ngochoan/dev_ws/install/turtlesim/include/turtlesim/turtlesim
[22.346s] -- Up-to-date: /home/ngochoan/dev_ws/install/turtlesim/include/turtlesim/turtlesim/srv
[22.346s] -- Up-to-date: /home/ngochoan/dev_ws/install/turtlesim/include/turtlesim/turtlesim/srv/detail
[22.346s] -- Installing: /home/ngochoan/dev_ws/install/turtlesim/include/turtlesim/turtlesim/srv/detail/teleport_relative__rosidl_typesupport_fastrtps_c.h
[22.347s] -- Installing: /home/ngochoan/dev_ws/install/turtlesim/include/turtlesim/turtlesim/srv/detail/spawn__rosidl_typesupport_fastrtps_c.h
[22.347s] -- Installing: /home/ngochoan/dev_ws/install/turtlesim/include/turtlesim/turtlesim/srv/detail/teleport_absolute__rosidl_typesupport_fastrtps_c.h
[22.347s] -- Installing: /home/ngochoan/dev_ws/install/turtlesim/include/turtlesim/turtlesim/srv/detail/kill__rosidl_typesupport_fastrtps_c.h
[22.347s] -- Installing: /home/ngochoan/dev_ws/install/turtlesim/include/turtlesim/turtlesim/srv/detail/set_pen__rosidl_typesupport_fastrtps_c.h
[22.347s] -- Up-to-date: /home/ngochoan/dev_ws/install/turtlesim/include/turtlesim/turtlesim/msg
[22.347s] -- Up-to-date: /home/ngochoan/dev_ws/install/turtlesim/include/turtlesim/turtlesim/msg/detail
[22.347s] -- Installing: /home/ngochoan/dev_ws/install/turtlesim/include/turtlesim/turtlesim/msg/detail/pose__rosidl_typesupport_fastrtps_c.h
[22.347s] -- Installing: /home/ngochoan/dev_ws/install/turtlesim/include/turtlesim/turtlesim/msg/detail/color__rosidl_typesupport_fastrtps_c.h
[22.347s] -- Installing: /home/ngochoan/dev_ws/install/turtlesim/include/turtlesim/turtlesim/msg/rosidl_typesupport_fastrtps_c__visibility_control.h
[22.347s] -- Up-to-date: /home/ngochoan/dev_ws/install/turtlesim/include/turtlesim/turtlesim/action
[22.347s] -- Up-to-date: /home/ngochoan/dev_ws/install/turtlesim/include/turtlesim/turtlesim/action/detail
[22.347s] -- Installing: /home/ngochoan/dev_ws/install/turtlesim/include/turtlesim/turtlesim/action/detail/rotate_absolute__rosidl_typesupport_fastrtps_c.h
[22.347s] -- Installing: /home/ngochoan/dev_ws/install/turtlesim/lib/libturtlesim__rosidl_typesupport_fastrtps_c.so
[22.347s] -- Set runtime path of "/home/ngochoan/dev_ws/install/turtlesim/lib/libturtlesim__rosidl_typesupport_fastrtps_c.so" to ""
[22.347s] -- Up-to-date: /home/ngochoan/dev_ws/install/turtlesim/include/turtlesim/turtlesim
[22.347s] -- Up-to-date: /home/ngochoan/dev_ws/install/turtlesim/include/turtlesim/turtlesim/srv
[22.347s] -- Installing: /home/ngochoan/dev_ws/install/turtlesim/include/turtlesim/turtlesim/srv/spawn.hpp
[22.347s] -- Installing: /home/ngochoan/dev_ws/install/turtlesim/include/turtlesim/turtlesim/srv/teleport_relative.hpp
[22.348s] -- Installing: /home/ngochoan/dev_ws/install/turtlesim/include/turtlesim/turtlesim/srv/teleport_absolute.hpp
[22.348s] -- Installing: /home/ngochoan/dev_ws/install/turtlesim/include/turtlesim/turtlesim/srv/kill.hpp
[22.348s] -- Up-to-date: /home/ngochoan/dev_ws/install/turtlesim/include/turtlesim/turtlesim/srv/detail
[22.348s] -- Installing: /home/ngochoan/dev_ws/install/turtlesim/include/turtlesim/turtlesim/srv/detail/spawn__traits.hpp
[22.348s] -- Installing: /home/ngochoan/dev_ws/install/turtlesim/include/turtlesim/turtlesim/srv/detail/set_pen__builder.hpp
[22.348s] -- Installing: /home/ngochoan/dev_ws/install/turtlesim/include/turtlesim/turtlesim/srv/detail/set_pen__traits.hpp
[22.348s] -- Installing: /home/ngochoan/dev_ws/install/turtlesim/include/turtlesim/turtlesim/srv/detail/kill__traits.hpp
[22.348s] -- Installing: /home/ngochoan/dev_ws/install/turtlesim/include/turtlesim/turtlesim/srv/detail/kill__builder.hpp
[22.348s] -- Installing: /home/ngochoan/dev_ws/install/turtlesim/include/turtlesim/turtlesim/srv/detail/kill__struct.hpp
[22.348s] -- Installing: /home/ngochoan/dev_ws/install/turtlesim/include/turtlesim/turtlesim/srv/detail/spawn__builder.hpp
[22.348s] -- Installing: /home/ngochoan/dev_ws/install/turtlesim/include/turtlesim/turtlesim/srv/detail/teleport_absolute__struct.hpp
[22.348s] -- Installing: /home/ngochoan/dev_ws/install/turtlesim/include/turtlesim/turtlesim/srv/detail/spawn__struct.hpp
[22.348s] -- Installing: /home/ngochoan/dev_ws/install/turtlesim/include/turtlesim/turtlesim/srv/detail/teleport_relative__struct.hpp
[22.348s] -- Installing: /home/ngochoan/dev_ws/install/turtlesim/include/turtlesim/turtlesim/srv/detail/teleport_relative__builder.hpp
[22.348s] -- Installing: /home/ngochoan/dev_ws/install/turtlesim/include/turtlesim/turtlesim/srv/detail/teleport_relative__traits.hpp
[22.348s] -- Installing: /home/ngochoan/dev_ws/install/turtlesim/include/turtlesim/turtlesim/srv/detail/set_pen__struct.hpp
[22.349s] -- Installing: /home/ngochoan/dev_ws/install/turtlesim/include/turtlesim/turtlesim/srv/detail/teleport_absolute__builder.hpp
[22.349s] -- Installing: /home/ngochoan/dev_ws/install/turtlesim/include/turtlesim/turtlesim/srv/detail/teleport_absolute__traits.hpp
[22.349s] -- Installing: /home/ngochoan/dev_ws/install/turtlesim/include/turtlesim/turtlesim/srv/set_pen.hpp
[22.349s] -- Up-to-date: /home/ngochoan/dev_ws/install/turtlesim/include/turtlesim/turtlesim/msg
[22.349s] -- Up-to-date: /home/ngochoan/dev_ws/install/turtlesim/include/turtlesim/turtlesim/msg/detail
[22.349s] -- Installing: /home/ngochoan/dev_ws/install/turtlesim/include/turtlesim/turtlesim/msg/detail/pose__struct.hpp
[22.349s] -- Installing: /home/ngochoan/dev_ws/install/turtlesim/include/turtlesim/turtlesim/msg/detail/pose__traits.hpp
[22.349s] -- Installing: /home/ngochoan/dev_ws/install/turtlesim/include/turtlesim/turtlesim/msg/detail/pose__builder.hpp
[22.349s] -- Installing: /home/ngochoan/dev_ws/install/turtlesim/include/turtlesim/turtlesim/msg/detail/color__builder.hpp
[22.349s] -- Installing: /home/ngochoan/dev_ws/install/turtlesim/include/turtlesim/turtlesim/msg/detail/color__struct.hpp
[22.349s] -- Installing: /home/ngochoan/dev_ws/install/turtlesim/include/turtlesim/turtlesim/msg/detail/color__traits.hpp
[22.349s] -- Installing: /home/ngochoan/dev_ws/install/turtlesim/include/turtlesim/turtlesim/msg/color.hpp
[22.350s] -- Installing: /home/ngochoan/dev_ws/install/turtlesim/include/turtlesim/turtlesim/msg/pose.hpp
[22.350s] -- Up-to-date: /home/ngochoan/dev_ws/install/turtlesim/include/turtlesim/turtlesim/action
[22.350s] -- Installing: /home/ngochoan/dev_ws/install/turtlesim/include/turtlesim/turtlesim/action/rotate_absolute.hpp
[22.350s] -- Up-to-date: /home/ngochoan/dev_ws/install/turtlesim/include/turtlesim/turtlesim/action/detail
[22.350s] -- Installing: /home/ngochoan/dev_ws/install/turtlesim/include/turtlesim/turtlesim/action/detail/rotate_absolute__traits.hpp
[22.350s] -- Installing: /home/ngochoan/dev_ws/install/turtlesim/include/turtlesim/turtlesim/action/detail/rotate_absolute__builder.hpp
[22.350s] -- Installing: /home/ngochoan/dev_ws/install/turtlesim/include/turtlesim/turtlesim/action/detail/rotate_absolute__struct.hpp
[22.350s] -- Up-to-date: /home/ngochoan/dev_ws/install/turtlesim/include/turtlesim/turtlesim
[22.350s] -- Up-to-date: /home/ngochoan/dev_ws/install/turtlesim/include/turtlesim/turtlesim/srv
[22.350s] -- Up-to-date: /home/ngochoan/dev_ws/install/turtlesim/include/turtlesim/turtlesim/srv/detail
[22.351s] -- Installing: /home/ngochoan/dev_ws/install/turtlesim/include/turtlesim/turtlesim/srv/detail/teleport_relative__rosidl_typesupport_fastrtps_cpp.hpp
[22.351s] -- Installing: /home/ngochoan/dev_ws/install/turtlesim/include/turtlesim/turtlesim/srv/detail/spawn__rosidl_typesupport_fastrtps_cpp.hpp
[22.351s] -- Installing: /home/ngochoan/dev_ws/install/turtlesim/include/turtlesim/turtlesim/srv/detail/set_pen__rosidl_typesupport_fastrtps_cpp.hpp
[22.351s] -- Installing: /home/ngochoan/dev_ws/install/turtlesim/include/turtlesim/turtlesim/srv/detail/dds_fastrtps
[22.351s] -- Installing: /home/ngochoan/dev_ws/install/turtlesim/include/turtlesim/turtlesim/srv/detail/kill__rosidl_typesupport_fastrtps_cpp.hpp
[22.351s] -- Installing: /home/ngochoan/dev_ws/install/turtlesim/include/turtlesim/turtlesim/srv/detail/teleport_absolute__rosidl_typesupport_fastrtps_cpp.hpp
[22.351s] -- Up-to-date: /home/ngochoan/dev_ws/install/turtlesim/include/turtlesim/turtlesim/msg
[22.351s] -- Up-to-date: /home/ngochoan/dev_ws/install/turtlesim/include/turtlesim/turtlesim/msg/detail
[22.351s] -- Installing: /home/ngochoan/dev_ws/install/turtlesim/include/turtlesim/turtlesim/msg/detail/dds_fastrtps
[22.351s] -- Installing: /home/ngochoan/dev_ws/install/turtlesim/include/turtlesim/turtlesim/msg/detail/color__rosidl_typesupport_fastrtps_cpp.hpp
[22.351s] -- Installing: /home/ngochoan/dev_ws/install/turtlesim/include/turtlesim/turtlesim/msg/detail/pose__rosidl_typesupport_fastrtps_cpp.hpp
[22.351s] -- Installing: /home/ngochoan/dev_ws/install/turtlesim/include/turtlesim/turtlesim/msg/rosidl_typesupport_fastrtps_cpp__visibility_control.h
[22.351s] -- Up-to-date: /home/ngochoan/dev_ws/install/turtlesim/include/turtlesim/turtlesim/action
[22.351s] -- Up-to-date: /home/ngochoan/dev_ws/install/turtlesim/include/turtlesim/turtlesim/action/detail
[22.351s] -- Installing: /home/ngochoan/dev_ws/install/turtlesim/include/turtlesim/turtlesim/action/detail/rotate_absolute__rosidl_typesupport_fastrtps_cpp.hpp
[22.351s] -- Installing: /home/ngochoan/dev_ws/install/turtlesim/include/turtlesim/turtlesim/action/detail/dds_fastrtps
[22.351s] -- Installing: /home/ngochoan/dev_ws/install/turtlesim/lib/libturtlesim__rosidl_typesupport_fastrtps_cpp.so
[22.351s] -- Set runtime path of "/home/ngochoan/dev_ws/install/turtlesim/lib/libturtlesim__rosidl_typesupport_fastrtps_cpp.so" to ""
[22.352s] -- Up-to-date: /home/ngochoan/dev_ws/install/turtlesim/include/turtlesim/turtlesim
[22.352s] -- Up-to-date: /home/ngochoan/dev_ws/install/turtlesim/include/turtlesim/turtlesim/srv
[22.352s] -- Up-to-date: /home/ngochoan/dev_ws/install/turtlesim/include/turtlesim/turtlesim/srv/detail
[22.352s] -- Installing: /home/ngochoan/dev_ws/install/turtlesim/include/turtlesim/turtlesim/srv/detail/teleport_relative__type_support.c
[22.352s] -- Installing: /home/ngochoan/dev_ws/install/turtlesim/include/turtlesim/turtlesim/srv/detail/teleport_relative__rosidl_typesupport_introspection_c.h
[22.352s] -- Installing: /home/ngochoan/dev_ws/install/turtlesim/include/turtlesim/turtlesim/srv/detail/set_pen__rosidl_typesupport_introspection_c.h
[22.352s] -- Installing: /home/ngochoan/dev_ws/install/turtlesim/include/turtlesim/turtlesim/srv/detail/kill__type_support.c
[22.352s] -- Installing: /home/ngochoan/dev_ws/install/turtlesim/include/turtlesim/turtlesim/srv/detail/spawn__type_support.c
[22.352s] -- Installing: /home/ngochoan/dev_ws/install/turtlesim/include/turtlesim/turtlesim/srv/detail/kill__rosidl_typesupport_introspection_c.h
[22.352s] -- Installing: /home/ngochoan/dev_ws/install/turtlesim/include/turtlesim/turtlesim/srv/detail/spawn__rosidl_typesupport_introspection_c.h
[22.352s] -- Installing: /home/ngochoan/dev_ws/install/turtlesim/include/turtlesim/turtlesim/srv/detail/set_pen__type_support.c
[22.352s] -- Installing: /home/ngochoan/dev_ws/install/turtlesim/include/turtlesim/turtlesim/srv/detail/teleport_absolute__type_support.c
[22.352s] -- Installing: /home/ngochoan/dev_ws/install/turtlesim/include/turtlesim/turtlesim/srv/detail/teleport_absolute__rosidl_typesupport_introspection_c.h
[22.352s] -- Up-to-date: /home/ngochoan/dev_ws/install/turtlesim/include/turtlesim/turtlesim/msg
[22.352s] -- Installing: /home/ngochoan/dev_ws/install/turtlesim/include/turtlesim/turtlesim/msg/rosidl_typesupport_introspection_c__visibility_control.h
[22.352s] -- Up-to-date: /home/ngochoan/dev_ws/install/turtlesim/include/turtlesim/turtlesim/msg/detail
[22.352s] -- Installing: /home/ngochoan/dev_ws/install/turtlesim/include/turtlesim/turtlesim/msg/detail/pose__type_support.c
[22.352s] -- Installing: /home/ngochoan/dev_ws/install/turtlesim/include/turtlesim/turtlesim/msg/detail/color__rosidl_typesupport_introspection_c.h
[22.352s] -- Installing: /home/ngochoan/dev_ws/install/turtlesim/include/turtlesim/turtlesim/msg/detail/color__type_support.c
[22.353s] -- Installing: /home/ngochoan/dev_ws/install/turtlesim/include/turtlesim/turtlesim/msg/detail/pose__rosidl_typesupport_introspection_c.h
[22.353s] -- Up-to-date: /home/ngochoan/dev_ws/install/turtlesim/include/turtlesim/turtlesim/action
[22.353s] -- Up-to-date: /home/ngochoan/dev_ws/install/turtlesim/include/turtlesim/turtlesim/action/detail
[22.353s] -- Installing: /home/ngochoan/dev_ws/install/turtlesim/include/turtlesim/turtlesim/action/detail/rotate_absolute__type_support.c
[22.353s] -- Installing: /home/ngochoan/dev_ws/install/turtlesim/include/turtlesim/turtlesim/action/detail/rotate_absolute__rosidl_typesupport_introspection_c.h
[22.353s] -- Installing: /home/ngochoan/dev_ws/install/turtlesim/lib/libturtlesim__rosidl_typesupport_introspection_c.so
[22.353s] -- Set runtime path of "/home/ngochoan/dev_ws/install/turtlesim/lib/libturtlesim__rosidl_typesupport_introspection_c.so" to ""
[22.353s] -- Installing: /home/ngochoan/dev_ws/install/turtlesim/lib/libturtlesim__rosidl_typesupport_c.so
[22.353s] -- Set runtime path of "/home/ngochoan/dev_ws/install/turtlesim/lib/libturtlesim__rosidl_typesupport_c.so" to ""
[22.353s] -- Up-to-date: /home/ngochoan/dev_ws/install/turtlesim/include/turtlesim/turtlesim
[22.353s] -- Up-to-date: /home/ngochoan/dev_ws/install/turtlesim/include/turtlesim/turtlesim/srv
[22.353s] -- Up-to-date: /home/ngochoan/dev_ws/install/turtlesim/include/turtlesim/turtlesim/srv/detail
[22.353s] -- Installing: /home/ngochoan/dev_ws/install/turtlesim/include/turtlesim/turtlesim/srv/detail/spawn__type_support.cpp
[22.353s] -- Installing: /home/ngochoan/dev_ws/install/turtlesim/include/turtlesim/turtlesim/srv/detail/teleport_relative__type_support.cpp
[22.353s] -- Installing: /home/ngochoan/dev_ws/install/turtlesim/include/turtlesim/turtlesim/srv/detail/kill__rosidl_typesupport_introspection_cpp.hpp
[22.353s] -- Installing: /home/ngochoan/dev_ws/install/turtlesim/include/turtlesim/turtlesim/srv/detail/teleport_absolute__type_support.cpp
[22.353s] -- Installing: /home/ngochoan/dev_ws/install/turtlesim/include/turtlesim/turtlesim/srv/detail/teleport_relative__rosidl_typesupport_introspection_cpp.hpp
[22.353s] -- Installing: /home/ngochoan/dev_ws/install/turtlesim/include/turtlesim/turtlesim/srv/detail/teleport_absolute__rosidl_typesupport_introspection_cpp.hpp
[22.353s] -- Installing: /home/ngochoan/dev_ws/install/turtlesim/include/turtlesim/turtlesim/srv/detail/set_pen__type_support.cpp
[22.354s] -- Installing: /home/ngochoan/dev_ws/install/turtlesim/include/turtlesim/turtlesim/srv/detail/kill__type_support.cpp
[22.354s] -- Installing: /home/ngochoan/dev_ws/install/turtlesim/include/turtlesim/turtlesim/srv/detail/spawn__rosidl_typesupport_introspection_cpp.hpp
[22.354s] -- Installing: /home/ngochoan/dev_ws/install/turtlesim/include/turtlesim/turtlesim/srv/detail/set_pen__rosidl_typesupport_introspection_cpp.hpp
[22.354s] -- Up-to-date: /home/ngochoan/dev_ws/install/turtlesim/include/turtlesim/turtlesim/msg
[22.354s] -- Up-to-date: /home/ngochoan/dev_ws/install/turtlesim/include/turtlesim/turtlesim/msg/detail
[22.354s] -- Installing: /home/ngochoan/dev_ws/install/turtlesim/include/turtlesim/turtlesim/msg/detail/pose__type_support.cpp
[22.354s] -- Installing: /home/ngochoan/dev_ws/install/turtlesim/include/turtlesim/turtlesim/msg/detail/color__type_support.cpp
[22.354s] -- Installing: /home/ngochoan/dev_ws/install/turtlesim/include/turtlesim/turtlesim/msg/detail/pose__rosidl_typesupport_introspection_cpp.hpp
[22.354s] -- Installing: /home/ngochoan/dev_ws/install/turtlesim/include/turtlesim/turtlesim/msg/detail/color__rosidl_typesupport_introspection_cpp.hpp
[22.354s] -- Up-to-date: /home/ngochoan/dev_ws/install/turtlesim/include/turtlesim/turtlesim/action
[22.354s] -- Up-to-date: /home/ngochoan/dev_ws/install/turtlesim/include/turtlesim/turtlesim/action/detail
[22.354s] -- Installing: /home/ngochoan/dev_ws/install/turtlesim/include/turtlesim/turtlesim/action/detail/rotate_absolute__rosidl_typesupport_introspection_cpp.hpp
[22.354s] -- Installing: /home/ngochoan/dev_ws/install/turtlesim/include/turtlesim/turtlesim/action/detail/rotate_absolute__type_support.cpp
[22.354s] -- Installing: /home/ngochoan/dev_ws/install/turtlesim/lib/libturtlesim__rosidl_typesupport_introspection_cpp.so
[22.354s] -- Set runtime path of "/home/ngochoan/dev_ws/install/turtlesim/lib/libturtlesim__rosidl_typesupport_introspection_cpp.so" to ""
[22.354s] -- Installing: /home/ngochoan/dev_ws/install/turtlesim/lib/libturtlesim__rosidl_typesupport_cpp.so
[22.354s] -- Set runtime path of "/home/ngochoan/dev_ws/install/turtlesim/lib/libturtlesim__rosidl_typesupport_cpp.so" to ""
[22.354s] -- Installing: /home/ngochoan/dev_ws/install/turtlesim/share/turtlesim/environment/pythonpath.sh
[22.354s] -- Installing: /home/ngochoan/dev_ws/install/turtlesim/share/turtlesim/environment/pythonpath.dsv
[22.355s] -- Installing: /home/ngochoan/dev_ws/install/turtlesim/local/lib/python3.10/dist-packages/turtlesim-1.4.2-py3.10.egg-info
[22.355s] -- Installing: /home/ngochoan/dev_ws/install/turtlesim/local/lib/python3.10/dist-packages/turtlesim-1.4.2-py3.10.egg-info/top_level.txt
[22.355s] -- Installing: /home/ngochoan/dev_ws/install/turtlesim/local/lib/python3.10/dist-packages/turtlesim-1.4.2-py3.10.egg-info/dependency_links.txt
[22.355s] -- Installing: /home/ngochoan/dev_ws/install/turtlesim/local/lib/python3.10/dist-packages/turtlesim-1.4.2-py3.10.egg-info/SOURCES.txt
[22.355s] -- Installing: /home/ngochoan/dev_ws/install/turtlesim/local/lib/python3.10/dist-packages/turtlesim-1.4.2-py3.10.egg-info/PKG-INFO
[22.355s] -- Installing: /home/ngochoan/dev_ws/install/turtlesim/local/lib/python3.10/dist-packages/turtlesim
[22.355s] -- Installing: /home/ngochoan/dev_ws/install/turtlesim/local/lib/python3.10/dist-packages/turtlesim/srv
[22.355s] -- Installing: /home/ngochoan/dev_ws/install/turtlesim/local/lib/python3.10/dist-packages/turtlesim/srv/_teleport_absolute_s.c
[22.355s] -- Installing: /home/ngochoan/dev_ws/install/turtlesim/local/lib/python3.10/dist-packages/turtlesim/srv/__init__.py
[22.355s] -- Installing: /home/ngochoan/dev_ws/install/turtlesim/local/lib/python3.10/dist-packages/turtlesim/srv/_set_pen.py
[22.355s] -- Installing: /home/ngochoan/dev_ws/install/turtlesim/local/lib/python3.10/dist-packages/turtlesim/srv/_set_pen_s.c
[22.355s] -- Installing: /home/ngochoan/dev_ws/install/turtlesim/local/lib/python3.10/dist-packages/turtlesim/srv/_spawn_s.c
[22.355s] -- Installing: /home/ngochoan/dev_ws/install/turtlesim/local/lib/python3.10/dist-packages/turtlesim/srv/_spawn.py
[22.356s] -- Installing: /home/ngochoan/dev_ws/install/turtlesim/local/lib/python3.10/dist-packages/turtlesim/srv/_kill.py
[22.356s] -- Installing: /home/ngochoan/dev_ws/install/turtlesim/local/lib/python3.10/dist-packages/turtlesim/srv/_teleport_relative_s.c
[22.356s] -- Installing: /home/ngochoan/dev_ws/install/turtlesim/local/lib/python3.10/dist-packages/turtlesim/srv/_kill_s.c
[22.356s] -- Installing: /home/ngochoan/dev_ws/install/turtlesim/local/lib/python3.10/dist-packages/turtlesim/srv/_teleport_relative.py
[22.356s] -- Installing: /home/ngochoan/dev_ws/install/turtlesim/local/lib/python3.10/dist-packages/turtlesim/srv/_teleport_absolute.py
[22.356s] -- Installing: /home/ngochoan/dev_ws/install/turtlesim/local/lib/python3.10/dist-packages/turtlesim/_turtlesim_s.ep.rosidl_typesupport_introspection_c.c
[22.356s] -- Installing: /home/ngochoan/dev_ws/install/turtlesim/local/lib/python3.10/dist-packages/turtlesim/msg
[22.356s] -- Installing: /home/ngochoan/dev_ws/install/turtlesim/local/lib/python3.10/dist-packages/turtlesim/msg/_color.py
[22.356s] -- Installing: /home/ngochoan/dev_ws/install/turtlesim/local/lib/python3.10/dist-packages/turtlesim/msg/_pose_s.c
[22.356s] -- Installing: /home/ngochoan/dev_ws/install/turtlesim/local/lib/python3.10/dist-packages/turtlesim/msg/__init__.py
[22.356s] -- Installing: /home/ngochoan/dev_ws/install/turtlesim/local/lib/python3.10/dist-packages/turtlesim/msg/_pose.py
[22.356s] -- Installing: /home/ngochoan/dev_ws/install/turtlesim/local/lib/python3.10/dist-packages/turtlesim/msg/_color_s.c
[22.356s] -- Installing: /home/ngochoan/dev_ws/install/turtlesim/local/lib/python3.10/dist-packages/turtlesim/__init__.py
[22.356s] -- Installing: /home/ngochoan/dev_ws/install/turtlesim/local/lib/python3.10/dist-packages/turtlesim/_turtlesim_s.ep.rosidl_typesupport_fastrtps_c.c
[22.356s] -- Installing: /home/ngochoan/dev_ws/install/turtlesim/local/lib/python3.10/dist-packages/turtlesim/turtlesim_s__rosidl_typesupport_introspection_c.cpython-310-x86_64-linux-gnu.so
[22.357s] -- Installing: /home/ngochoan/dev_ws/install/turtlesim/local/lib/python3.10/dist-packages/turtlesim/_turtlesim_s.ep.rosidl_typesupport_c.c
[22.357s] -- Installing: /home/ngochoan/dev_ws/install/turtlesim/local/lib/python3.10/dist-packages/turtlesim/turtlesim_s__rosidl_typesupport_fastrtps_c.cpython-310-x86_64-linux-gnu.so
[22.357s] -- Installing: /home/ngochoan/dev_ws/install/turtlesim/local/lib/python3.10/dist-packages/turtlesim/libturtlesim__rosidl_generator_py.so
[22.357s] -- Installing: /home/ngochoan/dev_ws/install/turtlesim/local/lib/python3.10/dist-packages/turtlesim/action
[22.357s] -- Installing: /home/ngochoan/dev_ws/install/turtlesim/local/lib/python3.10/dist-packages/turtlesim/action/_rotate_absolute.py
[22.357s] -- Installing: /home/ngochoan/dev_ws/install/turtlesim/local/lib/python3.10/dist-packages/turtlesim/action/__init__.py
[22.357s] -- Installing: /home/ngochoan/dev_ws/install/turtlesim/local/lib/python3.10/dist-packages/turtlesim/action/_rotate_absolute_s.c
[22.357s] -- Installing: /home/ngochoan/dev_ws/install/turtlesim/local/lib/python3.10/dist-packages/turtlesim/turtlesim_s__rosidl_typesupport_c.cpython-310-x86_64-linux-gnu.so
[22.405s] Listing '/home/ngochoan/dev_ws/install/turtlesim/local/lib/python3.10/dist-packages/turtlesim'...
[22.405s] Compiling '/home/ngochoan/dev_ws/install/turtlesim/local/lib/python3.10/dist-packages/turtlesim/__init__.py'...
[22.405s] Listing '/home/ngochoan/dev_ws/install/turtlesim/local/lib/python3.10/dist-packages/turtlesim/action'...
[22.405s] Compiling '/home/ngochoan/dev_ws/install/turtlesim/local/lib/python3.10/dist-packages/turtlesim/action/__init__.py'...
[22.406s] Compiling '/home/ngochoan/dev_ws/install/turtlesim/local/lib/python3.10/dist-packages/turtlesim/action/_rotate_absolute.py'...
[22.406s] Listing '/home/ngochoan/dev_ws/install/turtlesim/local/lib/python3.10/dist-packages/turtlesim/msg'...
[22.406s] Compiling '/home/ngochoan/dev_ws/install/turtlesim/local/lib/python3.10/dist-packages/turtlesim/msg/__init__.py'...
[22.406s] Compiling '/home/ngochoan/dev_ws/install/turtlesim/local/lib/python3.10/dist-packages/turtlesim/msg/_color.py'...
[22.406s] Compiling '/home/ngochoan/dev_ws/install/turtlesim/local/lib/python3.10/dist-packages/turtlesim/msg/_pose.py'...
[22.406s] Listing '/home/ngochoan/dev_ws/install/turtlesim/local/lib/python3.10/dist-packages/turtlesim/srv'...
[22.406s] Compiling '/home/ngochoan/dev_ws/install/turtlesim/local/lib/python3.10/dist-packages/turtlesim/srv/__init__.py'...
[22.406s] Compiling '/home/ngochoan/dev_ws/install/turtlesim/local/lib/python3.10/dist-packages/turtlesim/srv/_kill.py'...
[22.406s] Compiling '/home/ngochoan/dev_ws/install/turtlesim/local/lib/python3.10/dist-packages/turtlesim/srv/_set_pen.py'...
[22.406s] Compiling '/home/ngochoan/dev_ws/install/turtlesim/local/lib/python3.10/dist-packages/turtlesim/srv/_spawn.py'...
[22.406s] Compiling '/home/ngochoan/dev_ws/install/turtlesim/local/lib/python3.10/dist-packages/turtlesim/srv/_teleport_absolute.py'...
[22.406s] Compiling '/home/ngochoan/dev_ws/install/turtlesim/local/lib/python3.10/dist-packages/turtlesim/srv/_teleport_relative.py'...
[22.409s] -- Installing: /home/ngochoan/dev_ws/install/turtlesim/local/lib/python3.10/dist-packages/turtlesim/turtlesim_s__rosidl_typesupport_fastrtps_c.cpython-310-x86_64-linux-gnu.so
[22.410s] -- Set runtime path of "/home/ngochoan/dev_ws/install/turtlesim/local/lib/python3.10/dist-packages/turtlesim/turtlesim_s__rosidl_typesupport_fastrtps_c.cpython-310-x86_64-linux-gnu.so" to ""
[22.410s] -- Installing: /home/ngochoan/dev_ws/install/turtlesim/local/lib/python3.10/dist-packages/turtlesim/turtlesim_s__rosidl_typesupport_introspection_c.cpython-310-x86_64-linux-gnu.so
[22.410s] -- Set runtime path of "/home/ngochoan/dev_ws/install/turtlesim/local/lib/python3.10/dist-packages/turtlesim/turtlesim_s__rosidl_typesupport_introspection_c.cpython-310-x86_64-linux-gnu.so" to ""
[22.410s] -- Installing: /home/ngochoan/dev_ws/install/turtlesim/local/lib/python3.10/dist-packages/turtlesim/turtlesim_s__rosidl_typesupport_c.cpython-310-x86_64-linux-gnu.so
[22.410s] -- Set runtime path of "/home/ngochoan/dev_ws/install/turtlesim/local/lib/python3.10/dist-packages/turtlesim/turtlesim_s__rosidl_typesupport_c.cpython-310-x86_64-linux-gnu.so" to ""
[22.410s] -- Installing: /home/ngochoan/dev_ws/install/turtlesim/lib/libturtlesim__rosidl_generator_py.so
[22.411s] -- Set runtime path of "/home/ngochoan/dev_ws/install/turtlesim/lib/libturtlesim__rosidl_generator_py.so" to ""
[22.411s] -- Installing: /home/ngochoan/dev_ws/install/turtlesim/share/turtlesim/action/RotateAbsolute.idl
[22.411s] -- Installing: /home/ngochoan/dev_ws/install/turtlesim/share/turtlesim/msg/Color.idl
[22.411s] -- Installing: /home/ngochoan/dev_ws/install/turtlesim/share/turtlesim/msg/Pose.idl
[22.411s] -- Installing: /home/ngochoan/dev_ws/install/turtlesim/share/turtlesim/srv/Kill.idl
[22.411s] -- Installing: /home/ngochoan/dev_ws/install/turtlesim/share/turtlesim/srv/SetPen.idl
[22.411s] -- Installing: /home/ngochoan/dev_ws/install/turtlesim/share/turtlesim/srv/Spawn.idl
[22.411s] -- Installing: /home/ngochoan/dev_ws/install/turtlesim/share/turtlesim/srv/TeleportAbsolute.idl
[22.411s] -- Installing: /home/ngochoan/dev_ws/install/turtlesim/share/turtlesim/srv/TeleportRelative.idl
[22.411s] -- Installing: /home/ngochoan/dev_ws/install/turtlesim/share/turtlesim/action/RotateAbsolute.action
[22.412s] -- Installing: /home/ngochoan/dev_ws/install/turtlesim/share/turtlesim/msg/Color.msg
[22.412s] -- Installing: /home/ngochoan/dev_ws/install/turtlesim/share/turtlesim/msg/Pose.msg
[22.412s] -- Installing: /home/ngochoan/dev_ws/install/turtlesim/share/turtlesim/srv/Kill.srv
[22.412s] -- Installing: /home/ngochoan/dev_ws/install/turtlesim/share/turtlesim/srv/Kill_Request.msg
[22.413s] -- Installing: /home/ngochoan/dev_ws/install/turtlesim/share/turtlesim/srv/Kill_Response.msg
[22.413s] -- Installing: /home/ngochoan/dev_ws/install/turtlesim/share/turtlesim/srv/SetPen.srv
[22.413s] -- Installing: /home/ngochoan/dev_ws/install/turtlesim/share/turtlesim/srv/SetPen_Request.msg
[22.413s] -- Installing: /home/ngochoan/dev_ws/install/turtlesim/share/turtlesim/srv/SetPen_Response.msg
[22.414s] -- Installing: /home/ngochoan/dev_ws/install/turtlesim/share/turtlesim/srv/Spawn.srv
[22.414s] -- Installing: /home/ngochoan/dev_ws/install/turtlesim/share/turtlesim/srv/Spawn_Request.msg
[22.414s] -- Installing: /home/ngochoan/dev_ws/install/turtlesim/share/turtlesim/srv/Spawn_Response.msg
[22.414s] -- Installing: /home/ngochoan/dev_ws/install/turtlesim/share/turtlesim/srv/TeleportAbsolute.srv
[22.414s] -- Installing: /home/ngochoan/dev_ws/install/turtlesim/share/turtlesim/srv/TeleportAbsolute_Request.msg
[22.414s] -- Installing: /home/ngochoan/dev_ws/install/turtlesim/share/turtlesim/srv/TeleportAbsolute_Response.msg
[22.414s] -- Installing: /home/ngochoan/dev_ws/install/turtlesim/share/turtlesim/srv/TeleportRelative.srv
[22.414s] -- Installing: /home/ngochoan/dev_ws/install/turtlesim/share/turtlesim/srv/TeleportRelative_Request.msg
[22.414s] -- Installing: /home/ngochoan/dev_ws/install/turtlesim/share/turtlesim/srv/TeleportRelative_Response.msg
[22.414s] -- Installing: /home/ngochoan/dev_ws/install/turtlesim/lib/turtlesim/turtlesim_node
[22.421s] -- Set runtime path of "/home/ngochoan/dev_ws/install/turtlesim/lib/turtlesim/turtlesim_node" to ""
[22.421s] -- Installing: /home/ngochoan/dev_ws/install/turtlesim/lib/turtlesim/turtle_teleop_key
[22.422s] -- Set runtime path of "/home/ngochoan/dev_ws/install/turtlesim/lib/turtlesim/turtle_teleop_key" to ""
[22.422s] -- Installing: /home/ngochoan/dev_ws/install/turtlesim/lib/turtlesim/draw_square
[22.424s] -- Set runtime path of "/home/ngochoan/dev_ws/install/turtlesim/lib/turtlesim/draw_square" to ""
[22.424s] -- Installing: /home/ngochoan/dev_ws/install/turtlesim/lib/turtlesim/mimic
[22.428s] -- Set runtime path of "/home/ngochoan/dev_ws/install/turtlesim/lib/turtlesim/mimic" to ""
[22.428s] -- Installing: /home/ngochoan/dev_ws/install/turtlesim/share/turtlesim/images
[22.428s] -- Installing: /home/ngochoan/dev_ws/install/turtlesim/share/turtlesim/images/crystal.png
[22.428s] -- Installing: /home/ngochoan/dev_ws/install/turtlesim/share/turtlesim/images/bouncy.png
[22.428s] -- Installing: /home/ngochoan/dev_ws/install/turtlesim/share/turtlesim/images/galactic.png
[22.428s] -- Installing: /home/ngochoan/dev_ws/install/turtlesim/share/turtlesim/images/foxy.png
[22.428s] -- Installing: /home/ngochoan/dev_ws/install/turtlesim/share/turtlesim/images/dashing.png
[22.428s] -- Installing: /home/ngochoan/dev_ws/install/turtlesim/share/turtlesim/images/humble.png
[22.428s] -- Installing: /home/ngochoan/dev_ws/install/turtlesim/share/turtlesim/images/eloquent.png
[22.428s] -- Installing: /home/ngochoan/dev_ws/install/turtlesim/share/turtlesim/images/rolling.png
[22.429s] -- Installing: /home/ngochoan/dev_ws/install/turtlesim/share/turtlesim/images/ardent.png
[22.429s] -- Installing: /home/ngochoan/dev_ws/install/turtlesim/share/turtlesim/launch
[22.429s] -- Installing: /home/ngochoan/dev_ws/install/turtlesim/share/turtlesim/launch/multisim.launch.py
[22.429s] -- Installing: /home/ngochoan/dev_ws/install/turtlesim/share/ament_index/resource_index/package_run_dependencies/turtlesim
[22.429s] -- Installing: /home/ngochoan/dev_ws/install/turtlesim/share/ament_index/resource_index/parent_prefix_path/turtlesim
[22.429s] -- Installing: /home/ngochoan/dev_ws/install/turtlesim/share/turtlesim/environment/ament_prefix_path.sh
[22.429s] -- Installing: /home/ngochoan/dev_ws/install/turtlesim/share/turtlesim/environment/ament_prefix_path.dsv
[22.429s] -- Installing: /home/ngochoan/dev_ws/install/turtlesim/share/turtlesim/environment/path.sh
[22.429s] -- Installing: /home/ngochoan/dev_ws/install/turtlesim/share/turtlesim/environment/path.dsv
[22.429s] -- Installing: /home/ngochoan/dev_ws/install/turtlesim/share/turtlesim/local_setup.bash
[22.429s] -- Installing: /home/ngochoan/dev_ws/install/turtlesim/share/turtlesim/local_setup.sh
[22.429s] -- Installing: /home/ngochoan/dev_ws/install/turtlesim/share/turtlesim/local_setup.zsh
[22.430s] -- Installing: /home/ngochoan/dev_ws/install/turtlesim/share/turtlesim/local_setup.dsv
[22.430s] -- Installing: /home/ngochoan/dev_ws/install/turtlesim/share/turtlesim/package.dsv
[22.430s] -- Installing: /home/ngochoan/dev_ws/install/turtlesim/share/ament_index/resource_index/packages/turtlesim
[22.430s] -- Installing: /home/ngochoan/dev_ws/install/turtlesim/share/turtlesim/cmake/export_turtlesim__rosidl_generator_cExport.cmake
[22.430s] -- Installing: /home/ngochoan/dev_ws/install/turtlesim/share/turtlesim/cmake/export_turtlesim__rosidl_generator_cExport-noconfig.cmake
[22.430s] -- Installing: /home/ngochoan/dev_ws/install/turtlesim/share/turtlesim/cmake/export_turtlesim__rosidl_typesupport_fastrtps_cExport.cmake
[22.430s] -- Installing: /home/ngochoan/dev_ws/install/turtlesim/share/turtlesim/cmake/export_turtlesim__rosidl_typesupport_fastrtps_cExport-noconfig.cmake
[22.430s] -- Installing: /home/ngochoan/dev_ws/install/turtlesim/share/turtlesim/cmake/export_turtlesim__rosidl_generator_cppExport.cmake
[22.430s] -- Installing: /home/ngochoan/dev_ws/install/turtlesim/share/turtlesim/cmake/export_turtlesim__rosidl_typesupport_fastrtps_cppExport.cmake
[22.430s] -- Installing: /home/ngochoan/dev_ws/install/turtlesim/share/turtlesim/cmake/export_turtlesim__rosidl_typesupport_fastrtps_cppExport-noconfig.cmake
[22.431s] -- Installing: /home/ngochoan/dev_ws/install/turtlesim/share/turtlesim/cmake/turtlesim__rosidl_typesupport_introspection_cExport.cmake
[22.431s] -- Installing: /home/ngochoan/dev_ws/install/turtlesim/share/turtlesim/cmake/turtlesim__rosidl_typesupport_introspection_cExport-noconfig.cmake
[22.431s] -- Installing: /home/ngochoan/dev_ws/install/turtlesim/share/turtlesim/cmake/turtlesim__rosidl_typesupport_cExport.cmake
[22.431s] -- Installing: /home/ngochoan/dev_ws/install/turtlesim/share/turtlesim/cmake/turtlesim__rosidl_typesupport_cExport-noconfig.cmake
[22.431s] -- Installing: /home/ngochoan/dev_ws/install/turtlesim/share/turtlesim/cmake/turtlesim__rosidl_typesupport_introspection_cppExport.cmake
[22.431s] -- Installing: /home/ngochoan/dev_ws/install/turtlesim/share/turtlesim/cmake/turtlesim__rosidl_typesupport_introspection_cppExport-noconfig.cmake
[22.431s] -- Installing: /home/ngochoan/dev_ws/install/turtlesim/share/turtlesim/cmake/turtlesim__rosidl_typesupport_cppExport.cmake
[22.431s] -- Installing: /home/ngochoan/dev_ws/install/turtlesim/share/turtlesim/cmake/turtlesim__rosidl_typesupport_cppExport-noconfig.cmake
[22.431s] -- Installing: /home/ngochoan/dev_ws/install/turtlesim/share/turtlesim/cmake/export_turtlesim__rosidl_generator_pyExport.cmake
[22.431s] -- Installing: /home/ngochoan/dev_ws/install/turtlesim/share/turtlesim/cmake/export_turtlesim__rosidl_generator_pyExport-noconfig.cmake
[22.431s] -- Installing: /home/ngochoan/dev_ws/install/turtlesim/share/turtlesim/cmake/rosidl_cmake-extras.cmake
[22.432s] -- Installing: /home/ngochoan/dev_ws/install/turtlesim/share/turtlesim/cmake/ament_cmake_export_dependencies-extras.cmake
[22.432s] -- Installing: /home/ngochoan/dev_ws/install/turtlesim/share/turtlesim/cmake/ament_cmake_export_include_directories-extras.cmake
[22.432s] -- Installing: /home/ngochoan/dev_ws/install/turtlesim/share/turtlesim/cmake/ament_cmake_export_libraries-extras.cmake
[22.432s] -- Installing: /home/ngochoan/dev_ws/install/turtlesim/share/turtlesim/cmake/ament_cmake_export_targets-extras.cmake
[22.432s] -- Installing: /home/ngochoan/dev_ws/install/turtlesim/share/turtlesim/cmake/rosidl_cmake_export_typesupport_targets-extras.cmake
[22.432s] -- Installing: /home/ngochoan/dev_ws/install/turtlesim/share/turtlesim/cmake/rosidl_cmake_export_typesupport_libraries-extras.cmake
[22.432s] -- Installing: /home/ngochoan/dev_ws/install/turtlesim/share/turtlesim/cmake/turtlesimConfig.cmake
[22.432s] -- Installing: /home/ngochoan/dev_ws/install/turtlesim/share/turtlesim/cmake/turtlesimConfig-version.cmake
[22.432s] -- Installing: /home/ngochoan/dev_ws/install/turtlesim/share/turtlesim/package.xml
[22.435s] Invoked command in '/home/ngochoan/dev_ws/build/turtlesim' returned '0': CMAKE_PREFIX_PATH=/opt/ros/humble /usr/bin/cmake --install /home/ngochoan/dev_ws/build/turtlesim
