In file included from [01m[K/opt/ros/humble/include/rclcpp/rclcpp/logging.hpp:24[m[K,
                 from [01m[K/opt/ros/humble/include/rclcpp/rclcpp/client.hpp:40[m[K,
                 from [01m[K/opt/ros/humble/include/rclcpp/rclcpp/callback_group.hpp:24[m[K,
                 from [01m[K/opt/ros/humble/include/rclcpp/rclcpp/any_executable.hpp:20[m[K,
                 from [01m[K/opt/ros/humble/include/rclcpp/rclcpp/memory_strategy.hpp:25[m[K,
                 from [01m[K/opt/ros/humble/include/rclcpp/rclcpp/memory_strategies.hpp:18[m[K,
                 from [01m[K/opt/ros/humble/include/rclcpp/rclcpp/executor_options.hpp:20[m[K,
                 from [01m[K/opt/ros/humble/include/rclcpp/rclcpp/executor.hpp:37[m[K,
                 from [01m[K/opt/ros/humble/include/rclcpp/rclcpp/executors/multi_threaded_executor.hpp:25[m[K,
                 from [01m[K/opt/ros/humble/include/rclcpp/rclcpp/executors.hpp:21[m[K,
                 from [01m[K/opt/ros/humble/include/rclcpp/rclcpp/rclcpp.hpp:155[m[K,
                 from [01m[K/home/ngochoan/dev_ws/src/cpp_interface/src/pid_node.cpp:13[m[K:
[01m[K/home/ngochoan/dev_ws/src/cpp_interface/src/pid_node.cpp:[m[K In member function ‘[01m[Kvoid PIDNode::velocity_fuzzy_callback(std_msgs::msg::Float64MultiArray_<std::allocator<void> >::SharedPtr)[m[K’:
[01m[K/home/ngochoan/dev_ws/src/cpp_interface/src/pid_node.cpp:150:38:[m[K [01;35m[Kwarning: [m[Kformat ‘[01m[K%lf[m[K’ expects a matching ‘[01m[Kdouble[m[K’ argument [[01;35m[K]8;;https://gcc.gnu.org/onlinedocs/gcc/Warning-Options.html#index-Wformat=-Wformat=]8;;[m[K]
  150 |      RCLCPP_INFO(this->get_logger(), [01;35m[K" setPoints[1] = %lf   setpoints[2] = %lf   actual3 = %lf   actual4 = %lf "[m[K, setPoints[1], setPoints[2]);
      |                                      [01;35m[K^~~~~~~~~~~~~~~~~~~~~~~~~~~~~~~~~~~~~~~~~~~~~~~~~~~~~~~~~~~~~~~~~~~~~~~~~~~[m[K
[01m[K/home/ngochoan/dev_ws/src/cpp_interface/src/pid_node.cpp:150:94:[m[K [01;36m[Knote: [m[Kformat string is defined here
  150 |      RCLCPP_INFO(this->get_logger(), " setPoints[1] = %lf   setpoints[2] = %lf   actual3 = [01;36m[K%lf[m[K   actual4 = %lf ", setPoints[1], setPoints[2]);
      |                                                                                            [01;36m[K~~^[m[K
      |                                                                                              [01;36m[K|[m[K
      |                                                                                              [01;36m[Kdouble[m[K
In file included from [01m[K/opt/ros/humble/include/rclcpp/rclcpp/logging.hpp:24[m[K,
                 from [01m[K/opt/ros/humble/include/rclcpp/rclcpp/client.hpp:40[m[K,
                 from [01m[K/opt/ros/humble/include/rclcpp/rclcpp/callback_group.hpp:24[m[K,
                 from [01m[K/opt/ros/humble/include/rclcpp/rclcpp/any_executable.hpp:20[m[K,
                 from [01m[K/opt/ros/humble/include/rclcpp/rclcpp/memory_strategy.hpp:25[m[K,
                 from [01m[K/opt/ros/humble/include/rclcpp/rclcpp/memory_strategies.hpp:18[m[K,
                 from [01m[K/opt/ros/humble/include/rclcpp/rclcpp/executor_options.hpp:20[m[K,
                 from [01m[K/opt/ros/humble/include/rclcpp/rclcpp/executor.hpp:37[m[K,
                 from [01m[K/opt/ros/humble/include/rclcpp/rclcpp/executors/multi_threaded_executor.hpp:25[m[K,
                 from [01m[K/opt/ros/humble/include/rclcpp/rclcpp/executors.hpp:21[m[K,
                 from [01m[K/opt/ros/humble/include/rclcpp/rclcpp/rclcpp.hpp:155[m[K,
                 from [01m[K/home/ngochoan/dev_ws/src/cpp_interface/src/pid_node.cpp:13[m[K:
[01m[K/home/ngochoan/dev_ws/src/cpp_interface/src/pid_node.cpp:150:38:[m[K [01;35m[Kwarning: [m[Kformat ‘[01m[K%lf[m[K’ expects a matching ‘[01m[Kdouble[m[K’ argument [[01;35m[K]8;;https://gcc.gnu.org/onlinedocs/gcc/Warning-Options.html#index-Wformat=-Wformat=]8;;[m[K]
  150 |      RCLCPP_INFO(this->get_logger(), [01;35m[K" setPoints[1] = %lf   setpoints[2] = %lf   actual3 = %lf   actual4 = %lf "[m[K, setPoints[1], setPoints[2]);
      |                                      [01;35m[K^~~~~~~~~~~~~~~~~~~~~~~~~~~~~~~~~~~~~~~~~~~~~~~~~~~~~~~~~~~~~~~~~~~~~~~~~~~[m[K
[01m[K/home/ngochoan/dev_ws/src/cpp_interface/src/pid_node.cpp:150:110:[m[K [01;36m[Knote: [m[Kformat string is defined here
  150 |      RCLCPP_INFO(this->get_logger(), " setPoints[1] = %lf   setpoints[2] = %lf   actual3 = %lf   actual4 = [01;36m[K%lf[m[K ", setPoints[1], setPoints[2]);
      |                                                                                                            [01;36m[K~~^[m[K
      |                                                                                                              [01;36m[K|[m[K
      |                                                                                                              [01;36m[Kdouble[m[K
