[0.061s] Invoking command in '/home/ngochoan/dev_ws/build/tutorial_interfaces': CMAKE_PREFIX_PATH=/opt/ros/humble /usr/bin/cmake --build /home/ngochoan/dev_ws/build/tutorial_interfaces -- -j8 -l8
[0.081s] -- Found ament_cmake: 1.3.5 (/opt/ros/humble/share/ament_cmake/cmake)
[0.196s] -- Found rmw: 6.1.1 (/opt/ros/humble/share/rmw/cmake)
[0.212s] -- Found rosidl_default_generators: 1.2.0 (/opt/ros/humble/share/rosidl_default_generators/cmake)
[0.214s] -- Using all available rosidl_typesupport_c: rosidl_typesupport_fastrtps_c;rosidl_typesupport_introspection_c
[0.217s] -- Found rosidl_adapter: 3.1.5 (/opt/ros/humble/share/rosidl_adapter/cmake)
[0.232s] -- Using all available rosidl_typesupport_cpp: rosidl_typesupport_fastrtps_cpp;rosidl_typesupport_introspection_cpp
[0.401s] [31mCMake Error at /opt/ros/humble/share/rosidl_adapter/cmake/rosidl_adapt_interfaces.cmake:59 (message):
[0.401s]   execute_process(/usr/bin/python3.10 -m rosidl_adapter --package-name
[0.402s]   tutorial_interfaces --arguments-file
[0.402s]   /home/ngochoan/dev_ws/build/tutorial_interfaces/rosidl_adapter__arguments__tutorial_interfaces.json
[0.402s]   --output-dir
[0.402s]   /home/ngochoan/dev_ws/build/tutorial_interfaces/rosidl_adapter/tutorial_interfaces
[0.402s]   --output-file
[0.402s]   /home/ngochoan/dev_ws/build/tutorial_interfaces/rosidl_adapter/tutorial_interfaces.idls)
[0.402s]   returned error code 1:
[0.402s] 
[0.402s]   Error processing 'int32 Num' of 'tutorial_interfaces/Num': ''Num' is an
[0.402s]   invalid field name.  It should have the pattern
[0.402s]   '^(?!.*__)(?!.*_$)[a-z][a-z0-9_]*$''
[0.402s] 
[0.402s]   Traceback (most recent call last):
[0.402s] 
[0.402s]     File "/usr/lib/python3.10/runpy.py", line 196, in _run_module_as_main
[0.403s]       return _run_code(code, main_globals, None,
[0.403s]     File "/usr/lib/python3.10/runpy.py", line 86, in _run_code
[0.403s]       exec(code, run_globals)
[0.403s]     File "/opt/ros/humble/local/lib/python3.10/dist-packages/rosidl_adapter/__main__.py", line 19, in <module>
[0.403s]       sys.exit(main())
[0.403s]     File "/opt/ros/humble/local/lib/python3.10/dist-packages/rosidl_adapter/main.py", line 53, in main
[0.403s]       abs_idl_file = convert_to_idl(
[0.403s]     File "/opt/ros/humble/local/lib/python3.10/dist-packages/rosidl_adapter/__init__.py", line 19, in convert_to_idl
[0.403s]       return convert_msg_to_idl(
[0.403s]     File "/opt/ros/humble/local/lib/python3.10/dist-packages/rosidl_adapter/msg/__init__.py", line 28, in convert_msg_to_idl
[0.403s]       msg = parse_message_string(package_name, input_file.stem, content)
[0.403s]     File "/opt/ros/humble/local/lib/python3.10/dist-packages/rosidl_adapter/parser.py", line 519, in parse_message_string
[0.403s]       fields.append(Field(
[0.403s]     File "/opt/ros/humble/local/lib/python3.10/dist-packages/rosidl_adapter/parser.py", line 354, in __init__
[0.403s]       raise NameError(
[0.403s] 
[0.403s]   NameError: 'Num' is an invalid field name.  It should have the pattern
[0.403s]   '^(?!.*__)(?!.*_$)[a-z][a-z0-9_]*$'
[0.403s] 
[0.404s] Call Stack (most recent call first):
[0.404s]   /opt/ros/humble/share/rosidl_cmake/cmake/rosidl_generate_interfaces.cmake:130 (rosidl_adapt_interfaces)
[0.404s]   CMakeLists.txt:16 (rosidl_generate_interfaces)
[0.404s] 
[0.404s] [0m
[0.404s] -- Configuring incomplete, errors occurred!
[0.404s] See also "/home/ngochoan/dev_ws/build/tutorial_interfaces/CMakeFiles/CMakeOutput.log".
[0.408s] gmake: *** [Makefile:963: cmake_check_build_system] Error 1
[0.410s] Invoked command in '/home/ngochoan/dev_ws/build/tutorial_interfaces' returned '2': CMAKE_PREFIX_PATH=/opt/ros/humble /usr/bin/cmake --build /home/ngochoan/dev_ws/build/tutorial_interfaces -- -j8 -l8
