[0.934s] DEBUG:colcon:Command line arguments: ['/usr/bin/colcon', 'build']
[0.934s] DEBUG:colcon:Parsed command line arguments: Namespace(log_base=None, log_level=None, verb_name='build', build_base='build', install_base='install', merge_install=False, symlink_install=False, test_result_base=None, continue_on_error=False, executor='parallel', parallel_workers=8, event_handlers=None, ignore_user_meta=False, metas=['./colcon.meta'], base_paths=['.'], packages_ignore=None, packages_ignore_regex=None, paths=None, packages_up_to=None, packages_up_to_regex=None, packages_above=None, packages_above_and_dependencies=None, packages_above_depth=None, packages_select_by_dep=None, packages_skip_by_dep=None, packages_skip_up_to=None, packages_select_build_failed=False, packages_skip_build_finished=False, packages_select_test_failures=False, packages_skip_test_passed=False, packages_select=None, packages_skip=None, packages_select_regex=None, packages_skip_regex=None, packages_start=None, packages_end=None, allow_overriding=[], cmake_args=None, cmake_target=None, cmake_target_skip_unavailable=False, cmake_clean_cache=False, cmake_clean_first=False, cmake_force_configure=False, ament_cmake_args=None, catkin_cmake_args=None, catkin_skip_building_tests=False, verb_parser=<colcon_defaults.argument_parser.defaults.DefaultArgumentsDecorator object at 0x704d589eeda0>, verb_extension=<colcon_core.verb.build.BuildVerb object at 0x704d589ee980>, main=<bound method BuildVerb.main of <colcon_core.verb.build.BuildVerb object at 0x704d589ee980>>)
[0.977s] Level 1:colcon.colcon_core.package_discovery:discover_packages(colcon_meta) check parameters
[0.977s] Level 1:colcon.colcon_core.package_discovery:discover_packages(recursive) check parameters
[0.977s] Level 1:colcon.colcon_core.package_discovery:discover_packages(ignore) check parameters
[0.977s] Level 1:colcon.colcon_core.package_discovery:discover_packages(path) check parameters
[0.977s] Level 1:colcon.colcon_core.package_discovery:discover_packages(colcon_meta) discover
[0.977s] Level 1:colcon.colcon_core.package_discovery:discover_packages(recursive) discover
[0.977s] INFO:colcon.colcon_core.package_discovery:Crawling recursively for packages in '/home/ngochoan/dev_ws/src'
[0.977s] Level 1:colcon.colcon_core.package_identification:_identify(.) by extensions ['ignore', 'ignore_ament_install']
[0.977s] Level 1:colcon.colcon_core.package_identification:_identify(.) by extension 'ignore'
[0.977s] Level 1:colcon.colcon_core.package_identification:_identify(.) by extension 'ignore_ament_install'
[0.977s] Level 1:colcon.colcon_core.package_identification:_identify(.) by extensions ['colcon_pkg']
[0.977s] Level 1:colcon.colcon_core.package_identification:_identify(.) by extension 'colcon_pkg'
[0.977s] Level 1:colcon.colcon_core.package_identification:_identify(.) by extensions ['colcon_meta']
[0.977s] Level 1:colcon.colcon_core.package_identification:_identify(.) by extension 'colcon_meta'
[0.977s] Level 1:colcon.colcon_core.package_identification:_identify(.) by extensions ['ros']
[0.977s] Level 1:colcon.colcon_core.package_identification:_identify(.) by extension 'ros'
[0.986s] Level 1:colcon.colcon_core.package_identification:_identify(.) by extensions ['cmake', 'python']
[0.986s] Level 1:colcon.colcon_core.package_identification:_identify(.) by extension 'cmake'
[0.986s] Level 1:colcon.colcon_core.package_identification:_identify(.) by extension 'python'
[0.986s] Level 1:colcon.colcon_core.package_identification:_identify(.) by extensions ['python_setup_py']
[0.986s] Level 1:colcon.colcon_core.package_identification:_identify(.) by extension 'python_setup_py'
[0.986s] Level 1:colcon.colcon_core.package_identification:_identify(build) by extensions ['ignore', 'ignore_ament_install']
[0.986s] Level 1:colcon.colcon_core.package_identification:_identify(build) by extension 'ignore'
[0.986s] Level 1:colcon.colcon_core.package_identification:_identify(build) ignored
[0.986s] Level 1:colcon.colcon_core.package_identification:_identify(cpp_interface) by extensions ['ignore', 'ignore_ament_install']
[0.987s] Level 1:colcon.colcon_core.package_identification:_identify(cpp_interface) by extension 'ignore'
[0.987s] Level 1:colcon.colcon_core.package_identification:_identify(cpp_interface) by extension 'ignore_ament_install'
[0.987s] Level 1:colcon.colcon_core.package_identification:_identify(cpp_interface) by extensions ['colcon_pkg']
[0.987s] Level 1:colcon.colcon_core.package_identification:_identify(cpp_interface) by extension 'colcon_pkg'
[0.987s] Level 1:colcon.colcon_core.package_identification:_identify(cpp_interface) by extensions ['colcon_meta']
[0.987s] Level 1:colcon.colcon_core.package_identification:_identify(cpp_interface) by extension 'colcon_meta'
[0.987s] Level 1:colcon.colcon_core.package_identification:_identify(cpp_interface) by extensions ['ros']
[0.987s] Level 1:colcon.colcon_core.package_identification:_identify(cpp_interface) by extension 'ros'
[0.989s] DEBUG:colcon.colcon_core.package_identification:Package 'cpp_interface' with type 'ros.ament_cmake' and name 'cpp_interface'
[0.989s] Level 1:colcon.colcon_core.package_identification:_identify(cpp_srvcli) by extensions ['ignore', 'ignore_ament_install']
[0.989s] Level 1:colcon.colcon_core.package_identification:_identify(cpp_srvcli) by extension 'ignore'
[0.989s] Level 1:colcon.colcon_core.package_identification:_identify(cpp_srvcli) by extension 'ignore_ament_install'
[0.989s] Level 1:colcon.colcon_core.package_identification:_identify(cpp_srvcli) by extensions ['colcon_pkg']
[0.989s] Level 1:colcon.colcon_core.package_identification:_identify(cpp_srvcli) by extension 'colcon_pkg'
[0.989s] Level 1:colcon.colcon_core.package_identification:_identify(cpp_srvcli) by extensions ['colcon_meta']
[0.989s] Level 1:colcon.colcon_core.package_identification:_identify(cpp_srvcli) by extension 'colcon_meta'
[0.989s] Level 1:colcon.colcon_core.package_identification:_identify(cpp_srvcli) by extensions ['ros']
[0.989s] Level 1:colcon.colcon_core.package_identification:_identify(cpp_srvcli) by extension 'ros'
[0.990s] DEBUG:colcon.colcon_core.package_identification:Package 'cpp_srvcli' with type 'ros.ament_cmake' and name 'cpp_srvcli'
[0.990s] Level 1:colcon.colcon_core.package_identification:_identify(csm) by extensions ['ignore', 'ignore_ament_install']
[0.990s] Level 1:colcon.colcon_core.package_identification:_identify(csm) by extension 'ignore'
[0.990s] Level 1:colcon.colcon_core.package_identification:_identify(csm) by extension 'ignore_ament_install'
[0.990s] Level 1:colcon.colcon_core.package_identification:_identify(csm) by extensions ['colcon_pkg']
[0.990s] Level 1:colcon.colcon_core.package_identification:_identify(csm) by extension 'colcon_pkg'
[0.990s] Level 1:colcon.colcon_core.package_identification:_identify(csm) by extensions ['colcon_meta']
[0.990s] Level 1:colcon.colcon_core.package_identification:_identify(csm) by extension 'colcon_meta'
[0.990s] Level 1:colcon.colcon_core.package_identification:_identify(csm) by extensions ['ros']
[0.990s] Level 1:colcon.colcon_core.package_identification:_identify(csm) by extension 'ros'
[0.991s] DEBUG:colcon.colcon_core.package_identification:Package 'csm' with type 'ros.ament_cmake' and name 'csm'
[0.991s] Level 1:colcon.colcon_core.package_identification:_identify(install) by extensions ['ignore', 'ignore_ament_install']
[0.991s] Level 1:colcon.colcon_core.package_identification:_identify(install) by extension 'ignore'
[0.991s] Level 1:colcon.colcon_core.package_identification:_identify(install) ignored
[0.991s] Level 1:colcon.colcon_core.package_identification:_identify(log) by extensions ['ignore', 'ignore_ament_install']
[0.991s] Level 1:colcon.colcon_core.package_identification:_identify(log) by extension 'ignore'
[0.991s] Level 1:colcon.colcon_core.package_identification:_identify(log) ignored
[0.991s] Level 1:colcon.colcon_core.package_identification:_identify(ros2_laser_scan_matcher) by extensions ['ignore', 'ignore_ament_install']
[0.991s] Level 1:colcon.colcon_core.package_identification:_identify(ros2_laser_scan_matcher) by extension 'ignore'
[0.991s] Level 1:colcon.colcon_core.package_identification:_identify(ros2_laser_scan_matcher) by extension 'ignore_ament_install'
[0.991s] Level 1:colcon.colcon_core.package_identification:_identify(ros2_laser_scan_matcher) by extensions ['colcon_pkg']
[0.991s] Level 1:colcon.colcon_core.package_identification:_identify(ros2_laser_scan_matcher) by extension 'colcon_pkg'
[0.991s] Level 1:colcon.colcon_core.package_identification:_identify(ros2_laser_scan_matcher) by extensions ['colcon_meta']
[0.991s] Level 1:colcon.colcon_core.package_identification:_identify(ros2_laser_scan_matcher) by extension 'colcon_meta'
[0.991s] Level 1:colcon.colcon_core.package_identification:_identify(ros2_laser_scan_matcher) by extensions ['ros']
[0.991s] Level 1:colcon.colcon_core.package_identification:_identify(ros2_laser_scan_matcher) by extension 'ros'
[0.992s] DEBUG:colcon.colcon_core.package_identification:Package 'ros2_laser_scan_matcher' with type 'ros.ament_cmake' and name 'ros2_laser_scan_matcher'
[0.992s] Level 1:colcon.colcon_core.package_identification:_identify(template_ros2) by extensions ['ignore', 'ignore_ament_install']
[0.992s] Level 1:colcon.colcon_core.package_identification:_identify(template_ros2) by extension 'ignore'
[0.992s] Level 1:colcon.colcon_core.package_identification:_identify(template_ros2) by extension 'ignore_ament_install'
[0.992s] Level 1:colcon.colcon_core.package_identification:_identify(template_ros2) by extensions ['colcon_pkg']
[0.992s] Level 1:colcon.colcon_core.package_identification:_identify(template_ros2) by extension 'colcon_pkg'
[0.992s] Level 1:colcon.colcon_core.package_identification:_identify(template_ros2) by extensions ['colcon_meta']
[0.992s] Level 1:colcon.colcon_core.package_identification:_identify(template_ros2) by extension 'colcon_meta'
[0.992s] Level 1:colcon.colcon_core.package_identification:_identify(template_ros2) by extensions ['ros']
[0.992s] Level 1:colcon.colcon_core.package_identification:_identify(template_ros2) by extension 'ros'
[0.993s] DEBUG:colcon.colcon_core.package_identification:Package 'template_ros2' with type 'ros.ament_cmake' and name 'template_ros2'
[0.993s] Level 1:colcon.colcon_core.package_discovery:discover_packages(recursive) using defaults
[0.993s] Level 1:colcon.colcon_core.package_discovery:discover_packages(ignore) discover
[0.993s] Level 1:colcon.colcon_core.package_discovery:discover_packages(ignore) using defaults
[0.993s] Level 1:colcon.colcon_core.package_discovery:discover_packages(path) discover
[0.993s] Level 1:colcon.colcon_core.package_discovery:discover_packages(path) using defaults
[1.077s] Level 1:colcon.colcon_core.package_discovery:discover_packages(prefix_path) check parameters
[1.078s] Level 1:colcon.colcon_core.package_discovery:discover_packages(prefix_path) discover
[1.106s] DEBUG:colcon.colcon_installed_package_information.package_discovery:Found 5 installed packages in /home/ngochoan/dev_ws/src/install
[1.120s] DEBUG:colcon.colcon_installed_package_information.package_discovery:Found 8 installed packages in /home/ngochoan/dev_ws/install
[1.143s] DEBUG:colcon.colcon_installed_package_information.package_discovery:Found 373 installed packages in /opt/ros/humble
[1.144s] Level 1:colcon.colcon_core.package_discovery:discover_packages(prefix_path) using defaults
[1.232s] Level 5:colcon.colcon_core.verb:set package 'cpp_interface' build argument 'cmake_args' from command line to 'None'
[1.232s] Level 5:colcon.colcon_core.verb:set package 'cpp_interface' build argument 'cmake_target' from command line to 'None'
[1.232s] Level 5:colcon.colcon_core.verb:set package 'cpp_interface' build argument 'cmake_target_skip_unavailable' from command line to 'False'
[1.232s] Level 5:colcon.colcon_core.verb:set package 'cpp_interface' build argument 'cmake_clean_cache' from command line to 'False'
[1.232s] Level 5:colcon.colcon_core.verb:set package 'cpp_interface' build argument 'cmake_clean_first' from command line to 'False'
[1.232s] Level 5:colcon.colcon_core.verb:set package 'cpp_interface' build argument 'cmake_force_configure' from command line to 'False'
[1.232s] Level 5:colcon.colcon_core.verb:set package 'cpp_interface' build argument 'ament_cmake_args' from command line to 'None'
[1.232s] Level 5:colcon.colcon_core.verb:set package 'cpp_interface' build argument 'catkin_cmake_args' from command line to 'None'
[1.232s] Level 5:colcon.colcon_core.verb:set package 'cpp_interface' build argument 'catkin_skip_building_tests' from command line to 'False'
[1.232s] DEBUG:colcon.colcon_core.verb:Building package 'cpp_interface' with the following arguments: {'ament_cmake_args': None, 'build_base': '/home/ngochoan/dev_ws/src/build/cpp_interface', 'catkin_cmake_args': None, 'catkin_skip_building_tests': False, 'cmake_args': None, 'cmake_clean_cache': False, 'cmake_clean_first': False, 'cmake_force_configure': False, 'cmake_target': None, 'cmake_target_skip_unavailable': False, 'install_base': '/home/ngochoan/dev_ws/src/install/cpp_interface', 'merge_install': False, 'path': '/home/ngochoan/dev_ws/src/cpp_interface', 'symlink_install': False, 'test_result_base': None}
[1.246s] Level 5:colcon.colcon_core.verb:set package 'cpp_srvcli' build argument 'cmake_args' from command line to 'None'
[1.246s] Level 5:colcon.colcon_core.verb:set package 'cpp_srvcli' build argument 'cmake_target' from command line to 'None'
[1.246s] Level 5:colcon.colcon_core.verb:set package 'cpp_srvcli' build argument 'cmake_target_skip_unavailable' from command line to 'False'
[1.246s] Level 5:colcon.colcon_core.verb:set package 'cpp_srvcli' build argument 'cmake_clean_cache' from command line to 'False'
[1.246s] Level 5:colcon.colcon_core.verb:set package 'cpp_srvcli' build argument 'cmake_clean_first' from command line to 'False'
[1.246s] Level 5:colcon.colcon_core.verb:set package 'cpp_srvcli' build argument 'cmake_force_configure' from command line to 'False'
[1.246s] Level 5:colcon.colcon_core.verb:set package 'cpp_srvcli' build argument 'ament_cmake_args' from command line to 'None'
[1.246s] Level 5:colcon.colcon_core.verb:set package 'cpp_srvcli' build argument 'catkin_cmake_args' from command line to 'None'
[1.246s] Level 5:colcon.colcon_core.verb:set package 'cpp_srvcli' build argument 'catkin_skip_building_tests' from command line to 'False'
[1.246s] DEBUG:colcon.colcon_core.verb:Building package 'cpp_srvcli' with the following arguments: {'ament_cmake_args': None, 'build_base': '/home/ngochoan/dev_ws/src/build/cpp_srvcli', 'catkin_cmake_args': None, 'catkin_skip_building_tests': False, 'cmake_args': None, 'cmake_clean_cache': False, 'cmake_clean_first': False, 'cmake_force_configure': False, 'cmake_target': None, 'cmake_target_skip_unavailable': False, 'install_base': '/home/ngochoan/dev_ws/src/install/cpp_srvcli', 'merge_install': False, 'path': '/home/ngochoan/dev_ws/src/cpp_srvcli', 'symlink_install': False, 'test_result_base': None}
[1.260s] Level 5:colcon.colcon_core.verb:set package 'csm' build argument 'cmake_args' from command line to 'None'
[1.260s] Level 5:colcon.colcon_core.verb:set package 'csm' build argument 'cmake_target' from command line to 'None'
[1.260s] Level 5:colcon.colcon_core.verb:set package 'csm' build argument 'cmake_target_skip_unavailable' from command line to 'False'
[1.260s] Level 5:colcon.colcon_core.verb:set package 'csm' build argument 'cmake_clean_cache' from command line to 'False'
[1.260s] Level 5:colcon.colcon_core.verb:set package 'csm' build argument 'cmake_clean_first' from command line to 'False'
[1.260s] Level 5:colcon.colcon_core.verb:set package 'csm' build argument 'cmake_force_configure' from command line to 'False'
[1.260s] Level 5:colcon.colcon_core.verb:set package 'csm' build argument 'ament_cmake_args' from command line to 'None'
[1.260s] Level 5:colcon.colcon_core.verb:set package 'csm' build argument 'catkin_cmake_args' from command line to 'None'
[1.260s] Level 5:colcon.colcon_core.verb:set package 'csm' build argument 'catkin_skip_building_tests' from command line to 'False'
[1.260s] DEBUG:colcon.colcon_core.verb:Building package 'csm' with the following arguments: {'ament_cmake_args': None, 'build_base': '/home/ngochoan/dev_ws/src/build/csm', 'catkin_cmake_args': None, 'catkin_skip_building_tests': False, 'cmake_args': None, 'cmake_clean_cache': False, 'cmake_clean_first': False, 'cmake_force_configure': False, 'cmake_target': None, 'cmake_target_skip_unavailable': False, 'install_base': '/home/ngochoan/dev_ws/src/install/csm', 'merge_install': False, 'path': '/home/ngochoan/dev_ws/src/csm', 'symlink_install': False, 'test_result_base': None}
[1.273s] Level 5:colcon.colcon_core.verb:set package 'template_ros2' build argument 'cmake_args' from command line to 'None'
[1.274s] Level 5:colcon.colcon_core.verb:set package 'template_ros2' build argument 'cmake_target' from command line to 'None'
[1.274s] Level 5:colcon.colcon_core.verb:set package 'template_ros2' build argument 'cmake_target_skip_unavailable' from command line to 'False'
[1.274s] Level 5:colcon.colcon_core.verb:set package 'template_ros2' build argument 'cmake_clean_cache' from command line to 'False'
[1.274s] Level 5:colcon.colcon_core.verb:set package 'template_ros2' build argument 'cmake_clean_first' from command line to 'False'
[1.274s] Level 5:colcon.colcon_core.verb:set package 'template_ros2' build argument 'cmake_force_configure' from command line to 'False'
[1.274s] Level 5:colcon.colcon_core.verb:set package 'template_ros2' build argument 'ament_cmake_args' from command line to 'None'
[1.274s] Level 5:colcon.colcon_core.verb:set package 'template_ros2' build argument 'catkin_cmake_args' from command line to 'None'
[1.274s] Level 5:colcon.colcon_core.verb:set package 'template_ros2' build argument 'catkin_skip_building_tests' from command line to 'False'
[1.274s] DEBUG:colcon.colcon_core.verb:Building package 'template_ros2' with the following arguments: {'ament_cmake_args': None, 'build_base': '/home/ngochoan/dev_ws/src/build/template_ros2', 'catkin_cmake_args': None, 'catkin_skip_building_tests': False, 'cmake_args': None, 'cmake_clean_cache': False, 'cmake_clean_first': False, 'cmake_force_configure': False, 'cmake_target': None, 'cmake_target_skip_unavailable': False, 'install_base': '/home/ngochoan/dev_ws/src/install/template_ros2', 'merge_install': False, 'path': '/home/ngochoan/dev_ws/src/template_ros2', 'symlink_install': False, 'test_result_base': None}
[1.287s] Level 5:colcon.colcon_core.verb:set package 'ros2_laser_scan_matcher' build argument 'cmake_args' from command line to 'None'
[1.287s] Level 5:colcon.colcon_core.verb:set package 'ros2_laser_scan_matcher' build argument 'cmake_target' from command line to 'None'
[1.287s] Level 5:colcon.colcon_core.verb:set package 'ros2_laser_scan_matcher' build argument 'cmake_target_skip_unavailable' from command line to 'False'
[1.287s] Level 5:colcon.colcon_core.verb:set package 'ros2_laser_scan_matcher' build argument 'cmake_clean_cache' from command line to 'False'
[1.287s] Level 5:colcon.colcon_core.verb:set package 'ros2_laser_scan_matcher' build argument 'cmake_clean_first' from command line to 'False'
[1.287s] Level 5:colcon.colcon_core.verb:set package 'ros2_laser_scan_matcher' build argument 'cmake_force_configure' from command line to 'False'
[1.288s] Level 5:colcon.colcon_core.verb:set package 'ros2_laser_scan_matcher' build argument 'ament_cmake_args' from command line to 'None'
[1.288s] Level 5:colcon.colcon_core.verb:set package 'ros2_laser_scan_matcher' build argument 'catkin_cmake_args' from command line to 'None'
[1.288s] Level 5:colcon.colcon_core.verb:set package 'ros2_laser_scan_matcher' build argument 'catkin_skip_building_tests' from command line to 'False'
[1.288s] DEBUG:colcon.colcon_core.verb:Building package 'ros2_laser_scan_matcher' with the following arguments: {'ament_cmake_args': None, 'build_base': '/home/ngochoan/dev_ws/src/build/ros2_laser_scan_matcher', 'catkin_cmake_args': None, 'catkin_skip_building_tests': False, 'cmake_args': None, 'cmake_clean_cache': False, 'cmake_clean_first': False, 'cmake_force_configure': False, 'cmake_target': None, 'cmake_target_skip_unavailable': False, 'install_base': '/home/ngochoan/dev_ws/src/install/ros2_laser_scan_matcher', 'merge_install': False, 'path': '/home/ngochoan/dev_ws/src/ros2_laser_scan_matcher', 'symlink_install': False, 'test_result_base': None}
[1.301s] INFO:colcon.colcon_core.executor:Executing jobs using 'parallel' executor
[1.315s] DEBUG:colcon.colcon_parallel_executor.executor.parallel:run_until_complete
[1.316s] INFO:colcon.colcon_ros.task.ament_cmake.build:Building ROS package in '/home/ngochoan/dev_ws/src/csm' with build type 'ament_cmake'
[1.316s] INFO:colcon.colcon_cmake.task.cmake.build:Building CMake package in '/home/ngochoan/dev_ws/src/csm'
[1.332s] INFO:colcon.colcon_core.plugin_system:Skipping extension 'colcon_core.shell.bat': Not used on non-Windows systems
[1.332s] INFO:colcon.colcon_core.shell:Skip shell extension 'powershell' for command environment: Not usable outside of PowerShell
[1.333s] DEBUG:colcon.colcon_core.shell:Skip shell extension 'dsv' for command environment
[1.397s] INFO:colcon.colcon_ros.task.ament_cmake.build:Building ROS package in '/home/ngochoan/dev_ws/src/cpp_interface' with build type 'ament_cmake'
[1.397s] INFO:colcon.colcon_cmake.task.cmake.build:Building CMake package in '/home/ngochoan/dev_ws/src/cpp_interface'
[1.412s] INFO:colcon.colcon_core.shell:Skip shell extension 'powershell' for command environment: Not usable outside of PowerShell
[1.412s] DEBUG:colcon.colcon_core.shell:Skip shell extension 'dsv' for command environment
[1.480s] INFO:colcon.colcon_ros.task.ament_cmake.build:Building ROS package in '/home/ngochoan/dev_ws/src/cpp_srvcli' with build type 'ament_cmake'
[1.480s] INFO:colcon.colcon_cmake.task.cmake.build:Building CMake package in '/home/ngochoan/dev_ws/src/cpp_srvcli'
[1.496s] INFO:colcon.colcon_core.shell:Skip shell extension 'powershell' for command environment: Not usable outside of PowerShell
[1.496s] DEBUG:colcon.colcon_core.shell:Skip shell extension 'dsv' for command environment
[1.576s] INFO:colcon.colcon_ros.task.ament_cmake.build:Building ROS package in '/home/ngochoan/dev_ws/src/template_ros2' with build type 'ament_cmake'
[1.577s] INFO:colcon.colcon_cmake.task.cmake.build:Building CMake package in '/home/ngochoan/dev_ws/src/template_ros2'
[1.593s] INFO:colcon.colcon_core.shell:Skip shell extension 'powershell' for command environment: Not usable outside of PowerShell
[1.593s] DEBUG:colcon.colcon_core.shell:Skip shell extension 'dsv' for command environment
[1.667s] DEBUG:colcon.colcon_core.event_handler.log_command:Invoking command in '/home/ngochoan/dev_ws/src/build/csm': CMAKE_PREFIX_PATH=${CMAKE_PREFIX_PATH}:/opt/ros/humble /usr/bin/cmake --build /home/ngochoan/dev_ws/src/build/csm -- -j8 -l8
[1.672s] DEBUG:colcon.colcon_core.event_handler.log_command:Invoking command in '/home/ngochoan/dev_ws/src/build/cpp_interface': CMAKE_PREFIX_PATH=${CMAKE_PREFIX_PATH}:/opt/ros/humble /usr/bin/cmake --build /home/ngochoan/dev_ws/src/build/cpp_interface -- -j8 -l8
[1.676s] DEBUG:colcon.colcon_core.event_handler.log_command:Invoking command in '/home/ngochoan/dev_ws/src/build/cpp_srvcli': CMAKE_PREFIX_PATH=${CMAKE_PREFIX_PATH}:/opt/ros/humble /usr/bin/cmake --build /home/ngochoan/dev_ws/src/build/cpp_srvcli -- -j8 -l8
[1.681s] DEBUG:colcon.colcon_core.event_handler.log_command:Invoking command in '/home/ngochoan/dev_ws/src/build/template_ros2': CMAKE_PREFIX_PATH=${CMAKE_PREFIX_PATH}:/opt/ros/humble /usr/bin/cmake --build /home/ngochoan/dev_ws/src/build/template_ros2 -- -j8 -l8
[1.717s] DEBUG:colcon.colcon_core.event_handler.log_command:Invoked command in '/home/ngochoan/dev_ws/src/build/template_ros2' returned '0': CMAKE_PREFIX_PATH=${CMAKE_PREFIX_PATH}:/opt/ros/humble /usr/bin/cmake --build /home/ngochoan/dev_ws/src/build/template_ros2 -- -j8 -l8
[1.758s] DEBUG:colcon.colcon_core.event_handler.log_command:Invoking command in '/home/ngochoan/dev_ws/src/build/template_ros2': CMAKE_PREFIX_PATH=${CMAKE_PREFIX_PATH}:/opt/ros/humble /usr/bin/cmake --install /home/ngochoan/dev_ws/src/build/template_ros2
[1.760s] DEBUG:colcon.colcon_core.event_handler.log_command:Invoked command in '/home/ngochoan/dev_ws/src/build/csm' returned '0': CMAKE_PREFIX_PATH=${CMAKE_PREFIX_PATH}:/opt/ros/humble /usr/bin/cmake --build /home/ngochoan/dev_ws/src/build/csm -- -j8 -l8
[1.761s] DEBUG:colcon.colcon_core.event_handler.log_command:Invoked command in '/home/ngochoan/dev_ws/src/build/cpp_srvcli' returned '0': CMAKE_PREFIX_PATH=${CMAKE_PREFIX_PATH}:/opt/ros/humble /usr/bin/cmake --build /home/ngochoan/dev_ws/src/build/cpp_srvcli -- -j8 -l8
[1.763s] DEBUG:colcon.colcon_core.event_handler.log_command:Invoked command in '/home/ngochoan/dev_ws/src/build/cpp_interface' returned '0': CMAKE_PREFIX_PATH=${CMAKE_PREFIX_PATH}:/opt/ros/humble /usr/bin/cmake --build /home/ngochoan/dev_ws/src/build/cpp_interface -- -j8 -l8
[1.768s] Level 1:colcon.colcon_core.environment:create_environment_scripts_only(template_ros2)
[1.769s] DEBUG:colcon.colcon_core.event_handler.log_command:Invoked command in '/home/ngochoan/dev_ws/src/build/template_ros2' returned '0': CMAKE_PREFIX_PATH=${CMAKE_PREFIX_PATH}:/opt/ros/humble /usr/bin/cmake --install /home/ngochoan/dev_ws/src/build/template_ros2
[1.788s] Level 1:colcon.colcon_core.environment:checking '/home/ngochoan/dev_ws/src/install/template_ros2' for CMake module files
[1.789s] Level 1:colcon.colcon_core.environment:checking '/home/ngochoan/dev_ws/src/install/template_ros2' for CMake config files
[1.789s] Level 1:colcon.colcon_core.shell:create_environment_hook('template_ros2', 'cmake_prefix_path')
[1.805s] INFO:colcon.colcon_core.shell:Creating environment hook '/home/ngochoan/dev_ws/src/install/template_ros2/share/template_ros2/hook/cmake_prefix_path.ps1'
[1.805s] INFO:colcon.colcon_core.shell:Creating environment descriptor '/home/ngochoan/dev_ws/src/install/template_ros2/share/template_ros2/hook/cmake_prefix_path.dsv'
[1.806s] INFO:colcon.colcon_core.shell:Creating environment hook '/home/ngochoan/dev_ws/src/install/template_ros2/share/template_ros2/hook/cmake_prefix_path.sh'
[1.806s] Level 1:colcon.colcon_core.environment:checking '/home/ngochoan/dev_ws/src/install/template_ros2/bin'
[1.806s] Level 1:colcon.colcon_core.environment:checking '/home/ngochoan/dev_ws/src/install/template_ros2/lib/pkgconfig/template_ros2.pc'
[1.806s] Level 1:colcon.colcon_core.environment:checking '/home/ngochoan/dev_ws/src/install/template_ros2/lib/python3.10/site-packages'
[1.807s] Level 1:colcon.colcon_core.environment:checking '/home/ngochoan/dev_ws/src/install/template_ros2/bin'
[1.822s] INFO:colcon.colcon_core.shell:Creating package script '/home/ngochoan/dev_ws/src/install/template_ros2/share/template_ros2/package.ps1'
[1.822s] INFO:colcon.colcon_core.shell:Creating package descriptor '/home/ngochoan/dev_ws/src/install/template_ros2/share/template_ros2/package.dsv'
[1.823s] INFO:colcon.colcon_core.shell:Creating package script '/home/ngochoan/dev_ws/src/install/template_ros2/share/template_ros2/package.sh'
[1.823s] INFO:colcon.colcon_core.shell:Creating package script '/home/ngochoan/dev_ws/src/install/template_ros2/share/template_ros2/package.bash'
[1.824s] INFO:colcon.colcon_core.shell:Creating package script '/home/ngochoan/dev_ws/src/install/template_ros2/share/template_ros2/package.zsh'
[1.825s] Level 1:colcon.colcon_core.environment:create_file_with_runtime_dependencies(/home/ngochoan/dev_ws/src/install/template_ros2/share/colcon-core/packages/template_ros2)
[1.827s] DEBUG:colcon.colcon_core.event_handler.log_command:Invoking command in '/home/ngochoan/dev_ws/src/build/csm': CMAKE_PREFIX_PATH=${CMAKE_PREFIX_PATH}:/opt/ros/humble /usr/bin/cmake --install /home/ngochoan/dev_ws/src/build/csm
[1.829s] DEBUG:colcon.colcon_core.event_handler.log_command:Invoking command in '/home/ngochoan/dev_ws/src/build/cpp_srvcli': CMAKE_PREFIX_PATH=${CMAKE_PREFIX_PATH}:/opt/ros/humble /usr/bin/cmake --install /home/ngochoan/dev_ws/src/build/cpp_srvcli
[1.832s] DEBUG:colcon.colcon_core.event_handler.log_command:Invoking command in '/home/ngochoan/dev_ws/src/build/cpp_interface': CMAKE_PREFIX_PATH=${CMAKE_PREFIX_PATH}:/opt/ros/humble /usr/bin/cmake --install /home/ngochoan/dev_ws/src/build/cpp_interface
[1.840s] Level 1:colcon.colcon_core.environment:create_environment_scripts_only(cpp_srvcli)
[1.847s] DEBUG:colcon.colcon_core.event_handler.log_command:Invoked command in '/home/ngochoan/dev_ws/src/build/cpp_srvcli' returned '0': CMAKE_PREFIX_PATH=${CMAKE_PREFIX_PATH}:/opt/ros/humble /usr/bin/cmake --install /home/ngochoan/dev_ws/src/build/cpp_srvcli
[1.862s] Level 1:colcon.colcon_core.environment:checking '/home/ngochoan/dev_ws/src/install/cpp_srvcli' for CMake module files
[1.862s] Level 1:colcon.colcon_core.environment:checking '/home/ngochoan/dev_ws/src/install/cpp_srvcli' for CMake config files
[1.863s] Level 1:colcon.colcon_core.shell:create_environment_hook('cpp_srvcli', 'cmake_prefix_path')
[1.877s] INFO:colcon.colcon_core.shell:Creating environment hook '/home/ngochoan/dev_ws/src/install/cpp_srvcli/share/cpp_srvcli/hook/cmake_prefix_path.ps1'
[1.877s] INFO:colcon.colcon_core.shell:Creating environment descriptor '/home/ngochoan/dev_ws/src/install/cpp_srvcli/share/cpp_srvcli/hook/cmake_prefix_path.dsv'
[1.877s] INFO:colcon.colcon_core.shell:Creating environment hook '/home/ngochoan/dev_ws/src/install/cpp_srvcli/share/cpp_srvcli/hook/cmake_prefix_path.sh'
[1.878s] Level 1:colcon.colcon_core.environment:checking '/home/ngochoan/dev_ws/src/install/cpp_srvcli/lib'
[1.878s] Level 1:colcon.colcon_core.environment:checking '/home/ngochoan/dev_ws/src/install/cpp_srvcli/bin'
[1.878s] Level 1:colcon.colcon_core.environment:checking '/home/ngochoan/dev_ws/src/install/cpp_srvcli/lib/pkgconfig/cpp_srvcli.pc'
[1.878s] Level 1:colcon.colcon_core.environment:checking '/home/ngochoan/dev_ws/src/install/cpp_srvcli/lib/python3.10/site-packages'
[1.878s] Level 1:colcon.colcon_core.environment:checking '/home/ngochoan/dev_ws/src/install/cpp_srvcli/bin'
[1.892s] INFO:colcon.colcon_core.shell:Creating package script '/home/ngochoan/dev_ws/src/install/cpp_srvcli/share/cpp_srvcli/package.ps1'
[1.892s] INFO:colcon.colcon_core.shell:Creating package descriptor '/home/ngochoan/dev_ws/src/install/cpp_srvcli/share/cpp_srvcli/package.dsv'
[1.893s] INFO:colcon.colcon_core.shell:Creating package script '/home/ngochoan/dev_ws/src/install/cpp_srvcli/share/cpp_srvcli/package.sh'
[1.893s] INFO:colcon.colcon_core.shell:Creating package script '/home/ngochoan/dev_ws/src/install/cpp_srvcli/share/cpp_srvcli/package.bash'
[1.893s] INFO:colcon.colcon_core.shell:Creating package script '/home/ngochoan/dev_ws/src/install/cpp_srvcli/share/cpp_srvcli/package.zsh'
[1.893s] Level 1:colcon.colcon_core.environment:create_file_with_runtime_dependencies(/home/ngochoan/dev_ws/src/install/cpp_srvcli/share/colcon-core/packages/cpp_srvcli)
[1.895s] Level 1:colcon.colcon_core.environment:create_environment_scripts_only(csm)
[1.896s] DEBUG:colcon.colcon_core.event_handler.log_command:Invoked command in '/home/ngochoan/dev_ws/src/build/csm' returned '0': CMAKE_PREFIX_PATH=${CMAKE_PREFIX_PATH}:/opt/ros/humble /usr/bin/cmake --install /home/ngochoan/dev_ws/src/build/csm
[1.910s] Level 1:colcon.colcon_core.environment:checking '/home/ngochoan/dev_ws/src/install/csm' for CMake module files
[1.911s] Level 1:colcon.colcon_core.environment:checking '/home/ngochoan/dev_ws/src/install/csm' for CMake config files
[1.911s] Level 1:colcon.colcon_core.shell:create_environment_hook('csm', 'cmake_prefix_path')
[1.927s] INFO:colcon.colcon_core.shell:Creating environment hook '/home/ngochoan/dev_ws/src/install/csm/share/csm/hook/cmake_prefix_path.ps1'
[1.927s] INFO:colcon.colcon_core.shell:Creating environment descriptor '/home/ngochoan/dev_ws/src/install/csm/share/csm/hook/cmake_prefix_path.dsv'
[1.928s] INFO:colcon.colcon_core.shell:Creating environment hook '/home/ngochoan/dev_ws/src/install/csm/share/csm/hook/cmake_prefix_path.sh'
[1.928s] Level 1:colcon.colcon_core.environment:checking '/home/ngochoan/dev_ws/src/install/csm/lib'
[1.928s] Level 1:colcon.colcon_core.shell:create_environment_hook('csm', 'ld_library_path_lib')
[1.945s] INFO:colcon.colcon_core.shell:Creating environment hook '/home/ngochoan/dev_ws/src/install/csm/share/csm/hook/ld_library_path_lib.ps1'
[1.945s] INFO:colcon.colcon_core.shell:Creating environment descriptor '/home/ngochoan/dev_ws/src/install/csm/share/csm/hook/ld_library_path_lib.dsv'
[1.945s] INFO:colcon.colcon_core.shell:Creating environment hook '/home/ngochoan/dev_ws/src/install/csm/share/csm/hook/ld_library_path_lib.sh'
[1.945s] Level 1:colcon.colcon_core.environment:checking '/home/ngochoan/dev_ws/src/install/csm/bin'
[1.946s] Level 1:colcon.colcon_core.environment:checking '/home/ngochoan/dev_ws/src/install/csm/lib/pkgconfig/csm.pc'
[1.946s] Level 1:colcon.colcon_core.environment:checking '/home/ngochoan/dev_ws/src/install/csm/lib/python3.10/site-packages'
[1.946s] Level 1:colcon.colcon_core.environment:checking '/home/ngochoan/dev_ws/src/install/csm/bin'
[1.960s] INFO:colcon.colcon_core.shell:Creating package script '/home/ngochoan/dev_ws/src/install/csm/share/csm/package.ps1'
[1.960s] INFO:colcon.colcon_core.shell:Creating package descriptor '/home/ngochoan/dev_ws/src/install/csm/share/csm/package.dsv'
[1.961s] INFO:colcon.colcon_core.shell:Creating package script '/home/ngochoan/dev_ws/src/install/csm/share/csm/package.sh'
[1.961s] INFO:colcon.colcon_core.shell:Creating package script '/home/ngochoan/dev_ws/src/install/csm/share/csm/package.bash'
[1.961s] INFO:colcon.colcon_core.shell:Creating package script '/home/ngochoan/dev_ws/src/install/csm/share/csm/package.zsh'
[1.961s] Level 1:colcon.colcon_core.environment:create_file_with_runtime_dependencies(/home/ngochoan/dev_ws/src/install/csm/share/colcon-core/packages/csm)
[1.978s] Level 1:colcon.colcon_core.environment:create_environment_scripts_only(template_ros2)
[1.992s] Level 1:colcon.colcon_core.environment:checking '/home/ngochoan/dev_ws/src/install/template_ros2' for CMake module files
[1.992s] Level 1:colcon.colcon_core.environment:checking '/home/ngochoan/dev_ws/src/install/template_ros2' for CMake config files
[1.993s] Level 1:colcon.colcon_core.shell:create_environment_hook('template_ros2', 'cmake_prefix_path')
[2.007s] INFO:colcon.colcon_core.shell:Creating environment hook '/home/ngochoan/dev_ws/src/install/template_ros2/share/template_ros2/hook/cmake_prefix_path.ps1'
[2.007s] INFO:colcon.colcon_core.shell:Creating environment descriptor '/home/ngochoan/dev_ws/src/install/template_ros2/share/template_ros2/hook/cmake_prefix_path.dsv'
[2.007s] INFO:colcon.colcon_core.shell:Creating environment hook '/home/ngochoan/dev_ws/src/install/template_ros2/share/template_ros2/hook/cmake_prefix_path.sh'
[2.008s] Level 1:colcon.colcon_core.environment:checking '/home/ngochoan/dev_ws/src/install/template_ros2/bin'
[2.008s] Level 1:colcon.colcon_core.environment:checking '/home/ngochoan/dev_ws/src/install/template_ros2/lib/pkgconfig/template_ros2.pc'
[2.008s] Level 1:colcon.colcon_core.environment:checking '/home/ngochoan/dev_ws/src/install/template_ros2/lib/python3.10/site-packages'
[2.008s] Level 1:colcon.colcon_core.environment:checking '/home/ngochoan/dev_ws/src/install/template_ros2/bin'
[2.023s] INFO:colcon.colcon_core.shell:Creating package script '/home/ngochoan/dev_ws/src/install/template_ros2/share/template_ros2/package.ps1'
[2.023s] INFO:colcon.colcon_core.shell:Creating package descriptor '/home/ngochoan/dev_ws/src/install/template_ros2/share/template_ros2/package.dsv'
[2.024s] INFO:colcon.colcon_core.shell:Creating package script '/home/ngochoan/dev_ws/src/install/template_ros2/share/template_ros2/package.sh'
[2.024s] INFO:colcon.colcon_core.shell:Creating package script '/home/ngochoan/dev_ws/src/install/template_ros2/share/template_ros2/package.bash'
[2.024s] INFO:colcon.colcon_core.shell:Creating package script '/home/ngochoan/dev_ws/src/install/template_ros2/share/template_ros2/package.zsh'
[2.025s] Level 1:colcon.colcon_core.environment:create_file_with_runtime_dependencies(/home/ngochoan/dev_ws/src/install/template_ros2/share/colcon-core/packages/template_ros2)
[2.025s] Level 1:colcon.colcon_core.environment:create_environment_scripts_only(cpp_interface)
[2.026s] DEBUG:colcon.colcon_core.event_handler.log_command:Invoked command in '/home/ngochoan/dev_ws/src/build/cpp_interface' returned '0': CMAKE_PREFIX_PATH=${CMAKE_PREFIX_PATH}:/opt/ros/humble /usr/bin/cmake --install /home/ngochoan/dev_ws/src/build/cpp_interface
[2.041s] Level 1:colcon.colcon_core.environment:checking '/home/ngochoan/dev_ws/src/install/cpp_interface' for CMake module files
[2.042s] Level 1:colcon.colcon_core.environment:checking '/home/ngochoan/dev_ws/src/install/cpp_interface' for CMake config files
[2.042s] Level 1:colcon.colcon_core.shell:create_environment_hook('cpp_interface', 'cmake_prefix_path')
[2.057s] INFO:colcon.colcon_core.shell:Creating environment hook '/home/ngochoan/dev_ws/src/install/cpp_interface/share/cpp_interface/hook/cmake_prefix_path.ps1'
[2.058s] INFO:colcon.colcon_core.shell:Creating environment descriptor '/home/ngochoan/dev_ws/src/install/cpp_interface/share/cpp_interface/hook/cmake_prefix_path.dsv'
[2.058s] INFO:colcon.colcon_core.shell:Creating environment hook '/home/ngochoan/dev_ws/src/install/cpp_interface/share/cpp_interface/hook/cmake_prefix_path.sh'
[2.059s] Level 1:colcon.colcon_core.environment:checking '/home/ngochoan/dev_ws/src/install/cpp_interface/lib'
[2.059s] Level 1:colcon.colcon_core.environment:checking '/home/ngochoan/dev_ws/src/install/cpp_interface/bin'
[2.059s] Level 1:colcon.colcon_core.environment:checking '/home/ngochoan/dev_ws/src/install/cpp_interface/lib/pkgconfig/cpp_interface.pc'
[2.059s] Level 1:colcon.colcon_core.environment:checking '/home/ngochoan/dev_ws/src/install/cpp_interface/lib/python3.10/site-packages'
[2.059s] Level 1:colcon.colcon_core.environment:checking '/home/ngochoan/dev_ws/src/install/cpp_interface/bin'
[2.075s] INFO:colcon.colcon_core.shell:Creating package script '/home/ngochoan/dev_ws/src/install/cpp_interface/share/cpp_interface/package.ps1'
[2.076s] INFO:colcon.colcon_core.shell:Creating package descriptor '/home/ngochoan/dev_ws/src/install/cpp_interface/share/cpp_interface/package.dsv'
[2.076s] INFO:colcon.colcon_core.shell:Creating package script '/home/ngochoan/dev_ws/src/install/cpp_interface/share/cpp_interface/package.sh'
[2.077s] INFO:colcon.colcon_core.shell:Creating package script '/home/ngochoan/dev_ws/src/install/cpp_interface/share/cpp_interface/package.bash'
[2.077s] INFO:colcon.colcon_core.shell:Creating package script '/home/ngochoan/dev_ws/src/install/cpp_interface/share/cpp_interface/package.zsh'
[2.077s] Level 1:colcon.colcon_core.environment:create_file_with_runtime_dependencies(/home/ngochoan/dev_ws/src/install/cpp_interface/share/colcon-core/packages/cpp_interface)
[2.097s] Level 1:colcon.colcon_core.environment:create_environment_scripts_only(cpp_srvcli)
[2.112s] Level 1:colcon.colcon_core.environment:checking '/home/ngochoan/dev_ws/src/install/cpp_srvcli' for CMake module files
[2.112s] Level 1:colcon.colcon_core.environment:checking '/home/ngochoan/dev_ws/src/install/cpp_srvcli' for CMake config files
[2.113s] Level 1:colcon.colcon_core.shell:create_environment_hook('cpp_srvcli', 'cmake_prefix_path')
[2.127s] INFO:colcon.colcon_core.shell:Creating environment hook '/home/ngochoan/dev_ws/src/install/cpp_srvcli/share/cpp_srvcli/hook/cmake_prefix_path.ps1'
[2.128s] INFO:colcon.colcon_core.shell:Creating environment descriptor '/home/ngochoan/dev_ws/src/install/cpp_srvcli/share/cpp_srvcli/hook/cmake_prefix_path.dsv'
[2.128s] INFO:colcon.colcon_core.shell:Creating environment hook '/home/ngochoan/dev_ws/src/install/cpp_srvcli/share/cpp_srvcli/hook/cmake_prefix_path.sh'
[2.128s] Level 1:colcon.colcon_core.environment:checking '/home/ngochoan/dev_ws/src/install/cpp_srvcli/lib'
[2.128s] Level 1:colcon.colcon_core.environment:checking '/home/ngochoan/dev_ws/src/install/cpp_srvcli/bin'
[2.128s] Level 1:colcon.colcon_core.environment:checking '/home/ngochoan/dev_ws/src/install/cpp_srvcli/lib/pkgconfig/cpp_srvcli.pc'
[2.129s] Level 1:colcon.colcon_core.environment:checking '/home/ngochoan/dev_ws/src/install/cpp_srvcli/lib/python3.10/site-packages'
[2.129s] Level 1:colcon.colcon_core.environment:checking '/home/ngochoan/dev_ws/src/install/cpp_srvcli/bin'
[2.157s] INFO:colcon.colcon_core.shell:Creating package script '/home/ngochoan/dev_ws/src/install/cpp_srvcli/share/cpp_srvcli/package.ps1'
[2.158s] INFO:colcon.colcon_core.shell:Creating package descriptor '/home/ngochoan/dev_ws/src/install/cpp_srvcli/share/cpp_srvcli/package.dsv'
[2.158s] INFO:colcon.colcon_core.shell:Creating package script '/home/ngochoan/dev_ws/src/install/cpp_srvcli/share/cpp_srvcli/package.sh'
[2.158s] INFO:colcon.colcon_core.shell:Creating package script '/home/ngochoan/dev_ws/src/install/cpp_srvcli/share/cpp_srvcli/package.bash'
[2.159s] INFO:colcon.colcon_core.shell:Creating package script '/home/ngochoan/dev_ws/src/install/cpp_srvcli/share/cpp_srvcli/package.zsh'
[2.159s] Level 1:colcon.colcon_core.environment:create_file_with_runtime_dependencies(/home/ngochoan/dev_ws/src/install/cpp_srvcli/share/colcon-core/packages/cpp_srvcli)
[2.178s] Level 1:colcon.colcon_core.environment:create_environment_scripts_only(csm)
[2.193s] Level 1:colcon.colcon_core.environment:checking '/home/ngochoan/dev_ws/src/install/csm' for CMake module files
[2.193s] Level 1:colcon.colcon_core.environment:checking '/home/ngochoan/dev_ws/src/install/csm' for CMake config files
[2.193s] Level 1:colcon.colcon_core.shell:create_environment_hook('csm', 'cmake_prefix_path')
[2.209s] INFO:colcon.colcon_core.shell:Creating environment hook '/home/ngochoan/dev_ws/src/install/csm/share/csm/hook/cmake_prefix_path.ps1'
[2.210s] INFO:colcon.colcon_core.shell:Creating environment descriptor '/home/ngochoan/dev_ws/src/install/csm/share/csm/hook/cmake_prefix_path.dsv'
[2.210s] INFO:colcon.colcon_core.shell:Creating environment hook '/home/ngochoan/dev_ws/src/install/csm/share/csm/hook/cmake_prefix_path.sh'
[2.210s] Level 1:colcon.colcon_core.environment:checking '/home/ngochoan/dev_ws/src/install/csm/lib'
[2.210s] Level 1:colcon.colcon_core.shell:create_environment_hook('csm', 'ld_library_path_lib')
[2.225s] INFO:colcon.colcon_core.shell:Creating environment hook '/home/ngochoan/dev_ws/src/install/csm/share/csm/hook/ld_library_path_lib.ps1'
[2.226s] INFO:colcon.colcon_core.shell:Creating environment descriptor '/home/ngochoan/dev_ws/src/install/csm/share/csm/hook/ld_library_path_lib.dsv'
[2.226s] INFO:colcon.colcon_core.shell:Creating environment hook '/home/ngochoan/dev_ws/src/install/csm/share/csm/hook/ld_library_path_lib.sh'
[2.226s] Level 1:colcon.colcon_core.environment:checking '/home/ngochoan/dev_ws/src/install/csm/bin'
[2.227s] Level 1:colcon.colcon_core.environment:checking '/home/ngochoan/dev_ws/src/install/csm/lib/pkgconfig/csm.pc'
[2.227s] Level 1:colcon.colcon_core.environment:checking '/home/ngochoan/dev_ws/src/install/csm/lib/python3.10/site-packages'
[2.227s] Level 1:colcon.colcon_core.environment:checking '/home/ngochoan/dev_ws/src/install/csm/bin'
[2.244s] INFO:colcon.colcon_core.shell:Creating package script '/home/ngochoan/dev_ws/src/install/csm/share/csm/package.ps1'
[2.245s] INFO:colcon.colcon_core.shell:Creating package descriptor '/home/ngochoan/dev_ws/src/install/csm/share/csm/package.dsv'
[2.246s] INFO:colcon.colcon_core.shell:Creating package script '/home/ngochoan/dev_ws/src/install/csm/share/csm/package.sh'
[2.247s] INFO:colcon.colcon_core.shell:Creating package script '/home/ngochoan/dev_ws/src/install/csm/share/csm/package.bash'
[2.247s] INFO:colcon.colcon_core.shell:Creating package script '/home/ngochoan/dev_ws/src/install/csm/share/csm/package.zsh'
[2.248s] Level 1:colcon.colcon_core.environment:create_file_with_runtime_dependencies(/home/ngochoan/dev_ws/src/install/csm/share/colcon-core/packages/csm)
[2.250s] INFO:colcon.colcon_ros.task.ament_cmake.build:Building ROS package in '/home/ngochoan/dev_ws/src/ros2_laser_scan_matcher' with build type 'ament_cmake'
[2.256s] INFO:colcon.colcon_cmake.task.cmake.build:Building CMake package in '/home/ngochoan/dev_ws/src/ros2_laser_scan_matcher'
[2.282s] INFO:colcon.colcon_core.shell:Skip shell extension 'powershell' for command environment: Not usable outside of PowerShell
[2.282s] DEBUG:colcon.colcon_core.shell:Skip shell extension 'dsv' for command environment
[2.376s] Level 1:colcon.colcon_core.environment:create_environment_scripts_only(cpp_interface)
[2.390s] Level 1:colcon.colcon_core.environment:checking '/home/ngochoan/dev_ws/src/install/cpp_interface' for CMake module files
[2.390s] Level 1:colcon.colcon_core.environment:checking '/home/ngochoan/dev_ws/src/install/cpp_interface' for CMake config files
[2.390s] Level 1:colcon.colcon_core.shell:create_environment_hook('cpp_interface', 'cmake_prefix_path')
[2.404s] INFO:colcon.colcon_core.shell:Creating environment hook '/home/ngochoan/dev_ws/src/install/cpp_interface/share/cpp_interface/hook/cmake_prefix_path.ps1'
[2.404s] INFO:colcon.colcon_core.shell:Creating environment descriptor '/home/ngochoan/dev_ws/src/install/cpp_interface/share/cpp_interface/hook/cmake_prefix_path.dsv'
[2.405s] INFO:colcon.colcon_core.shell:Creating environment hook '/home/ngochoan/dev_ws/src/install/cpp_interface/share/cpp_interface/hook/cmake_prefix_path.sh'
[2.405s] Level 1:colcon.colcon_core.environment:checking '/home/ngochoan/dev_ws/src/install/cpp_interface/lib'
[2.405s] Level 1:colcon.colcon_core.environment:checking '/home/ngochoan/dev_ws/src/install/cpp_interface/bin'
[2.405s] Level 1:colcon.colcon_core.environment:checking '/home/ngochoan/dev_ws/src/install/cpp_interface/lib/pkgconfig/cpp_interface.pc'
[2.405s] Level 1:colcon.colcon_core.environment:checking '/home/ngochoan/dev_ws/src/install/cpp_interface/lib/python3.10/site-packages'
[2.405s] Level 1:colcon.colcon_core.environment:checking '/home/ngochoan/dev_ws/src/install/cpp_interface/bin'
[2.419s] INFO:colcon.colcon_core.shell:Creating package script '/home/ngochoan/dev_ws/src/install/cpp_interface/share/cpp_interface/package.ps1'
[2.420s] INFO:colcon.colcon_core.shell:Creating package descriptor '/home/ngochoan/dev_ws/src/install/cpp_interface/share/cpp_interface/package.dsv'
[2.421s] INFO:colcon.colcon_core.shell:Creating package script '/home/ngochoan/dev_ws/src/install/cpp_interface/share/cpp_interface/package.sh'
[2.421s] INFO:colcon.colcon_core.shell:Creating package script '/home/ngochoan/dev_ws/src/install/cpp_interface/share/cpp_interface/package.bash'
[2.421s] INFO:colcon.colcon_core.shell:Creating package script '/home/ngochoan/dev_ws/src/install/cpp_interface/share/cpp_interface/package.zsh'
[2.421s] Level 1:colcon.colcon_core.environment:create_file_with_runtime_dependencies(/home/ngochoan/dev_ws/src/install/cpp_interface/share/colcon-core/packages/cpp_interface)
[2.425s] DEBUG:colcon.colcon_core.event_handler.log_command:Invoking command in '/home/ngochoan/dev_ws/src/build/ros2_laser_scan_matcher': CMAKE_PREFIX_PATH=/home/ngochoan/dev_ws/src/install/csm:/home/ngochoan/dev_ws/src/install/template_ros2:/home/ngochoan/dev_ws/src/install/ros2_laser_scan_matcher:/home/ngochoan/dev_ws/src/install/cpp_srvcli:/home/ngochoan/dev_ws/src/install/cpp_interface:/home/ngochoan/dev_ws/install/cpp_pubsub:/home/ngochoan/dev_ws/install/tutorial_interfaces:/home/ngochoan/dev_ws/install/turtlesim:/home/ngochoan/dev_ws/install/template_ros2:/home/ngochoan/dev_ws/install/template_ROS2:/home/ngochoan/dev_ws/install/my_package:/home/ngochoan/dev_ws/install/cpp_srvcli:/home/ngochoan/dev_ws/install/cpp_interface:/opt/ros/humble /usr/bin/cmake --build /home/ngochoan/dev_ws/src/build/ros2_laser_scan_matcher -- -j8 -l8
[2.517s] DEBUG:colcon.colcon_core.event_handler.log_command:Invoked command in '/home/ngochoan/dev_ws/src/build/ros2_laser_scan_matcher' returned '0': CMAKE_PREFIX_PATH=/home/ngochoan/dev_ws/src/install/csm:/home/ngochoan/dev_ws/src/install/template_ros2:/home/ngochoan/dev_ws/src/install/ros2_laser_scan_matcher:/home/ngochoan/dev_ws/src/install/cpp_srvcli:/home/ngochoan/dev_ws/src/install/cpp_interface:/home/ngochoan/dev_ws/install/cpp_pubsub:/home/ngochoan/dev_ws/install/tutorial_interfaces:/home/ngochoan/dev_ws/install/turtlesim:/home/ngochoan/dev_ws/install/template_ros2:/home/ngochoan/dev_ws/install/template_ROS2:/home/ngochoan/dev_ws/install/my_package:/home/ngochoan/dev_ws/install/cpp_srvcli:/home/ngochoan/dev_ws/install/cpp_interface:/opt/ros/humble /usr/bin/cmake --build /home/ngochoan/dev_ws/src/build/ros2_laser_scan_matcher -- -j8 -l8
[2.536s] DEBUG:colcon.colcon_core.event_handler.log_command:Invoking command in '/home/ngochoan/dev_ws/src/build/ros2_laser_scan_matcher': CMAKE_PREFIX_PATH=/home/ngochoan/dev_ws/src/install/csm:/home/ngochoan/dev_ws/src/install/template_ros2:/home/ngochoan/dev_ws/src/install/ros2_laser_scan_matcher:/home/ngochoan/dev_ws/src/install/cpp_srvcli:/home/ngochoan/dev_ws/src/install/cpp_interface:/home/ngochoan/dev_ws/install/cpp_pubsub:/home/ngochoan/dev_ws/install/tutorial_interfaces:/home/ngochoan/dev_ws/install/turtlesim:/home/ngochoan/dev_ws/install/template_ros2:/home/ngochoan/dev_ws/install/template_ROS2:/home/ngochoan/dev_ws/install/my_package:/home/ngochoan/dev_ws/install/cpp_srvcli:/home/ngochoan/dev_ws/install/cpp_interface:/opt/ros/humble /usr/bin/cmake --install /home/ngochoan/dev_ws/src/build/ros2_laser_scan_matcher
[2.546s] Level 1:colcon.colcon_core.environment:create_environment_scripts_only(ros2_laser_scan_matcher)
[2.547s] DEBUG:colcon.colcon_core.event_handler.log_command:Invoked command in '/home/ngochoan/dev_ws/src/build/ros2_laser_scan_matcher' returned '0': CMAKE_PREFIX_PATH=/home/ngochoan/dev_ws/src/install/csm:/home/ngochoan/dev_ws/src/install/template_ros2:/home/ngochoan/dev_ws/src/install/ros2_laser_scan_matcher:/home/ngochoan/dev_ws/src/install/cpp_srvcli:/home/ngochoan/dev_ws/src/install/cpp_interface:/home/ngochoan/dev_ws/install/cpp_pubsub:/home/ngochoan/dev_ws/install/tutorial_interfaces:/home/ngochoan/dev_ws/install/turtlesim:/home/ngochoan/dev_ws/install/template_ros2:/home/ngochoan/dev_ws/install/template_ROS2:/home/ngochoan/dev_ws/install/my_package:/home/ngochoan/dev_ws/install/cpp_srvcli:/home/ngochoan/dev_ws/install/cpp_interface:/opt/ros/humble /usr/bin/cmake --install /home/ngochoan/dev_ws/src/build/ros2_laser_scan_matcher
[2.561s] Level 1:colcon.colcon_core.environment:checking '/home/ngochoan/dev_ws/src/install/ros2_laser_scan_matcher' for CMake module files
[2.561s] Level 1:colcon.colcon_core.environment:checking '/home/ngochoan/dev_ws/src/install/ros2_laser_scan_matcher' for CMake config files
[2.562s] Level 1:colcon.colcon_core.shell:create_environment_hook('ros2_laser_scan_matcher', 'cmake_prefix_path')
[2.576s] INFO:colcon.colcon_core.shell:Creating environment hook '/home/ngochoan/dev_ws/src/install/ros2_laser_scan_matcher/share/ros2_laser_scan_matcher/hook/cmake_prefix_path.ps1'
[2.576s] INFO:colcon.colcon_core.shell:Creating environment descriptor '/home/ngochoan/dev_ws/src/install/ros2_laser_scan_matcher/share/ros2_laser_scan_matcher/hook/cmake_prefix_path.dsv'
[2.576s] INFO:colcon.colcon_core.shell:Creating environment hook '/home/ngochoan/dev_ws/src/install/ros2_laser_scan_matcher/share/ros2_laser_scan_matcher/hook/cmake_prefix_path.sh'
[2.577s] Level 1:colcon.colcon_core.environment:checking '/home/ngochoan/dev_ws/src/install/ros2_laser_scan_matcher/lib'
[2.577s] Level 1:colcon.colcon_core.environment:checking '/home/ngochoan/dev_ws/src/install/ros2_laser_scan_matcher/bin'
[2.577s] Level 1:colcon.colcon_core.environment:checking '/home/ngochoan/dev_ws/src/install/ros2_laser_scan_matcher/lib/pkgconfig/ros2_laser_scan_matcher.pc'
[2.577s] Level 1:colcon.colcon_core.environment:checking '/home/ngochoan/dev_ws/src/install/ros2_laser_scan_matcher/lib/python3.10/site-packages'
[2.577s] Level 1:colcon.colcon_core.environment:checking '/home/ngochoan/dev_ws/src/install/ros2_laser_scan_matcher/bin'
[2.591s] INFO:colcon.colcon_core.shell:Creating package script '/home/ngochoan/dev_ws/src/install/ros2_laser_scan_matcher/share/ros2_laser_scan_matcher/package.ps1'
[2.592s] INFO:colcon.colcon_core.shell:Creating package descriptor '/home/ngochoan/dev_ws/src/install/ros2_laser_scan_matcher/share/ros2_laser_scan_matcher/package.dsv'
[2.592s] INFO:colcon.colcon_core.shell:Creating package script '/home/ngochoan/dev_ws/src/install/ros2_laser_scan_matcher/share/ros2_laser_scan_matcher/package.sh'
[2.592s] INFO:colcon.colcon_core.shell:Creating package script '/home/ngochoan/dev_ws/src/install/ros2_laser_scan_matcher/share/ros2_laser_scan_matcher/package.bash'
[2.592s] INFO:colcon.colcon_core.shell:Creating package script '/home/ngochoan/dev_ws/src/install/ros2_laser_scan_matcher/share/ros2_laser_scan_matcher/package.zsh'
[2.593s] Level 1:colcon.colcon_core.environment:create_file_with_runtime_dependencies(/home/ngochoan/dev_ws/src/install/ros2_laser_scan_matcher/share/colcon-core/packages/ros2_laser_scan_matcher)
[2.625s] Level 1:colcon.colcon_core.environment:create_environment_scripts_only(ros2_laser_scan_matcher)
[2.640s] Level 1:colcon.colcon_core.environment:checking '/home/ngochoan/dev_ws/src/install/ros2_laser_scan_matcher' for CMake module files
[2.641s] Level 1:colcon.colcon_core.environment:checking '/home/ngochoan/dev_ws/src/install/ros2_laser_scan_matcher' for CMake config files
[2.641s] Level 1:colcon.colcon_core.shell:create_environment_hook('ros2_laser_scan_matcher', 'cmake_prefix_path')
[2.656s] INFO:colcon.colcon_core.shell:Creating environment hook '/home/ngochoan/dev_ws/src/install/ros2_laser_scan_matcher/share/ros2_laser_scan_matcher/hook/cmake_prefix_path.ps1'
[2.656s] INFO:colcon.colcon_core.shell:Creating environment descriptor '/home/ngochoan/dev_ws/src/install/ros2_laser_scan_matcher/share/ros2_laser_scan_matcher/hook/cmake_prefix_path.dsv'
[2.657s] INFO:colcon.colcon_core.shell:Creating environment hook '/home/ngochoan/dev_ws/src/install/ros2_laser_scan_matcher/share/ros2_laser_scan_matcher/hook/cmake_prefix_path.sh'
[2.657s] Level 1:colcon.colcon_core.environment:checking '/home/ngochoan/dev_ws/src/install/ros2_laser_scan_matcher/lib'
[2.657s] Level 1:colcon.colcon_core.environment:checking '/home/ngochoan/dev_ws/src/install/ros2_laser_scan_matcher/bin'
[2.657s] Level 1:colcon.colcon_core.environment:checking '/home/ngochoan/dev_ws/src/install/ros2_laser_scan_matcher/lib/pkgconfig/ros2_laser_scan_matcher.pc'
[2.657s] Level 1:colcon.colcon_core.environment:checking '/home/ngochoan/dev_ws/src/install/ros2_laser_scan_matcher/lib/python3.10/site-packages'
[2.658s] Level 1:colcon.colcon_core.environment:checking '/home/ngochoan/dev_ws/src/install/ros2_laser_scan_matcher/bin'
[2.672s] INFO:colcon.colcon_core.shell:Creating package script '/home/ngochoan/dev_ws/src/install/ros2_laser_scan_matcher/share/ros2_laser_scan_matcher/package.ps1'
[2.672s] INFO:colcon.colcon_core.shell:Creating package descriptor '/home/ngochoan/dev_ws/src/install/ros2_laser_scan_matcher/share/ros2_laser_scan_matcher/package.dsv'
[2.673s] INFO:colcon.colcon_core.shell:Creating package script '/home/ngochoan/dev_ws/src/install/ros2_laser_scan_matcher/share/ros2_laser_scan_matcher/package.sh'
[2.673s] INFO:colcon.colcon_core.shell:Creating package script '/home/ngochoan/dev_ws/src/install/ros2_laser_scan_matcher/share/ros2_laser_scan_matcher/package.bash'
[2.673s] INFO:colcon.colcon_core.shell:Creating package script '/home/ngochoan/dev_ws/src/install/ros2_laser_scan_matcher/share/ros2_laser_scan_matcher/package.zsh'
[2.673s] Level 1:colcon.colcon_core.environment:create_file_with_runtime_dependencies(/home/ngochoan/dev_ws/src/install/ros2_laser_scan_matcher/share/colcon-core/packages/ros2_laser_scan_matcher)
[2.674s] DEBUG:colcon.colcon_parallel_executor.executor.parallel:closing loop
[2.674s] DEBUG:colcon.colcon_parallel_executor.executor.parallel:loop closed
[2.674s] DEBUG:colcon.colcon_parallel_executor.executor.parallel:run_until_complete finished with '0'
[2.674s] DEBUG:colcon.colcon_core.event_reactor:joining thread
[2.701s] INFO:colcon.colcon_core.plugin_system:Skipping extension 'colcon_notification.desktop_notification.terminal_notifier': Not used on non-Darwin systems
[2.701s] INFO:colcon.colcon_core.plugin_system:Skipping extension 'colcon_notification.desktop_notification.win32': Not used on non-Windows systems
[2.701s] INFO:colcon.colcon_notification.desktop_notification:Sending desktop notification using 'notify2'
[2.710s] DEBUG:colcon.colcon_core.event_reactor:joined thread
[2.726s] INFO:colcon.colcon_core.shell:Creating prefix script '/home/ngochoan/dev_ws/src/install/local_setup.ps1'
[2.727s] INFO:colcon.colcon_core.shell:Creating prefix util module '/home/ngochoan/dev_ws/src/install/_local_setup_util_ps1.py'
[2.728s] INFO:colcon.colcon_core.shell:Creating prefix chain script '/home/ngochoan/dev_ws/src/install/setup.ps1'
[2.746s] INFO:colcon.colcon_core.shell:Creating prefix script '/home/ngochoan/dev_ws/src/install/local_setup.sh'
[2.746s] INFO:colcon.colcon_core.shell:Creating prefix util module '/home/ngochoan/dev_ws/src/install/_local_setup_util_sh.py'
[2.747s] INFO:colcon.colcon_core.shell:Creating prefix chain script '/home/ngochoan/dev_ws/src/install/setup.sh'
[2.762s] INFO:colcon.colcon_core.shell:Creating prefix script '/home/ngochoan/dev_ws/src/install/local_setup.bash'
[2.763s] INFO:colcon.colcon_core.shell:Creating prefix chain script '/home/ngochoan/dev_ws/src/install/setup.bash'
[2.778s] INFO:colcon.colcon_core.shell:Creating prefix script '/home/ngochoan/dev_ws/src/install/local_setup.zsh'
[2.778s] INFO:colcon.colcon_core.shell:Creating prefix chain script '/home/ngochoan/dev_ws/src/install/setup.zsh'
