[0.933s] DEBUG:colcon:Command line arguments: ['/usr/bin/colcon', 'build', '--packages-select', 'cpp_interface']
[0.933s] DEBUG:colcon:Parsed command line arguments: Namespace(log_base=None, log_level=None, verb_name='build', build_base='build', install_base='install', merge_install=False, symlink_install=False, test_result_base=None, continue_on_error=False, executor='parallel', parallel_workers=8, event_handlers=None, ignore_user_meta=False, metas=['./colcon.meta'], base_paths=['.'], packages_ignore=None, packages_ignore_regex=None, paths=None, packages_up_to=None, packages_up_to_regex=None, packages_above=None, packages_above_and_dependencies=None, packages_above_depth=None, packages_select_by_dep=None, packages_skip_by_dep=None, packages_skip_up_to=None, packages_select_build_failed=False, packages_skip_build_finished=False, packages_select_test_failures=False, packages_skip_test_passed=False, packages_select=['cpp_interface'], packages_skip=None, packages_select_regex=None, packages_skip_regex=None, packages_start=None, packages_end=None, allow_overriding=[], cmake_args=None, cmake_target=None, cmake_target_skip_unavailable=False, cmake_clean_cache=False, cmake_clean_first=False, cmake_force_configure=False, ament_cmake_args=None, catkin_cmake_args=None, catkin_skip_building_tests=False, verb_parser=<colcon_defaults.argument_parser.defaults.DefaultArgumentsDecorator object at 0x71b3d3488ee0>, verb_extension=<colcon_core.verb.build.BuildVerb object at 0x71b3d348a9e0>, main=<bound method BuildVerb.main of <colcon_core.verb.build.BuildVerb object at 0x71b3d348a9e0>>)
[0.975s] Level 1:colcon.colcon_core.package_discovery:discover_packages(colcon_meta) check parameters
[0.975s] Level 1:colcon.colcon_core.package_discovery:discover_packages(recursive) check parameters
[0.975s] Level 1:colcon.colcon_core.package_discovery:discover_packages(ignore) check parameters
[0.975s] Level 1:colcon.colcon_core.package_discovery:discover_packages(path) check parameters
[0.975s] Level 1:colcon.colcon_core.package_discovery:discover_packages(colcon_meta) discover
[0.975s] Level 1:colcon.colcon_core.package_discovery:discover_packages(recursive) discover
[0.975s] INFO:colcon.colcon_core.package_discovery:Crawling recursively for packages in '/home/ngochoan/dev_ws'
[0.975s] Level 1:colcon.colcon_core.package_identification:_identify(.) by extensions ['ignore', 'ignore_ament_install']
[0.975s] Level 1:colcon.colcon_core.package_identification:_identify(.) by extension 'ignore'
[0.975s] Level 1:colcon.colcon_core.package_identification:_identify(.) by extension 'ignore_ament_install'
[0.975s] Level 1:colcon.colcon_core.package_identification:_identify(.) by extensions ['colcon_pkg']
[0.975s] Level 1:colcon.colcon_core.package_identification:_identify(.) by extension 'colcon_pkg'
[0.976s] Level 1:colcon.colcon_core.package_identification:_identify(.) by extensions ['colcon_meta']
[0.976s] Level 1:colcon.colcon_core.package_identification:_identify(.) by extension 'colcon_meta'
[0.976s] Level 1:colcon.colcon_core.package_identification:_identify(.) by extensions ['ros']
[0.976s] Level 1:colcon.colcon_core.package_identification:_identify(.) by extension 'ros'
[0.984s] Level 1:colcon.colcon_core.package_identification:_identify(.) by extensions ['cmake', 'python']
[0.984s] Level 1:colcon.colcon_core.package_identification:_identify(.) by extension 'cmake'
[0.984s] Level 1:colcon.colcon_core.package_identification:_identify(.) by extension 'python'
[0.984s] Level 1:colcon.colcon_core.package_identification:_identify(.) by extensions ['python_setup_py']
[0.984s] Level 1:colcon.colcon_core.package_identification:_identify(.) by extension 'python_setup_py'
[0.984s] Level 1:colcon.colcon_core.package_identification:_identify(build) by extensions ['ignore', 'ignore_ament_install']
[0.985s] Level 1:colcon.colcon_core.package_identification:_identify(build) by extension 'ignore'
[0.985s] Level 1:colcon.colcon_core.package_identification:_identify(build) ignored
[0.985s] Level 1:colcon.colcon_core.package_identification:_identify(install) by extensions ['ignore', 'ignore_ament_install']
[0.985s] Level 1:colcon.colcon_core.package_identification:_identify(install) by extension 'ignore'
[0.985s] Level 1:colcon.colcon_core.package_identification:_identify(install) ignored
[0.985s] Level 1:colcon.colcon_core.package_identification:_identify(log) by extensions ['ignore', 'ignore_ament_install']
[0.985s] Level 1:colcon.colcon_core.package_identification:_identify(log) by extension 'ignore'
[0.985s] Level 1:colcon.colcon_core.package_identification:_identify(log) ignored
[0.985s] Level 1:colcon.colcon_core.package_identification:_identify(src) by extensions ['ignore', 'ignore_ament_install']
[0.985s] Level 1:colcon.colcon_core.package_identification:_identify(src) by extension 'ignore'
[0.985s] Level 1:colcon.colcon_core.package_identification:_identify(src) by extension 'ignore_ament_install'
[0.985s] Level 1:colcon.colcon_core.package_identification:_identify(src) by extensions ['colcon_pkg']
[0.985s] Level 1:colcon.colcon_core.package_identification:_identify(src) by extension 'colcon_pkg'
[0.986s] Level 1:colcon.colcon_core.package_identification:_identify(src) by extensions ['colcon_meta']
[0.986s] Level 1:colcon.colcon_core.package_identification:_identify(src) by extension 'colcon_meta'
[0.986s] Level 1:colcon.colcon_core.package_identification:_identify(src) by extensions ['ros']
[0.986s] Level 1:colcon.colcon_core.package_identification:_identify(src) by extension 'ros'
[0.986s] Level 1:colcon.colcon_core.package_identification:_identify(src) by extensions ['cmake', 'python']
[0.986s] Level 1:colcon.colcon_core.package_identification:_identify(src) by extension 'cmake'
[0.986s] Level 1:colcon.colcon_core.package_identification:_identify(src) by extension 'python'
[0.986s] Level 1:colcon.colcon_core.package_identification:_identify(src) by extensions ['python_setup_py']
[0.986s] Level 1:colcon.colcon_core.package_identification:_identify(src) by extension 'python_setup_py'
[0.986s] Level 1:colcon.colcon_core.package_identification:_identify(src/build) by extensions ['ignore', 'ignore_ament_install']
[0.986s] Level 1:colcon.colcon_core.package_identification:_identify(src/build) by extension 'ignore'
[0.986s] Level 1:colcon.colcon_core.package_identification:_identify(src/build) ignored
[0.986s] Level 1:colcon.colcon_core.package_identification:_identify(src/cpp_interface) by extensions ['ignore', 'ignore_ament_install']
[0.986s] Level 1:colcon.colcon_core.package_identification:_identify(src/cpp_interface) by extension 'ignore'
[0.986s] Level 1:colcon.colcon_core.package_identification:_identify(src/cpp_interface) by extension 'ignore_ament_install'
[0.986s] Level 1:colcon.colcon_core.package_identification:_identify(src/cpp_interface) by extensions ['colcon_pkg']
[0.986s] Level 1:colcon.colcon_core.package_identification:_identify(src/cpp_interface) by extension 'colcon_pkg'
[0.986s] Level 1:colcon.colcon_core.package_identification:_identify(src/cpp_interface) by extensions ['colcon_meta']
[0.986s] Level 1:colcon.colcon_core.package_identification:_identify(src/cpp_interface) by extension 'colcon_meta'
[0.987s] Level 1:colcon.colcon_core.package_identification:_identify(src/cpp_interface) by extensions ['ros']
[0.987s] Level 1:colcon.colcon_core.package_identification:_identify(src/cpp_interface) by extension 'ros'
[0.989s] DEBUG:colcon.colcon_core.package_identification:Package 'src/cpp_interface' with type 'ros.ament_cmake' and name 'cpp_interface'
[0.989s] Level 1:colcon.colcon_core.package_identification:_identify(src/cpp_srvcli) by extensions ['ignore', 'ignore_ament_install']
[0.989s] Level 1:colcon.colcon_core.package_identification:_identify(src/cpp_srvcli) by extension 'ignore'
[0.989s] Level 1:colcon.colcon_core.package_identification:_identify(src/cpp_srvcli) by extension 'ignore_ament_install'
[0.989s] Level 1:colcon.colcon_core.package_identification:_identify(src/cpp_srvcli) by extensions ['colcon_pkg']
[0.989s] Level 1:colcon.colcon_core.package_identification:_identify(src/cpp_srvcli) by extension 'colcon_pkg'
[0.989s] Level 1:colcon.colcon_core.package_identification:_identify(src/cpp_srvcli) by extensions ['colcon_meta']
[0.989s] Level 1:colcon.colcon_core.package_identification:_identify(src/cpp_srvcli) by extension 'colcon_meta'
[0.989s] Level 1:colcon.colcon_core.package_identification:_identify(src/cpp_srvcli) by extensions ['ros']
[0.989s] Level 1:colcon.colcon_core.package_identification:_identify(src/cpp_srvcli) by extension 'ros'
[0.989s] DEBUG:colcon.colcon_core.package_identification:Package 'src/cpp_srvcli' with type 'ros.ament_cmake' and name 'cpp_srvcli'
[0.990s] Level 1:colcon.colcon_core.package_identification:_identify(src/csm) by extensions ['ignore', 'ignore_ament_install']
[0.990s] Level 1:colcon.colcon_core.package_identification:_identify(src/csm) by extension 'ignore'
[0.990s] Level 1:colcon.colcon_core.package_identification:_identify(src/csm) by extension 'ignore_ament_install'
[0.990s] Level 1:colcon.colcon_core.package_identification:_identify(src/csm) by extensions ['colcon_pkg']
[0.990s] Level 1:colcon.colcon_core.package_identification:_identify(src/csm) by extension 'colcon_pkg'
[0.990s] Level 1:colcon.colcon_core.package_identification:_identify(src/csm) by extensions ['colcon_meta']
[0.990s] Level 1:colcon.colcon_core.package_identification:_identify(src/csm) by extension 'colcon_meta'
[0.990s] Level 1:colcon.colcon_core.package_identification:_identify(src/csm) by extensions ['ros']
[0.990s] Level 1:colcon.colcon_core.package_identification:_identify(src/csm) by extension 'ros'
[0.990s] DEBUG:colcon.colcon_core.package_identification:Package 'src/csm' with type 'ros.ament_cmake' and name 'csm'
[0.991s] Level 1:colcon.colcon_core.package_identification:_identify(src/install) by extensions ['ignore', 'ignore_ament_install']
[0.991s] Level 1:colcon.colcon_core.package_identification:_identify(src/install) by extension 'ignore'
[0.991s] Level 1:colcon.colcon_core.package_identification:_identify(src/install) ignored
[0.991s] Level 1:colcon.colcon_core.package_identification:_identify(src/log) by extensions ['ignore', 'ignore_ament_install']
[0.991s] Level 1:colcon.colcon_core.package_identification:_identify(src/log) by extension 'ignore'
[0.991s] Level 1:colcon.colcon_core.package_identification:_identify(src/log) ignored
[0.991s] Level 1:colcon.colcon_core.package_identification:_identify(src/ros2_laser_scan_matcher) by extensions ['ignore', 'ignore_ament_install']
[0.991s] Level 1:colcon.colcon_core.package_identification:_identify(src/ros2_laser_scan_matcher) by extension 'ignore'
[0.991s] Level 1:colcon.colcon_core.package_identification:_identify(src/ros2_laser_scan_matcher) by extension 'ignore_ament_install'
[0.991s] Level 1:colcon.colcon_core.package_identification:_identify(src/ros2_laser_scan_matcher) by extensions ['colcon_pkg']
[0.991s] Level 1:colcon.colcon_core.package_identification:_identify(src/ros2_laser_scan_matcher) by extension 'colcon_pkg'
[0.991s] Level 1:colcon.colcon_core.package_identification:_identify(src/ros2_laser_scan_matcher) by extensions ['colcon_meta']
[0.991s] Level 1:colcon.colcon_core.package_identification:_identify(src/ros2_laser_scan_matcher) by extension 'colcon_meta'
[0.991s] Level 1:colcon.colcon_core.package_identification:_identify(src/ros2_laser_scan_matcher) by extensions ['ros']
[0.991s] Level 1:colcon.colcon_core.package_identification:_identify(src/ros2_laser_scan_matcher) by extension 'ros'
[0.992s] DEBUG:colcon.colcon_core.package_identification:Package 'src/ros2_laser_scan_matcher' with type 'ros.ament_cmake' and name 'ros2_laser_scan_matcher'
[0.992s] Level 1:colcon.colcon_core.package_identification:_identify(src/template_ros2) by extensions ['ignore', 'ignore_ament_install']
[0.992s] Level 1:colcon.colcon_core.package_identification:_identify(src/template_ros2) by extension 'ignore'
[0.992s] Level 1:colcon.colcon_core.package_identification:_identify(src/template_ros2) by extension 'ignore_ament_install'
[0.992s] Level 1:colcon.colcon_core.package_identification:_identify(src/template_ros2) by extensions ['colcon_pkg']
[0.992s] Level 1:colcon.colcon_core.package_identification:_identify(src/template_ros2) by extension 'colcon_pkg'
[0.992s] Level 1:colcon.colcon_core.package_identification:_identify(src/template_ros2) by extensions ['colcon_meta']
[0.992s] Level 1:colcon.colcon_core.package_identification:_identify(src/template_ros2) by extension 'colcon_meta'
[0.992s] Level 1:colcon.colcon_core.package_identification:_identify(src/template_ros2) by extensions ['ros']
[0.992s] Level 1:colcon.colcon_core.package_identification:_identify(src/template_ros2) by extension 'ros'
[0.993s] DEBUG:colcon.colcon_core.package_identification:Package 'src/template_ros2' with type 'ros.ament_cmake' and name 'template_ros2'
[0.993s] Level 1:colcon.colcon_core.package_discovery:discover_packages(recursive) using defaults
[0.993s] Level 1:colcon.colcon_core.package_discovery:discover_packages(ignore) discover
[0.993s] Level 1:colcon.colcon_core.package_discovery:discover_packages(ignore) using defaults
[0.993s] Level 1:colcon.colcon_core.package_discovery:discover_packages(path) discover
[0.993s] Level 1:colcon.colcon_core.package_discovery:discover_packages(path) using defaults
[1.053s] INFO:colcon.colcon_core.package_selection:Skipping not selected package 'cpp_srvcli' in 'src/cpp_srvcli'
[1.053s] INFO:colcon.colcon_core.package_selection:Skipping not selected package 'csm' in 'src/csm'
[1.053s] INFO:colcon.colcon_core.package_selection:Skipping not selected package 'template_ros2' in 'src/template_ros2'
[1.053s] INFO:colcon.colcon_core.package_selection:Skipping not selected package 'ros2_laser_scan_matcher' in 'src/ros2_laser_scan_matcher'
[1.081s] Level 1:colcon.colcon_core.package_discovery:discover_packages(prefix_path) check parameters
[1.081s] Level 1:colcon.colcon_core.package_discovery:discover_packages(prefix_path) discover
[1.110s] DEBUG:colcon.colcon_installed_package_information.package_discovery:Found 373 installed packages in /opt/ros/humble
[1.111s] Level 1:colcon.colcon_core.package_discovery:discover_packages(prefix_path) using defaults
[1.211s] Level 5:colcon.colcon_core.verb:set package 'cpp_interface' build argument 'cmake_args' from command line to 'None'
[1.211s] Level 5:colcon.colcon_core.verb:set package 'cpp_interface' build argument 'cmake_target' from command line to 'None'
[1.211s] Level 5:colcon.colcon_core.verb:set package 'cpp_interface' build argument 'cmake_target_skip_unavailable' from command line to 'False'
[1.211s] Level 5:colcon.colcon_core.verb:set package 'cpp_interface' build argument 'cmake_clean_cache' from command line to 'False'
[1.211s] Level 5:colcon.colcon_core.verb:set package 'cpp_interface' build argument 'cmake_clean_first' from command line to 'False'
[1.211s] Level 5:colcon.colcon_core.verb:set package 'cpp_interface' build argument 'cmake_force_configure' from command line to 'False'
[1.211s] Level 5:colcon.colcon_core.verb:set package 'cpp_interface' build argument 'ament_cmake_args' from command line to 'None'
[1.211s] Level 5:colcon.colcon_core.verb:set package 'cpp_interface' build argument 'catkin_cmake_args' from command line to 'None'
[1.212s] Level 5:colcon.colcon_core.verb:set package 'cpp_interface' build argument 'catkin_skip_building_tests' from command line to 'False'
[1.212s] DEBUG:colcon.colcon_core.verb:Building package 'cpp_interface' with the following arguments: {'ament_cmake_args': None, 'build_base': '/home/ngochoan/dev_ws/build/cpp_interface', 'catkin_cmake_args': None, 'catkin_skip_building_tests': False, 'cmake_args': None, 'cmake_clean_cache': False, 'cmake_clean_first': False, 'cmake_force_configure': False, 'cmake_target': None, 'cmake_target_skip_unavailable': False, 'install_base': '/home/ngochoan/dev_ws/install/cpp_interface', 'merge_install': False, 'path': '/home/ngochoan/dev_ws/src/cpp_interface', 'symlink_install': False, 'test_result_base': None}
[1.225s] INFO:colcon.colcon_core.executor:Executing jobs using 'parallel' executor
[1.239s] DEBUG:colcon.colcon_parallel_executor.executor.parallel:run_until_complete
[1.240s] INFO:colcon.colcon_ros.task.ament_cmake.build:Building ROS package in '/home/ngochoan/dev_ws/src/cpp_interface' with build type 'ament_cmake'
[1.240s] INFO:colcon.colcon_cmake.task.cmake.build:Building CMake package in '/home/ngochoan/dev_ws/src/cpp_interface'
[1.257s] INFO:colcon.colcon_core.plugin_system:Skipping extension 'colcon_core.shell.bat': Not used on non-Windows systems
[1.257s] INFO:colcon.colcon_core.shell:Skip shell extension 'powershell' for command environment: Not usable outside of PowerShell
[1.257s] DEBUG:colcon.colcon_core.shell:Skip shell extension 'dsv' for command environment
[1.297s] DEBUG:colcon.colcon_core.event_handler.log_command:Invoking command in '/home/ngochoan/dev_ws/build/cpp_interface': CMAKE_PREFIX_PATH=/opt/ros/humble /usr/bin/cmake --build /home/ngochoan/dev_ws/build/cpp_interface -- -j8 -l8
[2.047s] DEBUG:colcon.colcon_core.event_handler.log_command:Invoked command in '/home/ngochoan/dev_ws/build/cpp_interface' returned '2': CMAKE_PREFIX_PATH=/opt/ros/humble /usr/bin/cmake --build /home/ngochoan/dev_ws/build/cpp_interface -- -j8 -l8
[2.087s] Level 1:colcon.colcon_core.environment:create_environment_scripts_only(cpp_interface)
[2.102s] Level 1:colcon.colcon_core.environment:checking '/home/ngochoan/dev_ws/install/cpp_interface' for CMake module files
[2.102s] Level 1:colcon.colcon_core.environment:checking '/home/ngochoan/dev_ws/install/cpp_interface' for CMake config files
[2.102s] Level 1:colcon.colcon_core.shell:create_environment_hook('cpp_interface', 'cmake_prefix_path')
[2.116s] INFO:colcon.colcon_core.shell:Creating environment hook '/home/ngochoan/dev_ws/install/cpp_interface/share/cpp_interface/hook/cmake_prefix_path.ps1'
[2.117s] INFO:colcon.colcon_core.shell:Creating environment descriptor '/home/ngochoan/dev_ws/install/cpp_interface/share/cpp_interface/hook/cmake_prefix_path.dsv'
[2.117s] INFO:colcon.colcon_core.shell:Creating environment hook '/home/ngochoan/dev_ws/install/cpp_interface/share/cpp_interface/hook/cmake_prefix_path.sh'
[2.118s] Level 1:colcon.colcon_core.environment:checking '/home/ngochoan/dev_ws/install/cpp_interface/lib'
[2.118s] Level 1:colcon.colcon_core.environment:checking '/home/ngochoan/dev_ws/install/cpp_interface/bin'
[2.118s] Level 1:colcon.colcon_core.environment:checking '/home/ngochoan/dev_ws/install/cpp_interface/lib/pkgconfig/cpp_interface.pc'
[2.118s] Level 1:colcon.colcon_core.environment:checking '/home/ngochoan/dev_ws/install/cpp_interface/lib/python3.10/site-packages'
[2.118s] Level 1:colcon.colcon_core.environment:checking '/home/ngochoan/dev_ws/install/cpp_interface/bin'
[2.132s] INFO:colcon.colcon_core.shell:Creating package script '/home/ngochoan/dev_ws/install/cpp_interface/share/cpp_interface/package.ps1'
[2.133s] INFO:colcon.colcon_core.shell:Creating package descriptor '/home/ngochoan/dev_ws/install/cpp_interface/share/cpp_interface/package.dsv'
[2.133s] INFO:colcon.colcon_core.shell:Creating package script '/home/ngochoan/dev_ws/install/cpp_interface/share/cpp_interface/package.sh'
[2.134s] INFO:colcon.colcon_core.shell:Creating package script '/home/ngochoan/dev_ws/install/cpp_interface/share/cpp_interface/package.bash'
[2.135s] INFO:colcon.colcon_core.shell:Creating package script '/home/ngochoan/dev_ws/install/cpp_interface/share/cpp_interface/package.zsh'
[2.135s] Level 1:colcon.colcon_core.environment:create_file_with_runtime_dependencies(/home/ngochoan/dev_ws/install/cpp_interface/share/colcon-core/packages/cpp_interface)
[2.146s] DEBUG:colcon.colcon_parallel_executor.executor.parallel:closing loop
[2.146s] DEBUG:colcon.colcon_parallel_executor.executor.parallel:loop closed
[2.146s] DEBUG:colcon.colcon_parallel_executor.executor.parallel:run_until_complete finished with '2'
[2.146s] DEBUG:colcon.colcon_core.event_reactor:joining thread
[2.181s] INFO:colcon.colcon_core.plugin_system:Skipping extension 'colcon_notification.desktop_notification.terminal_notifier': Not used on non-Darwin systems
[2.181s] INFO:colcon.colcon_core.plugin_system:Skipping extension 'colcon_notification.desktop_notification.win32': Not used on non-Windows systems
[2.181s] INFO:colcon.colcon_notification.desktop_notification:Sending desktop notification using 'notify2'
[2.193s] DEBUG:colcon.colcon_core.event_reactor:joined thread
[2.208s] INFO:colcon.colcon_core.shell:Creating prefix script '/home/ngochoan/dev_ws/install/local_setup.ps1'
[2.209s] INFO:colcon.colcon_core.shell:Creating prefix util module '/home/ngochoan/dev_ws/install/_local_setup_util_ps1.py'
[2.210s] INFO:colcon.colcon_core.shell:Creating prefix chain script '/home/ngochoan/dev_ws/install/setup.ps1'
[2.224s] INFO:colcon.colcon_core.shell:Creating prefix script '/home/ngochoan/dev_ws/install/local_setup.sh'
[2.225s] INFO:colcon.colcon_core.shell:Creating prefix util module '/home/ngochoan/dev_ws/install/_local_setup_util_sh.py'
[2.225s] INFO:colcon.colcon_core.shell:Creating prefix chain script '/home/ngochoan/dev_ws/install/setup.sh'
[2.240s] INFO:colcon.colcon_core.shell:Creating prefix script '/home/ngochoan/dev_ws/install/local_setup.bash'
[2.241s] INFO:colcon.colcon_core.shell:Creating prefix chain script '/home/ngochoan/dev_ws/install/setup.bash'
[2.255s] INFO:colcon.colcon_core.shell:Creating prefix script '/home/ngochoan/dev_ws/install/local_setup.zsh'
[2.256s] INFO:colcon.colcon_core.shell:Creating prefix chain script '/home/ngochoan/dev_ws/install/setup.zsh'
