[35m[1mConsolidate compiler generated dependencies of target circumference_node[0m
[ 16%] Built target read_parameters_pi
[ 33%] Built target test_cmd_vel
[ 58%] Built target stanley_node
[ 66%] Built target pid_node
[ 75%] [32mBuilding CXX object CMakeFiles/circumference_node.dir/src/circumference_node.cpp.o[0m
[ 91%] Built target fuzzy_node
[100%] [32m[1mLinking CXX executable circumference_node[0m
[100%] Built target circumference_node
-- Install configuration: ""
-- Up-to-date: /home/ngochoan/dev_ws/install/cpp_interface/lib/cpp_interface/read_parameters_pi
-- Up-to-date: /home/ngochoan/dev_ws/install/cpp_interface/lib/cpp_interface/test_cmd_vel
-- Up-to-date: /home/ngochoan/dev_ws/install/cpp_interface/lib/cpp_interface/pid_node
-- Up-to-date: /home/ngochoan/dev_ws/install/cpp_interface/lib/cpp_interface/fuzzy_node
-- Up-to-date: /home/ngochoan/dev_ws/install/cpp_interface/lib/cpp_interface/stanley_node
-- Installing: /home/ngochoan/dev_ws/install/cpp_interface/lib/cpp_interface/circumference_node
-- Set runtime path of "/home/ngochoan/dev_ws/install/cpp_interface/lib/cpp_interface/circumference_node" to ""
-- Up-to-date: /home/ngochoan/dev_ws/install/cpp_interface/share/cpp_interface/launch
-- Up-to-date: /home/ngochoan/dev_ws/install/cpp_interface/share/cpp_interface/launch/rplidar.launch.py
-- Up-to-date: /home/ngochoan/dev_ws/install/cpp_interface/share/ament_index/resource_index/package_run_dependencies/cpp_interface
-- Up-to-date: /home/ngochoan/dev_ws/install/cpp_interface/share/ament_index/resource_index/parent_prefix_path/cpp_interface
-- Up-to-date: /home/ngochoan/dev_ws/install/cpp_interface/share/cpp_interface/environment/ament_prefix_path.sh
-- Up-to-date: /home/ngochoan/dev_ws/install/cpp_interface/share/cpp_interface/environment/ament_prefix_path.dsv
-- Up-to-date: /home/ngochoan/dev_ws/install/cpp_interface/share/cpp_interface/environment/path.sh
-- Up-to-date: /home/ngochoan/dev_ws/install/cpp_interface/share/cpp_interface/environment/path.dsv
-- Up-to-date: /home/ngochoan/dev_ws/install/cpp_interface/share/cpp_interface/local_setup.bash
-- Up-to-date: /home/ngochoan/dev_ws/install/cpp_interface/share/cpp_interface/local_setup.sh
-- Up-to-date: /home/ngochoan/dev_ws/install/cpp_interface/share/cpp_interface/local_setup.zsh
-- Up-to-date: /home/ngochoan/dev_ws/install/cpp_interface/share/cpp_interface/local_setup.dsv
-- Installing: /home/ngochoan/dev_ws/install/cpp_interface/share/cpp_interface/package.dsv
-- Up-to-date: /home/ngochoan/dev_ws/install/cpp_interface/share/ament_index/resource_index/packages/cpp_interface
-- Up-to-date: /home/ngochoan/dev_ws/install/cpp_interface/share/cpp_interface/cmake/cpp_interfaceConfig.cmake
-- Up-to-date: /home/ngochoan/dev_ws/install/cpp_interface/share/cpp_interface/cmake/cpp_interfaceConfig-version.cmake
-- Up-to-date: /home/ngochoan/dev_ws/install/cpp_interface/share/cpp_interface/package.xml
