[  6%] [32mBuilding CXX object CMakeFiles/test_cmd_vel.dir/src/test_cmd_vel.cpp.o[0m
[ 12%] [32mBuilding CXX object CMakeFiles/pid_node.dir/src/pid_node.cpp.o[0m
[ 18%] [32mBuilding CXX object CMakeFiles/stanley_node.dir/src/stanley_node.cpp.o[0m
[ 25%] [32mBuilding CXX object CMakeFiles/read_parameters_pi.dir/src/read_parameters_pi.cpp.o[0m
[ 31%] [32mBuilding CXX object CMakeFiles/sinusoidal_node.dir/src/sinusoidal_node.cpp.o[0m
[ 37%] [32mBuilding CXX object CMakeFiles/straight_line_node.dir/src/straight_line_node.cpp.o[0m
[ 43%] [32mBuilding CXX object CMakeFiles/fuzzy_longitudinal_controllers.dir/src/fuzzy_longitudinal_controllers.cpp.o[0m
[ 50%] [32mBuilding CXX object CMakeFiles/circumference_node.dir/src/circumference_node.cpp.o[0m
[ 56%] [32m[1mLinking CXX executable sinusoidal_node[0m
[ 56%] Built target sinusoidal_node
[ 62%] [32m[1mLinking CXX executable circumference_node[0m
[ 68%] [32m[1mLinking CXX executable straight_line_node[0m
[ 75%] [32m[1mLinking CXX executable read_parameters_pi[0m
[ 81%] [32m[1mLinking CXX executable test_cmd_vel[0m
[ 87%] [32m[1mLinking CXX executable pid_node[0m
[ 87%] Built target read_parameters_pi
[ 87%] Built target straight_line_node
[ 87%] Built target circumference_node
[ 87%] Built target test_cmd_vel
[ 87%] Built target pid_node
[ 93%] [32m[1mLinking CXX executable fuzzy_longitudinal_controllers[0m
[100%] [32m[1mLinking CXX executable stanley_node[0m
[100%] Built target fuzzy_longitudinal_controllers
[100%] Built target stanley_node
-- Install configuration: ""
-- Installing: /home/ngochoan/dev_ws/install/cpp_interface/lib/cpp_interface/read_parameters_pi
-- Set runtime path of "/home/ngochoan/dev_ws/install/cpp_interface/lib/cpp_interface/read_parameters_pi" to ""
-- Installing: /home/ngochoan/dev_ws/install/cpp_interface/lib/cpp_interface/test_cmd_vel
-- Set runtime path of "/home/ngochoan/dev_ws/install/cpp_interface/lib/cpp_interface/test_cmd_vel" to ""
-- Installing: /home/ngochoan/dev_ws/install/cpp_interface/lib/cpp_interface/pid_node
-- Set runtime path of "/home/ngochoan/dev_ws/install/cpp_interface/lib/cpp_interface/pid_node" to ""
-- Installing: /home/ngochoan/dev_ws/install/cpp_interface/lib/cpp_interface/fuzzy_longitudinal_controllers
-- Set runtime path of "/home/ngochoan/dev_ws/install/cpp_interface/lib/cpp_interface/fuzzy_longitudinal_controllers" to ""
-- Installing: /home/ngochoan/dev_ws/install/cpp_interface/lib/cpp_interface/stanley_node
-- Set runtime path of "/home/ngochoan/dev_ws/install/cpp_interface/lib/cpp_interface/stanley_node" to ""
-- Installing: /home/ngochoan/dev_ws/install/cpp_interface/lib/cpp_interface/straight_line_node
-- Set runtime path of "/home/ngochoan/dev_ws/install/cpp_interface/lib/cpp_interface/straight_line_node" to ""
-- Installing: /home/ngochoan/dev_ws/install/cpp_interface/lib/cpp_interface/circumference_node
-- Set runtime path of "/home/ngochoan/dev_ws/install/cpp_interface/lib/cpp_interface/circumference_node" to ""
-- Installing: /home/ngochoan/dev_ws/install/cpp_interface/lib/cpp_interface/sinusoidal_node
-- Set runtime path of "/home/ngochoan/dev_ws/install/cpp_interface/lib/cpp_interface/sinusoidal_node" to ""
-- Up-to-date: /home/ngochoan/dev_ws/install/cpp_interface/share/cpp_interface/launch
-- Up-to-date: /home/ngochoan/dev_ws/install/cpp_interface/share/cpp_interface/launch/rplidar.launch.py
-- Installing: /home/ngochoan/dev_ws/install/cpp_interface/share/ament_index/resource_index/package_run_dependencies/cpp_interface
-- Installing: /home/ngochoan/dev_ws/install/cpp_interface/share/ament_index/resource_index/parent_prefix_path/cpp_interface
-- Up-to-date: /home/ngochoan/dev_ws/install/cpp_interface/share/cpp_interface/environment/ament_prefix_path.sh
-- Installing: /home/ngochoan/dev_ws/install/cpp_interface/share/cpp_interface/environment/ament_prefix_path.dsv
-- Up-to-date: /home/ngochoan/dev_ws/install/cpp_interface/share/cpp_interface/environment/path.sh
-- Installing: /home/ngochoan/dev_ws/install/cpp_interface/share/cpp_interface/environment/path.dsv
-- Installing: /home/ngochoan/dev_ws/install/cpp_interface/share/cpp_interface/local_setup.bash
-- Installing: /home/ngochoan/dev_ws/install/cpp_interface/share/cpp_interface/local_setup.sh
-- Installing: /home/ngochoan/dev_ws/install/cpp_interface/share/cpp_interface/local_setup.zsh
-- Installing: /home/ngochoan/dev_ws/install/cpp_interface/share/cpp_interface/local_setup.dsv
-- Installing: /home/ngochoan/dev_ws/install/cpp_interface/share/cpp_interface/package.dsv
-- Installing: /home/ngochoan/dev_ws/install/cpp_interface/share/ament_index/resource_index/packages/cpp_interface
-- Installing: /home/ngochoan/dev_ws/install/cpp_interface/share/cpp_interface/cmake/cpp_interfaceConfig.cmake
-- Installing: /home/ngochoan/dev_ws/install/cpp_interface/share/cpp_interface/cmake/cpp_interfaceConfig-version.cmake
-- Up-to-date: /home/ngochoan/dev_ws/install/cpp_interface/share/cpp_interface/package.xml
