[0.009s] Invoking command in '/home/ngochoan/dev_ws/build/cpp_interface': CMAKE_PREFIX_PATH=/opt/ros/humble /usr/bin/cmake --build /home/ngochoan/dev_ws/build/cpp_interface -- -j8 -l8
[0.046s] [35m[1mConsolidate compiler generated dependencies of target data_processing_node[0m
[0.052s] [35m[1mConsolidate compiler generated dependencies of target pid_node[0m
[0.061s] [ 22%] Built target test_cmd_vel
[0.061s] [ 22%] Built target fuzzy_longitudinal_controllers
[0.062s] [ 44%] Built target read_parameters_pi
[0.062s] [ 44%] Built target circumference_node
[0.062s] [ 50%] [32mBuilding CXX object CMakeFiles/straight_line_node.dir/src/straight_line_node.cpp.o[0m
[0.067s] [ 61%] Built target sinusoidal_node
[0.072s] [ 66%] [32mBuilding CXX object CMakeFiles/data_processing_node.dir/src/data_processing_node.cpp.o[0m
[0.074s] [35m[1mConsolidate compiler generated dependencies of target controllers_node[0m
[0.075s] [ 77%] Built target pid_node
[0.088s] [ 88%] Built target controllers_node
[7.466s] [ 94%] [32m[1mLinking CXX executable straight_line_node[0m
[7.820s] [ 94%] Built target straight_line_node
[9.621s] [100%] [32m[1mLinking CXX executable data_processing_node[0m
[10.108s] [100%] Built target data_processing_node
[10.129s] Invoked command in '/home/ngochoan/dev_ws/build/cpp_interface' returned '0': CMAKE_PREFIX_PATH=/opt/ros/humble /usr/bin/cmake --build /home/ngochoan/dev_ws/build/cpp_interface -- -j8 -l8
[10.195s] Invoking command in '/home/ngochoan/dev_ws/build/cpp_interface': CMAKE_PREFIX_PATH=/opt/ros/humble /usr/bin/cmake --install /home/ngochoan/dev_ws/build/cpp_interface
[10.200s] -- Install configuration: ""
[10.201s] -- Up-to-date: /home/ngochoan/dev_ws/install/cpp_interface/lib/cpp_interface/read_parameters_pi
[10.201s] -- Up-to-date: /home/ngochoan/dev_ws/install/cpp_interface/lib/cpp_interface/test_cmd_vel
[10.201s] -- Up-to-date: /home/ngochoan/dev_ws/install/cpp_interface/lib/cpp_interface/pid_node
[10.201s] -- Up-to-date: /home/ngochoan/dev_ws/install/cpp_interface/lib/cpp_interface/fuzzy_longitudinal_controllers
[10.201s] -- Installing: /home/ngochoan/dev_ws/install/cpp_interface/lib/cpp_interface/data_processing_node
[10.206s] -- Set runtime path of "/home/ngochoan/dev_ws/install/cpp_interface/lib/cpp_interface/data_processing_node" to ""
[10.206s] -- Installing: /home/ngochoan/dev_ws/install/cpp_interface/lib/cpp_interface/straight_line_node
[10.209s] -- Set runtime path of "/home/ngochoan/dev_ws/install/cpp_interface/lib/cpp_interface/straight_line_node" to ""
[10.209s] -- Up-to-date: /home/ngochoan/dev_ws/install/cpp_interface/lib/cpp_interface/circumference_node
[10.209s] -- Up-to-date: /home/ngochoan/dev_ws/install/cpp_interface/lib/cpp_interface/sinusoidal_node
[10.209s] -- Up-to-date: /home/ngochoan/dev_ws/install/cpp_interface/lib/cpp_interface/controllers_node
[10.210s] -- Up-to-date: /home/ngochoan/dev_ws/install/cpp_interface/share/cpp_interface/launch
[10.210s] -- Up-to-date: /home/ngochoan/dev_ws/install/cpp_interface/share/cpp_interface/launch/rplidar.launch.py
[10.210s] -- Up-to-date: /home/ngochoan/dev_ws/install/cpp_interface/share/ament_index/resource_index/package_run_dependencies/cpp_interface
[10.210s] -- Up-to-date: /home/ngochoan/dev_ws/install/cpp_interface/share/ament_index/resource_index/parent_prefix_path/cpp_interface
[10.210s] -- Up-to-date: /home/ngochoan/dev_ws/install/cpp_interface/share/cpp_interface/environment/ament_prefix_path.sh
[10.210s] -- Up-to-date: /home/ngochoan/dev_ws/install/cpp_interface/share/cpp_interface/environment/ament_prefix_path.dsv
[10.210s] -- Up-to-date: /home/ngochoan/dev_ws/install/cpp_interface/share/cpp_interface/environment/path.sh
[10.210s] -- Up-to-date: /home/ngochoan/dev_ws/install/cpp_interface/share/cpp_interface/environment/path.dsv
[10.210s] -- Up-to-date: /home/ngochoan/dev_ws/install/cpp_interface/share/cpp_interface/local_setup.bash
[10.210s] -- Up-to-date: /home/ngochoan/dev_ws/install/cpp_interface/share/cpp_interface/local_setup.sh
[10.210s] -- Up-to-date: /home/ngochoan/dev_ws/install/cpp_interface/share/cpp_interface/local_setup.zsh
[10.210s] -- Up-to-date: /home/ngochoan/dev_ws/install/cpp_interface/share/cpp_interface/local_setup.dsv
[10.210s] -- Installing: /home/ngochoan/dev_ws/install/cpp_interface/share/cpp_interface/package.dsv
[10.210s] -- Up-to-date: /home/ngochoan/dev_ws/install/cpp_interface/share/ament_index/resource_index/packages/cpp_interface
[10.211s] -- Up-to-date: /home/ngochoan/dev_ws/install/cpp_interface/share/cpp_interface/cmake/cpp_interfaceConfig.cmake
[10.211s] -- Up-to-date: /home/ngochoan/dev_ws/install/cpp_interface/share/cpp_interface/cmake/cpp_interfaceConfig-version.cmake
[10.211s] -- Up-to-date: /home/ngochoan/dev_ws/install/cpp_interface/share/cpp_interface/package.xml
[10.212s] Invoked command in '/home/ngochoan/dev_ws/build/cpp_interface' returned '0': CMAKE_PREFIX_PATH=/opt/ros/humble /usr/bin/cmake --install /home/ngochoan/dev_ws/build/cpp_interface
