[0.054s] Invoking command in '/home/ngochoan/dev_ws/build/cpp_pubsub': AMENT_PREFIX_PATH=/home/ngochoan/dev_ws/install/tutorial_interfaces:${AMENT_PREFIX_PATH} CMAKE_PREFIX_PATH=/home/ngochoan/dev_ws/install/tutorial_interfaces:/opt/ros/humble LD_LIBRARY_PATH=/home/ngochoan/dev_ws/install/tutorial_interfaces/lib:${LD_LIBRARY_PATH} PYTHONPATH=/home/ngochoan/dev_ws/install/tutorial_interfaces/local/lib/python3.10/dist-packages:${PYTHONPATH} /usr/bin/cmake --build /home/ngochoan/dev_ws/build/cpp_pubsub -- -j8 -l8
[0.076s] -- Found ament_cmake: 1.3.5 (/opt/ros/humble/share/ament_cmake/cmake)
[0.204s] -- Found rclc: 4.0.2 (/opt/ros/humble/share/rclc/cmake)
[0.235s] -- Found rosidl_generator_c: 3.1.5 (/opt/ros/humble/share/rosidl_generator_c/cmake)
[0.238s] -- Found rosidl_adapter: 3.1.5 (/opt/ros/humble/share/rosidl_adapter/cmake)
[0.244s] -- Found rosidl_generator_cpp: 3.1.5 (/opt/ros/humble/share/rosidl_generator_cpp/cmake)
[0.253s] -- Using all available rosidl_typesupport_c: rosidl_typesupport_fastrtps_c;rosidl_typesupport_introspection_c
[0.267s] -- Using all available rosidl_typesupport_cpp: rosidl_typesupport_fastrtps_cpp;rosidl_typesupport_introspection_cpp
[0.326s] -- Found rmw_implementation_cmake: 6.1.1 (/opt/ros/humble/share/rmw_implementation_cmake/cmake)
[0.328s] -- Found rmw_fastrtps_cpp: 6.2.4 (/opt/ros/humble/share/rmw_fastrtps_cpp/cmake)
[0.448s] -- Using RMW implementation 'rmw_fastrtps_cpp' as default
[0.552s] -- Found rclcpp: 16.0.6 (/opt/ros/humble/share/rclcpp/cmake)
[0.704s] -- Found tutorial_interfaces: 0.0.0 (/home/ngochoan/dev_ws/install/tutorial_interfaces/share/tutorial_interfaces/cmake)
[0.719s] -- Found ament_lint_auto: 0.12.8 (/opt/ros/humble/share/ament_lint_auto/cmake)
[0.786s] -- Added test 'cppcheck' to perform static code analysis on C / C++ code
[0.786s] -- Configured cppcheck include dirs: 
[0.787s] -- Configured cppcheck exclude dirs and/or files: 
[0.787s] -- Added test 'lint_cmake' to check CMake code style
[0.788s] -- Added test 'uncrustify' to check C / C++ code style
[0.788s] -- Configured uncrustify additional arguments: 
[0.788s] -- Added test 'xmllint' to check XML markup files
[0.788s] -- Configuring done
[0.804s] -- Generating done
[0.806s] -- Build files have been written to: /home/ngochoan/dev_ws/build/cpp_pubsub
[0.827s] [35m[1mConsolidate compiler generated dependencies of target listener[0m
[0.827s] [35m[1mConsolidate compiler generated dependencies of target listener_pico[0m
[0.827s] [35m[1mConsolidate compiler generated dependencies of target talker[0m
[0.845s] [ 16%] [32mBuilding CXX object CMakeFiles/talker.dir/src/publisher_member_function.cpp.o[0m
[0.846s] [ 50%] Built target listener
[0.848s] [ 66%] [32mBuilding CXX object CMakeFiles/listener_pico.dir/src/read_date_picoW.cpp.o[0m
[1.082s] [01m[K/home/ngochoan/dev_ws/src/cpp_pubsub/src/read_date_picoW.cpp:9:10:[m[K [01;31m[Kfatal error: [m[Ktutorial_interfaces/msg/float64_multi_array.h: No such file or directory
[1.083s]     9 | #include [01;31m[K"tutorial_interfaces/msg/float64_multi_array.h"[m[K
[1.083s]       |          [01;31m[K^~~~~~~~~~~~~~~~~~~~~~~~~~~~~~~~~~~~~~~~~~~~~~~[m[K
[1.083s] compilation terminated.
[1.086s] gmake[2]: *** [CMakeFiles/listener_pico.dir/build.make:76: CMakeFiles/listener_pico.dir/src/read_date_picoW.cpp.o] Error 1
[1.087s] gmake[1]: *** [CMakeFiles/Makefile2:193: CMakeFiles/listener_pico.dir/all] Error 2
[1.087s] gmake[1]: *** Waiting for unfinished jobs....
[2.996s] [01m[K/home/ngochoan/dev_ws/src/cpp_pubsub/src/publisher_member_function.cpp:[m[K In member function ‘[01m[Kvoid MinimalPublisher::timer_callback()[m[K’:
[2.996s] [01m[K/home/ngochoan/dev_ws/src/cpp_pubsub/src/publisher_member_function.cpp:29:34:[m[K [01;31m[Kerror: [m[Kno match for ‘[01m[Koperator=[m[K’ (operand types are ‘[01m[Ktutorial_interfaces::msg::Float64_<std::allocator<void> >::_data_type[m[K’ {aka ‘[01m[Kstd::vector<double, std::allocator<double> >[m[K’} and ‘[01m[Ksize_t[m[K’ {aka ‘[01m[Klong unsigned int[m[K’})
[2.996s]    29 |       message.data = this->count_[01;31m[K++[m[K;
[2.996s]       |                                  [01;31m[K^~[m[K
[2.996s] In file included from [01m[K/usr/include/c++/11/vector:72[m[K,
[2.996s]                  from [01m[K/usr/include/c++/11/functional:62[m[K,
[2.996s]                  from [01m[K/home/ngochoan/dev_ws/src/cpp_pubsub/src/publisher_member_function.cpp:2[m[K:
[2.996s] [01m[K/usr/include/c++/11/bits/vector.tcc:198:5:[m[K [01;36m[Knote: [m[Kcandidate: ‘[01m[Kstd::vector<_Tp, _Alloc>& std::vector<_Tp, _Alloc>::operator=(const std::vector<_Tp, _Alloc>&) [with _Tp = double; _Alloc = std::allocator<double>][m[K’
[2.996s]   198 |     [01;36m[Kvector<_Tp, _Alloc>[m[K::
[2.996s]       |     [01;36m[K^~~~~~~~~~~~~~~~~~~[m[K
[2.996s] [01m[K/usr/include/c++/11/bits/vector.tcc:199:42:[m[K [01;36m[Knote: [m[K  no known conversion for argument 1 from ‘[01m[Ksize_t[m[K’ {aka ‘[01m[Klong unsigned int[m[K’} to ‘[01m[Kconst std::vector<double, std::allocator<double> >&[m[K’
[2.996s]   199 |     operator=([01;36m[Kconst vector<_Tp, _Alloc>& __x[m[K)
[2.997s]       |               [01;36m[K~~~~~~~~~~~~~~~~~~~~~~~~~~~^~~[m[K
[2.997s] In file included from [01m[K/usr/include/c++/11/vector:67[m[K,
[2.997s]                  from [01m[K/usr/include/c++/11/functional:62[m[K,
[2.997s]                  from [01m[K/home/ngochoan/dev_ws/src/cpp_pubsub/src/publisher_member_function.cpp:2[m[K:
[2.997s] [01m[K/usr/include/c++/11/bits/stl_vector.h:709:7:[m[K [01;36m[Knote: [m[Kcandidate: ‘[01m[Kstd::vector<_Tp, _Alloc>& std::vector<_Tp, _Alloc>::operator=(std::vector<_Tp, _Alloc>&&) [with _Tp = double; _Alloc = std::allocator<double>][m[K’
[2.997s]   709 |       [01;36m[Koperator[m[K=(vector&& __x) noexcept(_Alloc_traits::_S_nothrow_move())
[2.997s]       |       [01;36m[K^~~~~~~~[m[K
[2.997s] [01m[K/usr/include/c++/11/bits/stl_vector.h:709:26:[m[K [01;36m[Knote: [m[K  no known conversion for argument 1 from ‘[01m[Ksize_t[m[K’ {aka ‘[01m[Klong unsigned int[m[K’} to ‘[01m[Kstd::vector<double, std::allocator<double> >&&[m[K’
[2.997s]   709 |       operator=([01;36m[Kvector&& __x[m[K) noexcept(_Alloc_traits::_S_nothrow_move())
[2.997s]       |                 [01;36m[K~~~~~~~~~^~~[m[K
[2.997s] [01m[K/usr/include/c++/11/bits/stl_vector.h:730:7:[m[K [01;36m[Knote: [m[Kcandidate: ‘[01m[Kstd::vector<_Tp, _Alloc>& std::vector<_Tp, _Alloc>::operator=(std::initializer_list<_Tp>) [with _Tp = double; _Alloc = std::allocator<double>][m[K’
[2.997s]   730 |       [01;36m[Koperator[m[K=(initializer_list<value_type> __l)
[2.997s]       |       [01;36m[K^~~~~~~~[m[K
[2.997s] [01m[K/usr/include/c++/11/bits/stl_vector.h:730:46:[m[K [01;36m[Knote: [m[K  no known conversion for argument 1 from ‘[01m[Ksize_t[m[K’ {aka ‘[01m[Klong unsigned int[m[K’} to ‘[01m[Kstd::initializer_list<double>[m[K’
[2.997s]   730 |       operator=([01;36m[Kinitializer_list<value_type> __l[m[K)
[2.998s]       |                 [01;36m[K~~~~~~~~~~~~~~~~~~~~~~~~~~~~~^~~[m[K
[2.998s] In file included from [01m[K/opt/ros/humble/include/rclcpp/rclcpp/logging.hpp:24[m[K,
[2.998s]                  from [01m[K/opt/ros/humble/include/rclcpp/rclcpp/client.hpp:40[m[K,
[2.998s]                  from [01m[K/opt/ros/humble/include/rclcpp/rclcpp/callback_group.hpp:24[m[K,
[2.998s]                  from [01m[K/opt/ros/humble/include/rclcpp/rclcpp/any_executable.hpp:20[m[K,
[2.998s]                  from [01m[K/opt/ros/humble/include/rclcpp/rclcpp/memory_strategy.hpp:25[m[K,
[2.998s]                  from [01m[K/opt/ros/humble/include/rclcpp/rclcpp/memory_strategies.hpp:18[m[K,
[2.998s]                  from [01m[K/opt/ros/humble/include/rclcpp/rclcpp/executor_options.hpp:20[m[K,
[2.998s]                  from [01m[K/opt/ros/humble/include/rclcpp/rclcpp/executor.hpp:37[m[K,
[2.998s]                  from [01m[K/opt/ros/humble/include/rclcpp/rclcpp/executors/multi_threaded_executor.hpp:25[m[K,
[2.998s]                  from [01m[K/opt/ros/humble/include/rclcpp/rclcpp/executors.hpp:21[m[K,
[2.998s]                  from [01m[K/opt/ros/humble/include/rclcpp/rclcpp/rclcpp.hpp:155[m[K,
[2.998s]                  from [01m[K/home/ngochoan/dev_ws/src/cpp_pubsub/src/publisher_member_function.cpp:5[m[K:
[2.998s] [01m[K/home/ngochoan/dev_ws/src/cpp_pubsub/src/publisher_member_function.cpp:30:39:[m[K [01;35m[Kwarning: [m[Kformat ‘[01m[K%lf[m[K’ expects argument of type ‘[01m[Kdouble[m[K’, but argument 5 has type ‘[01m[Ktutorial_interfaces::msg::Float64_<std::allocator<void> >::_data_type[m[K’ {aka ‘[01m[Kstd::vector<double, std::allocator<double> >[m[K’} [[01;35m[K]8;;https://gcc.gnu.org/onlinedocs/gcc/Warning-Options.html#index-Wformat=-Wformat=]8;;[m[K]
[2.998s]    30 |       RCLCPP_INFO(this->get_logger(), [01;35m[K"Publishing: '%lf'"[m[K, message.data);
[2.998s]       |                                       [01;35m[K^~~~~~~~~~~~~~~~~~~[m[K
[2.998s] [01m[K/home/ngochoan/dev_ws/src/cpp_pubsub/src/publisher_member_function.cpp:30:55:[m[K [01;36m[Knote: [m[Kformat string is defined here
[2.998s]    30 |       RCLCPP_INFO(this->get_logger(), "Publishing: '[01;36m[K%lf[m[K'", message.data);
[2.998s]       |                                                     [01;36m[K~~^[m[K
[2.998s]       |                                                       [01;36m[K|[m[K
[2.998s]       |                                                       [01;36m[Kdouble[m[K
[3.768s] gmake[2]: *** [CMakeFiles/talker.dir/build.make:76: CMakeFiles/talker.dir/src/publisher_member_function.cpp.o] Error 1
[3.768s] gmake[1]: *** [CMakeFiles/Makefile2:141: CMakeFiles/talker.dir/all] Error 2
[3.768s] gmake: *** [Makefile:146: all] Error 2
[3.770s] Invoked command in '/home/ngochoan/dev_ws/build/cpp_pubsub' returned '2': AMENT_PREFIX_PATH=/home/ngochoan/dev_ws/install/tutorial_interfaces:${AMENT_PREFIX_PATH} CMAKE_PREFIX_PATH=/home/ngochoan/dev_ws/install/tutorial_interfaces:/opt/ros/humble LD_LIBRARY_PATH=/home/ngochoan/dev_ws/install/tutorial_interfaces/lib:${LD_LIBRARY_PATH} PYTHONPATH=/home/ngochoan/dev_ws/install/tutorial_interfaces/local/lib/python3.10/dist-packages:${PYTHONPATH} /usr/bin/cmake --build /home/ngochoan/dev_ws/build/cpp_pubsub -- -j8 -l8
