[0.010s] Invoking command in '/home/ngochoan/dev_ws/build/cpp_interface': CMAKE_PREFIX_PATH=/opt/ros/humble /usr/bin/cmake --build /home/ngochoan/dev_ws/build/cpp_interface -- -j8 -l8
[0.119s] [35m[1mConsolidate compiler generated dependencies of target data_processing_node_zz[0m
[0.138s] [  9%] Built target fuzzy_longitudinal_controllers
[0.139s] [ 18%] Built target test_cmd_vel
[0.141s] [ 27%] Built target read_parameters_pi
[0.144s] [ 36%] Built target pid_node
[0.155s] [ 45%] Built target data_processing_node_straight
[0.155s] [ 54%] Built target straight_line_node
[0.160s] [ 63%] Built target data_processing_node
[0.161s] [ 68%] [32mBuilding CXX object CMakeFiles/data_processing_node_zz.dir/src/data_processing_node_zz.cpp.o[0m
[0.178s] [ 77%] Built target circumference_node
[0.182s] [ 86%] Built target sinusoidal_node
[0.186s] [ 95%] Built target controllers_node
[2.795s] [01m[K/home/ngochoan/dev_ws/src/cpp_interface/src/data_processing_node_zz.cpp:[m[K In member function ‘[01m[Kvoid DataProcessingNode::initializeArrays()[m[K’:
[2.795s] [01m[K/home/ngochoan/dev_ws/src/cpp_interface/src/data_processing_node_zz.cpp:60:37:[m[K [01;31m[Kerror: [m[K‘[01m[KPHI[m[K’ was not declared in this scope
[2.795s]    60 |       y[n] = D * (n + 1) * std::cos([01;31m[KPHI[m[K);
[2.796s]       |                                     [01;31m[K^~~[m[K
[6.561s] gmake[2]: *** [CMakeFiles/data_processing_node_zz.dir/build.make:76: CMakeFiles/data_processing_node_zz.dir/src/data_processing_node_zz.cpp.o] Error 1
[6.561s] gmake[1]: *** [CMakeFiles/Makefile2:313: CMakeFiles/data_processing_node_zz.dir/all] Error 2
[6.561s] gmake: *** [Makefile:146: all] Error 2
[6.563s] Invoked command in '/home/ngochoan/dev_ws/build/cpp_interface' returned '2': CMAKE_PREFIX_PATH=/opt/ros/humble /usr/bin/cmake --build /home/ngochoan/dev_ws/build/cpp_interface -- -j8 -l8
