[0.053s] Invoking command in '/home/ngochoan/dev_ws/build/cpp_pubsub': AMENT_PREFIX_PATH=/home/ngochoan/dev_ws/install/tutorial_interfaces:${AMENT_PREFIX_PATH} CMAKE_PREFIX_PATH=/home/ngochoan/dev_ws/install/tutorial_interfaces:/opt/ros/humble LD_LIBRARY_PATH=/home/ngochoan/dev_ws/install/tutorial_interfaces/lib:${LD_LIBRARY_PATH} PYTHONPATH=/home/ngochoan/dev_ws/install/tutorial_interfaces/local/lib/python3.10/dist-packages:${PYTHONPATH} /usr/bin/cmake --build /home/ngochoan/dev_ws/build/cpp_pubsub -- -j8 -l8
[0.085s] [35m[1mConsolidate compiler generated dependencies of target listener[0m
[0.085s] [35m[1mConsolidate compiler generated dependencies of target talker[0m
[0.093s] [ 33%] [32mBuilding CXX object CMakeFiles/listener.dir/src/subscriber_member_function.cpp.o[0m
[0.093s] [ 33%] [32mBuilding CXX object CMakeFiles/talker.dir/src/publisher_member_function.cpp.o[0m
[0.096s] [ 66%] Built target listener_pico
[3.707s] [ 83%] [32m[1mLinking CXX executable talker[0m
[3.883s] [ 83%] Built target talker
[6.884s] [100%] [32m[1mLinking CXX executable listener[0m
[7.169s] [100%] Built target listener
[7.188s] Invoked command in '/home/ngochoan/dev_ws/build/cpp_pubsub' returned '0': AMENT_PREFIX_PATH=/home/ngochoan/dev_ws/install/tutorial_interfaces:${AMENT_PREFIX_PATH} CMAKE_PREFIX_PATH=/home/ngochoan/dev_ws/install/tutorial_interfaces:/opt/ros/humble LD_LIBRARY_PATH=/home/ngochoan/dev_ws/install/tutorial_interfaces/lib:${LD_LIBRARY_PATH} PYTHONPATH=/home/ngochoan/dev_ws/install/tutorial_interfaces/local/lib/python3.10/dist-packages:${PYTHONPATH} /usr/bin/cmake --build /home/ngochoan/dev_ws/build/cpp_pubsub -- -j8 -l8
[7.250s] Invoking command in '/home/ngochoan/dev_ws/build/cpp_pubsub': AMENT_PREFIX_PATH=/home/ngochoan/dev_ws/install/tutorial_interfaces:${AMENT_PREFIX_PATH} CMAKE_PREFIX_PATH=/home/ngochoan/dev_ws/install/tutorial_interfaces:/opt/ros/humble LD_LIBRARY_PATH=/home/ngochoan/dev_ws/install/tutorial_interfaces/lib:${LD_LIBRARY_PATH} PYTHONPATH=/home/ngochoan/dev_ws/install/tutorial_interfaces/local/lib/python3.10/dist-packages:${PYTHONPATH} /usr/bin/cmake --install /home/ngochoan/dev_ws/build/cpp_pubsub
[7.261s] -- Install configuration: ""
[7.262s] -- Installing: /home/ngochoan/dev_ws/install/cpp_pubsub/lib/cpp_pubsub/talker
[7.264s] -- Set runtime path of "/home/ngochoan/dev_ws/install/cpp_pubsub/lib/cpp_pubsub/talker" to ""
[7.264s] -- Installing: /home/ngochoan/dev_ws/install/cpp_pubsub/lib/cpp_pubsub/listener
[7.269s] -- Set runtime path of "/home/ngochoan/dev_ws/install/cpp_pubsub/lib/cpp_pubsub/listener" to ""
[7.269s] -- Installing: /home/ngochoan/dev_ws/install/cpp_pubsub/lib/cpp_pubsub/listener_pico
[7.273s] -- Set runtime path of "/home/ngochoan/dev_ws/install/cpp_pubsub/lib/cpp_pubsub/listener_pico" to ""
[7.273s] -- Up-to-date: /home/ngochoan/dev_ws/install/cpp_pubsub/share/ament_index/resource_index/package_run_dependencies/cpp_pubsub
[7.273s] -- Installing: /home/ngochoan/dev_ws/install/cpp_pubsub/share/ament_index/resource_index/parent_prefix_path/cpp_pubsub
[7.274s] -- Up-to-date: /home/ngochoan/dev_ws/install/cpp_pubsub/share/cpp_pubsub/environment/ament_prefix_path.sh
[7.274s] -- Installing: /home/ngochoan/dev_ws/install/cpp_pubsub/share/cpp_pubsub/environment/ament_prefix_path.dsv
[7.274s] -- Up-to-date: /home/ngochoan/dev_ws/install/cpp_pubsub/share/cpp_pubsub/environment/path.sh
[7.274s] -- Installing: /home/ngochoan/dev_ws/install/cpp_pubsub/share/cpp_pubsub/environment/path.dsv
[7.274s] -- Up-to-date: /home/ngochoan/dev_ws/install/cpp_pubsub/share/cpp_pubsub/local_setup.bash
[7.274s] -- Up-to-date: /home/ngochoan/dev_ws/install/cpp_pubsub/share/cpp_pubsub/local_setup.sh
[7.275s] -- Up-to-date: /home/ngochoan/dev_ws/install/cpp_pubsub/share/cpp_pubsub/local_setup.zsh
[7.275s] -- Installing: /home/ngochoan/dev_ws/install/cpp_pubsub/share/cpp_pubsub/local_setup.dsv
[7.275s] -- Installing: /home/ngochoan/dev_ws/install/cpp_pubsub/share/cpp_pubsub/package.dsv
[7.275s] -- Up-to-date: /home/ngochoan/dev_ws/install/cpp_pubsub/share/ament_index/resource_index/packages/cpp_pubsub
[7.275s] -- Up-to-date: /home/ngochoan/dev_ws/install/cpp_pubsub/share/cpp_pubsub/cmake/cpp_pubsubConfig.cmake
[7.275s] -- Up-to-date: /home/ngochoan/dev_ws/install/cpp_pubsub/share/cpp_pubsub/cmake/cpp_pubsubConfig-version.cmake
[7.275s] -- Up-to-date: /home/ngochoan/dev_ws/install/cpp_pubsub/share/cpp_pubsub/package.xml
[7.277s] Invoked command in '/home/ngochoan/dev_ws/build/cpp_pubsub' returned '0': AMENT_PREFIX_PATH=/home/ngochoan/dev_ws/install/tutorial_interfaces:${AMENT_PREFIX_PATH} CMAKE_PREFIX_PATH=/home/ngochoan/dev_ws/install/tutorial_interfaces:/opt/ros/humble LD_LIBRARY_PATH=/home/ngochoan/dev_ws/install/tutorial_interfaces/lib:${LD_LIBRARY_PATH} PYTHONPATH=/home/ngochoan/dev_ws/install/tutorial_interfaces/local/lib/python3.10/dist-packages:${PYTHONPATH} /usr/bin/cmake --install /home/ngochoan/dev_ws/build/cpp_pubsub
