[ 11%] Built target read_parameters_pi
[35m[1mConsolidate compiler generated dependencies of target pid_node[0m
[35m[1mConsolidate compiler generated dependencies of target controllers_node[0m
[ 22%] Built target fuzzy_longitudinal_controllers
[ 33%] Built target test_cmd_vel
[ 55%] Built target stanley_node
[ 55%] Built target pid_node
[ 66%] Built target straight_line_node
[ 77%] Built target sinusoidal_node
[ 88%] Built target circumference_node
[ 94%] [32mBuilding CXX object CMakeFiles/controllers_node.dir/src/controllers_node.cpp.o[0m
[100%] [32m[1mLinking CXX executable controllers_node[0m
[100%] Built target controllers_node
-- Install configuration: ""
-- Up-to-date: /home/ngochoan/dev_ws/install/cpp_interface/lib/cpp_interface/read_parameters_pi
-- Up-to-date: /home/ngochoan/dev_ws/install/cpp_interface/lib/cpp_interface/test_cmd_vel
-- Installing: /home/ngochoan/dev_ws/install/cpp_interface/lib/cpp_interface/pid_node
-- Set runtime path of "/home/ngochoan/dev_ws/install/cpp_interface/lib/cpp_interface/pid_node" to ""
-- Up-to-date: /home/ngochoan/dev_ws/install/cpp_interface/lib/cpp_interface/fuzzy_longitudinal_controllers
-- Up-to-date: /home/ngochoan/dev_ws/install/cpp_interface/lib/cpp_interface/stanley_node
-- Up-to-date: /home/ngochoan/dev_ws/install/cpp_interface/lib/cpp_interface/straight_line_node
-- Up-to-date: /home/ngochoan/dev_ws/install/cpp_interface/lib/cpp_interface/circumference_node
-- Up-to-date: /home/ngochoan/dev_ws/install/cpp_interface/lib/cpp_interface/sinusoidal_node
-- Installing: /home/ngochoan/dev_ws/install/cpp_interface/lib/cpp_interface/controllers_node
-- Set runtime path of "/home/ngochoan/dev_ws/install/cpp_interface/lib/cpp_interface/controllers_node" to ""
-- Up-to-date: /home/ngochoan/dev_ws/install/cpp_interface/share/cpp_interface/launch
-- Up-to-date: /home/ngochoan/dev_ws/install/cpp_interface/share/cpp_interface/launch/rplidar.launch.py
-- Up-to-date: /home/ngochoan/dev_ws/install/cpp_interface/share/ament_index/resource_index/package_run_dependencies/cpp_interface
-- Up-to-date: /home/ngochoan/dev_ws/install/cpp_interface/share/ament_index/resource_index/parent_prefix_path/cpp_interface
-- Up-to-date: /home/ngochoan/dev_ws/install/cpp_interface/share/cpp_interface/environment/ament_prefix_path.sh
-- Installing: /home/ngochoan/dev_ws/install/cpp_interface/share/cpp_interface/environment/ament_prefix_path.dsv
-- Up-to-date: /home/ngochoan/dev_ws/install/cpp_interface/share/cpp_interface/environment/path.sh
-- Installing: /home/ngochoan/dev_ws/install/cpp_interface/share/cpp_interface/environment/path.dsv
-- Up-to-date: /home/ngochoan/dev_ws/install/cpp_interface/share/cpp_interface/local_setup.bash
-- Up-to-date: /home/ngochoan/dev_ws/install/cpp_interface/share/cpp_interface/local_setup.sh
-- Up-to-date: /home/ngochoan/dev_ws/install/cpp_interface/share/cpp_interface/local_setup.zsh
-- Installing: /home/ngochoan/dev_ws/install/cpp_interface/share/cpp_interface/local_setup.dsv
-- Installing: /home/ngochoan/dev_ws/install/cpp_interface/share/cpp_interface/package.dsv
-- Up-to-date: /home/ngochoan/dev_ws/install/cpp_interface/share/ament_index/resource_index/packages/cpp_interface
-- Up-to-date: /home/ngochoan/dev_ws/install/cpp_interface/share/cpp_interface/cmake/cpp_interfaceConfig.cmake
-- Up-to-date: /home/ngochoan/dev_ws/install/cpp_interface/share/cpp_interface/cmake/cpp_interfaceConfig-version.cmake
-- Up-to-date: /home/ngochoan/dev_ws/install/cpp_interface/share/cpp_interface/package.xml
