[0.019s] Invoking command in '/home/ngochoan/dev_ws/build/cpp_interface': CMAKE_PREFIX_PATH=/opt/ros/humble /usr/bin/cmake --build /home/ngochoan/dev_ws/build/cpp_interface -- -j8 -l8
[0.149s] [ 11%] Built target read_parameters_pi
[0.150s] [35m[1mConsolidate compiler generated dependencies of target pid_node[0m
[0.195s] [35m[1mConsolidate compiler generated dependencies of target controllers_node[0m
[0.195s] [ 22%] Built target fuzzy_longitudinal_controllers
[0.200s] [ 33%] Built target test_cmd_vel
[0.207s] [ 55%] Built target stanley_node
[0.208s] [ 55%] Built target pid_node
[0.213s] [ 66%] Built target straight_line_node
[0.217s] [ 77%] Built target sinusoidal_node
[0.219s] [ 88%] Built target circumference_node
[0.223s] [ 94%] [32mBuilding CXX object CMakeFiles/controllers_node.dir/src/controllers_node.cpp.o[0m
[8.288s] [100%] [32m[1mLinking CXX executable controllers_node[0m
[8.643s] [100%] Built target controllers_node
[8.658s] Invoked command in '/home/ngochoan/dev_ws/build/cpp_interface' returned '0': CMAKE_PREFIX_PATH=/opt/ros/humble /usr/bin/cmake --build /home/ngochoan/dev_ws/build/cpp_interface -- -j8 -l8
[8.693s] Invoking command in '/home/ngochoan/dev_ws/build/cpp_interface': CMAKE_PREFIX_PATH=/opt/ros/humble /usr/bin/cmake --install /home/ngochoan/dev_ws/build/cpp_interface
[8.700s] -- Install configuration: ""
[8.700s] -- Up-to-date: /home/ngochoan/dev_ws/install/cpp_interface/lib/cpp_interface/read_parameters_pi
[8.700s] -- Up-to-date: /home/ngochoan/dev_ws/install/cpp_interface/lib/cpp_interface/test_cmd_vel
[8.700s] -- Installing: /home/ngochoan/dev_ws/install/cpp_interface/lib/cpp_interface/pid_node
[8.704s] -- Set runtime path of "/home/ngochoan/dev_ws/install/cpp_interface/lib/cpp_interface/pid_node" to ""
[8.704s] -- Up-to-date: /home/ngochoan/dev_ws/install/cpp_interface/lib/cpp_interface/fuzzy_longitudinal_controllers
[8.704s] -- Up-to-date: /home/ngochoan/dev_ws/install/cpp_interface/lib/cpp_interface/stanley_node
[8.704s] -- Up-to-date: /home/ngochoan/dev_ws/install/cpp_interface/lib/cpp_interface/straight_line_node
[8.704s] -- Up-to-date: /home/ngochoan/dev_ws/install/cpp_interface/lib/cpp_interface/circumference_node
[8.705s] -- Up-to-date: /home/ngochoan/dev_ws/install/cpp_interface/lib/cpp_interface/sinusoidal_node
[8.705s] -- Installing: /home/ngochoan/dev_ws/install/cpp_interface/lib/cpp_interface/controllers_node
[8.708s] -- Set runtime path of "/home/ngochoan/dev_ws/install/cpp_interface/lib/cpp_interface/controllers_node" to ""
[8.708s] -- Up-to-date: /home/ngochoan/dev_ws/install/cpp_interface/share/cpp_interface/launch
[8.708s] -- Up-to-date: /home/ngochoan/dev_ws/install/cpp_interface/share/cpp_interface/launch/rplidar.launch.py
[8.708s] -- Up-to-date: /home/ngochoan/dev_ws/install/cpp_interface/share/ament_index/resource_index/package_run_dependencies/cpp_interface
[8.708s] -- Up-to-date: /home/ngochoan/dev_ws/install/cpp_interface/share/ament_index/resource_index/parent_prefix_path/cpp_interface
[8.708s] -- Up-to-date: /home/ngochoan/dev_ws/install/cpp_interface/share/cpp_interface/environment/ament_prefix_path.sh
[8.708s] -- Installing: /home/ngochoan/dev_ws/install/cpp_interface/share/cpp_interface/environment/ament_prefix_path.dsv
[8.709s] -- Up-to-date: /home/ngochoan/dev_ws/install/cpp_interface/share/cpp_interface/environment/path.sh
[8.709s] -- Installing: /home/ngochoan/dev_ws/install/cpp_interface/share/cpp_interface/environment/path.dsv
[8.709s] -- Up-to-date: /home/ngochoan/dev_ws/install/cpp_interface/share/cpp_interface/local_setup.bash
[8.709s] -- Up-to-date: /home/ngochoan/dev_ws/install/cpp_interface/share/cpp_interface/local_setup.sh
[8.709s] -- Up-to-date: /home/ngochoan/dev_ws/install/cpp_interface/share/cpp_interface/local_setup.zsh
[8.709s] -- Installing: /home/ngochoan/dev_ws/install/cpp_interface/share/cpp_interface/local_setup.dsv
[8.709s] -- Installing: /home/ngochoan/dev_ws/install/cpp_interface/share/cpp_interface/package.dsv
[8.709s] -- Up-to-date: /home/ngochoan/dev_ws/install/cpp_interface/share/ament_index/resource_index/packages/cpp_interface
[8.709s] -- Up-to-date: /home/ngochoan/dev_ws/install/cpp_interface/share/cpp_interface/cmake/cpp_interfaceConfig.cmake
[8.709s] -- Up-to-date: /home/ngochoan/dev_ws/install/cpp_interface/share/cpp_interface/cmake/cpp_interfaceConfig-version.cmake
[8.709s] -- Up-to-date: /home/ngochoan/dev_ws/install/cpp_interface/share/cpp_interface/package.xml
[8.712s] Invoked command in '/home/ngochoan/dev_ws/build/cpp_interface' returned '0': CMAKE_PREFIX_PATH=/opt/ros/humble /usr/bin/cmake --install /home/ngochoan/dev_ws/build/cpp_interface
