[0.069s] Invoking command in '/home/ngochoan/dev_ws/build/cpp_pubsub': CMAKE_PREFIX_PATH=/home/ngochoan/dev_ws/install/tutorial_interfaces:/home/ngochoan/dev_ws/install/cpp_pubsub:/home/ngochoan/dev_ws/install/test_package:/home/ngochoan/dev_ws/install/turtlesim:/home/ngochoan/dev_ws/install/my_package:/home/ngochoan/dev_ws/install/cpp_srvcli:/opt/ros/humble /usr/bin/cmake --build /home/ngochoan/dev_ws/build/cpp_pubsub -- -j8 -l8
[0.101s] [35m[1mConsolidate compiler generated dependencies of target listener_pico[0m
[0.111s] [ 66%] Built target talker
[0.112s] [ 66%] Built target listener
[0.116s] [100%] Built target listener_pico
[0.124s] Invoked command in '/home/ngochoan/dev_ws/build/cpp_pubsub' returned '0': CMAKE_PREFIX_PATH=/home/ngochoan/dev_ws/install/tutorial_interfaces:/home/ngochoan/dev_ws/install/cpp_pubsub:/home/ngochoan/dev_ws/install/test_package:/home/ngochoan/dev_ws/install/turtlesim:/home/ngochoan/dev_ws/install/my_package:/home/ngochoan/dev_ws/install/cpp_srvcli:/opt/ros/humble /usr/bin/cmake --build /home/ngochoan/dev_ws/build/cpp_pubsub -- -j8 -l8
[0.145s] Invoking command in '/home/ngochoan/dev_ws/build/cpp_pubsub': CMAKE_PREFIX_PATH=/home/ngochoan/dev_ws/install/tutorial_interfaces:/home/ngochoan/dev_ws/install/cpp_pubsub:/home/ngochoan/dev_ws/install/test_package:/home/ngochoan/dev_ws/install/turtlesim:/home/ngochoan/dev_ws/install/my_package:/home/ngochoan/dev_ws/install/cpp_srvcli:/opt/ros/humble /usr/bin/cmake --install /home/ngochoan/dev_ws/build/cpp_pubsub
[0.151s] -- Install configuration: ""
[0.151s] -- Up-to-date: /home/ngochoan/dev_ws/install/cpp_pubsub/lib/cpp_pubsub/talker
[0.152s] -- Up-to-date: /home/ngochoan/dev_ws/install/cpp_pubsub/lib/cpp_pubsub/listener
[0.152s] -- Up-to-date: /home/ngochoan/dev_ws/install/cpp_pubsub/lib/cpp_pubsub/listener_pico
[0.152s] -- Up-to-date: /home/ngochoan/dev_ws/install/cpp_pubsub/share/ament_index/resource_index/package_run_dependencies/cpp_pubsub
[0.152s] -- Up-to-date: /home/ngochoan/dev_ws/install/cpp_pubsub/share/ament_index/resource_index/parent_prefix_path/cpp_pubsub
[0.152s] -- Up-to-date: /home/ngochoan/dev_ws/install/cpp_pubsub/share/cpp_pubsub/environment/ament_prefix_path.sh
[0.152s] -- Up-to-date: /home/ngochoan/dev_ws/install/cpp_pubsub/share/cpp_pubsub/environment/ament_prefix_path.dsv
[0.152s] -- Up-to-date: /home/ngochoan/dev_ws/install/cpp_pubsub/share/cpp_pubsub/environment/path.sh
[0.152s] -- Up-to-date: /home/ngochoan/dev_ws/install/cpp_pubsub/share/cpp_pubsub/environment/path.dsv
[0.153s] -- Up-to-date: /home/ngochoan/dev_ws/install/cpp_pubsub/share/cpp_pubsub/local_setup.bash
[0.153s] -- Up-to-date: /home/ngochoan/dev_ws/install/cpp_pubsub/share/cpp_pubsub/local_setup.sh
[0.153s] -- Up-to-date: /home/ngochoan/dev_ws/install/cpp_pubsub/share/cpp_pubsub/local_setup.zsh
[0.153s] -- Up-to-date: /home/ngochoan/dev_ws/install/cpp_pubsub/share/cpp_pubsub/local_setup.dsv
[0.153s] -- Installing: /home/ngochoan/dev_ws/install/cpp_pubsub/share/cpp_pubsub/package.dsv
[0.153s] -- Up-to-date: /home/ngochoan/dev_ws/install/cpp_pubsub/share/ament_index/resource_index/packages/cpp_pubsub
[0.153s] -- Up-to-date: /home/ngochoan/dev_ws/install/cpp_pubsub/share/cpp_pubsub/cmake/cpp_pubsubConfig.cmake
[0.153s] -- Up-to-date: /home/ngochoan/dev_ws/install/cpp_pubsub/share/cpp_pubsub/cmake/cpp_pubsubConfig-version.cmake
[0.153s] -- Up-to-date: /home/ngochoan/dev_ws/install/cpp_pubsub/share/cpp_pubsub/package.xml
[0.154s] Invoked command in '/home/ngochoan/dev_ws/build/cpp_pubsub' returned '0': CMAKE_PREFIX_PATH=/home/ngochoan/dev_ws/install/tutorial_interfaces:/home/ngochoan/dev_ws/install/cpp_pubsub:/home/ngochoan/dev_ws/install/test_package:/home/ngochoan/dev_ws/install/turtlesim:/home/ngochoan/dev_ws/install/my_package:/home/ngochoan/dev_ws/install/cpp_srvcli:/opt/ros/humble /usr/bin/cmake --install /home/ngochoan/dev_ws/build/cpp_pubsub
