[01m[K/home/ngochoan/dev_ws/src/cpp_interface/src/stanley_node.cpp:25:3:[m[K [01;31m[Kerror: [m[KISO C++ forbids declaration of ‘[01m[KPIDNode[m[K’ with no type [[01;31m[K]8;;https://gcc.gnu.org/onlinedocs/gcc/Warning-Options.html#index-fpermissive-fpermissive]8;;[m[K]
   25 |   [01;31m[KPIDNode[m[K()
      |   [01;31m[K^~~~~~~[m[K
[01m[K/home/ngochoan/dev_ws/src/cpp_interface/src/stanley_node.cpp:[m[K In member function ‘[01m[Kint StanleyNode::PIDNode()[m[K’:
[01m[K/home/ngochoan/dev_ws/src/cpp_interface/src/stanley_node.cpp:26:9:[m[K [01;31m[Kerror: [m[Konly constructors take member initializers
   26 |       : [01;31m[KNode[m[K("stanley_node"), angleIMU(0.0),
      |         [01;31m[K^~~~[m[K
[01m[K/home/ngochoan/dev_ws/src/cpp_interface/src/stanley_node.cpp:28:57:[m[K [01;31m[Kerror: [m[Kno match for call to ‘[01m[K(std::vector<double, std::allocator<double> >) (double, double, double)[m[K’
   28 |         actual_position({0.0, 0.0, 0.0}, [01;31m[Kdesired_positon(1.0, 1.0, 0.5)[m[K),
      |                                          [01;31m[K~~~~~~~~~~~~~~~^~~~~~~~~~~~~~~[m[K
[01m[K/home/ngochoan/dev_ws/src/cpp_interface/src/stanley_node.cpp:57:9:[m[K [01;31m[Kerror: [m[Kunable to find numeric literal operator ‘[01m[Koperator""ms[m[K’
   57 |         [01;31m[K500ms[m[K, std::bind(&StanleyNode::timer_callback,
      |         [01;31m[K^~~~~[m[K
[01m[K/home/ngochoan/dev_ws/src/cpp_interface/src/stanley_node.cpp:59:3:[m[K [01;35m[Kwarning: [m[Kno return statement in function returning non-void [[01;35m[K]8;;https://gcc.gnu.org/onlinedocs/gcc/Warning-Options.html#index-Wreturn-type-Wreturn-type]8;;[m[K]
   59 |   [01;35m[K}[m[K
      |   [01;35m[K^[m[K
[01m[K/home/ngochoan/dev_ws/src/cpp_interface/src/stanley_node.cpp:[m[K In member function ‘[01m[Kvoid StanleyNode::timer_callback()[m[K’:
[01m[K/home/ngochoan/dev_ws/src/cpp_interface/src/stanley_node.cpp:81:5:[m[K [01;31m[Kerror: [m[K‘[01m[Kpublisher_desired_angle_[m[K’ was not declared in this scope; did you mean ‘[01m[Kpublisher_delta_angle_[m[K’?
   81 |     [01;31m[Kpublisher_desired_angle_[m[K->publish(message);
      |     [01;31m[K^~~~~~~~~~~~~~~~~~~~~~~~[m[K
      |     [32m[Kpublisher_delta_angle_[m[K
[01m[K/home/ngochoan/dev_ws/src/cpp_interface/src/stanley_node.cpp:[m[K In member function ‘[01m[Kvoid StanleyNode::tf_callback(tf2_msgs::msg::TFMessage_<std::allocator<void> >::SharedPtr)[m[K’:
[01m[K/home/ngochoan/dev_ws/src/cpp_interface/src/stanley_node.cpp:124:25:[m[K [01;31m[Kerror: [m[K‘[01m[Kusing _transforms_type = class std::vector<geometry_msgs::msg::TransformStamped_<std::allocator<void> >, std::allocator<geometry_msgs::msg::TransformStamped_<std::allocator<void> > > >[m[K’ {aka ‘[01m[Kclass std::vector<geometry_msgs::msg::TransformStamped_<std::allocator<void> >, std::allocator<geometry_msgs::msg::TransformStamped_<std::allocator<void> > > >[m[K’} has no member named ‘[01m[Kchild_frame_id[m[K’
  124 |     if (msg->transforms.[01;31m[Kchild_frame_id[m[K = "base_footprint") {
      |                         [01;31m[K^~~~~~~~~~~~~~[m[K
[01m[K/home/ngochoan/dev_ws/src/cpp_interface/src/stanley_node.cpp:127:44:[m[K [01;31m[Kerror: [m[K‘[01m[Kusing _transforms_type = class std::vector<geometry_msgs::msg::TransformStamped_<std::allocator<void> >, std::allocator<geometry_msgs::msg::TransformStamped_<std::allocator<void> > > >[m[K’ {aka ‘[01m[Kclass std::vector<geometry_msgs::msg::TransformStamped_<std::allocator<void> >, std::allocator<geometry_msgs::msg::TransformStamped_<std::allocator<void> > > >[m[K’} has no member named ‘[01m[Ktransform[m[K’
  127 |       actual_position[0] = msg->transforms.[01;31m[Ktransform[m[K.translation.x;
      |                                            [01;31m[K^~~~~~~~~[m[K
[01m[K/home/ngochoan/dev_ws/src/cpp_interface/src/stanley_node.cpp:128:44:[m[K [01;31m[Kerror: [m[K‘[01m[Kusing _transforms_type = class std::vector<geometry_msgs::msg::TransformStamped_<std::allocator<void> >, std::allocator<geometry_msgs::msg::TransformStamped_<std::allocator<void> > > >[m[K’ {aka ‘[01m[Kclass std::vector<geometry_msgs::msg::TransformStamped_<std::allocator<void> >, std::allocator<geometry_msgs::msg::TransformStamped_<std::allocator<void> > > >[m[K’} has no member named ‘[01m[Ktransform[m[K’
  128 |       actual_position[1] = msg->transforms.[01;31m[Ktransform[m[K.translation.y;
      |                                            [01;31m[K^~~~~~~~~[m[K
[01m[K/home/ngochoan/dev_ws/src/cpp_interface/src/stanley_node.cpp:129:44:[m[K [01;31m[Kerror: [m[K‘[01m[Kusing _transforms_type = class std::vector<geometry_msgs::msg::TransformStamped_<std::allocator<void> >, std::allocator<geometry_msgs::msg::TransformStamped_<std::allocator<void> > > >[m[K’ {aka ‘[01m[Kclass std::vector<geometry_msgs::msg::TransformStamped_<std::allocator<void> >, std::allocator<geometry_msgs::msg::TransformStamped_<std::allocator<void> > > >[m[K’} has no member named ‘[01m[Ktransform[m[K’
  129 |       actual_position[2] = msg->transforms.[01;31m[Ktransform[m[K.rotation.z;
      |                                            [01;31m[K^~~~~~~~~[m[K
In file included from [01m[K/usr/include/x86_64-linux-gnu/c++/11/bits/c++allocator.h:33[m[K,
                 from [01m[K/usr/include/c++/11/bits/allocator.h:46[m[K,
                 from [01m[K/usr/include/c++/11/memory:64[m[K,
                 from [01m[K/opt/ros/humble/include/rclcpp/rclcpp/rclcpp.hpp:153[m[K,
                 from [01m[K/home/ngochoan/dev_ws/src/cpp_interface/src/stanley_node.cpp:9[m[K:
/usr/include/c++/11/ext/new_allocator.h: In instantiation of ‘[01m[Kvoid __gnu_cxx::new_allocator<_Tp>::construct(_Up*, _Args&& ...) [with _Up = StanleyNode; _Args = {}; _Tp = StanleyNode][m[K’:
[01m[K/usr/include/c++/11/bits/alloc_traits.h:516:17:[m[K   required from ‘[01m[Kstatic void std::allocator_traits<std::allocator<_Tp1> >::construct(std::allocator_traits<std::allocator<_Tp1> >::allocator_type&, _Up*, _Args&& ...) [with _Up = StanleyNode; _Args = {}; _Tp = StanleyNode; std::allocator_traits<std::allocator<_Tp1> >::allocator_type = std::allocator<StanleyNode>][m[K’
[01m[K/usr/include/c++/11/bits/shared_ptr_base.h:519:39:[m[K   required from ‘[01m[Kstd::_Sp_counted_ptr_inplace<_Tp, _Alloc, _Lp>::_Sp_counted_ptr_inplace(_Alloc, _Args&& ...) [with _Args = {}; _Tp = StanleyNode; _Alloc = std::allocator<StanleyNode>; __gnu_cxx::_Lock_policy _Lp = __gnu_cxx::_S_atomic][m[K’
[01m[K/usr/include/c++/11/bits/shared_ptr_base.h:650:16:[m[K   required from ‘[01m[Kstd::__shared_count<_Lp>::__shared_count(_Tp*&, std::_Sp_alloc_shared_tag<_Alloc>, _Args&& ...) [with _Tp = StanleyNode; _Alloc = std::allocator<StanleyNode>; _Args = {}; __gnu_cxx::_Lock_policy _Lp = __gnu_cxx::_S_atomic][m[K’
[01m[K/usr/include/c++/11/bits/shared_ptr_base.h:1342:14:[m[K   required from ‘[01m[Kstd::__shared_ptr<_Tp, _Lp>::__shared_ptr(std::_Sp_alloc_shared_tag<_Tp>, _Args&& ...) [with _Alloc = std::allocator<StanleyNode>; _Args = {}; _Tp = StanleyNode; __gnu_cxx::_Lock_policy _Lp = __gnu_cxx::_S_atomic][m[K’
[01m[K/usr/include/c++/11/bits/shared_ptr.h:409:59:[m[K   required from ‘[01m[Kstd::shared_ptr<_Tp>::shared_ptr(std::_Sp_alloc_shared_tag<_Tp>, _Args&& ...) [with _Alloc = std::allocator<StanleyNode>; _Args = {}; _Tp = StanleyNode][m[K’
[01m[K/usr/include/c++/11/bits/shared_ptr.h:862:14:[m[K   required from ‘[01m[Kstd::shared_ptr<_Tp> std::allocate_shared(const _Alloc&, _Args&& ...) [with _Tp = StanleyNode; _Alloc = std::allocator<StanleyNode>; _Args = {}][m[K’
[01m[K/usr/include/c++/11/bits/shared_ptr.h:878:39:[m[K   required from ‘[01m[Kstd::shared_ptr<_Tp> std::make_shared(_Args&& ...) [with _Tp = StanleyNode; _Args = {}][m[K’
[01m[K/home/ngochoan/dev_ws/src/cpp_interface/src/stanley_node.cpp:154:45:[m[K   required from here
[01m[K/usr/include/c++/11/ext/new_allocator.h:162:11:[m[K [01;31m[Kerror: [m[Kuse of deleted function ‘[01m[KStanleyNode::StanleyNode()[m[K’
  162 |         { [01;31m[K::new((void *)__p) _Up(std::forward<_Args>(__args)...)[m[K; }
      |           [01;31m[K^~~~~~~~~~~~~~~~~~~~~~~~~~~~~~~~~~~~~~~~~~~~~~~~~~~~~~[m[K
[01m[K/home/ngochoan/dev_ws/src/cpp_interface/src/stanley_node.cpp:23:7:[m[K [01;36m[Knote: [m[K‘[01m[KStanleyNode::StanleyNode()[m[K’ is implicitly deleted because the default definition would be ill-formed:
   23 | class [01;36m[KStanleyNode[m[K : public rclcpp::Node {
      |       [01;36m[K^~~~~~~~~~~[m[K
[01m[K/home/ngochoan/dev_ws/src/cpp_interface/src/stanley_node.cpp:23:7:[m[K [01;31m[Kerror: [m[Kno matching function for call to ‘[01m[Krclcpp::Node::Node()[m[K’
In file included from [01m[K/opt/ros/humble/include/rclcpp/rclcpp/executors/single_threaded_executor.hpp:28[m[K,
                 from [01m[K/opt/ros/humble/include/rclcpp/rclcpp/executors.hpp:22[m[K,
                 from [01m[K/opt/ros/humble/include/rclcpp/rclcpp/rclcpp.hpp:155[m[K,
                 from [01m[K/home/ngochoan/dev_ws/src/cpp_interface/src/stanley_node.cpp:9[m[K:
[01m[K/opt/ros/humble/include/rclcpp/rclcpp/node.hpp:1294:3:[m[K [01;36m[Knote: [m[Kcandidate: ‘[01m[Krclcpp::Node::Node(const rclcpp::Node&, const string&)[m[K’
 1294 |   [01;36m[KNode[m[K(
      |   [01;36m[K^~~~[m[K
[01m[K/opt/ros/humble/include/rclcpp/rclcpp/node.hpp:1294:3:[m[K [01;36m[Knote: [m[K  candidate expects 2 arguments, 0 provided
[01m[K/opt/ros/humble/include/rclcpp/rclcpp/node.hpp:101:12:[m[K [01;36m[Knote: [m[Kcandidate: ‘[01m[Krclcpp::Node::Node(const string&, const string&, const rclcpp::NodeOptions&)[m[K’
  101 |   explicit [01;36m[KNode[m[K(
      |            [01;36m[K^~~~[m[K
[01m[K/opt/ros/humble/include/rclcpp/rclcpp/node.hpp:101:12:[m[K [01;36m[Knote: [m[K  candidate expects 3 arguments, 0 provided
[01m[K/opt/ros/humble/include/rclcpp/rclcpp/node.hpp:89:12:[m[K [01;36m[Knote: [m[Kcandidate: ‘[01m[Krclcpp::Node::Node(const string&, const rclcpp::NodeOptions&)[m[K’
   89 |   explicit [01;36m[KNode[m[K(
      |            [01;36m[K^~~~[m[K
[01m[K/opt/ros/humble/include/rclcpp/rclcpp/node.hpp:89:12:[m[K [01;36m[Knote: [m[K  candidate expects 2 arguments, 0 provided
gmake[2]: *** [CMakeFiles/stanley_node.dir/build.make:76: CMakeFiles/stanley_node.dir/src/stanley_node.cpp.o] Error 1
gmake[1]: *** [CMakeFiles/Makefile2:249: CMakeFiles/stanley_node.dir/all] Error 2
gmake: *** [Makefile:146: all] Error 2
