[0.978s] DEBUG:colcon:Command line arguments: ['/usr/bin/colcon', 'build']
[0.978s] DEBUG:colcon:Parsed command line arguments: Namespace(log_base=None, log_level=None, verb_name='build', build_base='build', install_base='install', merge_install=False, symlink_install=False, test_result_base=None, continue_on_error=False, executor='parallel', parallel_workers=8, event_handlers=None, ignore_user_meta=False, metas=['./colcon.meta'], base_paths=['.'], packages_ignore=None, packages_ignore_regex=None, paths=None, packages_up_to=None, packages_up_to_regex=None, packages_above=None, packages_above_and_dependencies=None, packages_above_depth=None, packages_select_by_dep=None, packages_skip_by_dep=None, packages_skip_up_to=None, packages_select_build_failed=False, packages_skip_build_finished=False, packages_select_test_failures=False, packages_skip_test_passed=False, packages_select=None, packages_skip=None, packages_select_regex=None, packages_skip_regex=None, packages_start=None, packages_end=None, allow_overriding=[], cmake_args=None, cmake_target=None, cmake_target_skip_unavailable=False, cmake_clean_cache=False, cmake_clean_first=False, cmake_force_configure=False, ament_cmake_args=None, catkin_cmake_args=None, catkin_skip_building_tests=False, verb_parser=<colcon_defaults.argument_parser.defaults.DefaultArgumentsDecorator object at 0x7fe440dfed10>, verb_extension=<colcon_core.verb.build.BuildVerb object at 0x7fe440dfea40>, main=<bound method BuildVerb.main of <colcon_core.verb.build.BuildVerb object at 0x7fe440dfea40>>)
[1.022s] Level 1:colcon.colcon_core.package_discovery:discover_packages(colcon_meta) check parameters
[1.022s] Level 1:colcon.colcon_core.package_discovery:discover_packages(recursive) check parameters
[1.022s] Level 1:colcon.colcon_core.package_discovery:discover_packages(ignore) check parameters
[1.022s] Level 1:colcon.colcon_core.package_discovery:discover_packages(path) check parameters
[1.022s] Level 1:colcon.colcon_core.package_discovery:discover_packages(colcon_meta) discover
[1.022s] Level 1:colcon.colcon_core.package_discovery:discover_packages(recursive) discover
[1.022s] INFO:colcon.colcon_core.package_discovery:Crawling recursively for packages in '/home/ngochoan/dev_ws/src'
[1.022s] Level 1:colcon.colcon_core.package_identification:_identify(.) by extensions ['ignore', 'ignore_ament_install']
[1.023s] Level 1:colcon.colcon_core.package_identification:_identify(.) by extension 'ignore'
[1.023s] Level 1:colcon.colcon_core.package_identification:_identify(.) by extension 'ignore_ament_install'
[1.023s] Level 1:colcon.colcon_core.package_identification:_identify(.) by extensions ['colcon_pkg']
[1.023s] Level 1:colcon.colcon_core.package_identification:_identify(.) by extension 'colcon_pkg'
[1.023s] Level 1:colcon.colcon_core.package_identification:_identify(.) by extensions ['colcon_meta']
[1.023s] Level 1:colcon.colcon_core.package_identification:_identify(.) by extension 'colcon_meta'
[1.023s] Level 1:colcon.colcon_core.package_identification:_identify(.) by extensions ['ros']
[1.023s] Level 1:colcon.colcon_core.package_identification:_identify(.) by extension 'ros'
[1.032s] Level 1:colcon.colcon_core.package_identification:_identify(.) by extensions ['cmake', 'python']
[1.032s] Level 1:colcon.colcon_core.package_identification:_identify(.) by extension 'cmake'
[1.032s] Level 1:colcon.colcon_core.package_identification:_identify(.) by extension 'python'
[1.032s] Level 1:colcon.colcon_core.package_identification:_identify(.) by extensions ['python_setup_py']
[1.032s] Level 1:colcon.colcon_core.package_identification:_identify(.) by extension 'python_setup_py'
[1.032s] Level 1:colcon.colcon_core.package_identification:_identify(build) by extensions ['ignore', 'ignore_ament_install']
[1.032s] Level 1:colcon.colcon_core.package_identification:_identify(build) by extension 'ignore'
[1.032s] Level 1:colcon.colcon_core.package_identification:_identify(build) ignored
[1.032s] Level 1:colcon.colcon_core.package_identification:_identify(cpp_interface) by extensions ['ignore', 'ignore_ament_install']
[1.032s] Level 1:colcon.colcon_core.package_identification:_identify(cpp_interface) by extension 'ignore'
[1.032s] Level 1:colcon.colcon_core.package_identification:_identify(cpp_interface) by extension 'ignore_ament_install'
[1.032s] Level 1:colcon.colcon_core.package_identification:_identify(cpp_interface) by extensions ['colcon_pkg']
[1.033s] Level 1:colcon.colcon_core.package_identification:_identify(cpp_interface) by extension 'colcon_pkg'
[1.033s] Level 1:colcon.colcon_core.package_identification:_identify(cpp_interface) by extensions ['colcon_meta']
[1.033s] Level 1:colcon.colcon_core.package_identification:_identify(cpp_interface) by extension 'colcon_meta'
[1.033s] Level 1:colcon.colcon_core.package_identification:_identify(cpp_interface) by extensions ['ros']
[1.033s] Level 1:colcon.colcon_core.package_identification:_identify(cpp_interface) by extension 'ros'
[1.035s] DEBUG:colcon.colcon_core.package_identification:Package 'cpp_interface' with type 'ros.ament_cmake' and name 'cpp_interface'
[1.035s] Level 1:colcon.colcon_core.package_identification:_identify(cpp_srvcli) by extensions ['ignore', 'ignore_ament_install']
[1.035s] Level 1:colcon.colcon_core.package_identification:_identify(cpp_srvcli) by extension 'ignore'
[1.035s] Level 1:colcon.colcon_core.package_identification:_identify(cpp_srvcli) by extension 'ignore_ament_install'
[1.035s] Level 1:colcon.colcon_core.package_identification:_identify(cpp_srvcli) by extensions ['colcon_pkg']
[1.035s] Level 1:colcon.colcon_core.package_identification:_identify(cpp_srvcli) by extension 'colcon_pkg'
[1.035s] Level 1:colcon.colcon_core.package_identification:_identify(cpp_srvcli) by extensions ['colcon_meta']
[1.035s] Level 1:colcon.colcon_core.package_identification:_identify(cpp_srvcli) by extension 'colcon_meta'
[1.035s] Level 1:colcon.colcon_core.package_identification:_identify(cpp_srvcli) by extensions ['ros']
[1.035s] Level 1:colcon.colcon_core.package_identification:_identify(cpp_srvcli) by extension 'ros'
[1.036s] DEBUG:colcon.colcon_core.package_identification:Package 'cpp_srvcli' with type 'ros.ament_cmake' and name 'cpp_srvcli'
[1.036s] Level 1:colcon.colcon_core.package_identification:_identify(csm) by extensions ['ignore', 'ignore_ament_install']
[1.036s] Level 1:colcon.colcon_core.package_identification:_identify(csm) by extension 'ignore'
[1.036s] Level 1:colcon.colcon_core.package_identification:_identify(csm) by extension 'ignore_ament_install'
[1.036s] Level 1:colcon.colcon_core.package_identification:_identify(csm) by extensions ['colcon_pkg']
[1.036s] Level 1:colcon.colcon_core.package_identification:_identify(csm) by extension 'colcon_pkg'
[1.036s] Level 1:colcon.colcon_core.package_identification:_identify(csm) by extensions ['colcon_meta']
[1.036s] Level 1:colcon.colcon_core.package_identification:_identify(csm) by extension 'colcon_meta'
[1.036s] Level 1:colcon.colcon_core.package_identification:_identify(csm) by extensions ['ros']
[1.036s] Level 1:colcon.colcon_core.package_identification:_identify(csm) by extension 'ros'
[1.036s] DEBUG:colcon.colcon_core.package_identification:Package 'csm' with type 'ros.ament_cmake' and name 'csm'
[1.037s] Level 1:colcon.colcon_core.package_identification:_identify(install) by extensions ['ignore', 'ignore_ament_install']
[1.037s] Level 1:colcon.colcon_core.package_identification:_identify(install) by extension 'ignore'
[1.037s] Level 1:colcon.colcon_core.package_identification:_identify(install) ignored
[1.037s] Level 1:colcon.colcon_core.package_identification:_identify(log) by extensions ['ignore', 'ignore_ament_install']
[1.037s] Level 1:colcon.colcon_core.package_identification:_identify(log) by extension 'ignore'
[1.037s] Level 1:colcon.colcon_core.package_identification:_identify(log) ignored
[1.037s] Level 1:colcon.colcon_core.package_identification:_identify(ros2_laser_scan_matcher) by extensions ['ignore', 'ignore_ament_install']
[1.037s] Level 1:colcon.colcon_core.package_identification:_identify(ros2_laser_scan_matcher) by extension 'ignore'
[1.037s] Level 1:colcon.colcon_core.package_identification:_identify(ros2_laser_scan_matcher) by extension 'ignore_ament_install'
[1.037s] Level 1:colcon.colcon_core.package_identification:_identify(ros2_laser_scan_matcher) by extensions ['colcon_pkg']
[1.037s] Level 1:colcon.colcon_core.package_identification:_identify(ros2_laser_scan_matcher) by extension 'colcon_pkg'
[1.037s] Level 1:colcon.colcon_core.package_identification:_identify(ros2_laser_scan_matcher) by extensions ['colcon_meta']
[1.037s] Level 1:colcon.colcon_core.package_identification:_identify(ros2_laser_scan_matcher) by extension 'colcon_meta'
[1.037s] Level 1:colcon.colcon_core.package_identification:_identify(ros2_laser_scan_matcher) by extensions ['ros']
[1.037s] Level 1:colcon.colcon_core.package_identification:_identify(ros2_laser_scan_matcher) by extension 'ros'
[1.038s] DEBUG:colcon.colcon_core.package_identification:Package 'ros2_laser_scan_matcher' with type 'ros.ament_cmake' and name 'ros2_laser_scan_matcher'
[1.038s] Level 1:colcon.colcon_core.package_identification:_identify(template_ros2) by extensions ['ignore', 'ignore_ament_install']
[1.038s] Level 1:colcon.colcon_core.package_identification:_identify(template_ros2) by extension 'ignore'
[1.038s] Level 1:colcon.colcon_core.package_identification:_identify(template_ros2) by extension 'ignore_ament_install'
[1.038s] Level 1:colcon.colcon_core.package_identification:_identify(template_ros2) by extensions ['colcon_pkg']
[1.038s] Level 1:colcon.colcon_core.package_identification:_identify(template_ros2) by extension 'colcon_pkg'
[1.038s] Level 1:colcon.colcon_core.package_identification:_identify(template_ros2) by extensions ['colcon_meta']
[1.038s] Level 1:colcon.colcon_core.package_identification:_identify(template_ros2) by extension 'colcon_meta'
[1.038s] Level 1:colcon.colcon_core.package_identification:_identify(template_ros2) by extensions ['ros']
[1.038s] Level 1:colcon.colcon_core.package_identification:_identify(template_ros2) by extension 'ros'
[1.039s] DEBUG:colcon.colcon_core.package_identification:Package 'template_ros2' with type 'ros.ament_cmake' and name 'template_ros2'
[1.039s] Level 1:colcon.colcon_core.package_discovery:discover_packages(recursive) using defaults
[1.039s] Level 1:colcon.colcon_core.package_discovery:discover_packages(ignore) discover
[1.039s] Level 1:colcon.colcon_core.package_discovery:discover_packages(ignore) using defaults
[1.039s] Level 1:colcon.colcon_core.package_discovery:discover_packages(path) discover
[1.039s] Level 1:colcon.colcon_core.package_discovery:discover_packages(path) using defaults
[1.128s] Level 1:colcon.colcon_core.package_discovery:discover_packages(prefix_path) check parameters
[1.128s] Level 1:colcon.colcon_core.package_discovery:discover_packages(prefix_path) discover
[1.158s] DEBUG:colcon.colcon_installed_package_information.package_discovery:Found 8 installed packages in /home/ngochoan/dev_ws/install
[1.174s] DEBUG:colcon.colcon_installed_package_information.package_discovery:Found 372 installed packages in /opt/ros/humble
[1.184s] Level 1:colcon.colcon_core.package_discovery:discover_packages(prefix_path) using defaults
[1.280s] Level 5:colcon.colcon_core.verb:set package 'cpp_interface' build argument 'cmake_args' from command line to 'None'
[1.280s] Level 5:colcon.colcon_core.verb:set package 'cpp_interface' build argument 'cmake_target' from command line to 'None'
[1.280s] Level 5:colcon.colcon_core.verb:set package 'cpp_interface' build argument 'cmake_target_skip_unavailable' from command line to 'False'
[1.281s] Level 5:colcon.colcon_core.verb:set package 'cpp_interface' build argument 'cmake_clean_cache' from command line to 'False'
[1.281s] Level 5:colcon.colcon_core.verb:set package 'cpp_interface' build argument 'cmake_clean_first' from command line to 'False'
[1.281s] Level 5:colcon.colcon_core.verb:set package 'cpp_interface' build argument 'cmake_force_configure' from command line to 'False'
[1.281s] Level 5:colcon.colcon_core.verb:set package 'cpp_interface' build argument 'ament_cmake_args' from command line to 'None'
[1.281s] Level 5:colcon.colcon_core.verb:set package 'cpp_interface' build argument 'catkin_cmake_args' from command line to 'None'
[1.281s] Level 5:colcon.colcon_core.verb:set package 'cpp_interface' build argument 'catkin_skip_building_tests' from command line to 'False'
[1.281s] DEBUG:colcon.colcon_core.verb:Building package 'cpp_interface' with the following arguments: {'ament_cmake_args': None, 'build_base': '/home/ngochoan/dev_ws/src/build/cpp_interface', 'catkin_cmake_args': None, 'catkin_skip_building_tests': False, 'cmake_args': None, 'cmake_clean_cache': False, 'cmake_clean_first': False, 'cmake_force_configure': False, 'cmake_target': None, 'cmake_target_skip_unavailable': False, 'install_base': '/home/ngochoan/dev_ws/src/install/cpp_interface', 'merge_install': False, 'path': '/home/ngochoan/dev_ws/src/cpp_interface', 'symlink_install': False, 'test_result_base': None}
[1.295s] Level 5:colcon.colcon_core.verb:set package 'cpp_srvcli' build argument 'cmake_args' from command line to 'None'
[1.295s] Level 5:colcon.colcon_core.verb:set package 'cpp_srvcli' build argument 'cmake_target' from command line to 'None'
[1.295s] Level 5:colcon.colcon_core.verb:set package 'cpp_srvcli' build argument 'cmake_target_skip_unavailable' from command line to 'False'
[1.295s] Level 5:colcon.colcon_core.verb:set package 'cpp_srvcli' build argument 'cmake_clean_cache' from command line to 'False'
[1.295s] Level 5:colcon.colcon_core.verb:set package 'cpp_srvcli' build argument 'cmake_clean_first' from command line to 'False'
[1.295s] Level 5:colcon.colcon_core.verb:set package 'cpp_srvcli' build argument 'cmake_force_configure' from command line to 'False'
[1.295s] Level 5:colcon.colcon_core.verb:set package 'cpp_srvcli' build argument 'ament_cmake_args' from command line to 'None'
[1.295s] Level 5:colcon.colcon_core.verb:set package 'cpp_srvcli' build argument 'catkin_cmake_args' from command line to 'None'
[1.295s] Level 5:colcon.colcon_core.verb:set package 'cpp_srvcli' build argument 'catkin_skip_building_tests' from command line to 'False'
[1.295s] DEBUG:colcon.colcon_core.verb:Building package 'cpp_srvcli' with the following arguments: {'ament_cmake_args': None, 'build_base': '/home/ngochoan/dev_ws/src/build/cpp_srvcli', 'catkin_cmake_args': None, 'catkin_skip_building_tests': False, 'cmake_args': None, 'cmake_clean_cache': False, 'cmake_clean_first': False, 'cmake_force_configure': False, 'cmake_target': None, 'cmake_target_skip_unavailable': False, 'install_base': '/home/ngochoan/dev_ws/src/install/cpp_srvcli', 'merge_install': False, 'path': '/home/ngochoan/dev_ws/src/cpp_srvcli', 'symlink_install': False, 'test_result_base': None}
[1.310s] Level 5:colcon.colcon_core.verb:set package 'csm' build argument 'cmake_args' from command line to 'None'
[1.310s] Level 5:colcon.colcon_core.verb:set package 'csm' build argument 'cmake_target' from command line to 'None'
[1.310s] Level 5:colcon.colcon_core.verb:set package 'csm' build argument 'cmake_target_skip_unavailable' from command line to 'False'
[1.310s] Level 5:colcon.colcon_core.verb:set package 'csm' build argument 'cmake_clean_cache' from command line to 'False'
[1.310s] Level 5:colcon.colcon_core.verb:set package 'csm' build argument 'cmake_clean_first' from command line to 'False'
[1.310s] Level 5:colcon.colcon_core.verb:set package 'csm' build argument 'cmake_force_configure' from command line to 'False'
[1.310s] Level 5:colcon.colcon_core.verb:set package 'csm' build argument 'ament_cmake_args' from command line to 'None'
[1.311s] Level 5:colcon.colcon_core.verb:set package 'csm' build argument 'catkin_cmake_args' from command line to 'None'
[1.311s] Level 5:colcon.colcon_core.verb:set package 'csm' build argument 'catkin_skip_building_tests' from command line to 'False'
[1.311s] DEBUG:colcon.colcon_core.verb:Building package 'csm' with the following arguments: {'ament_cmake_args': None, 'build_base': '/home/ngochoan/dev_ws/src/build/csm', 'catkin_cmake_args': None, 'catkin_skip_building_tests': False, 'cmake_args': None, 'cmake_clean_cache': False, 'cmake_clean_first': False, 'cmake_force_configure': False, 'cmake_target': None, 'cmake_target_skip_unavailable': False, 'install_base': '/home/ngochoan/dev_ws/src/install/csm', 'merge_install': False, 'path': '/home/ngochoan/dev_ws/src/csm', 'symlink_install': False, 'test_result_base': None}
[1.326s] Level 5:colcon.colcon_core.verb:set package 'template_ros2' build argument 'cmake_args' from command line to 'None'
[1.326s] Level 5:colcon.colcon_core.verb:set package 'template_ros2' build argument 'cmake_target' from command line to 'None'
[1.326s] Level 5:colcon.colcon_core.verb:set package 'template_ros2' build argument 'cmake_target_skip_unavailable' from command line to 'False'
[1.326s] Level 5:colcon.colcon_core.verb:set package 'template_ros2' build argument 'cmake_clean_cache' from command line to 'False'
[1.326s] Level 5:colcon.colcon_core.verb:set package 'template_ros2' build argument 'cmake_clean_first' from command line to 'False'
[1.326s] Level 5:colcon.colcon_core.verb:set package 'template_ros2' build argument 'cmake_force_configure' from command line to 'False'
[1.326s] Level 5:colcon.colcon_core.verb:set package 'template_ros2' build argument 'ament_cmake_args' from command line to 'None'
[1.326s] Level 5:colcon.colcon_core.verb:set package 'template_ros2' build argument 'catkin_cmake_args' from command line to 'None'
[1.326s] Level 5:colcon.colcon_core.verb:set package 'template_ros2' build argument 'catkin_skip_building_tests' from command line to 'False'
[1.326s] DEBUG:colcon.colcon_core.verb:Building package 'template_ros2' with the following arguments: {'ament_cmake_args': None, 'build_base': '/home/ngochoan/dev_ws/src/build/template_ros2', 'catkin_cmake_args': None, 'catkin_skip_building_tests': False, 'cmake_args': None, 'cmake_clean_cache': False, 'cmake_clean_first': False, 'cmake_force_configure': False, 'cmake_target': None, 'cmake_target_skip_unavailable': False, 'install_base': '/home/ngochoan/dev_ws/src/install/template_ros2', 'merge_install': False, 'path': '/home/ngochoan/dev_ws/src/template_ros2', 'symlink_install': False, 'test_result_base': None}
[1.340s] Level 5:colcon.colcon_core.verb:set package 'ros2_laser_scan_matcher' build argument 'cmake_args' from command line to 'None'
[1.340s] Level 5:colcon.colcon_core.verb:set package 'ros2_laser_scan_matcher' build argument 'cmake_target' from command line to 'None'
[1.340s] Level 5:colcon.colcon_core.verb:set package 'ros2_laser_scan_matcher' build argument 'cmake_target_skip_unavailable' from command line to 'False'
[1.340s] Level 5:colcon.colcon_core.verb:set package 'ros2_laser_scan_matcher' build argument 'cmake_clean_cache' from command line to 'False'
[1.340s] Level 5:colcon.colcon_core.verb:set package 'ros2_laser_scan_matcher' build argument 'cmake_clean_first' from command line to 'False'
[1.340s] Level 5:colcon.colcon_core.verb:set package 'ros2_laser_scan_matcher' build argument 'cmake_force_configure' from command line to 'False'
[1.340s] Level 5:colcon.colcon_core.verb:set package 'ros2_laser_scan_matcher' build argument 'ament_cmake_args' from command line to 'None'
[1.341s] Level 5:colcon.colcon_core.verb:set package 'ros2_laser_scan_matcher' build argument 'catkin_cmake_args' from command line to 'None'
[1.341s] Level 5:colcon.colcon_core.verb:set package 'ros2_laser_scan_matcher' build argument 'catkin_skip_building_tests' from command line to 'False'
[1.341s] DEBUG:colcon.colcon_core.verb:Building package 'ros2_laser_scan_matcher' with the following arguments: {'ament_cmake_args': None, 'build_base': '/home/ngochoan/dev_ws/src/build/ros2_laser_scan_matcher', 'catkin_cmake_args': None, 'catkin_skip_building_tests': False, 'cmake_args': None, 'cmake_clean_cache': False, 'cmake_clean_first': False, 'cmake_force_configure': False, 'cmake_target': None, 'cmake_target_skip_unavailable': False, 'install_base': '/home/ngochoan/dev_ws/src/install/ros2_laser_scan_matcher', 'merge_install': False, 'path': '/home/ngochoan/dev_ws/src/ros2_laser_scan_matcher', 'symlink_install': False, 'test_result_base': None}
[1.355s] INFO:colcon.colcon_core.executor:Executing jobs using 'parallel' executor
[1.371s] DEBUG:colcon.colcon_parallel_executor.executor.parallel:run_until_complete
[1.371s] INFO:colcon.colcon_ros.task.ament_cmake.build:Building ROS package in '/home/ngochoan/dev_ws/src/csm' with build type 'ament_cmake'
[1.371s] INFO:colcon.colcon_cmake.task.cmake.build:Building CMake package in '/home/ngochoan/dev_ws/src/csm'
[1.388s] INFO:colcon.colcon_core.plugin_system:Skipping extension 'colcon_core.shell.bat': Not used on non-Windows systems
[1.388s] INFO:colcon.colcon_core.shell:Skip shell extension 'powershell' for command environment: Not usable outside of PowerShell
[1.388s] DEBUG:colcon.colcon_core.shell:Skip shell extension 'dsv' for command environment
[1.459s] INFO:colcon.colcon_ros.task.ament_cmake.build:Building ROS package in '/home/ngochoan/dev_ws/src/cpp_interface' with build type 'ament_cmake'
[1.459s] INFO:colcon.colcon_cmake.task.cmake.build:Building CMake package in '/home/ngochoan/dev_ws/src/cpp_interface'
[1.478s] INFO:colcon.colcon_core.shell:Skip shell extension 'powershell' for command environment: Not usable outside of PowerShell
[1.478s] DEBUG:colcon.colcon_core.shell:Skip shell extension 'dsv' for command environment
[1.534s] INFO:colcon.colcon_ros.task.ament_cmake.build:Building ROS package in '/home/ngochoan/dev_ws/src/cpp_srvcli' with build type 'ament_cmake'
[1.534s] INFO:colcon.colcon_cmake.task.cmake.build:Building CMake package in '/home/ngochoan/dev_ws/src/cpp_srvcli'
[1.549s] INFO:colcon.colcon_core.shell:Skip shell extension 'powershell' for command environment: Not usable outside of PowerShell
[1.549s] DEBUG:colcon.colcon_core.shell:Skip shell extension 'dsv' for command environment
[1.606s] INFO:colcon.colcon_ros.task.ament_cmake.build:Building ROS package in '/home/ngochoan/dev_ws/src/template_ros2' with build type 'ament_cmake'
[1.606s] INFO:colcon.colcon_cmake.task.cmake.build:Building CMake package in '/home/ngochoan/dev_ws/src/template_ros2'
[1.629s] INFO:colcon.colcon_core.shell:Skip shell extension 'powershell' for command environment: Not usable outside of PowerShell
[1.629s] DEBUG:colcon.colcon_core.shell:Skip shell extension 'dsv' for command environment
[1.689s] DEBUG:colcon.colcon_core.event_handler.log_command:Invoking command in '/home/ngochoan/dev_ws/src/build/csm': CMAKE_PREFIX_PATH=${CMAKE_PREFIX_PATH}:/opt/ros/humble /usr/bin/cmake --build /home/ngochoan/dev_ws/src/build/csm -- -j8 -l8
[1.697s] DEBUG:colcon.colcon_core.event_handler.log_command:Invoking command in '/home/ngochoan/dev_ws/src/build/cpp_interface': CMAKE_PREFIX_PATH=${CMAKE_PREFIX_PATH}:/opt/ros/humble /usr/bin/cmake --build /home/ngochoan/dev_ws/src/build/cpp_interface -- -j8 -l8
[1.700s] DEBUG:colcon.colcon_core.event_handler.log_command:Invoking command in '/home/ngochoan/dev_ws/src/build/cpp_srvcli': CMAKE_PREFIX_PATH=${CMAKE_PREFIX_PATH}:/opt/ros/humble /usr/bin/cmake --build /home/ngochoan/dev_ws/src/build/cpp_srvcli -- -j8 -l8
[1.707s] DEBUG:colcon.colcon_core.event_handler.log_command:Invoking command in '/home/ngochoan/dev_ws/src/build/template_ros2': CMAKE_PREFIX_PATH=${CMAKE_PREFIX_PATH}:/opt/ros/humble /usr/bin/cmake --build /home/ngochoan/dev_ws/src/build/template_ros2 -- -j8 -l8
[1.751s] DEBUG:colcon.colcon_core.event_handler.log_command:Invoked command in '/home/ngochoan/dev_ws/src/build/template_ros2' returned '0': CMAKE_PREFIX_PATH=${CMAKE_PREFIX_PATH}:/opt/ros/humble /usr/bin/cmake --build /home/ngochoan/dev_ws/src/build/template_ros2 -- -j8 -l8
[1.785s] DEBUG:colcon.colcon_core.event_handler.log_command:Invoking command in '/home/ngochoan/dev_ws/src/build/template_ros2': CMAKE_PREFIX_PATH=${CMAKE_PREFIX_PATH}:/opt/ros/humble /usr/bin/cmake --install /home/ngochoan/dev_ws/src/build/template_ros2
[1.787s] DEBUG:colcon.colcon_core.event_handler.log_command:Invoked command in '/home/ngochoan/dev_ws/src/build/cpp_srvcli' returned '0': CMAKE_PREFIX_PATH=${CMAKE_PREFIX_PATH}:/opt/ros/humble /usr/bin/cmake --build /home/ngochoan/dev_ws/src/build/cpp_srvcli -- -j8 -l8
[1.789s] DEBUG:colcon.colcon_core.event_handler.log_command:Invoked command in '/home/ngochoan/dev_ws/src/build/cpp_interface' returned '0': CMAKE_PREFIX_PATH=${CMAKE_PREFIX_PATH}:/opt/ros/humble /usr/bin/cmake --build /home/ngochoan/dev_ws/src/build/cpp_interface -- -j8 -l8
[1.797s] Level 1:colcon.colcon_core.environment:create_environment_scripts_only(template_ros2)
[1.799s] DEBUG:colcon.colcon_core.event_handler.log_command:Invoked command in '/home/ngochoan/dev_ws/src/build/template_ros2' returned '0': CMAKE_PREFIX_PATH=${CMAKE_PREFIX_PATH}:/opt/ros/humble /usr/bin/cmake --install /home/ngochoan/dev_ws/src/build/template_ros2
[1.819s] Level 1:colcon.colcon_core.environment:checking '/home/ngochoan/dev_ws/src/install/template_ros2' for CMake module files
[1.819s] Level 1:colcon.colcon_core.environment:checking '/home/ngochoan/dev_ws/src/install/template_ros2' for CMake config files
[1.820s] Level 1:colcon.colcon_core.shell:create_environment_hook('template_ros2', 'cmake_prefix_path')
[1.834s] INFO:colcon.colcon_core.shell:Creating environment hook '/home/ngochoan/dev_ws/src/install/template_ros2/share/template_ros2/hook/cmake_prefix_path.ps1'
[1.835s] INFO:colcon.colcon_core.shell:Creating environment descriptor '/home/ngochoan/dev_ws/src/install/template_ros2/share/template_ros2/hook/cmake_prefix_path.dsv'
[1.835s] INFO:colcon.colcon_core.shell:Creating environment hook '/home/ngochoan/dev_ws/src/install/template_ros2/share/template_ros2/hook/cmake_prefix_path.sh'
[1.836s] Level 1:colcon.colcon_core.environment:checking '/home/ngochoan/dev_ws/src/install/template_ros2/bin'
[1.836s] Level 1:colcon.colcon_core.environment:checking '/home/ngochoan/dev_ws/src/install/template_ros2/lib/pkgconfig/template_ros2.pc'
[1.836s] Level 1:colcon.colcon_core.environment:checking '/home/ngochoan/dev_ws/src/install/template_ros2/lib/python3.10/site-packages'
[1.836s] Level 1:colcon.colcon_core.environment:checking '/home/ngochoan/dev_ws/src/install/template_ros2/bin'
[1.851s] INFO:colcon.colcon_core.shell:Creating package script '/home/ngochoan/dev_ws/src/install/template_ros2/share/template_ros2/package.ps1'
[1.851s] INFO:colcon.colcon_core.shell:Creating package descriptor '/home/ngochoan/dev_ws/src/install/template_ros2/share/template_ros2/package.dsv'
[1.852s] INFO:colcon.colcon_core.shell:Creating package script '/home/ngochoan/dev_ws/src/install/template_ros2/share/template_ros2/package.sh'
[1.852s] INFO:colcon.colcon_core.shell:Creating package script '/home/ngochoan/dev_ws/src/install/template_ros2/share/template_ros2/package.bash'
[1.853s] INFO:colcon.colcon_core.shell:Creating package script '/home/ngochoan/dev_ws/src/install/template_ros2/share/template_ros2/package.zsh'
[1.854s] Level 1:colcon.colcon_core.environment:create_file_with_runtime_dependencies(/home/ngochoan/dev_ws/src/install/template_ros2/share/colcon-core/packages/template_ros2)
[1.857s] DEBUG:colcon.colcon_core.event_handler.log_command:Invoking command in '/home/ngochoan/dev_ws/src/build/cpp_srvcli': CMAKE_PREFIX_PATH=${CMAKE_PREFIX_PATH}:/opt/ros/humble /usr/bin/cmake --install /home/ngochoan/dev_ws/src/build/cpp_srvcli
[1.859s] DEBUG:colcon.colcon_core.event_handler.log_command:Invoking command in '/home/ngochoan/dev_ws/src/build/cpp_interface': CMAKE_PREFIX_PATH=${CMAKE_PREFIX_PATH}:/opt/ros/humble /usr/bin/cmake --install /home/ngochoan/dev_ws/src/build/cpp_interface
[1.860s] DEBUG:colcon.colcon_core.event_handler.log_command:Invoked command in '/home/ngochoan/dev_ws/src/build/csm' returned '0': CMAKE_PREFIX_PATH=${CMAKE_PREFIX_PATH}:/opt/ros/humble /usr/bin/cmake --build /home/ngochoan/dev_ws/src/build/csm -- -j8 -l8
[1.868s] Level 1:colcon.colcon_core.environment:create_environment_scripts_only(cpp_srvcli)
[1.871s] DEBUG:colcon.colcon_core.event_handler.log_command:Invoked command in '/home/ngochoan/dev_ws/src/build/cpp_srvcli' returned '0': CMAKE_PREFIX_PATH=${CMAKE_PREFIX_PATH}:/opt/ros/humble /usr/bin/cmake --install /home/ngochoan/dev_ws/src/build/cpp_srvcli
[1.888s] Level 1:colcon.colcon_core.environment:checking '/home/ngochoan/dev_ws/src/install/cpp_srvcli' for CMake module files
[1.889s] Level 1:colcon.colcon_core.environment:checking '/home/ngochoan/dev_ws/src/install/cpp_srvcli' for CMake config files
[1.889s] Level 1:colcon.colcon_core.shell:create_environment_hook('cpp_srvcli', 'cmake_prefix_path')
[1.905s] INFO:colcon.colcon_core.shell:Creating environment hook '/home/ngochoan/dev_ws/src/install/cpp_srvcli/share/cpp_srvcli/hook/cmake_prefix_path.ps1'
[1.905s] INFO:colcon.colcon_core.shell:Creating environment descriptor '/home/ngochoan/dev_ws/src/install/cpp_srvcli/share/cpp_srvcli/hook/cmake_prefix_path.dsv'
[1.905s] INFO:colcon.colcon_core.shell:Creating environment hook '/home/ngochoan/dev_ws/src/install/cpp_srvcli/share/cpp_srvcli/hook/cmake_prefix_path.sh'
[1.906s] Level 1:colcon.colcon_core.environment:checking '/home/ngochoan/dev_ws/src/install/cpp_srvcli/lib'
[1.906s] Level 1:colcon.colcon_core.environment:checking '/home/ngochoan/dev_ws/src/install/cpp_srvcli/bin'
[1.906s] Level 1:colcon.colcon_core.environment:checking '/home/ngochoan/dev_ws/src/install/cpp_srvcli/lib/pkgconfig/cpp_srvcli.pc'
[1.906s] Level 1:colcon.colcon_core.environment:checking '/home/ngochoan/dev_ws/src/install/cpp_srvcli/lib/python3.10/site-packages'
[1.906s] Level 1:colcon.colcon_core.environment:checking '/home/ngochoan/dev_ws/src/install/cpp_srvcli/bin'
[1.922s] INFO:colcon.colcon_core.shell:Creating package script '/home/ngochoan/dev_ws/src/install/cpp_srvcli/share/cpp_srvcli/package.ps1'
[1.922s] INFO:colcon.colcon_core.shell:Creating package descriptor '/home/ngochoan/dev_ws/src/install/cpp_srvcli/share/cpp_srvcli/package.dsv'
[1.923s] INFO:colcon.colcon_core.shell:Creating package script '/home/ngochoan/dev_ws/src/install/cpp_srvcli/share/cpp_srvcli/package.sh'
[1.923s] INFO:colcon.colcon_core.shell:Creating package script '/home/ngochoan/dev_ws/src/install/cpp_srvcli/share/cpp_srvcli/package.bash'
[1.923s] INFO:colcon.colcon_core.shell:Creating package script '/home/ngochoan/dev_ws/src/install/cpp_srvcli/share/cpp_srvcli/package.zsh'
[1.924s] Level 1:colcon.colcon_core.environment:create_file_with_runtime_dependencies(/home/ngochoan/dev_ws/src/install/cpp_srvcli/share/colcon-core/packages/cpp_srvcli)
[1.940s] Level 1:colcon.colcon_core.environment:create_environment_scripts_only(template_ros2)
[1.954s] Level 1:colcon.colcon_core.environment:checking '/home/ngochoan/dev_ws/src/install/template_ros2' for CMake module files
[1.955s] Level 1:colcon.colcon_core.environment:checking '/home/ngochoan/dev_ws/src/install/template_ros2' for CMake config files
[1.955s] Level 1:colcon.colcon_core.shell:create_environment_hook('template_ros2', 'cmake_prefix_path')
[1.970s] INFO:colcon.colcon_core.shell:Creating environment hook '/home/ngochoan/dev_ws/src/install/template_ros2/share/template_ros2/hook/cmake_prefix_path.ps1'
[1.970s] INFO:colcon.colcon_core.shell:Creating environment descriptor '/home/ngochoan/dev_ws/src/install/template_ros2/share/template_ros2/hook/cmake_prefix_path.dsv'
[1.971s] INFO:colcon.colcon_core.shell:Creating environment hook '/home/ngochoan/dev_ws/src/install/template_ros2/share/template_ros2/hook/cmake_prefix_path.sh'
[1.971s] Level 1:colcon.colcon_core.environment:checking '/home/ngochoan/dev_ws/src/install/template_ros2/bin'
[1.972s] Level 1:colcon.colcon_core.environment:checking '/home/ngochoan/dev_ws/src/install/template_ros2/lib/pkgconfig/template_ros2.pc'
[1.972s] Level 1:colcon.colcon_core.environment:checking '/home/ngochoan/dev_ws/src/install/template_ros2/lib/python3.10/site-packages'
[1.972s] Level 1:colcon.colcon_core.environment:checking '/home/ngochoan/dev_ws/src/install/template_ros2/bin'
[1.987s] INFO:colcon.colcon_core.shell:Creating package script '/home/ngochoan/dev_ws/src/install/template_ros2/share/template_ros2/package.ps1'
[1.987s] INFO:colcon.colcon_core.shell:Creating package descriptor '/home/ngochoan/dev_ws/src/install/template_ros2/share/template_ros2/package.dsv'
[1.987s] INFO:colcon.colcon_core.shell:Creating package script '/home/ngochoan/dev_ws/src/install/template_ros2/share/template_ros2/package.sh'
[1.988s] INFO:colcon.colcon_core.shell:Creating package script '/home/ngochoan/dev_ws/src/install/template_ros2/share/template_ros2/package.bash'
[1.988s] INFO:colcon.colcon_core.shell:Creating package script '/home/ngochoan/dev_ws/src/install/template_ros2/share/template_ros2/package.zsh'
[1.988s] Level 1:colcon.colcon_core.environment:create_file_with_runtime_dependencies(/home/ngochoan/dev_ws/src/install/template_ros2/share/colcon-core/packages/template_ros2)
[1.991s] DEBUG:colcon.colcon_core.event_handler.log_command:Invoking command in '/home/ngochoan/dev_ws/src/build/csm': CMAKE_PREFIX_PATH=${CMAKE_PREFIX_PATH}:/opt/ros/humble /usr/bin/cmake --install /home/ngochoan/dev_ws/src/build/csm
[1.992s] Level 1:colcon.colcon_core.environment:create_environment_scripts_only(cpp_interface)
[1.993s] DEBUG:colcon.colcon_core.event_handler.log_command:Invoked command in '/home/ngochoan/dev_ws/src/build/cpp_interface' returned '0': CMAKE_PREFIX_PATH=${CMAKE_PREFIX_PATH}:/opt/ros/humble /usr/bin/cmake --install /home/ngochoan/dev_ws/src/build/cpp_interface
[2.017s] Level 1:colcon.colcon_core.environment:checking '/home/ngochoan/dev_ws/src/install/cpp_interface' for CMake module files
[2.018s] Level 1:colcon.colcon_core.environment:checking '/home/ngochoan/dev_ws/src/install/cpp_interface' for CMake config files
[2.018s] Level 1:colcon.colcon_core.shell:create_environment_hook('cpp_interface', 'cmake_prefix_path')
[2.035s] INFO:colcon.colcon_core.shell:Creating environment hook '/home/ngochoan/dev_ws/src/install/cpp_interface/share/cpp_interface/hook/cmake_prefix_path.ps1'
[2.036s] INFO:colcon.colcon_core.shell:Creating environment descriptor '/home/ngochoan/dev_ws/src/install/cpp_interface/share/cpp_interface/hook/cmake_prefix_path.dsv'
[2.036s] INFO:colcon.colcon_core.shell:Creating environment hook '/home/ngochoan/dev_ws/src/install/cpp_interface/share/cpp_interface/hook/cmake_prefix_path.sh'
[2.037s] Level 1:colcon.colcon_core.environment:checking '/home/ngochoan/dev_ws/src/install/cpp_interface/lib'
[2.037s] Level 1:colcon.colcon_core.environment:checking '/home/ngochoan/dev_ws/src/install/cpp_interface/bin'
[2.037s] Level 1:colcon.colcon_core.environment:checking '/home/ngochoan/dev_ws/src/install/cpp_interface/lib/pkgconfig/cpp_interface.pc'
[2.037s] Level 1:colcon.colcon_core.environment:checking '/home/ngochoan/dev_ws/src/install/cpp_interface/lib/python3.10/site-packages'
[2.037s] Level 1:colcon.colcon_core.environment:checking '/home/ngochoan/dev_ws/src/install/cpp_interface/bin'
[2.052s] INFO:colcon.colcon_core.shell:Creating package script '/home/ngochoan/dev_ws/src/install/cpp_interface/share/cpp_interface/package.ps1'
[2.053s] INFO:colcon.colcon_core.shell:Creating package descriptor '/home/ngochoan/dev_ws/src/install/cpp_interface/share/cpp_interface/package.dsv'
[2.053s] INFO:colcon.colcon_core.shell:Creating package script '/home/ngochoan/dev_ws/src/install/cpp_interface/share/cpp_interface/package.sh'
[2.054s] INFO:colcon.colcon_core.shell:Creating package script '/home/ngochoan/dev_ws/src/install/cpp_interface/share/cpp_interface/package.bash'
[2.054s] INFO:colcon.colcon_core.shell:Creating package script '/home/ngochoan/dev_ws/src/install/cpp_interface/share/cpp_interface/package.zsh'
[2.054s] Level 1:colcon.colcon_core.environment:create_file_with_runtime_dependencies(/home/ngochoan/dev_ws/src/install/cpp_interface/share/colcon-core/packages/cpp_interface)
[2.071s] Level 1:colcon.colcon_core.environment:create_environment_scripts_only(cpp_srvcli)
[2.087s] Level 1:colcon.colcon_core.environment:checking '/home/ngochoan/dev_ws/src/install/cpp_srvcli' for CMake module files
[2.087s] Level 1:colcon.colcon_core.environment:checking '/home/ngochoan/dev_ws/src/install/cpp_srvcli' for CMake config files
[2.088s] Level 1:colcon.colcon_core.shell:create_environment_hook('cpp_srvcli', 'cmake_prefix_path')
[2.103s] INFO:colcon.colcon_core.shell:Creating environment hook '/home/ngochoan/dev_ws/src/install/cpp_srvcli/share/cpp_srvcli/hook/cmake_prefix_path.ps1'
[2.104s] INFO:colcon.colcon_core.shell:Creating environment descriptor '/home/ngochoan/dev_ws/src/install/cpp_srvcli/share/cpp_srvcli/hook/cmake_prefix_path.dsv'
[2.104s] INFO:colcon.colcon_core.shell:Creating environment hook '/home/ngochoan/dev_ws/src/install/cpp_srvcli/share/cpp_srvcli/hook/cmake_prefix_path.sh'
[2.105s] Level 1:colcon.colcon_core.environment:checking '/home/ngochoan/dev_ws/src/install/cpp_srvcli/lib'
[2.105s] Level 1:colcon.colcon_core.environment:checking '/home/ngochoan/dev_ws/src/install/cpp_srvcli/bin'
[2.105s] Level 1:colcon.colcon_core.environment:checking '/home/ngochoan/dev_ws/src/install/cpp_srvcli/lib/pkgconfig/cpp_srvcli.pc'
[2.105s] Level 1:colcon.colcon_core.environment:checking '/home/ngochoan/dev_ws/src/install/cpp_srvcli/lib/python3.10/site-packages'
[2.105s] Level 1:colcon.colcon_core.environment:checking '/home/ngochoan/dev_ws/src/install/cpp_srvcli/bin'
[2.121s] INFO:colcon.colcon_core.shell:Creating package script '/home/ngochoan/dev_ws/src/install/cpp_srvcli/share/cpp_srvcli/package.ps1'
[2.122s] INFO:colcon.colcon_core.shell:Creating package descriptor '/home/ngochoan/dev_ws/src/install/cpp_srvcli/share/cpp_srvcli/package.dsv'
[2.122s] INFO:colcon.colcon_core.shell:Creating package script '/home/ngochoan/dev_ws/src/install/cpp_srvcli/share/cpp_srvcli/package.sh'
[2.122s] INFO:colcon.colcon_core.shell:Creating package script '/home/ngochoan/dev_ws/src/install/cpp_srvcli/share/cpp_srvcli/package.bash'
[2.123s] INFO:colcon.colcon_core.shell:Creating package script '/home/ngochoan/dev_ws/src/install/cpp_srvcli/share/cpp_srvcli/package.zsh'
[2.123s] Level 1:colcon.colcon_core.environment:create_file_with_runtime_dependencies(/home/ngochoan/dev_ws/src/install/cpp_srvcli/share/colcon-core/packages/cpp_srvcli)
[2.124s] Level 1:colcon.colcon_core.environment:create_environment_scripts_only(csm)
[2.125s] DEBUG:colcon.colcon_core.event_handler.log_command:Invoked command in '/home/ngochoan/dev_ws/src/build/csm' returned '0': CMAKE_PREFIX_PATH=${CMAKE_PREFIX_PATH}:/opt/ros/humble /usr/bin/cmake --install /home/ngochoan/dev_ws/src/build/csm
[2.139s] Level 1:colcon.colcon_core.environment:checking '/home/ngochoan/dev_ws/src/install/csm' for CMake module files
[2.140s] Level 1:colcon.colcon_core.environment:checking '/home/ngochoan/dev_ws/src/install/csm' for CMake config files
[2.140s] Level 1:colcon.colcon_core.shell:create_environment_hook('csm', 'cmake_prefix_path')
[2.157s] INFO:colcon.colcon_core.shell:Creating environment hook '/home/ngochoan/dev_ws/src/install/csm/share/csm/hook/cmake_prefix_path.ps1'
[2.158s] INFO:colcon.colcon_core.shell:Creating environment descriptor '/home/ngochoan/dev_ws/src/install/csm/share/csm/hook/cmake_prefix_path.dsv'
[2.158s] INFO:colcon.colcon_core.shell:Creating environment hook '/home/ngochoan/dev_ws/src/install/csm/share/csm/hook/cmake_prefix_path.sh'
[2.159s] Level 1:colcon.colcon_core.environment:checking '/home/ngochoan/dev_ws/src/install/csm/lib'
[2.159s] Level 1:colcon.colcon_core.shell:create_environment_hook('csm', 'ld_library_path_lib')
[2.180s] INFO:colcon.colcon_core.shell:Creating environment hook '/home/ngochoan/dev_ws/src/install/csm/share/csm/hook/ld_library_path_lib.ps1'
[2.181s] INFO:colcon.colcon_core.shell:Creating environment descriptor '/home/ngochoan/dev_ws/src/install/csm/share/csm/hook/ld_library_path_lib.dsv'
[2.181s] INFO:colcon.colcon_core.shell:Creating environment hook '/home/ngochoan/dev_ws/src/install/csm/share/csm/hook/ld_library_path_lib.sh'
[2.181s] Level 1:colcon.colcon_core.environment:checking '/home/ngochoan/dev_ws/src/install/csm/bin'
[2.181s] Level 1:colcon.colcon_core.environment:checking '/home/ngochoan/dev_ws/src/install/csm/lib/pkgconfig/csm.pc'
[2.182s] Level 1:colcon.colcon_core.environment:checking '/home/ngochoan/dev_ws/src/install/csm/lib/python3.10/site-packages'
[2.182s] Level 1:colcon.colcon_core.environment:checking '/home/ngochoan/dev_ws/src/install/csm/bin'
[2.199s] INFO:colcon.colcon_core.shell:Creating package script '/home/ngochoan/dev_ws/src/install/csm/share/csm/package.ps1'
[2.199s] INFO:colcon.colcon_core.shell:Creating package descriptor '/home/ngochoan/dev_ws/src/install/csm/share/csm/package.dsv'
[2.200s] INFO:colcon.colcon_core.shell:Creating package script '/home/ngochoan/dev_ws/src/install/csm/share/csm/package.sh'
[2.200s] INFO:colcon.colcon_core.shell:Creating package script '/home/ngochoan/dev_ws/src/install/csm/share/csm/package.bash'
[2.200s] INFO:colcon.colcon_core.shell:Creating package script '/home/ngochoan/dev_ws/src/install/csm/share/csm/package.zsh'
[2.201s] Level 1:colcon.colcon_core.environment:create_file_with_runtime_dependencies(/home/ngochoan/dev_ws/src/install/csm/share/colcon-core/packages/csm)
[2.220s] Level 1:colcon.colcon_core.environment:create_environment_scripts_only(cpp_interface)
[2.235s] Level 1:colcon.colcon_core.environment:checking '/home/ngochoan/dev_ws/src/install/cpp_interface' for CMake module files
[2.236s] Level 1:colcon.colcon_core.environment:checking '/home/ngochoan/dev_ws/src/install/cpp_interface' for CMake config files
[2.236s] Level 1:colcon.colcon_core.shell:create_environment_hook('cpp_interface', 'cmake_prefix_path')
[2.250s] INFO:colcon.colcon_core.shell:Creating environment hook '/home/ngochoan/dev_ws/src/install/cpp_interface/share/cpp_interface/hook/cmake_prefix_path.ps1'
[2.251s] INFO:colcon.colcon_core.shell:Creating environment descriptor '/home/ngochoan/dev_ws/src/install/cpp_interface/share/cpp_interface/hook/cmake_prefix_path.dsv'
[2.251s] INFO:colcon.colcon_core.shell:Creating environment hook '/home/ngochoan/dev_ws/src/install/cpp_interface/share/cpp_interface/hook/cmake_prefix_path.sh'
[2.252s] Level 1:colcon.colcon_core.environment:checking '/home/ngochoan/dev_ws/src/install/cpp_interface/lib'
[2.252s] Level 1:colcon.colcon_core.environment:checking '/home/ngochoan/dev_ws/src/install/cpp_interface/bin'
[2.252s] Level 1:colcon.colcon_core.environment:checking '/home/ngochoan/dev_ws/src/install/cpp_interface/lib/pkgconfig/cpp_interface.pc'
[2.252s] Level 1:colcon.colcon_core.environment:checking '/home/ngochoan/dev_ws/src/install/cpp_interface/lib/python3.10/site-packages'
[2.252s] Level 1:colcon.colcon_core.environment:checking '/home/ngochoan/dev_ws/src/install/cpp_interface/bin'
[2.268s] INFO:colcon.colcon_core.shell:Creating package script '/home/ngochoan/dev_ws/src/install/cpp_interface/share/cpp_interface/package.ps1'
[2.268s] INFO:colcon.colcon_core.shell:Creating package descriptor '/home/ngochoan/dev_ws/src/install/cpp_interface/share/cpp_interface/package.dsv'
[2.268s] INFO:colcon.colcon_core.shell:Creating package script '/home/ngochoan/dev_ws/src/install/cpp_interface/share/cpp_interface/package.sh'
[2.269s] INFO:colcon.colcon_core.shell:Creating package script '/home/ngochoan/dev_ws/src/install/cpp_interface/share/cpp_interface/package.bash'
[2.269s] INFO:colcon.colcon_core.shell:Creating package script '/home/ngochoan/dev_ws/src/install/cpp_interface/share/cpp_interface/package.zsh'
[2.270s] Level 1:colcon.colcon_core.environment:create_file_with_runtime_dependencies(/home/ngochoan/dev_ws/src/install/cpp_interface/share/colcon-core/packages/cpp_interface)
[2.304s] Level 1:colcon.colcon_core.environment:create_environment_scripts_only(csm)
[2.325s] Level 1:colcon.colcon_core.environment:checking '/home/ngochoan/dev_ws/src/install/csm' for CMake module files
[2.326s] Level 1:colcon.colcon_core.environment:checking '/home/ngochoan/dev_ws/src/install/csm' for CMake config files
[2.326s] Level 1:colcon.colcon_core.shell:create_environment_hook('csm', 'cmake_prefix_path')
[2.345s] INFO:colcon.colcon_core.shell:Creating environment hook '/home/ngochoan/dev_ws/src/install/csm/share/csm/hook/cmake_prefix_path.ps1'
[2.345s] INFO:colcon.colcon_core.shell:Creating environment descriptor '/home/ngochoan/dev_ws/src/install/csm/share/csm/hook/cmake_prefix_path.dsv'
[2.346s] INFO:colcon.colcon_core.shell:Creating environment hook '/home/ngochoan/dev_ws/src/install/csm/share/csm/hook/cmake_prefix_path.sh'
[2.346s] Level 1:colcon.colcon_core.environment:checking '/home/ngochoan/dev_ws/src/install/csm/lib'
[2.346s] Level 1:colcon.colcon_core.shell:create_environment_hook('csm', 'ld_library_path_lib')
[2.363s] INFO:colcon.colcon_core.shell:Creating environment hook '/home/ngochoan/dev_ws/src/install/csm/share/csm/hook/ld_library_path_lib.ps1'
[2.363s] INFO:colcon.colcon_core.shell:Creating environment descriptor '/home/ngochoan/dev_ws/src/install/csm/share/csm/hook/ld_library_path_lib.dsv'
[2.363s] INFO:colcon.colcon_core.shell:Creating environment hook '/home/ngochoan/dev_ws/src/install/csm/share/csm/hook/ld_library_path_lib.sh'
[2.364s] Level 1:colcon.colcon_core.environment:checking '/home/ngochoan/dev_ws/src/install/csm/bin'
[2.364s] Level 1:colcon.colcon_core.environment:checking '/home/ngochoan/dev_ws/src/install/csm/lib/pkgconfig/csm.pc'
[2.364s] Level 1:colcon.colcon_core.environment:checking '/home/ngochoan/dev_ws/src/install/csm/lib/python3.10/site-packages'
[2.364s] Level 1:colcon.colcon_core.environment:checking '/home/ngochoan/dev_ws/src/install/csm/bin'
[2.386s] INFO:colcon.colcon_core.shell:Creating package script '/home/ngochoan/dev_ws/src/install/csm/share/csm/package.ps1'
[2.387s] INFO:colcon.colcon_core.shell:Creating package descriptor '/home/ngochoan/dev_ws/src/install/csm/share/csm/package.dsv'
[2.388s] INFO:colcon.colcon_core.shell:Creating package script '/home/ngochoan/dev_ws/src/install/csm/share/csm/package.sh'
[2.388s] INFO:colcon.colcon_core.shell:Creating package script '/home/ngochoan/dev_ws/src/install/csm/share/csm/package.bash'
[2.389s] INFO:colcon.colcon_core.shell:Creating package script '/home/ngochoan/dev_ws/src/install/csm/share/csm/package.zsh'
[2.389s] Level 1:colcon.colcon_core.environment:create_file_with_runtime_dependencies(/home/ngochoan/dev_ws/src/install/csm/share/colcon-core/packages/csm)
[2.389s] INFO:colcon.colcon_ros.task.ament_cmake.build:Building ROS package in '/home/ngochoan/dev_ws/src/ros2_laser_scan_matcher' with build type 'ament_cmake'
[2.389s] INFO:colcon.colcon_cmake.task.cmake.build:Building CMake package in '/home/ngochoan/dev_ws/src/ros2_laser_scan_matcher'
[2.412s] INFO:colcon.colcon_core.shell:Skip shell extension 'powershell' for command environment: Not usable outside of PowerShell
[2.412s] DEBUG:colcon.colcon_core.shell:Skip shell extension 'dsv' for command environment
[2.475s] DEBUG:colcon.colcon_core.event_handler.log_command:Invoking command in '/home/ngochoan/dev_ws/src/build/ros2_laser_scan_matcher': AMENT_PREFIX_PATH=/home/ngochoan/dev_ws/src/install/csm:${AMENT_PREFIX_PATH} CMAKE_PREFIX_PATH=/home/ngochoan/dev_ws/src/install/csm:/home/ngochoan/dev_ws/install/cpp_pubsub:/home/ngochoan/dev_ws/install/tutorial_interfaces:/home/ngochoan/dev_ws/install/turtlesim:/home/ngochoan/dev_ws/install/template_ros2:/home/ngochoan/dev_ws/install/template_ROS2:/home/ngochoan/dev_ws/install/my_package:/home/ngochoan/dev_ws/install/cpp_srvcli:/home/ngochoan/dev_ws/install/cpp_interface:/opt/ros/humble LD_LIBRARY_PATH=/home/ngochoan/dev_ws/src/install/csm/lib:${LD_LIBRARY_PATH} /usr/bin/cmake --build /home/ngochoan/dev_ws/src/build/ros2_laser_scan_matcher -- -j8 -l8
[13.479s] DEBUG:colcon.colcon_core.event_handler.log_command:Invoked command in '/home/ngochoan/dev_ws/src/build/ros2_laser_scan_matcher' returned '0': AMENT_PREFIX_PATH=/home/ngochoan/dev_ws/src/install/csm:${AMENT_PREFIX_PATH} CMAKE_PREFIX_PATH=/home/ngochoan/dev_ws/src/install/csm:/home/ngochoan/dev_ws/install/cpp_pubsub:/home/ngochoan/dev_ws/install/tutorial_interfaces:/home/ngochoan/dev_ws/install/turtlesim:/home/ngochoan/dev_ws/install/template_ros2:/home/ngochoan/dev_ws/install/template_ROS2:/home/ngochoan/dev_ws/install/my_package:/home/ngochoan/dev_ws/install/cpp_srvcli:/home/ngochoan/dev_ws/install/cpp_interface:/opt/ros/humble LD_LIBRARY_PATH=/home/ngochoan/dev_ws/src/install/csm/lib:${LD_LIBRARY_PATH} /usr/bin/cmake --build /home/ngochoan/dev_ws/src/build/ros2_laser_scan_matcher -- -j8 -l8
[13.498s] DEBUG:colcon.colcon_core.event_handler.log_command:Invoking command in '/home/ngochoan/dev_ws/src/build/ros2_laser_scan_matcher': AMENT_PREFIX_PATH=/home/ngochoan/dev_ws/src/install/csm:${AMENT_PREFIX_PATH} CMAKE_PREFIX_PATH=/home/ngochoan/dev_ws/src/install/csm:/home/ngochoan/dev_ws/install/cpp_pubsub:/home/ngochoan/dev_ws/install/tutorial_interfaces:/home/ngochoan/dev_ws/install/turtlesim:/home/ngochoan/dev_ws/install/template_ros2:/home/ngochoan/dev_ws/install/template_ROS2:/home/ngochoan/dev_ws/install/my_package:/home/ngochoan/dev_ws/install/cpp_srvcli:/home/ngochoan/dev_ws/install/cpp_interface:/opt/ros/humble LD_LIBRARY_PATH=/home/ngochoan/dev_ws/src/install/csm/lib:${LD_LIBRARY_PATH} /usr/bin/cmake --install /home/ngochoan/dev_ws/src/build/ros2_laser_scan_matcher
[13.509s] Level 1:colcon.colcon_core.environment:create_environment_scripts_only(ros2_laser_scan_matcher)
[13.510s] DEBUG:colcon.colcon_core.event_handler.log_command:Invoked command in '/home/ngochoan/dev_ws/src/build/ros2_laser_scan_matcher' returned '0': AMENT_PREFIX_PATH=/home/ngochoan/dev_ws/src/install/csm:${AMENT_PREFIX_PATH} CMAKE_PREFIX_PATH=/home/ngochoan/dev_ws/src/install/csm:/home/ngochoan/dev_ws/install/cpp_pubsub:/home/ngochoan/dev_ws/install/tutorial_interfaces:/home/ngochoan/dev_ws/install/turtlesim:/home/ngochoan/dev_ws/install/template_ros2:/home/ngochoan/dev_ws/install/template_ROS2:/home/ngochoan/dev_ws/install/my_package:/home/ngochoan/dev_ws/install/cpp_srvcli:/home/ngochoan/dev_ws/install/cpp_interface:/opt/ros/humble LD_LIBRARY_PATH=/home/ngochoan/dev_ws/src/install/csm/lib:${LD_LIBRARY_PATH} /usr/bin/cmake --install /home/ngochoan/dev_ws/src/build/ros2_laser_scan_matcher
[13.526s] Level 1:colcon.colcon_core.environment:checking '/home/ngochoan/dev_ws/src/install/ros2_laser_scan_matcher' for CMake module files
[13.527s] Level 1:colcon.colcon_core.environment:checking '/home/ngochoan/dev_ws/src/install/ros2_laser_scan_matcher' for CMake config files
[13.527s] Level 1:colcon.colcon_core.shell:create_environment_hook('ros2_laser_scan_matcher', 'cmake_prefix_path')
[13.542s] INFO:colcon.colcon_core.shell:Creating environment hook '/home/ngochoan/dev_ws/src/install/ros2_laser_scan_matcher/share/ros2_laser_scan_matcher/hook/cmake_prefix_path.ps1'
[13.542s] INFO:colcon.colcon_core.shell:Creating environment descriptor '/home/ngochoan/dev_ws/src/install/ros2_laser_scan_matcher/share/ros2_laser_scan_matcher/hook/cmake_prefix_path.dsv'
[13.543s] INFO:colcon.colcon_core.shell:Creating environment hook '/home/ngochoan/dev_ws/src/install/ros2_laser_scan_matcher/share/ros2_laser_scan_matcher/hook/cmake_prefix_path.sh'
[13.543s] Level 1:colcon.colcon_core.environment:checking '/home/ngochoan/dev_ws/src/install/ros2_laser_scan_matcher/lib'
[13.543s] Level 1:colcon.colcon_core.environment:checking '/home/ngochoan/dev_ws/src/install/ros2_laser_scan_matcher/bin'
[13.543s] Level 1:colcon.colcon_core.environment:checking '/home/ngochoan/dev_ws/src/install/ros2_laser_scan_matcher/lib/pkgconfig/ros2_laser_scan_matcher.pc'
[13.543s] Level 1:colcon.colcon_core.environment:checking '/home/ngochoan/dev_ws/src/install/ros2_laser_scan_matcher/lib/python3.10/site-packages'
[13.544s] Level 1:colcon.colcon_core.environment:checking '/home/ngochoan/dev_ws/src/install/ros2_laser_scan_matcher/bin'
[13.559s] INFO:colcon.colcon_core.shell:Creating package script '/home/ngochoan/dev_ws/src/install/ros2_laser_scan_matcher/share/ros2_laser_scan_matcher/package.ps1'
[13.559s] INFO:colcon.colcon_core.shell:Creating package descriptor '/home/ngochoan/dev_ws/src/install/ros2_laser_scan_matcher/share/ros2_laser_scan_matcher/package.dsv'
[13.560s] INFO:colcon.colcon_core.shell:Creating package script '/home/ngochoan/dev_ws/src/install/ros2_laser_scan_matcher/share/ros2_laser_scan_matcher/package.sh'
[13.560s] INFO:colcon.colcon_core.shell:Creating package script '/home/ngochoan/dev_ws/src/install/ros2_laser_scan_matcher/share/ros2_laser_scan_matcher/package.bash'
[13.560s] INFO:colcon.colcon_core.shell:Creating package script '/home/ngochoan/dev_ws/src/install/ros2_laser_scan_matcher/share/ros2_laser_scan_matcher/package.zsh'
[13.560s] Level 1:colcon.colcon_core.environment:create_file_with_runtime_dependencies(/home/ngochoan/dev_ws/src/install/ros2_laser_scan_matcher/share/colcon-core/packages/ros2_laser_scan_matcher)
[13.599s] Level 1:colcon.colcon_core.environment:create_environment_scripts_only(ros2_laser_scan_matcher)
[13.617s] Level 1:colcon.colcon_core.environment:checking '/home/ngochoan/dev_ws/src/install/ros2_laser_scan_matcher' for CMake module files
[13.618s] Level 1:colcon.colcon_core.environment:checking '/home/ngochoan/dev_ws/src/install/ros2_laser_scan_matcher' for CMake config files
[13.618s] Level 1:colcon.colcon_core.shell:create_environment_hook('ros2_laser_scan_matcher', 'cmake_prefix_path')
[13.633s] INFO:colcon.colcon_core.shell:Creating environment hook '/home/ngochoan/dev_ws/src/install/ros2_laser_scan_matcher/share/ros2_laser_scan_matcher/hook/cmake_prefix_path.ps1'
[13.634s] INFO:colcon.colcon_core.shell:Creating environment descriptor '/home/ngochoan/dev_ws/src/install/ros2_laser_scan_matcher/share/ros2_laser_scan_matcher/hook/cmake_prefix_path.dsv'
[13.634s] INFO:colcon.colcon_core.shell:Creating environment hook '/home/ngochoan/dev_ws/src/install/ros2_laser_scan_matcher/share/ros2_laser_scan_matcher/hook/cmake_prefix_path.sh'
[13.634s] Level 1:colcon.colcon_core.environment:checking '/home/ngochoan/dev_ws/src/install/ros2_laser_scan_matcher/lib'
[13.634s] Level 1:colcon.colcon_core.environment:checking '/home/ngochoan/dev_ws/src/install/ros2_laser_scan_matcher/bin'
[13.634s] Level 1:colcon.colcon_core.environment:checking '/home/ngochoan/dev_ws/src/install/ros2_laser_scan_matcher/lib/pkgconfig/ros2_laser_scan_matcher.pc'
[13.635s] Level 1:colcon.colcon_core.environment:checking '/home/ngochoan/dev_ws/src/install/ros2_laser_scan_matcher/lib/python3.10/site-packages'
[13.635s] Level 1:colcon.colcon_core.environment:checking '/home/ngochoan/dev_ws/src/install/ros2_laser_scan_matcher/bin'
[13.649s] INFO:colcon.colcon_core.shell:Creating package script '/home/ngochoan/dev_ws/src/install/ros2_laser_scan_matcher/share/ros2_laser_scan_matcher/package.ps1'
[13.649s] INFO:colcon.colcon_core.shell:Creating package descriptor '/home/ngochoan/dev_ws/src/install/ros2_laser_scan_matcher/share/ros2_laser_scan_matcher/package.dsv'
[13.650s] INFO:colcon.colcon_core.shell:Creating package script '/home/ngochoan/dev_ws/src/install/ros2_laser_scan_matcher/share/ros2_laser_scan_matcher/package.sh'
[13.650s] INFO:colcon.colcon_core.shell:Creating package script '/home/ngochoan/dev_ws/src/install/ros2_laser_scan_matcher/share/ros2_laser_scan_matcher/package.bash'
[13.650s] INFO:colcon.colcon_core.shell:Creating package script '/home/ngochoan/dev_ws/src/install/ros2_laser_scan_matcher/share/ros2_laser_scan_matcher/package.zsh'
[13.651s] Level 1:colcon.colcon_core.environment:create_file_with_runtime_dependencies(/home/ngochoan/dev_ws/src/install/ros2_laser_scan_matcher/share/colcon-core/packages/ros2_laser_scan_matcher)
[13.651s] DEBUG:colcon.colcon_parallel_executor.executor.parallel:closing loop
[13.651s] DEBUG:colcon.colcon_parallel_executor.executor.parallel:loop closed
[13.651s] DEBUG:colcon.colcon_parallel_executor.executor.parallel:run_until_complete finished with '0'
[13.652s] DEBUG:colcon.colcon_core.event_reactor:joining thread
[13.670s] INFO:colcon.colcon_core.plugin_system:Skipping extension 'colcon_notification.desktop_notification.terminal_notifier': Not used on non-Darwin systems
[13.670s] INFO:colcon.colcon_core.plugin_system:Skipping extension 'colcon_notification.desktop_notification.win32': Not used on non-Windows systems
[13.670s] INFO:colcon.colcon_notification.desktop_notification:Sending desktop notification using 'notify2'
[13.682s] DEBUG:colcon.colcon_core.event_reactor:joined thread
[13.699s] INFO:colcon.colcon_core.shell:Creating prefix script '/home/ngochoan/dev_ws/src/install/local_setup.ps1'
[13.700s] INFO:colcon.colcon_core.shell:Creating prefix util module '/home/ngochoan/dev_ws/src/install/_local_setup_util_ps1.py'
[13.701s] INFO:colcon.colcon_core.shell:Creating prefix chain script '/home/ngochoan/dev_ws/src/install/setup.ps1'
[13.720s] INFO:colcon.colcon_core.shell:Creating prefix script '/home/ngochoan/dev_ws/src/install/local_setup.sh'
[13.721s] INFO:colcon.colcon_core.shell:Creating prefix util module '/home/ngochoan/dev_ws/src/install/_local_setup_util_sh.py'
[13.722s] INFO:colcon.colcon_core.shell:Creating prefix chain script '/home/ngochoan/dev_ws/src/install/setup.sh'
[13.740s] INFO:colcon.colcon_core.shell:Creating prefix script '/home/ngochoan/dev_ws/src/install/local_setup.bash'
[13.740s] INFO:colcon.colcon_core.shell:Creating prefix chain script '/home/ngochoan/dev_ws/src/install/setup.bash'
[13.757s] INFO:colcon.colcon_core.shell:Creating prefix script '/home/ngochoan/dev_ws/src/install/local_setup.zsh'
[13.757s] INFO:colcon.colcon_core.shell:Creating prefix chain script '/home/ngochoan/dev_ws/src/install/setup.zsh'
