[0.078s] Invoking command in '/home/ngochoan/dev_ws/build/cpp_srvcli': CMAKE_PREFIX_PATH=/opt/ros/humble /usr/bin/cmake /home/ngochoan/dev_ws/src/cpp_srvcli -DCMAKE_INSTALL_PREFIX=/home/ngochoan/dev_ws/install/cpp_srvcli
[0.123s] -- The C compiler identification is GNU 11.4.0
[0.164s] -- The CXX compiler identification is GNU 11.4.0
[0.170s] -- Detecting C compiler ABI info
[0.222s] -- Detecting C compiler ABI info - done
[0.228s] -- Check for working C compiler: /usr/bin/cc - skipped
[0.228s] -- Detecting C compile features
[0.228s] -- Detecting C compile features - done
[0.231s] -- Detecting CXX compiler ABI info
[0.288s] -- Detecting CXX compiler ABI info - done
[0.294s] -- Check for working CXX compiler: /usr/bin/c++ - skipped
[0.294s] -- Detecting CXX compile features
[0.295s] -- Detecting CXX compile features - done
[0.296s] -- Found ament_cmake: 1.3.5 (/opt/ros/humble/share/ament_cmake/cmake)
[0.447s] -- Found Python3: /usr/bin/python3.10 (found version "3.10.12") found components: Interpreter 
[0.517s] -- Found rclcpp: 16.0.6 (/opt/ros/humble/share/rclcpp/cmake)
[0.548s] -- Found rosidl_generator_c: 3.1.5 (/opt/ros/humble/share/rosidl_generator_c/cmake)
[0.552s] -- Found rosidl_adapter: 3.1.5 (/opt/ros/humble/share/rosidl_adapter/cmake)
[0.558s] -- Found rosidl_generator_cpp: 3.1.5 (/opt/ros/humble/share/rosidl_generator_cpp/cmake)
[0.569s] -- Using all available rosidl_typesupport_c: rosidl_typesupport_fastrtps_c;rosidl_typesupport_introspection_c
[0.584s] -- Using all available rosidl_typesupport_cpp: rosidl_typesupport_fastrtps_cpp;rosidl_typesupport_introspection_cpp
[0.642s] -- Found rmw_implementation_cmake: 6.1.1 (/opt/ros/humble/share/rmw_implementation_cmake/cmake)
[0.644s] -- Found rmw_fastrtps_cpp: 6.2.4 (/opt/ros/humble/share/rmw_fastrtps_cpp/cmake)
[0.720s] -- Found OpenSSL: /usr/lib/x86_64-linux-gnu/libcrypto.so (found version "3.0.2")  
[0.741s] -- Found FastRTPS: /opt/ros/humble/include  
[0.779s] -- Using RMW implementation 'rmw_fastrtps_cpp' as default
[0.785s] -- Looking for pthread.h
[0.840s] -- Looking for pthread.h - found
[0.841s] -- Performing Test CMAKE_HAVE_LIBC_PTHREAD
[0.894s] -- Performing Test CMAKE_HAVE_LIBC_PTHREAD - Success
[0.894s] -- Found Threads: TRUE  
[1.052s] -- Found example_interfaces: 0.9.3 (/opt/ros/humble/share/example_interfaces/cmake)
[1.192s] [31mCMake Error at CMakeLists.txt:14 (ment_target_dependencies):
[1.192s]   Unknown CMake command "ment_target_dependencies".
[1.192s] 
[1.192s] [0m
[1.192s] -- Configuring incomplete, errors occurred!
[1.193s] See also "/home/ngochoan/dev_ws/build/cpp_srvcli/CMakeFiles/CMakeOutput.log".
[1.200s] Invoked command in '/home/ngochoan/dev_ws/build/cpp_srvcli' returned '1': CMAKE_PREFIX_PATH=/opt/ros/humble /usr/bin/cmake /home/ngochoan/dev_ws/src/cpp_srvcli -DCMAKE_INSTALL_PREFIX=/home/ngochoan/dev_ws/install/cpp_srvcli
