[0.174s] Invoking command in '/home/ngochoan/dev_ws/build/cpp_srvcli': CMAKE_PREFIX_PATH=/opt/ros/humble /usr/bin/cmake --build /home/ngochoan/dev_ws/build/cpp_srvcli -- -j8 -l8
[0.292s] [ 50%] Built target client
[0.303s] [100%] Built target server
[0.338s] Invoked command in '/home/ngochoan/dev_ws/build/cpp_srvcli' returned '0': CMAKE_PREFIX_PATH=/opt/ros/humble /usr/bin/cmake --build /home/ngochoan/dev_ws/build/cpp_srvcli -- -j8 -l8
[0.399s] Invoking command in '/home/ngochoan/dev_ws/build/cpp_srvcli': CMAKE_PREFIX_PATH=/opt/ros/humble /usr/bin/cmake --install /home/ngochoan/dev_ws/build/cpp_srvcli
[0.418s] -- Install configuration: ""
[0.419s] -- Up-to-date: /home/ngochoan/dev_ws/install/cpp_srvcli/lib/cpp_srvcli/server
[0.419s] -- Up-to-date: /home/ngochoan/dev_ws/install/cpp_srvcli/lib/cpp_srvcli/client
[0.419s] -- Up-to-date: /home/ngochoan/dev_ws/install/cpp_srvcli/share/ament_index/resource_index/package_run_dependencies/cpp_srvcli
[0.420s] -- Up-to-date: /home/ngochoan/dev_ws/install/cpp_srvcli/share/ament_index/resource_index/parent_prefix_path/cpp_srvcli
[0.420s] -- Up-to-date: /home/ngochoan/dev_ws/install/cpp_srvcli/share/cpp_srvcli/environment/ament_prefix_path.sh
[0.420s] -- Up-to-date: /home/ngochoan/dev_ws/install/cpp_srvcli/share/cpp_srvcli/environment/ament_prefix_path.dsv
[0.420s] -- Up-to-date: /home/ngochoan/dev_ws/install/cpp_srvcli/share/cpp_srvcli/environment/path.sh
[0.420s] -- Up-to-date: /home/ngochoan/dev_ws/install/cpp_srvcli/share/cpp_srvcli/environment/path.dsv
[0.420s] -- Up-to-date: /home/ngochoan/dev_ws/install/cpp_srvcli/share/cpp_srvcli/local_setup.bash
[0.420s] -- Up-to-date: /home/ngochoan/dev_ws/install/cpp_srvcli/share/cpp_srvcli/local_setup.sh
[0.421s] -- Up-to-date: /home/ngochoan/dev_ws/install/cpp_srvcli/share/cpp_srvcli/local_setup.zsh
[0.421s] -- Up-to-date: /home/ngochoan/dev_ws/install/cpp_srvcli/share/cpp_srvcli/local_setup.dsv
[0.421s] -- Installing: /home/ngochoan/dev_ws/install/cpp_srvcli/share/cpp_srvcli/package.dsv
[0.421s] -- Up-to-date: /home/ngochoan/dev_ws/install/cpp_srvcli/share/ament_index/resource_index/packages/cpp_srvcli
[0.421s] -- Up-to-date: /home/ngochoan/dev_ws/install/cpp_srvcli/share/cpp_srvcli/cmake/cpp_srvcliConfig.cmake
[0.422s] -- Up-to-date: /home/ngochoan/dev_ws/install/cpp_srvcli/share/cpp_srvcli/cmake/cpp_srvcliConfig-version.cmake
[0.422s] -- Up-to-date: /home/ngochoan/dev_ws/install/cpp_srvcli/share/cpp_srvcli/package.xml
[0.436s] Invoked command in '/home/ngochoan/dev_ws/build/cpp_srvcli' returned '0': CMAKE_PREFIX_PATH=/opt/ros/humble /usr/bin/cmake --install /home/ngochoan/dev_ws/build/cpp_srvcli
