[0.225s] Invoking command in '/home/ngochoan/dev_ws/build/cpp_interface': CMAKE_PREFIX_PATH=${CMAKE_PREFIX_PATH}:/opt/ros/humble /usr/bin/cmake --build /home/ngochoan/dev_ws/build/cpp_interface -- -j8 -l8
[0.299s] [ 20%] Built target pid_node
[0.303s] [ 40%] Built target read_parameters_pi
[0.304s] [ 60%] Built target stanley_node
[0.306s] [ 80%] Built target fuzzy_node
[0.309s] [100%] Built target test_cmd_vel
[0.327s] Invoked command in '/home/ngochoan/dev_ws/build/cpp_interface' returned '0': CMAKE_PREFIX_PATH=${CMAKE_PREFIX_PATH}:/opt/ros/humble /usr/bin/cmake --build /home/ngochoan/dev_ws/build/cpp_interface -- -j8 -l8
[0.399s] Invoking command in '/home/ngochoan/dev_ws/build/cpp_interface': CMAKE_PREFIX_PATH=${CMAKE_PREFIX_PATH}:/opt/ros/humble /usr/bin/cmake --install /home/ngochoan/dev_ws/build/cpp_interface
[0.406s] -- Install configuration: ""
[0.406s] -- Up-to-date: /home/ngochoan/dev_ws/install/cpp_interface/lib/cpp_interface/read_parameters_pi
[0.407s] -- Up-to-date: /home/ngochoan/dev_ws/install/cpp_interface/lib/cpp_interface/test_cmd_vel
[0.408s] -- Up-to-date: /home/ngochoan/dev_ws/install/cpp_interface/lib/cpp_interface/pid_node
[0.408s] -- Up-to-date: /home/ngochoan/dev_ws/install/cpp_interface/lib/cpp_interface/fuzzy_node
[0.408s] -- Up-to-date: /home/ngochoan/dev_ws/install/cpp_interface/lib/cpp_interface/stanley_node
[0.408s] -- Up-to-date: /home/ngochoan/dev_ws/install/cpp_interface/share/cpp_interface/launch
[0.409s] -- Up-to-date: /home/ngochoan/dev_ws/install/cpp_interface/share/cpp_interface/launch/rplidar.launch.py
[0.409s] -- Up-to-date: /home/ngochoan/dev_ws/install/cpp_interface/share/ament_index/resource_index/package_run_dependencies/cpp_interface
[0.409s] -- Up-to-date: /home/ngochoan/dev_ws/install/cpp_interface/share/ament_index/resource_index/parent_prefix_path/cpp_interface
[0.409s] -- Up-to-date: /home/ngochoan/dev_ws/install/cpp_interface/share/cpp_interface/environment/ament_prefix_path.sh
[0.409s] -- Up-to-date: /home/ngochoan/dev_ws/install/cpp_interface/share/cpp_interface/environment/ament_prefix_path.dsv
[0.409s] -- Up-to-date: /home/ngochoan/dev_ws/install/cpp_interface/share/cpp_interface/environment/path.sh
[0.410s] -- Up-to-date: /home/ngochoan/dev_ws/install/cpp_interface/share/cpp_interface/environment/path.dsv
[0.410s] -- Up-to-date: /home/ngochoan/dev_ws/install/cpp_interface/share/cpp_interface/local_setup.bash
[0.410s] -- Up-to-date: /home/ngochoan/dev_ws/install/cpp_interface/share/cpp_interface/local_setup.sh
[0.410s] -- Up-to-date: /home/ngochoan/dev_ws/install/cpp_interface/share/cpp_interface/local_setup.zsh
[0.410s] -- Up-to-date: /home/ngochoan/dev_ws/install/cpp_interface/share/cpp_interface/local_setup.dsv
[0.410s] -- Installing: /home/ngochoan/dev_ws/install/cpp_interface/share/cpp_interface/package.dsv
[0.411s] -- Up-to-date: /home/ngochoan/dev_ws/install/cpp_interface/share/ament_index/resource_index/packages/cpp_interface
[0.411s] -- Up-to-date: /home/ngochoan/dev_ws/install/cpp_interface/share/cpp_interface/cmake/cpp_interfaceConfig.cmake
[0.411s] -- Up-to-date: /home/ngochoan/dev_ws/install/cpp_interface/share/cpp_interface/cmake/cpp_interfaceConfig-version.cmake
[0.411s] -- Up-to-date: /home/ngochoan/dev_ws/install/cpp_interface/share/cpp_interface/package.xml
[0.545s] Invoked command in '/home/ngochoan/dev_ws/build/cpp_interface' returned '0': CMAKE_PREFIX_PATH=${CMAKE_PREFIX_PATH}:/opt/ros/humble /usr/bin/cmake --install /home/ngochoan/dev_ws/build/cpp_interface
